***** C:\~uize\UIZE-JavaScript-Framework\js\~source\Uize.Array.Dupes.js
	TARGET FILE: C:\~uize\UIZE-JavaScript-Framework\reference\Uize.Array.Dupes.html
	BUILT (ALWAYS BUILD), BUILD DURATION: 33ms

***** C:\~uize\UIZE-JavaScript-Framework\js\~source\Uize.Array.js
	TARGET FILE: C:\~uize\UIZE-JavaScript-Framework\reference\Uize.Array.html
	BUILT (ALWAYS BUILD), BUILD DURATION: 9ms

***** C:\~uize\UIZE-JavaScript-Framework\js\~source\Uize.Array.Order.js
	TARGET FILE: C:\~uize\UIZE-JavaScript-Framework\reference\Uize.Array.Order.html
	BUILT (ALWAYS BUILD), BUILD DURATION: 62ms

***** C:\~uize\UIZE-JavaScript-Framework\js\~source\Uize.Array.Sort.js
	TARGET FILE: C:\~uize\UIZE-JavaScript-Framework\reference\Uize.Array.Sort.html
	BUILT (ALWAYS BUILD), BUILD DURATION: 78ms

***** C:\~uize\UIZE-JavaScript-Framework\js\~source\Uize.Array.Util.js
	TARGET FILE: C:\~uize\UIZE-JavaScript-Framework\reference\Uize.Array.Util.html
	BUILT (ALWAYS BUILD), BUILD DURATION: 31ms

***** C:\~uize\UIZE-JavaScript-Framework\js\~source\Uize.Build.AuditStrings.js
	TARGET FILE: C:\~uize\UIZE-JavaScript-Framework\reference\Uize.Build.AuditStrings.html
	BUILT (ALWAYS BUILD), BUILD DURATION: 31ms

***** C:\~uize\UIZE-JavaScript-Framework\js\~source\Uize.Build.AutoScruncher.js
	TARGET FILE: C:\~uize\UIZE-JavaScript-Framework\reference\Uize.Build.AutoScruncher.html
	BUILT (ALWAYS BUILD), BUILD DURATION: 45ms

***** C:\~uize\UIZE-JavaScript-Framework\js\~source\Uize.Build.BuildSimpleDataPages.js
	TARGET FILE: C:\~uize\UIZE-JavaScript-Framework\reference\Uize.Build.BuildSimpleDataPages.html
	BUILT (ALWAYS BUILD), BUILD DURATION: 18ms

***** C:\~uize\UIZE-JavaScript-Framework\js\~source\Uize.Build.BuildSimpleDocPages.js
	TARGET FILE: C:\~uize\UIZE-JavaScript-Framework\reference\Uize.Build.BuildSimpleDocPages.html
	BUILT (ALWAYS BUILD), BUILD DURATION: 40ms

***** C:\~uize\UIZE-JavaScript-Framework\js\~source\Uize.Build.CompileJstModules.js
	TARGET FILE: C:\~uize\UIZE-JavaScript-Framework\reference\Uize.Build.CompileJstModules.html
	BUILT (ALWAYS BUILD), BUILD DURATION: 16ms

***** C:\~uize\UIZE-JavaScript-Framework\js\~source\Uize.Build.js
	TARGET FILE: C:\~uize\UIZE-JavaScript-Framework\reference\Uize.Build.html
	BUILT (ALWAYS BUILD), BUILD DURATION: 11ms

***** C:\~uize\UIZE-JavaScript-Framework\js\~source\Uize.Build.ModuleInfo.js
	TARGET FILE: C:\~uize\UIZE-JavaScript-Framework\reference\Uize.Build.ModuleInfo.html
	BUILT (ALWAYS BUILD), BUILD DURATION: 19ms

***** C:\~uize\UIZE-JavaScript-Framework\js\~source\Uize.Build.NeatenJsFiles.js
	TARGET FILE: C:\~uize\UIZE-JavaScript-Framework\reference\Uize.Build.NeatenJsFiles.html
	BUILT (ALWAYS BUILD), BUILD DURATION: 16ms

***** C:\~uize\UIZE-JavaScript-Framework\js\~source\Uize.Build.Scruncher.js
	TARGET FILE: C:\~uize\UIZE-JavaScript-Framework\reference\Uize.Build.Scruncher.html
	BUILT (ALWAYS BUILD), BUILD DURATION: 72ms

***** C:\~uize\UIZE-JavaScript-Framework\js\~source\Uize.Build.UpdateCopyrightNotices.js
	TARGET FILE: C:\~uize\UIZE-JavaScript-Framework\reference\Uize.Build.UpdateCopyrightNotices.html
	BUILT (ALWAYS BUILD), BUILD DURATION: 18ms

***** C:\~uize\UIZE-JavaScript-Framework\js\~source\Uize.Build.Util.js
	TARGET FILE: C:\~uize\UIZE-JavaScript-Framework\reference\Uize.Build.Util.html
	BUILT (ALWAYS BUILD), BUILD DURATION: 54ms

***** C:\~uize\UIZE-JavaScript-Framework\js\~source\Uize.Class.js
	TARGET FILE: C:\~uize\UIZE-JavaScript-Framework\reference\Uize.Class.html
	BUILT (ALWAYS BUILD), BUILD DURATION: 363ms

***** C:\~uize\UIZE-JavaScript-Framework\js\~source\Uize.Class.Value.js
	TARGET FILE: C:\~uize\UIZE-JavaScript-Framework\reference\Uize.Class.Value.html
	BUILT (ALWAYS BUILD), BUILD DURATION: 32ms

***** C:\~uize\UIZE-JavaScript-Framework\js\~source\Uize.Color.js
	TARGET FILE: C:\~uize\UIZE-JavaScript-Framework\reference\Uize.Color.html
	BUILT (ALWAYS BUILD), BUILD DURATION: 239ms

***** C:\~uize\UIZE-JavaScript-Framework\js\~source\Uize.Color.xCmyk.js
	TARGET FILE: C:\~uize\UIZE-JavaScript-Framework\reference\Uize.Color.xCmyk.html
	BUILT (ALWAYS BUILD), BUILD DURATION: 39ms

***** C:\~uize\UIZE-JavaScript-Framework\js\~source\Uize.Color.xHsv.js
	TARGET FILE: C:\~uize\UIZE-JavaScript-Framework\reference\Uize.Color.xHsv.html
	BUILT (ALWAYS BUILD), BUILD DURATION: 38ms

***** C:\~uize\UIZE-JavaScript-Framework\js\~source\Uize.Color.xSvgColors.js
	TARGET FILE: C:\~uize\UIZE-JavaScript-Framework\reference\Uize.Color.xSvgColors.html
	BUILT (ALWAYS BUILD), BUILD DURATION: 70ms

***** C:\~uize\UIZE-JavaScript-Framework\js\~source\Uize.Color.xUtil.js
	TARGET FILE: C:\~uize\UIZE-JavaScript-Framework\reference\Uize.Color.xUtil.html
	BUILT (ALWAYS BUILD), BUILD DURATION: 94ms

***** C:\~uize\UIZE-JavaScript-Framework\js\~source\Uize.Comm.Ajax.js
	TARGET FILE: C:\~uize\UIZE-JavaScript-Framework\reference\Uize.Comm.Ajax.html
	BUILT (ALWAYS BUILD), BUILD DURATION: 57ms

***** C:\~uize\UIZE-JavaScript-Framework\js\~source\Uize.Comm.Iframe.js
	TARGET FILE: C:\~uize\UIZE-JavaScript-Framework\reference\Uize.Comm.Iframe.html
	BUILT (ALWAYS BUILD), BUILD DURATION: 90ms

***** C:\~uize\UIZE-JavaScript-Framework\js\~source\Uize.Comm.Iframe.Upload.js
	TARGET FILE: C:\~uize\UIZE-JavaScript-Framework\reference\Uize.Comm.Iframe.Upload.html
	BUILT (ALWAYS BUILD), BUILD DURATION: 49ms

***** C:\~uize\UIZE-JavaScript-Framework\js\~source\Uize.Comm.js
	TARGET FILE: C:\~uize\UIZE-JavaScript-Framework\reference\Uize.Comm.html
	BUILT (ALWAYS BUILD), BUILD DURATION: 103ms

***** C:\~uize\UIZE-JavaScript-Framework\js\~source\Uize.Comm.Script.js
	TARGET FILE: C:\~uize\UIZE-JavaScript-Framework\reference\Uize.Comm.Script.html
	BUILT (ALWAYS BUILD), BUILD DURATION: 54ms

***** C:\~uize\UIZE-JavaScript-Framework\js\~source\Uize.Cookie.js
	TARGET FILE: C:\~uize\UIZE-JavaScript-Framework\reference\Uize.Cookie.html
	BUILT (ALWAYS BUILD), BUILD DURATION: 24ms

***** C:\~uize\UIZE-JavaScript-Framework\js\~source\Uize.Curve.js
	TARGET FILE: C:\~uize\UIZE-JavaScript-Framework\reference\Uize.Curve.html
	BUILT (ALWAYS BUILD), BUILD DURATION: 212ms

***** C:\~uize\UIZE-JavaScript-Framework\js\~source\Uize.Curve.Mod.js
	TARGET FILE: C:\~uize\UIZE-JavaScript-Framework\reference\Uize.Curve.Mod.html
	BUILT (ALWAYS BUILD), BUILD DURATION: 102ms

***** C:\~uize\UIZE-JavaScript-Framework\js\~source\Uize.Curve.Rubber.js
	TARGET FILE: C:\~uize\UIZE-JavaScript-Framework\reference\Uize.Curve.Rubber.html
	BUILT (ALWAYS BUILD), BUILD DURATION: 89ms

***** C:\~uize\UIZE-JavaScript-Framework\js\~source\Uize.Data.Combinations.js
	TARGET FILE: C:\~uize\UIZE-JavaScript-Framework\reference\Uize.Data.Combinations.html
	BUILT (ALWAYS BUILD), BUILD DURATION: 104ms

***** C:\~uize\UIZE-JavaScript-Framework\js\~source\Uize.Data.Csv.js
	TARGET FILE: C:\~uize\UIZE-JavaScript-Framework\reference\Uize.Data.Csv.html
	BUILT (ALWAYS BUILD), BUILD DURATION: 205ms

***** C:\~uize\UIZE-JavaScript-Framework\js\~source\Uize.Data.js
	TARGET FILE: C:\~uize\UIZE-JavaScript-Framework\reference\Uize.Data.html
	BUILT (ALWAYS BUILD), BUILD DURATION: 115ms

***** C:\~uize\UIZE-JavaScript-Framework\js\~source\Uize.Data.Matches.js
	TARGET FILE: C:\~uize\UIZE-JavaScript-Framework\reference\Uize.Data.Matches.html
	BUILT (ALWAYS BUILD), BUILD DURATION: 111ms

***** C:\~uize\UIZE-JavaScript-Framework\js\~source\Uize.Data.NameValueRecords.js
	TARGET FILE: C:\~uize\UIZE-JavaScript-Framework\reference\Uize.Data.NameValueRecords.html
	BUILT (ALWAYS BUILD), BUILD DURATION: 107ms

***** C:\~uize\UIZE-JavaScript-Framework\js\~source\Uize.Data.PathsTree.CompactString.js
	TARGET FILE: C:\~uize\UIZE-JavaScript-Framework\reference\Uize.Data.PathsTree.CompactString.html
	BUILT (ALWAYS BUILD), BUILD DURATION: 31ms

***** C:\~uize\UIZE-JavaScript-Framework\js\~source\Uize.Data.PathsTree.js
	TARGET FILE: C:\~uize\UIZE-JavaScript-Framework\reference\Uize.Data.PathsTree.html
	BUILT (ALWAYS BUILD), BUILD DURATION: 19ms

***** C:\~uize\UIZE-JavaScript-Framework\js\~source\Uize.Data.Simple.js
	TARGET FILE: C:\~uize\UIZE-JavaScript-Framework\reference\Uize.Data.Simple.html
	BUILT (ALWAYS BUILD), BUILD DURATION: 52ms

***** C:\~uize\UIZE-JavaScript-Framework\js\~source\Uize.Date.Formatter.js
	TARGET FILE: C:\~uize\UIZE-JavaScript-Framework\reference\Uize.Date.Formatter.html
	BUILT (ALWAYS BUILD), BUILD DURATION: 263ms

***** C:\~uize\UIZE-JavaScript-Framework\js\~source\Uize.Date.js
	TARGET FILE: C:\~uize\UIZE-JavaScript-Framework\reference\Uize.Date.html
	BUILT (ALWAYS BUILD), BUILD DURATION: 435ms

***** C:\~uize\UIZE-JavaScript-Framework\js\~source\Uize.Doc.js
	TARGET FILE: C:\~uize\UIZE-JavaScript-Framework\reference\Uize.Doc.html
	BUILT (ALWAYS BUILD), BUILD DURATION: 37ms

***** C:\~uize\UIZE-JavaScript-Framework\js\~source\Uize.Doc.Simple.js
	TARGET FILE: C:\~uize\UIZE-JavaScript-Framework\reference\Uize.Doc.Simple.html
	BUILT (ALWAYS BUILD), BUILD DURATION: 190ms

***** C:\~uize\UIZE-JavaScript-Framework\js\~source\Uize.Doc.Sucker.js
	TARGET FILE: C:\~uize\UIZE-JavaScript-Framework\reference\Uize.Doc.Sucker.html
	BUILT (ALWAYS BUILD), BUILD DURATION: 75ms

***** C:\~uize\UIZE-JavaScript-Framework\js\~source\Uize.Fade.js
	TARGET FILE: C:\~uize\UIZE-JavaScript-Framework\reference\Uize.Fade.html
	BUILT (ALWAYS BUILD), BUILD DURATION: 484ms

***** C:\~uize\UIZE-JavaScript-Framework\js\~source\Uize.Fade.xFactory.js
	TARGET FILE: C:\~uize\UIZE-JavaScript-Framework\reference\Uize.Fade.xFactory.html
	BUILT (ALWAYS BUILD), BUILD DURATION: 71ms

***** C:\~uize\UIZE-JavaScript-Framework\js\~source\Uize.Fade.xSeries.js
	TARGET FILE: C:\~uize\UIZE-JavaScript-Framework\reference\Uize.Fade.xSeries.html
	BUILT (ALWAYS BUILD), BUILD DURATION: 34ms

***** C:\~uize\UIZE-JavaScript-Framework\js\~source\Uize.Fx.js
	TARGET FILE: C:\~uize\UIZE-JavaScript-Framework\reference\Uize.Fx.html
	BUILT (ALWAYS BUILD), BUILD DURATION: 104ms

***** C:\~uize\UIZE-JavaScript-Framework\js\~source\Uize.Fx.xShadows.js
	TARGET FILE: C:\~uize\UIZE-JavaScript-Framework\reference\Uize.Fx.xShadows.html
	BUILT (ALWAYS BUILD), BUILD DURATION: 192ms

***** C:\~uize\UIZE-JavaScript-Framework\js\~source\Uize.Fx.xTextShadow.js
	TARGET FILE: C:\~uize\UIZE-JavaScript-Framework\reference\Uize.Fx.xTextShadow.html
	BUILT (ALWAYS BUILD), BUILD DURATION: 16ms

***** C:\~uize\UIZE-JavaScript-Framework\js\~source\Uize.js
	TARGET FILE: C:\~uize\UIZE-JavaScript-Framework\reference\Uize.html
	BUILT (ALWAYS BUILD), BUILD DURATION: 730ms

***** C:\~uize\UIZE-JavaScript-Framework\js\~source\Uize.Json.js
	TARGET FILE: C:\~uize\UIZE-JavaScript-Framework\reference\Uize.Json.html
	BUILT (ALWAYS BUILD), BUILD DURATION: 101ms

***** C:\~uize\UIZE-JavaScript-Framework\js\~source\Uize.Node.Classes.js
	TARGET FILE: C:\~uize\UIZE-JavaScript-Framework\reference\Uize.Node.Classes.html
	BUILT (ALWAYS BUILD), BUILD DURATION: 105ms

***** C:\~uize\UIZE-JavaScript-Framework\js\~source\Uize.Node.Event.js
	TARGET FILE: C:\~uize\UIZE-JavaScript-Framework\reference\Uize.Node.Event.html
	BUILT (ALWAYS BUILD), BUILD DURATION: 92ms

***** C:\~uize\UIZE-JavaScript-Framework\js\~source\Uize.Node.Form.js
	TARGET FILE: C:\~uize\UIZE-JavaScript-Framework\reference\Uize.Node.Form.html
	BUILT (ALWAYS BUILD), BUILD DURATION: 45ms

***** C:\~uize\UIZE-JavaScript-Framework\js\~source\Uize.Node.js
	TARGET FILE: C:\~uize\UIZE-JavaScript-Framework\reference\Uize.Node.html
	BUILT (ALWAYS BUILD), BUILD DURATION: 366ms

***** C:\~uize\UIZE-JavaScript-Framework\js\~source\Uize.Node.Tree.js
	TARGET FILE: C:\~uize\UIZE-JavaScript-Framework\reference\Uize.Node.Tree.html
	BUILT (ALWAYS BUILD), BUILD DURATION: 91ms

***** C:\~uize\UIZE-JavaScript-Framework\js\~source\Uize.Node.Util.js
	TARGET FILE: C:\~uize\UIZE-JavaScript-Framework\reference\Uize.Node.Util.html
	BUILT (ALWAYS BUILD), BUILD DURATION: 29ms

***** C:\~uize\UIZE-JavaScript-Framework\js\~source\Uize.Node.VirtualEvent.Edge.js
	TARGET FILE: C:\~uize\UIZE-JavaScript-Framework\reference\Uize.Node.VirtualEvent.Edge.html
	BUILT (ALWAYS BUILD), BUILD DURATION: 123ms

***** C:\~uize\UIZE-JavaScript-Framework\js\~source\Uize.Node.VirtualEvent.js
	TARGET FILE: C:\~uize\UIZE-JavaScript-Framework\reference\Uize.Node.VirtualEvent.html
	BUILT (ALWAYS BUILD), BUILD DURATION: 240ms

***** C:\~uize\UIZE-JavaScript-Framework\js\~source\Uize.Service.js
	TARGET FILE: C:\~uize\UIZE-JavaScript-Framework\reference\Uize.Service.html
	BUILT (ALWAYS BUILD), BUILD DURATION: 81ms

***** C:\~uize\UIZE-JavaScript-Framework\js\~source\Uize.Services.FileSystem.js
	TARGET FILE: C:\~uize\UIZE-JavaScript-Framework\reference\Uize.Services.FileSystem.html
	BUILT (ALWAYS BUILD), BUILD DURATION: 17ms

***** C:\~uize\UIZE-JavaScript-Framework\js\~source\Uize.Services.js
	TARGET FILE: C:\~uize\UIZE-JavaScript-Framework\reference\Uize.Services.html
	BUILT (ALWAYS BUILD), BUILD DURATION: 8ms

***** C:\~uize\UIZE-JavaScript-Framework\js\~source\Uize.String.Builder.js
	TARGET FILE: C:\~uize\UIZE-JavaScript-Framework\reference\Uize.String.Builder.html
	BUILT (ALWAYS BUILD), BUILD DURATION: 111ms

***** C:\~uize\UIZE-JavaScript-Framework\js\~source\Uize.String.Discombobulator.js
	TARGET FILE: C:\~uize\UIZE-JavaScript-Framework\reference\Uize.String.Discombobulator.html
	BUILT (ALWAYS BUILD), BUILD DURATION: 57ms

***** C:\~uize\UIZE-JavaScript-Framework\js\~source\Uize.String.js
	TARGET FILE: C:\~uize\UIZE-JavaScript-Framework\reference\Uize.String.html
	BUILT (ALWAYS BUILD), BUILD DURATION: 125ms

***** C:\~uize\UIZE-JavaScript-Framework\js\~source\Uize.String.Lines.js
	TARGET FILE: C:\~uize\UIZE-JavaScript-Framework\reference\Uize.String.Lines.html
	BUILT (ALWAYS BUILD), BUILD DURATION: 151ms

***** C:\~uize\UIZE-JavaScript-Framework\js\~source\Uize.Template.js
	TARGET FILE: C:\~uize\UIZE-JavaScript-Framework\reference\Uize.Template.html
	BUILT (ALWAYS BUILD), BUILD DURATION: 173ms

***** C:\~uize\UIZE-JavaScript-Framework\js\~source\Uize.Templates.Calculator.js
	TARGET FILE: C:\~uize\UIZE-JavaScript-Framework\reference\Uize.Templates.Calculator.html
	BUILT (ALWAYS BUILD), BUILD DURATION: 35ms

***** C:\~uize\UIZE-JavaScript-Framework\js\~source\Uize.Templates.Calendar.js
	TARGET FILE: C:\~uize\UIZE-JavaScript-Framework\reference\Uize.Templates.Calendar.html
	BUILT (ALWAYS BUILD), BUILD DURATION: 20ms

***** C:\~uize\UIZE-JavaScript-Framework\js\~source\Uize.Templates.Collection.js
	TARGET FILE: C:\~uize\UIZE-JavaScript-Framework\reference\Uize.Templates.Collection.html
	BUILT (ALWAYS BUILD), BUILD DURATION: 21ms

***** C:\~uize\UIZE-JavaScript-Framework\js\~source\Uize.Templates.CollectionItem.js
	TARGET FILE: C:\~uize\UIZE-JavaScript-Framework\reference\Uize.Templates.CollectionItem.html
	BUILT (ALWAYS BUILD), BUILD DURATION: 16ms

***** C:\~uize\UIZE-JavaScript-Framework\js\~source\Uize.Templates.ColorInfo.js
	TARGET FILE: C:\~uize\UIZE-JavaScript-Framework\reference\Uize.Templates.ColorInfo.html
	BUILT (ALWAYS BUILD), BUILD DURATION: 19ms

***** C:\~uize\UIZE-JavaScript-Framework\js\~source\Uize.Templates.HashTable.js
	TARGET FILE: C:\~uize\UIZE-JavaScript-Framework\reference\Uize.Templates.HashTable.html
	BUILT (ALWAYS BUILD), BUILD DURATION: 17ms

***** C:\~uize\UIZE-JavaScript-Framework\js\~source\Uize.Templates.js
	TARGET FILE: C:\~uize\UIZE-JavaScript-Framework\reference\Uize.Templates.html
	BUILT (ALWAYS BUILD), BUILD DURATION: 9ms

***** C:\~uize\UIZE-JavaScript-Framework\js\~source\Uize.Templates.JstModule.js
	TARGET FILE: C:\~uize\UIZE-JavaScript-Framework\reference\Uize.Templates.JstModule.html
	BUILT (ALWAYS BUILD), BUILD DURATION: 21ms

***** C:\~uize\UIZE-JavaScript-Framework\js\~source\Uize.Templates.List.js
	TARGET FILE: C:\~uize\UIZE-JavaScript-Framework\reference\Uize.Templates.List.html
	BUILT (ALWAYS BUILD), BUILD DURATION: 27ms

***** C:\~uize\UIZE-JavaScript-Framework\js\~source\Uize.Templates.Log.js
	TARGET FILE: C:\~uize\UIZE-JavaScript-Framework\reference\Uize.Templates.Log.html
	BUILT (ALWAYS BUILD), BUILD DURATION: 18ms

***** C:\~uize\UIZE-JavaScript-Framework\js\~source\Uize.Templates.SevenSegmentDisplay.js
	TARGET FILE: C:\~uize\UIZE-JavaScript-Framework\reference\Uize.Templates.SevenSegmentDisplay.html
	BUILT (ALWAYS BUILD), BUILD DURATION: 19ms

***** C:\~uize\UIZE-JavaScript-Framework\js\~source\Uize.Templates.SevenSegmentDisplayDimsCss.js
	TARGET FILE: C:\~uize\UIZE-JavaScript-Framework\reference\Uize.Templates.SevenSegmentDisplayDimsCss.html
	BUILT (ALWAYS BUILD), BUILD DURATION: 27ms

***** C:\~uize\UIZE-JavaScript-Framework\js\~source\Uize.Templates.SimpleDoc.js
	TARGET FILE: C:\~uize\UIZE-JavaScript-Framework\reference\Uize.Templates.SimpleDoc.html
	BUILT (ALWAYS BUILD), BUILD DURATION: 105ms

***** C:\~uize\UIZE-JavaScript-Framework\js\~source\Uize.Test.js
	TARGET FILE: C:\~uize\UIZE-JavaScript-Framework\reference\Uize.Test.html
	BUILT (ALWAYS BUILD), BUILD DURATION: 406ms

***** C:\~uize\UIZE-JavaScript-Framework\js\~source\Uize.Test.Performance.ArrayBuildingStyles.js
	TARGET FILE: C:\~uize\UIZE-JavaScript-Framework\reference\Uize.Test.Performance.ArrayBuildingStyles.html
	BUILT (ALWAYS BUILD), BUILD DURATION: 166ms

***** C:\~uize\UIZE-JavaScript-Framework\js\~source\Uize.Test.Performance.js
	TARGET FILE: C:\~uize\UIZE-JavaScript-Framework\reference\Uize.Test.Performance.html
	BUILT (ALWAYS BUILD), BUILD DURATION: 8ms

***** C:\~uize\UIZE-JavaScript-Framework\js\~source\Uize.Test.Uize.Array.Dupes.js
	TARGET FILE: C:\~uize\UIZE-JavaScript-Framework\reference\Uize.Test.Uize.Array.Dupes.html
	BUILT (ALWAYS BUILD), BUILD DURATION: 1635ms

***** C:\~uize\UIZE-JavaScript-Framework\js\~source\Uize.Test.Uize.Array.js
	TARGET FILE: C:\~uize\UIZE-JavaScript-Framework\reference\Uize.Test.Uize.Array.html
	BUILT (ALWAYS BUILD), BUILD DURATION: 143ms

***** C:\~uize\UIZE-JavaScript-Framework\js\~source\Uize.Test.Uize.Array.Order.js
	TARGET FILE: C:\~uize\UIZE-JavaScript-Framework\reference\Uize.Test.Uize.Array.Order.html
	BUILT (ALWAYS BUILD), BUILD DURATION: 578ms

***** C:\~uize\UIZE-JavaScript-Framework\js\~source\Uize.Test.Uize.Array.Sort.js
	TARGET FILE: C:\~uize\UIZE-JavaScript-Framework\reference\Uize.Test.Uize.Array.Sort.html
	BUILT (ALWAYS BUILD), BUILD DURATION: 200ms

***** C:\~uize\UIZE-JavaScript-Framework\js\~source\Uize.Test.Uize.Array.Util.js
	TARGET FILE: C:\~uize\UIZE-JavaScript-Framework\reference\Uize.Test.Uize.Array.Util.html
	BUILT (ALWAYS BUILD), BUILD DURATION: 335ms

***** C:\~uize\UIZE-JavaScript-Framework\js\~source\Uize.Test.Uize.Class.js
	TARGET FILE: C:\~uize\UIZE-JavaScript-Framework\reference\Uize.Test.Uize.Class.html
	BUILT (ALWAYS BUILD), BUILD DURATION: 1418ms

***** C:\~uize\UIZE-JavaScript-Framework\js\~source\Uize.Test.Uize.Data.Combinations.js
	TARGET FILE: C:\~uize\UIZE-JavaScript-Framework\reference\Uize.Test.Uize.Data.Combinations.html
	BUILT (ALWAYS BUILD), BUILD DURATION: 479ms

***** C:\~uize\UIZE-JavaScript-Framework\js\~source\Uize.Test.Uize.Data.Csv.js
	TARGET FILE: C:\~uize\UIZE-JavaScript-Framework\reference\Uize.Test.Uize.Data.Csv.html
	BUILT (ALWAYS BUILD), BUILD DURATION: 305ms

***** C:\~uize\UIZE-JavaScript-Framework\js\~source\Uize.Test.Uize.Data.js
	TARGET FILE: C:\~uize\UIZE-JavaScript-Framework\reference\Uize.Test.Uize.Data.html
	BUILT (ALWAYS BUILD), BUILD DURATION: 449ms

***** C:\~uize\UIZE-JavaScript-Framework\js\~source\Uize.Test.Uize.Data.Matches.js
	TARGET FILE: C:\~uize\UIZE-JavaScript-Framework\reference\Uize.Test.Uize.Data.Matches.html
	BUILT (ALWAYS BUILD), BUILD DURATION: 1590ms

***** C:\~uize\UIZE-JavaScript-Framework\js\~source\Uize.Test.Uize.Data.NameValueRecords.js
	TARGET FILE: C:\~uize\UIZE-JavaScript-Framework\reference\Uize.Test.Uize.Data.NameValueRecords.html
	BUILT (ALWAYS BUILD), BUILD DURATION: 352ms

***** C:\~uize\UIZE-JavaScript-Framework\js\~source\Uize.Test.Uize.Data.PathsTree.CompactString.js
	TARGET FILE: C:\~uize\UIZE-JavaScript-Framework\reference\Uize.Test.Uize.Data.PathsTree.CompactString.html
	BUILT (ALWAYS BUILD), BUILD DURATION: 309ms

***** C:\~uize\UIZE-JavaScript-Framework\js\~source\Uize.Test.Uize.Data.PathsTree.js
	TARGET FILE: C:\~uize\UIZE-JavaScript-Framework\reference\Uize.Test.Uize.Data.PathsTree.html
	BUILT (ALWAYS BUILD), BUILD DURATION: 256ms

***** C:\~uize\UIZE-JavaScript-Framework\js\~source\Uize.Test.Uize.Date.Formatter.js
	TARGET FILE: C:\~uize\UIZE-JavaScript-Framework\reference\Uize.Test.Uize.Date.Formatter.html
	BUILT (ALWAYS BUILD), BUILD DURATION: 1512ms

***** C:\~uize\UIZE-JavaScript-Framework\js\~source\Uize.Test.Uize.Date.js
	TARGET FILE: C:\~uize\UIZE-JavaScript-Framework\reference\Uize.Test.Uize.Date.html
	BUILT (ALWAYS BUILD), BUILD DURATION: 459ms

***** C:\~uize\UIZE-JavaScript-Framework\js\~source\Uize.Test.Uize.Doc.js
	TARGET FILE: C:\~uize\UIZE-JavaScript-Framework\reference\Uize.Test.Uize.Doc.html
	BUILT (ALWAYS BUILD), BUILD DURATION: 162ms

***** C:\~uize\UIZE-JavaScript-Framework\js\~source\Uize.Test.Uize.js
	TARGET FILE: C:\~uize\UIZE-JavaScript-Framework\reference\Uize.Test.Uize.html
	BUILT (ALWAYS BUILD), BUILD DURATION: 1322ms

***** C:\~uize\UIZE-JavaScript-Framework\js\~source\Uize.Test.Uize.Node.Classes.js
	TARGET FILE: C:\~uize\UIZE-JavaScript-Framework\reference\Uize.Test.Uize.Node.Classes.html
	BUILT (ALWAYS BUILD), BUILD DURATION: 511ms

***** C:\~uize\UIZE-JavaScript-Framework\js\~source\Uize.Test.Uize.Node.js
	TARGET FILE: C:\~uize\UIZE-JavaScript-Framework\reference\Uize.Test.Uize.Node.html
	BUILT (ALWAYS BUILD), BUILD DURATION: 168ms

***** C:\~uize\UIZE-JavaScript-Framework\js\~source\Uize.Test.Uize.Service.js
	TARGET FILE: C:\~uize\UIZE-JavaScript-Framework\reference\Uize.Test.Uize.Service.html
	BUILT (ALWAYS BUILD), BUILD DURATION: 159ms

***** C:\~uize\UIZE-JavaScript-Framework\js\~source\Uize.Test.Uize.Services.FileSystem.js
	TARGET FILE: C:\~uize\UIZE-JavaScript-Framework\reference\Uize.Test.Uize.Services.FileSystem.html
	BUILT (ALWAYS BUILD), BUILD DURATION: 179ms

***** C:\~uize\UIZE-JavaScript-Framework\js\~source\Uize.Test.Uize.Services.js
	TARGET FILE: C:\~uize\UIZE-JavaScript-Framework\reference\Uize.Test.Uize.Services.html
	BUILT (ALWAYS BUILD), BUILD DURATION: 154ms

***** C:\~uize\UIZE-JavaScript-Framework\js\~source\Uize.Test.Uize.String.Builder.js
	TARGET FILE: C:\~uize\UIZE-JavaScript-Framework\reference\Uize.Test.Uize.String.Builder.html
	BUILT (ALWAYS BUILD), BUILD DURATION: 425ms

***** C:\~uize\UIZE-JavaScript-Framework\js\~source\Uize.Test.Uize.String.js
	TARGET FILE: C:\~uize\UIZE-JavaScript-Framework\reference\Uize.Test.Uize.String.html
	BUILT (ALWAYS BUILD), BUILD DURATION: 415ms

***** C:\~uize\UIZE-JavaScript-Framework\js\~source\Uize.Test.Uize.String.Lines.js
	TARGET FILE: C:\~uize\UIZE-JavaScript-Framework\reference\Uize.Test.Uize.String.Lines.html
	BUILT (ALWAYS BUILD), BUILD DURATION: 556ms

***** C:\~uize\UIZE-JavaScript-Framework\js\~source\Uize.Test.Uize.Template.js
	TARGET FILE: C:\~uize\UIZE-JavaScript-Framework\reference\Uize.Test.Uize.Template.html
	BUILT (ALWAYS BUILD), BUILD DURATION: 177ms

***** C:\~uize\UIZE-JavaScript-Framework\js\~source\Uize.Test.Uize.Templates.Calculator.js
	TARGET FILE: C:\~uize\UIZE-JavaScript-Framework\reference\Uize.Test.Uize.Templates.Calculator.html
	BUILT (ALWAYS BUILD), BUILD DURATION: 166ms

***** C:\~uize\UIZE-JavaScript-Framework\js\~source\Uize.Test.Uize.Templates.Calendar.js
	TARGET FILE: C:\~uize\UIZE-JavaScript-Framework\reference\Uize.Test.Uize.Templates.Calendar.html
	BUILT (ALWAYS BUILD), BUILD DURATION: 181ms

***** C:\~uize\UIZE-JavaScript-Framework\js\~source\Uize.Test.Uize.Templates.Collection.js
	TARGET FILE: C:\~uize\UIZE-JavaScript-Framework\reference\Uize.Test.Uize.Templates.Collection.html
	BUILT (ALWAYS BUILD), BUILD DURATION: 166ms

***** C:\~uize\UIZE-JavaScript-Framework\js\~source\Uize.Test.Uize.Templates.CollectionItem.js
	TARGET FILE: C:\~uize\UIZE-JavaScript-Framework\reference\Uize.Test.Uize.Templates.CollectionItem.html
	BUILT (ALWAYS BUILD), BUILD DURATION: 71ms

***** C:\~uize\UIZE-JavaScript-Framework\js\~source\Uize.Test.Uize.Templates.ColorInfo.js
	TARGET FILE: C:\~uize\UIZE-JavaScript-Framework\reference\Uize.Test.Uize.Templates.ColorInfo.html
	BUILT (ALWAYS BUILD), BUILD DURATION: 163ms

***** C:\~uize\UIZE-JavaScript-Framework\js\~source\Uize.Test.Uize.Templates.HashTable.js
	TARGET FILE: C:\~uize\UIZE-JavaScript-Framework\reference\Uize.Test.Uize.Templates.HashTable.html
	BUILT (ALWAYS BUILD), BUILD DURATION: 163ms

***** C:\~uize\UIZE-JavaScript-Framework\js\~source\Uize.Test.Uize.Templates.js
	TARGET FILE: C:\~uize\UIZE-JavaScript-Framework\reference\Uize.Test.Uize.Templates.html
	BUILT (ALWAYS BUILD), BUILD DURATION: 164ms

***** C:\~uize\UIZE-JavaScript-Framework\js\~source\Uize.Test.Uize.Templates.JstModule.js
	TARGET FILE: C:\~uize\UIZE-JavaScript-Framework\reference\Uize.Test.Uize.Templates.JstModule.html
	BUILT (ALWAYS BUILD), BUILD DURATION: 168ms

***** C:\~uize\UIZE-JavaScript-Framework\js\~source\Uize.Test.Uize.Templates.List.js
	TARGET FILE: C:\~uize\UIZE-JavaScript-Framework\reference\Uize.Test.Uize.Templates.List.html
	BUILT (ALWAYS BUILD), BUILD DURATION: 167ms

***** C:\~uize\UIZE-JavaScript-Framework\js\~source\Uize.Test.Uize.Templates.SevenSegmentDisplay.js
	TARGET FILE: C:\~uize\UIZE-JavaScript-Framework\reference\Uize.Test.Uize.Templates.SevenSegmentDisplay.html
	BUILT (ALWAYS BUILD), BUILD DURATION: 71ms

***** C:\~uize\UIZE-JavaScript-Framework\js\~source\Uize.Test.Uize.Url.js
	TARGET FILE: C:\~uize\UIZE-JavaScript-Framework\reference\Uize.Test.Uize.Url.html
	BUILT (ALWAYS BUILD), BUILD DURATION: 799ms

***** C:\~uize\UIZE-JavaScript-Framework\js\~source\Uize.Test.Uize.Util.js
	TARGET FILE: C:\~uize\UIZE-JavaScript-Framework\reference\Uize.Test.Uize.Util.html
	BUILT (ALWAYS BUILD), BUILD DURATION: 186ms

***** C:\~uize\UIZE-JavaScript-Framework\js\~source\Uize.Test.Uize.Util.PropertyAdapter.js
	TARGET FILE: C:\~uize\UIZE-JavaScript-Framework\reference\Uize.Test.Uize.Util.PropertyAdapter.html
	BUILT (ALWAYS BUILD), BUILD DURATION: 377ms

***** C:\~uize\UIZE-JavaScript-Framework\js\~source\Uize.Test.Uize.Xml.js
	TARGET FILE: C:\~uize\UIZE-JavaScript-Framework\reference\Uize.Test.Uize.Xml.html
	BUILT (ALWAYS BUILD), BUILD DURATION: 378ms

***** C:\~uize\UIZE-JavaScript-Framework\js\~source\Uize.Tooltip.js
	TARGET FILE: C:\~uize\UIZE-JavaScript-Framework\reference\Uize.Tooltip.html
	BUILT (ALWAYS BUILD), BUILD DURATION: 23ms

***** C:\~uize\UIZE-JavaScript-Framework\js\~source\Uize.Url.js
	TARGET FILE: C:\~uize\UIZE-JavaScript-Framework\reference\Uize.Url.html
	BUILT (ALWAYS BUILD), BUILD DURATION: 194ms

***** C:\~uize\UIZE-JavaScript-Framework\js\~source\Uize.Util.Coupler.js
	TARGET FILE: C:\~uize\UIZE-JavaScript-Framework\reference\Uize.Util.Coupler.html
	BUILT (ALWAYS BUILD), BUILD DURATION: 143ms

***** C:\~uize\UIZE-JavaScript-Framework\js\~source\Uize.Util.Cycle.js
	TARGET FILE: C:\~uize\UIZE-JavaScript-Framework\reference\Uize.Util.Cycle.html
	BUILT (ALWAYS BUILD), BUILD DURATION: 36ms

***** C:\~uize\UIZE-JavaScript-Framework\js\~source\Uize.Util.js
	TARGET FILE: C:\~uize\UIZE-JavaScript-Framework\reference\Uize.Util.html
	BUILT (ALWAYS BUILD), BUILD DURATION: 8ms

***** C:\~uize\UIZE-JavaScript-Framework\js\~source\Uize.Util.Oop.js
	TARGET FILE: C:\~uize\UIZE-JavaScript-Framework\reference\Uize.Util.Oop.html
	BUILT (ALWAYS BUILD), BUILD DURATION: 138ms

***** C:\~uize\UIZE-JavaScript-Framework\js\~source\Uize.Util.PropertyAdapter.js
	TARGET FILE: C:\~uize\UIZE-JavaScript-Framework\reference\Uize.Util.PropertyAdapter.html
	BUILT (ALWAYS BUILD), BUILD DURATION: 183ms

***** C:\~uize\UIZE-JavaScript-Framework\js\~source\Uize.Widget.AutoSuggest.js
	TARGET FILE: C:\~uize\UIZE-JavaScript-Framework\reference\Uize.Widget.AutoSuggest.html
	BUILT (ALWAYS BUILD), BUILD DURATION: 611ms

***** C:\~uize\UIZE-JavaScript-Framework\js\~source\Uize.Widget.AutoTooltip.js
	TARGET FILE: C:\~uize\UIZE-JavaScript-Framework\reference\Uize.Widget.AutoTooltip.html
	BUILT (ALWAYS BUILD), BUILD DURATION: 197ms

***** C:\~uize\UIZE-JavaScript-Framework\js\~source\Uize.Widget.Bar.js
	TARGET FILE: C:\~uize\UIZE-JavaScript-Framework\reference\Uize.Widget.Bar.html
	BUILT (ALWAYS BUILD), BUILD DURATION: 208ms

***** C:\~uize\UIZE-JavaScript-Framework\js\~source\Uize.Widget.Bar.Progress.js
	TARGET FILE: C:\~uize\UIZE-JavaScript-Framework\reference\Uize.Widget.Bar.Progress.html
	BUILT (ALWAYS BUILD), BUILD DURATION: 199ms

***** C:\~uize\UIZE-JavaScript-Framework\js\~source\Uize.Widget.Bar.Slider.js
	TARGET FILE: C:\~uize\UIZE-JavaScript-Framework\reference\Uize.Widget.Bar.Slider.html
	BUILT (ALWAYS BUILD), BUILD DURATION: 221ms

***** C:\~uize\UIZE-JavaScript-Framework\js\~source\Uize.Widget.Bar.Slider.Plus.js
	TARGET FILE: C:\~uize\UIZE-JavaScript-Framework\reference\Uize.Widget.Bar.Slider.Plus.html
	BUILT (ALWAYS BUILD), BUILD DURATION: 297ms

***** C:\~uize\UIZE-JavaScript-Framework\js\~source\Uize.Widget.Bar.Slider.xSkin.js
	TARGET FILE: C:\~uize\UIZE-JavaScript-Framework\reference\Uize.Widget.Bar.Slider.xSkin.html
	BUILT (ALWAYS BUILD), BUILD DURATION: 29ms

***** C:\~uize\UIZE-JavaScript-Framework\js\~source\Uize.Widget.Beam.js
	TARGET FILE: C:\~uize\UIZE-JavaScript-Framework\reference\Uize.Widget.Beam.html
	BUILT (ALWAYS BUILD), BUILD DURATION: 219ms

***** C:\~uize\UIZE-JavaScript-Framework\js\~source\Uize.Widget.Bevel.js
	TARGET FILE: C:\~uize\UIZE-JavaScript-Framework\reference\Uize.Widget.Bevel.html
	BUILT (ALWAYS BUILD), BUILD DURATION: 179ms

***** C:\~uize\UIZE-JavaScript-Framework\js\~source\Uize.Widget.Button.Checkbox.js
	TARGET FILE: C:\~uize\UIZE-JavaScript-Framework\reference\Uize.Widget.Button.Checkbox.html
	BUILT (ALWAYS BUILD), BUILD DURATION: 190ms

***** C:\~uize\UIZE-JavaScript-Framework\js\~source\Uize.Widget.Button.Filter.js
	TARGET FILE: C:\~uize\UIZE-JavaScript-Framework\reference\Uize.Widget.Button.Filter.html
	BUILT (ALWAYS BUILD), BUILD DURATION: 198ms

***** C:\~uize\UIZE-JavaScript-Framework\js\~source\Uize.Widget.Button.js
	TARGET FILE: C:\~uize\UIZE-JavaScript-Framework\reference\Uize.Widget.Button.html
	BUILT (ALWAYS BUILD), BUILD DURATION: 363ms

***** C:\~uize\UIZE-JavaScript-Framework\js\~source\Uize.Widget.Button.Toggle.js
	TARGET FILE: C:\~uize\UIZE-JavaScript-Framework\reference\Uize.Widget.Button.Toggle.html
	BUILT (ALWAYS BUILD), BUILD DURATION: 233ms

***** C:\~uize\UIZE-JavaScript-Framework\js\~source\Uize.Widget.Button.ValueDisplay.js
	TARGET FILE: C:\~uize\UIZE-JavaScript-Framework\reference\Uize.Widget.Button.ValueDisplay.html
	BUILT (ALWAYS BUILD), BUILD DURATION: 219ms

***** C:\~uize\UIZE-JavaScript-Framework\js\~source\Uize.Widget.Button.ValueDisplay.Selector.js
	TARGET FILE: C:\~uize\UIZE-JavaScript-Framework\reference\Uize.Widget.Button.ValueDisplay.Selector.html
	BUILT (ALWAYS BUILD), BUILD DURATION: 203ms

***** C:\~uize\UIZE-JavaScript-Framework\js\~source\Uize.Widget.Calculator.js
	TARGET FILE: C:\~uize\UIZE-JavaScript-Framework\reference\Uize.Widget.Calculator.html
	BUILT (ALWAYS BUILD), BUILD DURATION: 633ms

***** C:\~uize\UIZE-JavaScript-Framework\js\~source\Uize.Widget.Calendar.js
	TARGET FILE: C:\~uize\UIZE-JavaScript-Framework\reference\Uize.Widget.Calendar.html
	BUILT (ALWAYS BUILD), BUILD DURATION: 422ms

***** C:\~uize\UIZE-JavaScript-Framework\js\~source\Uize.Widget.Captcha.js
	TARGET FILE: C:\~uize\UIZE-JavaScript-Framework\reference\Uize.Widget.Captcha.html
	BUILT (ALWAYS BUILD), BUILD DURATION: 215ms

***** C:\~uize\UIZE-JavaScript-Framework\js\~source\Uize.Widget.Captcha.Recaptcha.js
	TARGET FILE: C:\~uize\UIZE-JavaScript-Framework\reference\Uize.Widget.Captcha.Recaptcha.html
	BUILT (ALWAYS BUILD), BUILD DURATION: 214ms

***** C:\~uize\UIZE-JavaScript-Framework\js\~source\Uize.Widget.Collapsy.js
	TARGET FILE: C:\~uize\UIZE-JavaScript-Framework\reference\Uize.Widget.Collapsy.html
	BUILT (ALWAYS BUILD), BUILD DURATION: 198ms

***** C:\~uize\UIZE-JavaScript-Framework\js\~source\Uize.Widget.Collection.Dynamic.js
	TARGET FILE: C:\~uize\UIZE-JavaScript-Framework\reference\Uize.Widget.Collection.Dynamic.html
	BUILT (ALWAYS BUILD), BUILD DURATION: 385ms

***** C:\~uize\UIZE-JavaScript-Framework\js\~source\Uize.Widget.Collection.Dynamic.Table.js
	TARGET FILE: C:\~uize\UIZE-JavaScript-Framework\reference\Uize.Widget.Collection.Dynamic.Table.html
	BUILT (ALWAYS BUILD), BUILD DURATION: 215ms

***** C:\~uize\UIZE-JavaScript-Framework\js\~source\Uize.Widget.Collection.js
	TARGET FILE: C:\~uize\UIZE-JavaScript-Framework\reference\Uize.Widget.Collection.html
	BUILT (ALWAYS BUILD), BUILD DURATION: 576ms

***** C:\~uize\UIZE-JavaScript-Framework\js\~source\Uize.Widget.CollectionItem.js
	TARGET FILE: C:\~uize\UIZE-JavaScript-Framework\reference\Uize.Widget.CollectionItem.html
	BUILT (ALWAYS BUILD), BUILD DURATION: 239ms

***** C:\~uize\UIZE-JavaScript-Framework\js\~source\Uize.Widget.CollectionItem.Zooming.js
	TARGET FILE: C:\~uize\UIZE-JavaScript-Framework\reference\Uize.Widget.CollectionItem.Zooming.html
	BUILT (ALWAYS BUILD), BUILD DURATION: 367ms

***** C:\~uize\UIZE-JavaScript-Framework\js\~source\Uize.Widget.ColorCube.Draggable.js
	TARGET FILE: C:\~uize\UIZE-JavaScript-Framework\reference\Uize.Widget.ColorCube.Draggable.html
	BUILT (ALWAYS BUILD), BUILD DURATION: 228ms

***** C:\~uize\UIZE-JavaScript-Framework\js\~source\Uize.Widget.ColorCube.js
	TARGET FILE: C:\~uize\UIZE-JavaScript-Framework\reference\Uize.Widget.ColorCube.html
	BUILT (ALWAYS BUILD), BUILD DURATION: 204ms

***** C:\~uize\UIZE-JavaScript-Framework\js\~source\Uize.Widget.ColorInfo.js
	TARGET FILE: C:\~uize\UIZE-JavaScript-Framework\reference\Uize.Widget.ColorInfo.html
	BUILT (ALWAYS BUILD), BUILD DURATION: 192ms

***** C:\~uize\UIZE-JavaScript-Framework\js\~source\Uize.Widget.ColorPicker.js
	TARGET FILE: C:\~uize\UIZE-JavaScript-Framework\reference\Uize.Widget.ColorPicker.html
	BUILT (ALWAYS BUILD), BUILD DURATION: 187ms

***** C:\~uize\UIZE-JavaScript-Framework\js\~source\Uize.Widget.Committer.js
	TARGET FILE: C:\~uize\UIZE-JavaScript-Framework\reference\Uize.Widget.Committer.html
	BUILT (ALWAYS BUILD), BUILD DURATION: 352ms

***** C:\~uize\UIZE-JavaScript-Framework\js\~source\Uize.Widget.Count.js
	TARGET FILE: C:\~uize\UIZE-JavaScript-Framework\reference\Uize.Widget.Count.html
	BUILT (ALWAYS BUILD), BUILD DURATION: 221ms

***** C:\~uize\UIZE-JavaScript-Framework\js\~source\Uize.Widget.Dialog.Confirm.js
	TARGET FILE: C:\~uize\UIZE-JavaScript-Framework\reference\Uize.Widget.Dialog.Confirm.html
	BUILT (ALWAYS BUILD), BUILD DURATION: 217ms

***** C:\~uize\UIZE-JavaScript-Framework\js\~source\Uize.Widget.Dialog.Form.js
	TARGET FILE: C:\~uize\UIZE-JavaScript-Framework\reference\Uize.Widget.Dialog.Form.html
	BUILT (ALWAYS BUILD), BUILD DURATION: 304ms

***** C:\~uize\UIZE-JavaScript-Framework\js\~source\Uize.Widget.Dialog.Iframe.js
	TARGET FILE: C:\~uize\UIZE-JavaScript-Framework\reference\Uize.Widget.Dialog.Iframe.html
	BUILT (ALWAYS BUILD), BUILD DURATION: 207ms

***** C:\~uize\UIZE-JavaScript-Framework\js\~source\Uize.Widget.Dialog.js
	TARGET FILE: C:\~uize\UIZE-JavaScript-Framework\reference\Uize.Widget.Dialog.html
	BUILT (ALWAYS BUILD), BUILD DURATION: 405ms

***** C:\~uize\UIZE-JavaScript-Framework\js\~source\Uize.Widget.Dialog.Picker.Date.js
	TARGET FILE: C:\~uize\UIZE-JavaScript-Framework\reference\Uize.Widget.Dialog.Picker.Date.html
	BUILT (ALWAYS BUILD), BUILD DURATION: 217ms

***** C:\~uize\UIZE-JavaScript-Framework\js\~source\Uize.Widget.Dialog.Picker.js
	TARGET FILE: C:\~uize\UIZE-JavaScript-Framework\reference\Uize.Widget.Dialog.Picker.html
	BUILT (ALWAYS BUILD), BUILD DURATION: 318ms

***** C:\~uize\UIZE-JavaScript-Framework\js\~source\Uize.Widget.Dialog.Picker.Palette.js
	TARGET FILE: C:\~uize\UIZE-JavaScript-Framework\reference\Uize.Widget.Dialog.Picker.Palette.html
	BUILT (ALWAYS BUILD), BUILD DURATION: 234ms

***** C:\~uize\UIZE-JavaScript-Framework\js\~source\Uize.Widget.Dialog.Picker.Palette.Selector.js
	TARGET FILE: C:\~uize\UIZE-JavaScript-Framework\reference\Uize.Widget.Dialog.Picker.Palette.Selector.html
	BUILT (ALWAYS BUILD), BUILD DURATION: 222ms

***** C:\~uize\UIZE-JavaScript-Framework\js\~source\Uize.Widget.Dialog.xResizable.js
	TARGET FILE: C:\~uize\UIZE-JavaScript-Framework\reference\Uize.Widget.Dialog.xResizable.html
	BUILT (ALWAYS BUILD), BUILD DURATION: 34ms

***** C:\~uize\UIZE-JavaScript-Framework\js\~source\Uize.Widget.DirectionalPad.js
	TARGET FILE: C:\~uize\UIZE-JavaScript-Framework\reference\Uize.Widget.DirectionalPad.html
	BUILT (ALWAYS BUILD), BUILD DURATION: 186ms

***** C:\~uize\UIZE-JavaScript-Framework\js\~source\Uize.Widget.Drag.js
	TARGET FILE: C:\~uize\UIZE-JavaScript-Framework\reference\Uize.Widget.Drag.html
	BUILT (ALWAYS BUILD), BUILD DURATION: 333ms

***** C:\~uize\UIZE-JavaScript-Framework\js\~source\Uize.Widget.Drag.Move.js
	TARGET FILE: C:\~uize\UIZE-JavaScript-Framework\reference\Uize.Widget.Drag.Move.html
	BUILT (ALWAYS BUILD), BUILD DURATION: 217ms

***** C:\~uize\UIZE-JavaScript-Framework\js\~source\Uize.Widget.EdgeHugger.js
	TARGET FILE: C:\~uize\UIZE-JavaScript-Framework\reference\Uize.Widget.EdgeHugger.html
	BUILT (ALWAYS BUILD), BUILD DURATION: 305ms

***** C:\~uize\UIZE-JavaScript-Framework\js\~source\Uize.Widget.EggTimer.js
	TARGET FILE: C:\~uize\UIZE-JavaScript-Framework\reference\Uize.Widget.EggTimer.html
	BUILT (ALWAYS BUILD), BUILD DURATION: 199ms

***** C:\~uize\UIZE-JavaScript-Framework\js\~source\Uize.Widget.FilterGroups.js
	TARGET FILE: C:\~uize\UIZE-JavaScript-Framework\reference\Uize.Widget.FilterGroups.html
	BUILT (ALWAYS BUILD), BUILD DURATION: 200ms

***** C:\~uize\UIZE-JavaScript-Framework\js\~source\Uize.Widget.Fleeting.js
	TARGET FILE: C:\~uize\UIZE-JavaScript-Framework\reference\Uize.Widget.Fleeting.html
	BUILT (ALWAYS BUILD), BUILD DURATION: 202ms

***** C:\~uize\UIZE-JavaScript-Framework\js\~source\Uize.Widget.Flip.js
	TARGET FILE: C:\~uize\UIZE-JavaScript-Framework\reference\Uize.Widget.Flip.html
	BUILT (ALWAYS BUILD), BUILD DURATION: 200ms

***** C:\~uize\UIZE-JavaScript-Framework\js\~source\Uize.Widget.Form.js
	TARGET FILE: C:\~uize\UIZE-JavaScript-Framework\reference\Uize.Widget.Form.html
	BUILT (ALWAYS BUILD), BUILD DURATION: 375ms

***** C:\~uize\UIZE-JavaScript-Framework\js\~source\Uize.Widget.FormDialog.js
	TARGET FILE: C:\~uize\UIZE-JavaScript-Framework\reference\Uize.Widget.FormDialog.html
	BUILT (ALWAYS BUILD), BUILD DURATION: 215ms

***** C:\~uize\UIZE-JavaScript-Framework\js\~source\Uize.Widget.FormElement.js
	TARGET FILE: C:\~uize\UIZE-JavaScript-Framework\reference\Uize.Widget.FormElement.html
	BUILT (ALWAYS BUILD), BUILD DURATION: 353ms

***** C:\~uize\UIZE-JavaScript-Framework\js\~source\Uize.Widget.FormElement.Select.js
	TARGET FILE: C:\~uize\UIZE-JavaScript-Framework\reference\Uize.Widget.FormElement.Select.html
	BUILT (ALWAYS BUILD), BUILD DURATION: 215ms

***** C:\~uize\UIZE-JavaScript-Framework\js\~source\Uize.Widget.FormElement.Text.js
	TARGET FILE: C:\~uize\UIZE-JavaScript-Framework\reference\Uize.Widget.FormElement.Text.html
	BUILT (ALWAYS BUILD), BUILD DURATION: 323ms

***** C:\~uize\UIZE-JavaScript-Framework\js\~source\Uize.Widget.FormElements.js
	TARGET FILE: C:\~uize\UIZE-JavaScript-Framework\reference\Uize.Widget.FormElements.html
	BUILT (ALWAYS BUILD), BUILD DURATION: 72ms

***** C:\~uize\UIZE-JavaScript-Framework\js\~source\Uize.Widget.FormWarnings.js
	TARGET FILE: C:\~uize\UIZE-JavaScript-Framework\reference\Uize.Widget.FormWarnings.html
	BUILT (ALWAYS BUILD), BUILD DURATION: 184ms

***** C:\~uize\UIZE-JavaScript-Framework\js\~source\Uize.Widget.HoverFader.js
	TARGET FILE: C:\~uize\UIZE-JavaScript-Framework\reference\Uize.Widget.HoverFader.html
	BUILT (ALWAYS BUILD), BUILD DURATION: 325ms

***** C:\~uize\UIZE-JavaScript-Framework\js\~source\Uize.Widget.ImagePort.Draggable.js
	TARGET FILE: C:\~uize\UIZE-JavaScript-Framework\reference\Uize.Widget.ImagePort.Draggable.html
	BUILT (ALWAYS BUILD), BUILD DURATION: 206ms

***** C:\~uize\UIZE-JavaScript-Framework\js\~source\Uize.Widget.ImagePort.js
	TARGET FILE: C:\~uize\UIZE-JavaScript-Framework\reference\Uize.Widget.ImagePort.html
	BUILT (ALWAYS BUILD), BUILD DURATION: 251ms

***** C:\~uize\UIZE-JavaScript-Framework\js\~source\Uize.Widget.ImageWipe.js
	TARGET FILE: C:\~uize\UIZE-JavaScript-Framework\reference\Uize.Widget.ImageWipe.html
	BUILT (ALWAYS BUILD), BUILD DURATION: 423ms

***** C:\~uize\UIZE-JavaScript-Framework\js\~source\Uize.Widget.ImageWipe.xPresets.js
	TARGET FILE: C:\~uize\UIZE-JavaScript-Framework\reference\Uize.Widget.ImageWipe.xPresets.html
	BUILT (ALWAYS BUILD), BUILD DURATION: 344ms

***** C:\~uize\UIZE-JavaScript-Framework\js\~source\Uize.Widget.InlinePicker.js
	TARGET FILE: C:\~uize\UIZE-JavaScript-Framework\reference\Uize.Widget.InlinePicker.html
	BUILT (ALWAYS BUILD), BUILD DURATION: 332ms

***** C:\~uize\UIZE-JavaScript-Framework\js\~source\Uize.Widget.InlinePicker.Selector.js
	TARGET FILE: C:\~uize\UIZE-JavaScript-Framework\reference\Uize.Widget.InlinePicker.Selector.html
	BUILT (ALWAYS BUILD), BUILD DURATION: 245ms

***** C:\~uize\UIZE-JavaScript-Framework\js\~source\Uize.Widget.js
	TARGET FILE: C:\~uize\UIZE-JavaScript-Framework\reference\Uize.Widget.html
	BUILT (ALWAYS BUILD), BUILD DURATION: 571ms

***** C:\~uize\UIZE-JavaScript-Framework\js\~source\Uize.Widget.ListEditor.js
	TARGET FILE: C:\~uize\UIZE-JavaScript-Framework\reference\Uize.Widget.ListEditor.html
	BUILT (ALWAYS BUILD), BUILD DURATION: 235ms

***** C:\~uize\UIZE-JavaScript-Framework\js\~source\Uize.Widget.Log.InstanceEvents.js
	TARGET FILE: C:\~uize\UIZE-JavaScript-Framework\reference\Uize.Widget.Log.InstanceEvents.html
	BUILT (ALWAYS BUILD), BUILD DURATION: 201ms

***** C:\~uize\UIZE-JavaScript-Framework\js\~source\Uize.Widget.Log.js
	TARGET FILE: C:\~uize\UIZE-JavaScript-Framework\reference\Uize.Widget.Log.html
	BUILT (ALWAYS BUILD), BUILD DURATION: 306ms

***** C:\~uize\UIZE-JavaScript-Framework\js\~source\Uize.Widget.MagView.js
	TARGET FILE: C:\~uize\UIZE-JavaScript-Framework\reference\Uize.Widget.MagView.html
	BUILT (ALWAYS BUILD), BUILD DURATION: 230ms

***** C:\~uize\UIZE-JavaScript-Framework\js\~source\Uize.Widget.Mask.js
	TARGET FILE: C:\~uize\UIZE-JavaScript-Framework\reference\Uize.Widget.Mask.html
	BUILT (ALWAYS BUILD), BUILD DURATION: 195ms

***** C:\~uize\UIZE-JavaScript-Framework\js\~source\Uize.Widget.Options.Accordion.js
	TARGET FILE: C:\~uize\UIZE-JavaScript-Framework\reference\Uize.Widget.Options.Accordion.html
	BUILT (ALWAYS BUILD), BUILD DURATION: 308ms

***** C:\~uize\UIZE-JavaScript-Framework\js\~source\Uize.Widget.Options.FilterGroup.js
	TARGET FILE: C:\~uize\UIZE-JavaScript-Framework\reference\Uize.Widget.Options.FilterGroup.html
	BUILT (ALWAYS BUILD), BUILD DURATION: 198ms

***** C:\~uize\UIZE-JavaScript-Framework\js\~source\Uize.Widget.Options.js
	TARGET FILE: C:\~uize\UIZE-JavaScript-Framework\reference\Uize.Widget.Options.html
	BUILT (ALWAYS BUILD), BUILD DURATION: 228ms

***** C:\~uize\UIZE-JavaScript-Framework\js\~source\Uize.Widget.Options.Popup.js
	TARGET FILE: C:\~uize\UIZE-JavaScript-Framework\reference\Uize.Widget.Options.Popup.html
	BUILT (ALWAYS BUILD), BUILD DURATION: 298ms

***** C:\~uize\UIZE-JavaScript-Framework\js\~source\Uize.Widget.Options.Selector.js
	TARGET FILE: C:\~uize\UIZE-JavaScript-Framework\reference\Uize.Widget.Options.Selector.html
	BUILT (ALWAYS BUILD), BUILD DURATION: 213ms

***** C:\~uize\UIZE-JavaScript-Framework\js\~source\Uize.Widget.Options.Tabbed.Fading.js
	TARGET FILE: C:\~uize\UIZE-JavaScript-Framework\reference\Uize.Widget.Options.Tabbed.Fading.html
	BUILT (ALWAYS BUILD), BUILD DURATION: 205ms

***** C:\~uize\UIZE-JavaScript-Framework\js\~source\Uize.Widget.Options.Tabbed.js
	TARGET FILE: C:\~uize\UIZE-JavaScript-Framework\reference\Uize.Widget.Options.Tabbed.html
	BUILT (ALWAYS BUILD), BUILD DURATION: 199ms

***** C:\~uize\UIZE-JavaScript-Framework\js\~source\Uize.Widget.Page.js
	TARGET FILE: C:\~uize\UIZE-JavaScript-Framework\reference\Uize.Widget.Page.html
	BUILT (ALWAYS BUILD), BUILD DURATION: 386ms

***** C:\~uize\UIZE-JavaScript-Framework\js\~source\Uize.Widget.Page.xDeferredLinks.js
	TARGET FILE: C:\~uize\UIZE-JavaScript-Framework\reference\Uize.Widget.Page.xDeferredLinks.html
	BUILT (ALWAYS BUILD), BUILD DURATION: 12ms

***** C:\~uize\UIZE-JavaScript-Framework\js\~source\Uize.Widget.Pagination.js
	TARGET FILE: C:\~uize\UIZE-JavaScript-Framework\reference\Uize.Widget.Pagination.html
	BUILT (ALWAYS BUILD), BUILD DURATION: 299ms

***** C:\~uize\UIZE-JavaScript-Framework\js\~source\Uize.Widget.Picker.Date.js
	TARGET FILE: C:\~uize\UIZE-JavaScript-Framework\reference\Uize.Widget.Picker.Date.html
	BUILT (ALWAYS BUILD), BUILD DURATION: 235ms

***** C:\~uize\UIZE-JavaScript-Framework\js\~source\Uize.Widget.Picker.js
	TARGET FILE: C:\~uize\UIZE-JavaScript-Framework\reference\Uize.Widget.Picker.html
	BUILT (ALWAYS BUILD), BUILD DURATION: 246ms

***** C:\~uize\UIZE-JavaScript-Framework\js\~source\Uize.Widget.Picker.Palette.js
	TARGET FILE: C:\~uize\UIZE-JavaScript-Framework\reference\Uize.Widget.Picker.Palette.html
	BUILT (ALWAYS BUILD), BUILD DURATION: 337ms

***** C:\~uize\UIZE-JavaScript-Framework\js\~source\Uize.Widget.Picker.Palette.Selector.js
	TARGET FILE: C:\~uize\UIZE-JavaScript-Framework\reference\Uize.Widget.Picker.Palette.Selector.html
	BUILT (ALWAYS BUILD), BUILD DURATION: 231ms

***** C:\~uize\UIZE-JavaScript-Framework\js\~source\Uize.Widget.Population.js
	TARGET FILE: C:\~uize\UIZE-JavaScript-Framework\reference\Uize.Widget.Population.html
	BUILT (ALWAYS BUILD), BUILD DURATION: 327ms

***** C:\~uize\UIZE-JavaScript-Framework\js\~source\Uize.Widget.PopupPalette.js
	TARGET FILE: C:\~uize\UIZE-JavaScript-Framework\reference\Uize.Widget.PopupPalette.html
	BUILT (ALWAYS BUILD), BUILD DURATION: 236ms

***** C:\~uize\UIZE-JavaScript-Framework\js\~source\Uize.Widget.Resizer.js
	TARGET FILE: C:\~uize\UIZE-JavaScript-Framework\reference\Uize.Widget.Resizer.html
	BUILT (ALWAYS BUILD), BUILD DURATION: 389ms

***** C:\~uize\UIZE-JavaScript-Framework\js\~source\Uize.Widget.Resizer.Marquee.js
	TARGET FILE: C:\~uize\UIZE-JavaScript-Framework\reference\Uize.Widget.Resizer.Marquee.html
	BUILT (ALWAYS BUILD), BUILD DURATION: 328ms

***** C:\~uize\UIZE-JavaScript-Framework\js\~source\Uize.Widget.Scrolly.js
	TARGET FILE: C:\~uize\UIZE-JavaScript-Framework\reference\Uize.Widget.Scrolly.html
	BUILT (ALWAYS BUILD), BUILD DURATION: 234ms

***** C:\~uize\UIZE-JavaScript-Framework\js\~source\Uize.Widget.SegmentDisplay.js
	TARGET FILE: C:\~uize\UIZE-JavaScript-Framework\reference\Uize.Widget.SegmentDisplay.html
	BUILT (ALWAYS BUILD), BUILD DURATION: 204ms

***** C:\~uize\UIZE-JavaScript-Framework\js\~source\Uize.Widget.SegmentDisplay.Seven.js
	TARGET FILE: C:\~uize\UIZE-JavaScript-Framework\reference\Uize.Widget.SegmentDisplay.Seven.html
	BUILT (ALWAYS BUILD), BUILD DURATION: 198ms

***** C:\~uize\UIZE-JavaScript-Framework\js\~source\Uize.Widget.SlideShow.AutoAdvance.js
	TARGET FILE: C:\~uize\UIZE-JavaScript-Framework\reference\Uize.Widget.SlideShow.AutoAdvance.html
	BUILT (ALWAYS BUILD), BUILD DURATION: 201ms

***** C:\~uize\UIZE-JavaScript-Framework\js\~source\Uize.Widget.SlideShow.AutoAdvance.WithSlideSelectors.js
	TARGET FILE: C:\~uize\UIZE-JavaScript-Framework\reference\Uize.Widget.SlideShow.AutoAdvance.WithSlideSelectors.html
	BUILT (ALWAYS BUILD), BUILD DURATION: 298ms

***** C:\~uize\UIZE-JavaScript-Framework\js\~source\Uize.Widget.SlideShow.js
	TARGET FILE: C:\~uize\UIZE-JavaScript-Framework\reference\Uize.Widget.SlideShow.html
	BUILT (ALWAYS BUILD), BUILD DURATION: 238ms

***** C:\~uize\UIZE-JavaScript-Framework\js\~source\Uize.Widget.Stretchy.js
	TARGET FILE: C:\~uize\UIZE-JavaScript-Framework\reference\Uize.Widget.Stretchy.html
	BUILT (ALWAYS BUILD), BUILD DURATION: 186ms

***** C:\~uize\UIZE-JavaScript-Framework\js\~source\Uize.Widget.Swap.Deck.js
	TARGET FILE: C:\~uize\UIZE-JavaScript-Framework\reference\Uize.Widget.Swap.Deck.html
	BUILT (ALWAYS BUILD), BUILD DURATION: 211ms

***** C:\~uize\UIZE-JavaScript-Framework\js\~source\Uize.Widget.Swap.Html.js
	TARGET FILE: C:\~uize\UIZE-JavaScript-Framework\reference\Uize.Widget.Swap.Html.html
	BUILT (ALWAYS BUILD), BUILD DURATION: 194ms

***** C:\~uize\UIZE-JavaScript-Framework\js\~source\Uize.Widget.Swap.Image.Cycle.js
	TARGET FILE: C:\~uize\UIZE-JavaScript-Framework\reference\Uize.Widget.Swap.Image.Cycle.html
	BUILT (ALWAYS BUILD), BUILD DURATION: 207ms

***** C:\~uize\UIZE-JavaScript-Framework\js\~source\Uize.Widget.Swap.Image.js
	TARGET FILE: C:\~uize\UIZE-JavaScript-Framework\reference\Uize.Widget.Swap.Image.html
	BUILT (ALWAYS BUILD), BUILD DURATION: 307ms

***** C:\~uize\UIZE-JavaScript-Framework\js\~source\Uize.Widget.Swap.js
	TARGET FILE: C:\~uize\UIZE-JavaScript-Framework\reference\Uize.Widget.Swap.html
	BUILT (ALWAYS BUILD), BUILD DURATION: 242ms

***** C:\~uize\UIZE-JavaScript-Framework\js\~source\Uize.Widget.Swap.xPresets.js
	TARGET FILE: C:\~uize\UIZE-JavaScript-Framework\reference\Uize.Widget.Swap.xPresets.html
	BUILT (ALWAYS BUILD), BUILD DURATION: 194ms

***** C:\~uize\UIZE-JavaScript-Framework\js\~source\Uize.Widget.TableSort.js
	TARGET FILE: C:\~uize\UIZE-JavaScript-Framework\reference\Uize.Widget.TableSort.html
	BUILT (ALWAYS BUILD), BUILD DURATION: 316ms

***** C:\~uize\UIZE-JavaScript-Framework\js\~source\Uize.Widget.TextInput.js
	TARGET FILE: C:\~uize\UIZE-JavaScript-Framework\reference\Uize.Widget.TextInput.html
	BUILT (ALWAYS BUILD), BUILD DURATION: 211ms

***** C:\~uize\UIZE-JavaScript-Framework\js\~source\Uize.Widget.ThumbZoom.js
	TARGET FILE: C:\~uize\UIZE-JavaScript-Framework\reference\Uize.Widget.ThumbZoom.html
	BUILT (ALWAYS BUILD), BUILD DURATION: 315ms

***** C:\~uize\UIZE-JavaScript-Framework\js\~source\Uize.Widget.Tree.js
	TARGET FILE: C:\~uize\UIZE-JavaScript-Framework\reference\Uize.Widget.Tree.html
	BUILT (ALWAYS BUILD), BUILD DURATION: 205ms

***** C:\~uize\UIZE-JavaScript-Framework\js\~source\Uize.Widget.Tree.List.js
	TARGET FILE: C:\~uize\UIZE-JavaScript-Framework\reference\Uize.Widget.Tree.List.html
	BUILT (ALWAYS BUILD), BUILD DURATION: 215ms

***** C:\~uize\UIZE-JavaScript-Framework\js\~source\Uize.Widget.Tree.Menu.js
	TARGET FILE: C:\~uize\UIZE-JavaScript-Framework\reference\Uize.Widget.Tree.Menu.html
	BUILT (ALWAYS BUILD), BUILD DURATION: 314ms

***** C:\~uize\UIZE-JavaScript-Framework\js\~source\Uize.Widget.Tree.Select.js
	TARGET FILE: C:\~uize\UIZE-JavaScript-Framework\reference\Uize.Widget.Tree.Select.html
	BUILT (ALWAYS BUILD), BUILD DURATION: 216ms

***** C:\~uize\UIZE-JavaScript-Framework\js\~source\Uize.Wsh.js
	TARGET FILE: C:\~uize\UIZE-JavaScript-Framework\reference\Uize.Wsh.html
	BUILT (ALWAYS BUILD), BUILD DURATION: 164ms

***** C:\~uize\UIZE-JavaScript-Framework\js\~source\Uize.Xml.js
	TARGET FILE: C:\~uize\UIZE-JavaScript-Framework\reference\Uize.Xml.html
	BUILT (ALWAYS BUILD), BUILD DURATION: 51ms

***** C:\~uize\UIZE-JavaScript-Framework\js\~source\UizeDotCom.Build.BuildCodeSitemap.js
	TARGET FILE: C:\~uize\UIZE-JavaScript-Framework\reference\UizeDotCom.Build.BuildCodeSitemap.html
	BUILT (ALWAYS BUILD), BUILD DURATION: 14ms

***** C:\~uize\UIZE-JavaScript-Framework\js\~source\UizeDotCom.Build.BuildIndexPages.js
	TARGET FILE: C:\~uize\UIZE-JavaScript-Framework\reference\UizeDotCom.Build.BuildIndexPages.html
	BUILT (ALWAYS BUILD), BUILD DURATION: 123ms

***** C:\~uize\UIZE-JavaScript-Framework\js\~source\UizeDotCom.Build.BuildPagesFromSourceCode.js
	TARGET FILE: C:\~uize\UIZE-JavaScript-Framework\reference\UizeDotCom.Build.BuildPagesFromSourceCode.html
	BUILT (ALWAYS BUILD), BUILD DURATION: 16ms

***** C:\~uize\UIZE-JavaScript-Framework\js\~source\UizeDotCom.Build.BuildSotu.js
	TARGET FILE: C:\~uize\UIZE-JavaScript-Framework\reference\UizeDotCom.Build.BuildSotu.html
	BUILT (ALWAYS BUILD), BUILD DURATION: 23ms

***** C:\~uize\UIZE-JavaScript-Framework\js\~source\UizeDotCom.Build.BuildWidgetPages.js
	TARGET FILE: C:\~uize\UIZE-JavaScript-Framework\reference\UizeDotCom.Build.BuildWidgetPages.html
	BUILT (ALWAYS BUILD), BUILD DURATION: 28ms

***** C:\~uize\UIZE-JavaScript-Framework\js\~source\UizeDotCom.Build.js
	TARGET FILE: C:\~uize\UIZE-JavaScript-Framework\reference\UizeDotCom.Build.html
	BUILT (ALWAYS BUILD), BUILD DURATION: 103ms

***** C:\~uize\UIZE-JavaScript-Framework\js\~source\UizeDotCom.Build.Util.js
	TARGET FILE: C:\~uize\UIZE-JavaScript-Framework\reference\UizeDotCom.Build.Util.html
	BUILT (ALWAYS BUILD), BUILD DURATION: 13ms

***** C:\~uize\UIZE-JavaScript-Framework\js\~source\UizeDotCom.Delve.js
	TARGET FILE: C:\~uize\UIZE-JavaScript-Framework\reference\UizeDotCom.Delve.html
	BUILT (ALWAYS BUILD), BUILD DURATION: 817ms

***** C:\~uize\UIZE-JavaScript-Framework\js\~source\UizeDotCom.Delve.library.js
	TARGET FILE: C:\~uize\UIZE-JavaScript-Framework\reference\UizeDotCom.Delve.library.html
	BUILT (ALWAYS BUILD), BUILD DURATION: 7ms

***** C:\~uize\UIZE-JavaScript-Framework\js\~source\UizeDotCom.DelvePageWriter.js
	TARGET FILE: C:\~uize\UIZE-JavaScript-Framework\reference\UizeDotCom.DelvePageWriter.html
	BUILT (ALWAYS BUILD), BUILD DURATION: 11ms

***** C:\~uize\UIZE-JavaScript-Framework\js\~source\UizeDotCom.DialogConfirm.js
	TARGET FILE: C:\~uize\UIZE-JavaScript-Framework\reference\UizeDotCom.DialogConfirm.html
	BUILT (ALWAYS BUILD), BUILD DURATION: 228ms

***** C:\~uize\UIZE-JavaScript-Framework\js\~source\UizeDotCom.DialogDate.js
	TARGET FILE: C:\~uize\UIZE-JavaScript-Framework\reference\UizeDotCom.DialogDate.html
	BUILT (ALWAYS BUILD), BUILD DURATION: 207ms

***** C:\~uize\UIZE-JavaScript-Framework\js\~source\UizeDotCom.Examples.js
	TARGET FILE: C:\~uize\UIZE-JavaScript-Framework\reference\UizeDotCom.Examples.html
	BUILT (ALWAYS BUILD), BUILD DURATION: 442ms

***** C:\~uize\UIZE-JavaScript-Framework\js\~source\UizeDotCom.ExamplesInfoForSiteMap.js
	TARGET FILE: C:\~uize\UIZE-JavaScript-Framework\reference\UizeDotCom.ExamplesInfoForSiteMap.html
	BUILT (ALWAYS BUILD), BUILD DURATION: 11ms

***** C:\~uize\UIZE-JavaScript-Framework\js\~source\UizeDotCom.js
	TARGET FILE: C:\~uize\UIZE-JavaScript-Framework\reference\UizeDotCom.html
	BUILT (ALWAYS BUILD), BUILD DURATION: 8ms

***** C:\~uize\UIZE-JavaScript-Framework\js\~source\UizeDotCom.ModulesTree.js
	TARGET FILE: C:\~uize\UIZE-JavaScript-Framework\reference\UizeDotCom.ModulesTree.html
	BUILT (ALWAYS BUILD), BUILD DURATION: 127ms

***** C:\~uize\UIZE-JavaScript-Framework\js\~source\UizeDotCom.Page.Doc.js
	TARGET FILE: C:\~uize\UIZE-JavaScript-Framework\reference\UizeDotCom.Page.Doc.html
	BUILT (ALWAYS BUILD), BUILD DURATION: 227ms

***** C:\~uize\UIZE-JavaScript-Framework\js\~source\UizeDotCom.Page.Doc.library.js
	TARGET FILE: C:\~uize\UIZE-JavaScript-Framework\reference\UizeDotCom.Page.Doc.library.html
	BUILT (ALWAYS BUILD), BUILD DURATION: 13ms

***** C:\~uize\UIZE-JavaScript-Framework\js\~source\UizeDotCom.Page.Example.js
	TARGET FILE: C:\~uize\UIZE-JavaScript-Framework\reference\UizeDotCom.Page.Example.html
	BUILT (ALWAYS BUILD), BUILD DURATION: 208ms

***** C:\~uize\UIZE-JavaScript-Framework\js\~source\UizeDotCom.Page.Example.library.js
	TARGET FILE: C:\~uize\UIZE-JavaScript-Framework\reference\UizeDotCom.Page.Example.library.html
	BUILT (ALWAYS BUILD), BUILD DURATION: 8ms

***** C:\~uize\UIZE-JavaScript-Framework\js\~source\UizeDotCom.Page.Example.Test.js
	TARGET FILE: C:\~uize\UIZE-JavaScript-Framework\reference\UizeDotCom.Page.Example.Test.html
	BUILT (ALWAYS BUILD), BUILD DURATION: 327ms

***** C:\~uize\UIZE-JavaScript-Framework\js\~source\UizeDotCom.Page.Example.Test.library.js
	TARGET FILE: C:\~uize\UIZE-JavaScript-Framework\reference\UizeDotCom.Page.Example.Test.library.html
	BUILT (ALWAYS BUILD), BUILD DURATION: 8ms

***** C:\~uize\UIZE-JavaScript-Framework\js\~source\UizeDotCom.Page.Home.js
	TARGET FILE: C:\~uize\UIZE-JavaScript-Framework\reference\UizeDotCom.Page.Home.html
	BUILT (ALWAYS BUILD), BUILD DURATION: 209ms

***** C:\~uize\UIZE-JavaScript-Framework\js\~source\UizeDotCom.Page.Home.library.js
	TARGET FILE: C:\~uize\UIZE-JavaScript-Framework\reference\UizeDotCom.Page.Home.library.html
	BUILT (ALWAYS BUILD), BUILD DURATION: 7ms

***** C:\~uize\UIZE-JavaScript-Framework\js\~source\UizeDotCom.Page.Index.js
	TARGET FILE: C:\~uize\UIZE-JavaScript-Framework\reference\UizeDotCom.Page.Index.html
	BUILT (ALWAYS BUILD), BUILD DURATION: 219ms

***** C:\~uize\UIZE-JavaScript-Framework\js\~source\UizeDotCom.Page.js
	TARGET FILE: C:\~uize\UIZE-JavaScript-Framework\reference\UizeDotCom.Page.html
	BUILT (ALWAYS BUILD), BUILD DURATION: 221ms

***** C:\~uize\UIZE-JavaScript-Framework\js\~source\UizeDotCom.Page.library.js
	TARGET FILE: C:\~uize\UIZE-JavaScript-Framework\reference\UizeDotCom.Page.library.html
	BUILT (ALWAYS BUILD), BUILD DURATION: 16ms

***** C:\~uize\UIZE-JavaScript-Framework\js\~source\UizeDotCom.ParamsInspector.InlinePresets.js
	TARGET FILE: C:\~uize\UIZE-JavaScript-Framework\reference\UizeDotCom.ParamsInspector.InlinePresets.html
	BUILT (ALWAYS BUILD), BUILD DURATION: 195ms

***** C:\~uize\UIZE-JavaScript-Framework\js\~source\UizeDotCom.ParamsInspector.js
	TARGET FILE: C:\~uize\UIZE-JavaScript-Framework\reference\UizeDotCom.ParamsInspector.html
	BUILT (ALWAYS BUILD), BUILD DURATION: 192ms

***** C:\~uize\UIZE-JavaScript-Framework\js\~source\UizeDotCom.SiteMap.js
	TARGET FILE: C:\~uize\UIZE-JavaScript-Framework\reference\UizeDotCom.SiteMap.html
	BUILT (ALWAYS BUILD), BUILD DURATION: 155ms

***** C:\~uize\UIZE-JavaScript-Framework\js\~source\UizeDotCom.Templates.DataBar.js
	TARGET FILE: C:\~uize\UIZE-JavaScript-Framework\reference\UizeDotCom.Templates.DataBar.html
	BUILT (ALWAYS BUILD), BUILD DURATION: 10ms

***** C:\~uize\UIZE-JavaScript-Framework\js\~source\UizeDotCom.Templates.DelvePageHtml.js
	TARGET FILE: C:\~uize\UIZE-JavaScript-Framework\reference\UizeDotCom.Templates.DelvePageHtml.html
	BUILT (ALWAYS BUILD), BUILD DURATION: 13ms

***** C:\~uize\UIZE-JavaScript-Framework\js\~source\UizeDotCom.Templates.DelveUiHtml.js
	TARGET FILE: C:\~uize\UIZE-JavaScript-Framework\reference\UizeDotCom.Templates.DelveUiHtml.html
	BUILT (ALWAYS BUILD), BUILD DURATION: 133ms

***** C:\~uize\UIZE-JavaScript-Framework\js\~source\UizeDotCom.Templates.Dialog.Confirm.js
	TARGET FILE: C:\~uize\UIZE-JavaScript-Framework\reference\UizeDotCom.Templates.Dialog.Confirm.html
	BUILT (ALWAYS BUILD), BUILD DURATION: 11ms

***** C:\~uize\UIZE-JavaScript-Framework\js\~source\UizeDotCom.Templates.Dialog.js
	TARGET FILE: C:\~uize\UIZE-JavaScript-Framework\reference\UizeDotCom.Templates.Dialog.html
	BUILT (ALWAYS BUILD), BUILD DURATION: 15ms

***** C:\~uize\UIZE-JavaScript-Framework\js\~source\UizeDotCom.Templates.Dialog.Picker.Date.js
	TARGET FILE: C:\~uize\UIZE-JavaScript-Framework\reference\UizeDotCom.Templates.Dialog.Picker.Date.html
	BUILT (ALWAYS BUILD), BUILD DURATION: 10ms

***** C:\~uize\UIZE-JavaScript-Framework\js\~source\UizeDotCom.Templates.Dialog.Picker.js
	TARGET FILE: C:\~uize\UIZE-JavaScript-Framework\reference\UizeDotCom.Templates.Dialog.Picker.html
	BUILT (ALWAYS BUILD), BUILD DURATION: 18ms

***** C:\~uize\UIZE-JavaScript-Framework\js\~source\UizeDotCom.Templates.Footer.js
	TARGET FILE: C:\~uize\UIZE-JavaScript-Framework\reference\UizeDotCom.Templates.Footer.html
	BUILT (ALWAYS BUILD), BUILD DURATION: 122ms

***** C:\~uize\UIZE-JavaScript-Framework\js\~source\UizeDotCom.Templates.IndexPage.js
	TARGET FILE: C:\~uize\UIZE-JavaScript-Framework\reference\UizeDotCom.Templates.IndexPage.html
	BUILT (ALWAYS BUILD), BUILD DURATION: 16ms

***** C:\~uize\UIZE-JavaScript-Framework\js\~source\UizeDotCom.Templates.JavaScriptSourceSample.js
	TARGET FILE: C:\~uize\UIZE-JavaScript-Framework\reference\UizeDotCom.Templates.JavaScriptSourceSample.html
	BUILT (ALWAYS BUILD), BUILD DURATION: 169ms

***** C:\~uize\UIZE-JavaScript-Framework\js\~source\UizeDotCom.Templates.js
	TARGET FILE: C:\~uize\UIZE-JavaScript-Framework\reference\UizeDotCom.Templates.html
	BUILT (ALWAYS BUILD), BUILD DURATION: 9ms

***** C:\~uize\UIZE-JavaScript-Framework\js\~source\UizeDotCom.Templates.ListingsPage.js
	TARGET FILE: C:\~uize\UIZE-JavaScript-Framework\reference\UizeDotCom.Templates.ListingsPage.html
	BUILT (ALWAYS BUILD), BUILD DURATION: 126ms

***** C:\~uize\UIZE-JavaScript-Framework\js\~source\UizeDotCom.Templates.ParamsInspector.js
	TARGET FILE: C:\~uize\UIZE-JavaScript-Framework\reference\UizeDotCom.Templates.ParamsInspector.html
	BUILT (ALWAYS BUILD), BUILD DURATION: 20ms

***** C:\~uize\UIZE-JavaScript-Framework\js\~source\UizeDotCom.Templates.ParamsTable.js
	TARGET FILE: C:\~uize\UIZE-JavaScript-Framework\reference\UizeDotCom.Templates.ParamsTable.html
	BUILT (ALWAYS BUILD), BUILD DURATION: 14ms

***** C:\~uize\UIZE-JavaScript-Framework\js\~source\UizeDotCom.Templates.ShareThisPanel.js
	TARGET FILE: C:\~uize\UIZE-JavaScript-Framework\reference\UizeDotCom.Templates.ShareThisPanel.html
	BUILT (ALWAYS BUILD), BUILD DURATION: 33ms

***** C:\~uize\UIZE-JavaScript-Framework\js\~source\UizeDotCom.Templates.SimpleDoc.js
	TARGET FILE: C:\~uize\UIZE-JavaScript-Framework\reference\UizeDotCom.Templates.SimpleDoc.html
	BUILT (ALWAYS BUILD), BUILD DURATION: 112ms

***** C:\~uize\UIZE-JavaScript-Framework\js\~source\UizeDotCom.Templates.SimpleDocSample.js
	TARGET FILE: C:\~uize\UIZE-JavaScript-Framework\reference\UizeDotCom.Templates.SimpleDocSample.html
	BUILT (ALWAYS BUILD), BUILD DURATION: 150ms

***** C:\~uize\UIZE-JavaScript-Framework\js\~source\UizeDotCom.Templates.SlideShow.Basic.js
	TARGET FILE: C:\~uize\UIZE-JavaScript-Framework\reference\UizeDotCom.Templates.SlideShow.Basic.html
	BUILT (ALWAYS BUILD), BUILD DURATION: 12ms

***** C:\~uize\UIZE-JavaScript-Framework\js\~source\UizeDotCom.Templates.SlideShow.js
	TARGET FILE: C:\~uize\UIZE-JavaScript-Framework\reference\UizeDotCom.Templates.SlideShow.html
	BUILT (ALWAYS BUILD), BUILD DURATION: 13ms

***** C:\~uize\UIZE-JavaScript-Framework\js\~source\UizeDotCom.Templates.SlideShow.Wipes.js
	TARGET FILE: C:\~uize\UIZE-JavaScript-Framework\reference\UizeDotCom.Templates.SlideShow.Wipes.html
	BUILT (ALWAYS BUILD), BUILD DURATION: 11ms

***** C:\~uize\UIZE-JavaScript-Framework\js\~source\UizeDotCom.Templates.Tour.js
	TARGET FILE: C:\~uize\UIZE-JavaScript-Framework\reference\UizeDotCom.Templates.Tour.html
	BUILT (ALWAYS BUILD), BUILD DURATION: 140ms

***** C:\~uize\UIZE-JavaScript-Framework\js\~source\UizeDotCom.Templates.WidgetToGoGadgetXml.js
	TARGET FILE: C:\~uize\UIZE-JavaScript-Framework\reference\UizeDotCom.Templates.WidgetToGoGadgetXml.html
	BUILT (ALWAYS BUILD), BUILD DURATION: 13ms

***** C:\~uize\UIZE-JavaScript-Framework\js\~source\UizeDotCom.Templates.WidgetToGoHomepage.js
	TARGET FILE: C:\~uize\UIZE-JavaScript-Framework\reference\UizeDotCom.Templates.WidgetToGoHomepage.html
	BUILT (ALWAYS BUILD), BUILD DURATION: 21ms

***** C:\~uize\UIZE-JavaScript-Framework\js\~source\UizeDotCom.Templates.WidgetToGoPage.js
	TARGET FILE: C:\~uize\UIZE-JavaScript-Framework\reference\UizeDotCom.Templates.WidgetToGoPage.html
	BUILT (ALWAYS BUILD), BUILD DURATION: 22ms

***** C:\~uize\UIZE-JavaScript-Framework\js\~source\UizeDotCom.Templates.WidgetToGoTitle.js
	TARGET FILE: C:\~uize\UIZE-JavaScript-Framework\reference\UizeDotCom.Templates.WidgetToGoTitle.html
	BUILT (ALWAYS BUILD), BUILD DURATION: 115ms

***** C:\~uize\UIZE-JavaScript-Framework\js\~source\UizeDotCom.TestDataFruits.js
	TARGET FILE: C:\~uize\UIZE-JavaScript-Framework\reference\UizeDotCom.TestDataFruits.html
	BUILT (ALWAYS BUILD), BUILD DURATION: 43ms

***** C:\~uize\UIZE-JavaScript-Framework\js\~source\UizeDotCom.TestDataObject.js
	TARGET FILE: C:\~uize\UIZE-JavaScript-Framework\reference\UizeDotCom.TestDataObject.html
	BUILT (ALWAYS BUILD), BUILD DURATION: 117ms

***** C:\~uize\UIZE-JavaScript-Framework\js\~source\UizeDotCom.TestDataPhotos.js
	TARGET FILE: C:\~uize\UIZE-JavaScript-Framework\reference\UizeDotCom.TestDataPhotos.html
	BUILT (ALWAYS BUILD), BUILD DURATION: 155ms

***** C:\~uize\UIZE-JavaScript-Framework\js\~source\UizeDotCom.TestWidget.js
	TARGET FILE: C:\~uize\UIZE-JavaScript-Framework\reference\UizeDotCom.TestWidget.html
	BUILT (ALWAYS BUILD), BUILD DURATION: 191ms

***** C:\~uize\UIZE-JavaScript-Framework\js\~source\UizeDotCom.WidgetToGoPage.Calculator.js
	TARGET FILE: C:\~uize\UIZE-JavaScript-Framework\reference\UizeDotCom.WidgetToGoPage.Calculator.html
	BUILT (ALWAYS BUILD), BUILD DURATION: 9ms

***** C:\~uize\UIZE-JavaScript-Framework\js\~source\UizeDotCom.WidgetToGoPage.Calculator.library.js
	TARGET FILE: C:\~uize\UIZE-JavaScript-Framework\reference\UizeDotCom.WidgetToGoPage.Calculator.library.html
	BUILT (ALWAYS BUILD), BUILD DURATION: 8ms

***** C:\~uize\UIZE-JavaScript-Framework\js\~source\UizeDotCom.WidgetToGoPage.Calendar.js
	TARGET FILE: C:\~uize\UIZE-JavaScript-Framework\reference\UizeDotCom.WidgetToGoPage.Calendar.html
	BUILT (ALWAYS BUILD), BUILD DURATION: 14ms

***** C:\~uize\UIZE-JavaScript-Framework\js\~source\UizeDotCom.WidgetToGoPage.Calendar.library.js
	TARGET FILE: C:\~uize\UIZE-JavaScript-Framework\reference\UizeDotCom.WidgetToGoPage.Calendar.library.html
	BUILT (ALWAYS BUILD), BUILD DURATION: 7ms

***** C:\~uize\UIZE-JavaScript-Framework\js\~source\UizeDotCom.WidgetToGoPage.js
	TARGET FILE: C:\~uize\UIZE-JavaScript-Framework\reference\UizeDotCom.WidgetToGoPage.html
	BUILT (ALWAYS BUILD), BUILD DURATION: 205ms

