***** C:\~uize\UIZE-JavaScript-Framework\js\~source\Uize.Templates.Calculator.js.jst
	TARGET FILE: C:\~uize\UIZE-JavaScript-Framework\js\~source\Uize.Templates.Calculator.js
	BUILT (ALWAYS BUILD), BUILD DURATION: 6ms

***** C:\~uize\UIZE-JavaScript-Framework\js\~source\Uize.Templates.Calendar.js.jst
	TARGET FILE: C:\~uize\UIZE-JavaScript-Framework\js\~source\Uize.Templates.Calendar.js
	BUILT (ALWAYS BUILD), BUILD DURATION: 3ms

***** C:\~uize\UIZE-JavaScript-Framework\js\~source\Uize.Templates.Collection.js.jst
	TARGET FILE: C:\~uize\UIZE-JavaScript-Framework\js\~source\Uize.Templates.Collection.js
	BUILT (ALWAYS BUILD), BUILD DURATION: 4ms

***** C:\~uize\UIZE-JavaScript-Framework\js\~source\Uize.Templates.CollectionItem.js.jst
	TARGET FILE: C:\~uize\UIZE-JavaScript-Framework\js\~source\Uize.Templates.CollectionItem.js
	BUILT (ALWAYS BUILD), BUILD DURATION: 3ms

***** C:\~uize\UIZE-JavaScript-Framework\js\~source\Uize.Templates.ColorInfo.js.jst
	TARGET FILE: C:\~uize\UIZE-JavaScript-Framework\js\~source\Uize.Templates.ColorInfo.js
	BUILT (ALWAYS BUILD), BUILD DURATION: 2ms

***** C:\~uize\UIZE-JavaScript-Framework\js\~source\Uize.Templates.HashTable.js.jst
	TARGET FILE: C:\~uize\UIZE-JavaScript-Framework\js\~source\Uize.Templates.HashTable.js
	BUILT (ALWAYS BUILD), BUILD DURATION: 3ms

***** C:\~uize\UIZE-JavaScript-Framework\js\~source\Uize.Templates.JstModule.js.jst
	TARGET FILE: C:\~uize\UIZE-JavaScript-Framework\js\~source\Uize.Templates.JstModule.js
	BUILT (ALWAYS BUILD), BUILD DURATION: 3ms

***** C:\~uize\UIZE-JavaScript-Framework\js\~source\Uize.Templates.Log.js.jst
	TARGET FILE: C:\~uize\UIZE-JavaScript-Framework\js\~source\Uize.Templates.Log.js
	BUILT (ALWAYS BUILD), BUILD DURATION: 3ms

***** C:\~uize\UIZE-JavaScript-Framework\js\~source\Uize.Templates.SevenSegmentDisplay.js.jst
	TARGET FILE: C:\~uize\UIZE-JavaScript-Framework\js\~source\Uize.Templates.SevenSegmentDisplay.js
	BUILT (ALWAYS BUILD), BUILD DURATION: 3ms

***** C:\~uize\UIZE-JavaScript-Framework\js\~source\Uize.Templates.SevenSegmentDisplayDimsCss.js.jst
	TARGET FILE: C:\~uize\UIZE-JavaScript-Framework\js\~source\Uize.Templates.SevenSegmentDisplayDimsCss.js
	BUILT (ALWAYS BUILD), BUILD DURATION: 3ms

***** C:\~uize\UIZE-JavaScript-Framework\js\~source\Uize.Templates.SimpleDoc.js.jst
	TARGET FILE: C:\~uize\UIZE-JavaScript-Framework\js\~source\Uize.Templates.SimpleDoc.js
	BUILT (ALWAYS BUILD), BUILD DURATION: 7ms

***** C:\~uize\UIZE-JavaScript-Framework\js\~source\UizeDotCom.Templates.DataBar.js.jst
	TARGET FILE: C:\~uize\UIZE-JavaScript-Framework\js\~source\UizeDotCom.Templates.DataBar.js
	BUILT (ALWAYS BUILD), BUILD DURATION: 2ms

***** C:\~uize\UIZE-JavaScript-Framework\js\~source\UizeDotCom.Templates.DelvePageHtml.js.jst
	TARGET FILE: C:\~uize\UIZE-JavaScript-Framework\js\~source\UizeDotCom.Templates.DelvePageHtml.js
	BUILT (ALWAYS BUILD), BUILD DURATION: 3ms

***** C:\~uize\UIZE-JavaScript-Framework\js\~source\UizeDotCom.Templates.DelveUiHtml.js.jst
	TARGET FILE: C:\~uize\UIZE-JavaScript-Framework\js\~source\UizeDotCom.Templates.DelveUiHtml.js
	BUILT (ALWAYS BUILD), BUILD DURATION: 5ms

***** C:\~uize\UIZE-JavaScript-Framework\js\~source\UizeDotCom.Templates.Dialog.Confirm.js.jst
	TARGET FILE: C:\~uize\UIZE-JavaScript-Framework\js\~source\UizeDotCom.Templates.Dialog.Confirm.js
	BUILT (ALWAYS BUILD), BUILD DURATION: 3ms

***** C:\~uize\UIZE-JavaScript-Framework\js\~source\UizeDotCom.Templates.Dialog.js.jst
	TARGET FILE: C:\~uize\UIZE-JavaScript-Framework\js\~source\UizeDotCom.Templates.Dialog.js
	BUILT (ALWAYS BUILD), BUILD DURATION: 3ms

***** C:\~uize\UIZE-JavaScript-Framework\js\~source\UizeDotCom.Templates.Dialog.Picker.Date.js.jst
	TARGET FILE: C:\~uize\UIZE-JavaScript-Framework\js\~source\UizeDotCom.Templates.Dialog.Picker.Date.js
	BUILT (ALWAYS BUILD), BUILD DURATION: 3ms

***** C:\~uize\UIZE-JavaScript-Framework\js\~source\UizeDotCom.Templates.Dialog.Picker.js.jst
	TARGET FILE: C:\~uize\UIZE-JavaScript-Framework\js\~source\UizeDotCom.Templates.Dialog.Picker.js
	BUILT (ALWAYS BUILD), BUILD DURATION: 2ms

***** C:\~uize\UIZE-JavaScript-Framework\js\~source\UizeDotCom.Templates.Footer.js.jst
	TARGET FILE: C:\~uize\UIZE-JavaScript-Framework\js\~source\UizeDotCom.Templates.Footer.js
	BUILT (ALWAYS BUILD), BUILD DURATION: 2ms

***** C:\~uize\UIZE-JavaScript-Framework\js\~source\UizeDotCom.Templates.IndexPage.js.jst
	TARGET FILE: C:\~uize\UIZE-JavaScript-Framework\js\~source\UizeDotCom.Templates.IndexPage.js
	BUILT (ALWAYS BUILD), BUILD DURATION: 4ms

***** C:\~uize\UIZE-JavaScript-Framework\js\~source\UizeDotCom.Templates.JavaScriptSourceSample.js.jst
	TARGET FILE: C:\~uize\UIZE-JavaScript-Framework\js\~source\UizeDotCom.Templates.JavaScriptSourceSample.js
	BUILT (ALWAYS BUILD), BUILD DURATION: 7ms

***** C:\~uize\UIZE-JavaScript-Framework\js\~source\UizeDotCom.Templates.ListingsPage.js.jst
	TARGET FILE: C:\~uize\UIZE-JavaScript-Framework\js\~source\UizeDotCom.Templates.ListingsPage.js
	BUILT (ALWAYS BUILD), BUILD DURATION: 4ms

***** C:\~uize\UIZE-JavaScript-Framework\js\~source\UizeDotCom.Templates.ParamsInspector.js.jst
	TARGET FILE: C:\~uize\UIZE-JavaScript-Framework\js\~source\UizeDotCom.Templates.ParamsInspector.js
	BUILT (ALWAYS BUILD), BUILD DURATION: 2ms

***** C:\~uize\UIZE-JavaScript-Framework\js\~source\UizeDotCom.Templates.ParamsTable.js.jst
	TARGET FILE: C:\~uize\UIZE-JavaScript-Framework\js\~source\UizeDotCom.Templates.ParamsTable.js
	BUILT (ALWAYS BUILD), BUILD DURATION: 3ms

***** C:\~uize\UIZE-JavaScript-Framework\js\~source\UizeDotCom.Templates.ShareThisPanel.js.jst
	TARGET FILE: C:\~uize\UIZE-JavaScript-Framework\js\~source\UizeDotCom.Templates.ShareThisPanel.js
	BUILT (ALWAYS BUILD), BUILD DURATION: 7ms

***** C:\~uize\UIZE-JavaScript-Framework\js\~source\UizeDotCom.Templates.SimpleDoc.js.jst
	TARGET FILE: C:\~uize\UIZE-JavaScript-Framework\js\~source\UizeDotCom.Templates.SimpleDoc.js
	BUILT (ALWAYS BUILD), BUILD DURATION: 3ms

***** C:\~uize\UIZE-JavaScript-Framework\js\~source\UizeDotCom.Templates.SimpleDocSample.js.jst
	TARGET FILE: C:\~uize\UIZE-JavaScript-Framework\js\~source\UizeDotCom.Templates.SimpleDocSample.js
	BUILT (ALWAYS BUILD), BUILD DURATION: 7ms

***** C:\~uize\UIZE-JavaScript-Framework\js\~source\UizeDotCom.Templates.SlideShow.Basic.js.jst
	TARGET FILE: C:\~uize\UIZE-JavaScript-Framework\js\~source\UizeDotCom.Templates.SlideShow.Basic.js
	BUILT (ALWAYS BUILD), BUILD DURATION: 1ms

***** C:\~uize\UIZE-JavaScript-Framework\js\~source\UizeDotCom.Templates.SlideShow.js.jst
	TARGET FILE: C:\~uize\UIZE-JavaScript-Framework\js\~source\UizeDotCom.Templates.SlideShow.js
	BUILT (ALWAYS BUILD), BUILD DURATION: 3ms

***** C:\~uize\UIZE-JavaScript-Framework\js\~source\UizeDotCom.Templates.SlideShow.Wipes.js.jst
	TARGET FILE: C:\~uize\UIZE-JavaScript-Framework\js\~source\UizeDotCom.Templates.SlideShow.Wipes.js
	BUILT (ALWAYS BUILD), BUILD DURATION: 2ms

***** C:\~uize\UIZE-JavaScript-Framework\js\~source\UizeDotCom.Templates.Tour.js.jst
	TARGET FILE: C:\~uize\UIZE-JavaScript-Framework\js\~source\UizeDotCom.Templates.Tour.js
	BUILT (ALWAYS BUILD), BUILD DURATION: 4ms

***** C:\~uize\UIZE-JavaScript-Framework\js\~source\UizeDotCom.Templates.WidgetToGoGadgetXml.js.jst
	TARGET FILE: C:\~uize\UIZE-JavaScript-Framework\js\~source\UizeDotCom.Templates.WidgetToGoGadgetXml.js
	BUILT (ALWAYS BUILD), BUILD DURATION: 2ms

***** C:\~uize\UIZE-JavaScript-Framework\js\~source\UizeDotCom.Templates.WidgetToGoHomepage.js.jst
	TARGET FILE: C:\~uize\UIZE-JavaScript-Framework\js\~source\UizeDotCom.Templates.WidgetToGoHomepage.js
	BUILT (ALWAYS BUILD), BUILD DURATION: 4ms

***** C:\~uize\UIZE-JavaScript-Framework\js\~source\UizeDotCom.Templates.WidgetToGoPage.js.jst
	TARGET FILE: C:\~uize\UIZE-JavaScript-Framework\js\~source\UizeDotCom.Templates.WidgetToGoPage.js
	BUILT (ALWAYS BUILD), BUILD DURATION: 3ms

***** C:\~uize\UIZE-JavaScript-Framework\js\~source\UizeDotCom.Templates.WidgetToGoTitle.js.jst
	TARGET FILE: C:\~uize\UIZE-JavaScript-Framework\js\~source\UizeDotCom.Templates.WidgetToGoTitle.js
	BUILT (ALWAYS BUILD), BUILD DURATION: 2ms

