***** C:\~uize\UIZE-JavaScript-Framework\js\~source\UizeSite.Delve.library.js
	TARGET FILE: C:\~uize\UIZE-JavaScript-Framework\js\UizeSite.Delve.library.js
	BUILT (ALWAYS BUILD), BUILD DURATION: 17ms

***** C:\~uize\UIZE-JavaScript-Framework\js\~source\UizeSite.Page.Doc.library.js
	TARGET FILE: C:\~uize\UIZE-JavaScript-Framework\js\UizeSite.Page.Doc.library.js
	BUILT (ALWAYS BUILD), BUILD DURATION: 2ms

***** C:\~uize\UIZE-JavaScript-Framework\js\~source\UizeSite.Page.Example.library.js
	TARGET FILE: C:\~uize\UIZE-JavaScript-Framework\js\UizeSite.Page.Example.library.js
	BUILT (ALWAYS BUILD), BUILD DURATION: 2ms

***** C:\~uize\UIZE-JavaScript-Framework\js\~source\UizeSite.Page.Example.Test.library.js
	TARGET FILE: C:\~uize\UIZE-JavaScript-Framework\js\UizeSite.Page.Example.Test.library.js
	BUILT (ALWAYS BUILD), BUILD DURATION: 1ms

***** C:\~uize\UIZE-JavaScript-Framework\js\~source\UizeSite.Page.Home.library.js
	TARGET FILE: C:\~uize\UIZE-JavaScript-Framework\js\UizeSite.Page.Home.library.js
	BUILT (ALWAYS BUILD), BUILD DURATION: 4ms

***** C:\~uize\UIZE-JavaScript-Framework\js\~source\UizeSite.Page.library.js
	TARGET FILE: C:\~uize\UIZE-JavaScript-Framework\js\UizeSite.Page.library.js
	BUILT (ALWAYS BUILD), BUILD DURATION: 14ms

***** C:\~uize\UIZE-JavaScript-Framework\js\~source\UizeSite.WidgetToGoPage.Calculator.library.js
	TARGET FILE: C:\~uize\UIZE-JavaScript-Framework\js\UizeSite.WidgetToGoPage.Calculator.library.js
	BUILT (ALWAYS BUILD), BUILD DURATION: 12ms

***** C:\~uize\UIZE-JavaScript-Framework\js\~source\UizeSite.WidgetToGoPage.Calendar.library.js
	TARGET FILE: C:\~uize\UIZE-JavaScript-Framework\js\UizeSite.WidgetToGoPage.Calendar.library.js
	BUILT (ALWAYS BUILD), BUILD DURATION: 17ms

