***** C:\~uize\UIZE-JavaScript-Framework\examples\3d-rotation-viewer.html
	TARGET FILE: C:\~uize\UIZE-JavaScript-Framework\examples\source-code\3d-rotation-viewer.html
	BUILT (ALWAYS BUILD), BUILD DURATION: 11ms

***** C:\~uize\UIZE-JavaScript-Framework\examples\animate-position-in-javascript.html
	TARGET FILE: C:\~uize\UIZE-JavaScript-Framework\examples\source-code\animate-position-in-javascript.html
	BUILT (ALWAYS BUILD), BUILD DURATION: 3ms

***** C:\~uize\UIZE-JavaScript-Framework\examples\animate-size-in-javascript.html
	TARGET FILE: C:\~uize\UIZE-JavaScript-Framework\examples\source-code\animate-size-in-javascript.html
	BUILT (ALWAYS BUILD), BUILD DURATION: 3ms

***** C:\~uize\UIZE-JavaScript-Framework\examples\animated-buttons-with-box-shadow.html
	TARGET FILE: C:\~uize\UIZE-JavaScript-Framework\examples\source-code\animated-buttons-with-box-shadow.html
	BUILT (ALWAYS BUILD), BUILD DURATION: 2ms

***** C:\~uize\UIZE-JavaScript-Framework\examples\auto-tooltip-generic.html
	TARGET FILE: C:\~uize\UIZE-JavaScript-Framework\examples\source-code\auto-tooltip-generic.html
	BUILT (ALWAYS BUILD), BUILD DURATION: 1ms

***** C:\~uize\UIZE-JavaScript-Framework\examples\auto-tooltip-photo-info.html
	TARGET FILE: C:\~uize\UIZE-JavaScript-Framework\examples\source-code\auto-tooltip-photo-info.html
	BUILT (ALWAYS BUILD), BUILD DURATION: 3ms

***** C:\~uize\UIZE-JavaScript-Framework\examples\bars.html
	TARGET FILE: C:\~uize\UIZE-JavaScript-Framework\examples\source-code\bars.html
	BUILT (ALWAYS BUILD), BUILD DURATION: 1ms

***** C:\~uize\UIZE-JavaScript-Framework\examples\bevel-on-multiple-images.html
	TARGET FILE: C:\~uize\UIZE-JavaScript-Framework\examples\source-code\bevel-on-multiple-images.html
	BUILT (ALWAYS BUILD), BUILD DURATION: 2ms

***** C:\~uize\UIZE-JavaScript-Framework\examples\bevel.html
	TARGET FILE: C:\~uize\UIZE-JavaScript-Framework\examples\source-code\bevel.html
	BUILT (ALWAYS BUILD), BUILD DURATION: 1ms

***** C:\~uize\UIZE-JavaScript-Framework\examples\button-toggle.html
	TARGET FILE: C:\~uize\UIZE-JavaScript-Framework\examples\source-code\button-toggle.html
	BUILT (ALWAYS BUILD), BUILD DURATION: 2ms

***** C:\~uize\UIZE-JavaScript-Framework\examples\button-types.html
	TARGET FILE: C:\~uize\UIZE-JavaScript-Framework\examples\source-code\button-types.html
	BUILT (ALWAYS BUILD), BUILD DURATION: 1ms

***** C:\~uize\UIZE-JavaScript-Framework\examples\button.html
	TARGET FILE: C:\~uize\UIZE-JavaScript-Framework\examples\source-code\button.html
	BUILT (ALWAYS BUILD), BUILD DURATION: 3ms

***** C:\~uize\UIZE-JavaScript-Framework\examples\calendar-controls-wikipedia.html
	TARGET FILE: C:\~uize\UIZE-JavaScript-Framework\examples\source-code\calendar-controls-wikipedia.html
	BUILT (ALWAYS BUILD), BUILD DURATION: 1ms

***** C:\~uize\UIZE-JavaScript-Framework\examples\calendar.html
	TARGET FILE: C:\~uize\UIZE-JavaScript-Framework\examples\source-code\calendar.html
	BUILT (ALWAYS BUILD), BUILD DURATION: 2ms

***** C:\~uize\UIZE-JavaScript-Framework\examples\collection-dynamic.html
	TARGET FILE: C:\~uize\UIZE-JavaScript-Framework\examples\source-code\collection-dynamic.html
	BUILT (ALWAYS BUILD), BUILD DURATION: 2ms

***** C:\~uize\UIZE-JavaScript-Framework\examples\collection-item-coupled-zooming.html
	TARGET FILE: C:\~uize\UIZE-JavaScript-Framework\examples\source-code\collection-item-coupled-zooming.html
	BUILT (ALWAYS BUILD), BUILD DURATION: 1ms

***** C:\~uize\UIZE-JavaScript-Framework\examples\collection-item-zooming-with-image-switching.html
	TARGET FILE: C:\~uize\UIZE-JavaScript-Framework\examples\source-code\collection-item-zooming-with-image-switching.html
	BUILT (ALWAYS BUILD), BUILD DURATION: 1ms

***** C:\~uize\UIZE-JavaScript-Framework\examples\collection-item-zooming.html
	TARGET FILE: C:\~uize\UIZE-JavaScript-Framework\examples\source-code\collection-item-zooming.html
	BUILT (ALWAYS BUILD), BUILD DURATION: 1ms

***** C:\~uize\UIZE-JavaScript-Framework\examples\color-cube-with-pickers.html
	TARGET FILE: C:\~uize\UIZE-JavaScript-Framework\examples\source-code\color-cube-with-pickers.html
	BUILT (ALWAYS BUILD), BUILD DURATION: 2ms

***** C:\~uize\UIZE-JavaScript-Framework\examples\color-cube.html
	TARGET FILE: C:\~uize\UIZE-JavaScript-Framework\examples\source-code\color-cube.html
	BUILT (ALWAYS BUILD), BUILD DURATION: 1ms

***** C:\~uize\UIZE-JavaScript-Framework\examples\color-format-converter.html
	TARGET FILE: C:\~uize\UIZE-JavaScript-Framework\examples\source-code\color-format-converter.html
	BUILT (ALWAYS BUILD), BUILD DURATION: 1ms

***** C:\~uize\UIZE-JavaScript-Framework\examples\color-gradient-tool.html
	TARGET FILE: C:\~uize\UIZE-JavaScript-Framework\examples\source-code\color-gradient-tool.html
	BUILT (ALWAYS BUILD), BUILD DURATION: 1ms

***** C:\~uize\UIZE-JavaScript-Framework\examples\color-picker.html
	TARGET FILE: C:\~uize\UIZE-JavaScript-Framework\examples\source-code\color-picker.html
	BUILT (ALWAYS BUILD), BUILD DURATION: 2ms

***** C:\~uize\UIZE-JavaScript-Framework\examples\color-pickers-with-gradient.html
	TARGET FILE: C:\~uize\UIZE-JavaScript-Framework\examples\source-code\color-pickers-with-gradient.html
	BUILT (ALWAYS BUILD), BUILD DURATION: 1ms

***** C:\~uize\UIZE-JavaScript-Framework\examples\color-sort-by-rgb-proximity.html
	TARGET FILE: C:\~uize\UIZE-JavaScript-Framework\examples\source-code\color-sort-by-rgb-proximity.html
	BUILT (ALWAYS BUILD), BUILD DURATION: 1ms

***** C:\~uize\UIZE-JavaScript-Framework\examples\curve-explorer.html
	TARGET FILE: C:\~uize\UIZE-JavaScript-Framework\examples\source-code\curve-explorer.html
	BUILT (ALWAYS BUILD), BUILD DURATION: 4ms

***** C:\~uize\UIZE-JavaScript-Framework\examples\date-picker.html
	TARGET FILE: C:\~uize\UIZE-JavaScript-Framework\examples\source-code\date-picker.html
	BUILT (ALWAYS BUILD), BUILD DURATION: 1ms

***** C:\~uize\UIZE-JavaScript-Framework\examples\decorated-confirm.html
	TARGET FILE: C:\~uize\UIZE-JavaScript-Framework\examples\source-code\decorated-confirm.html
	BUILT (ALWAYS BUILD), BUILD DURATION: 1ms

***** C:\~uize\UIZE-JavaScript-Framework\examples\dialog-resizable.html
	TARGET FILE: C:\~uize\UIZE-JavaScript-Framework\examples\source-code\dialog-resizable.html
	BUILT (ALWAYS BUILD), BUILD DURATION: 1ms

***** C:\~uize\UIZE-JavaScript-Framework\examples\dialog.html
	TARGET FILE: C:\~uize\UIZE-JavaScript-Framework\examples\source-code\dialog.html
	BUILT (ALWAYS BUILD), BUILD DURATION: 1ms

***** C:\~uize\UIZE-JavaScript-Framework\examples\digital-clock.html
	TARGET FILE: C:\~uize\UIZE-JavaScript-Framework\examples\source-code\digital-clock.html
	BUILT (ALWAYS BUILD), BUILD DURATION: 4ms

***** C:\~uize\UIZE-JavaScript-Framework\examples\domain-list-editor.html
	TARGET FILE: C:\~uize\UIZE-JavaScript-Framework\examples\source-code\domain-list-editor.html
	BUILT (ALWAYS BUILD), BUILD DURATION: 1ms

***** C:\~uize\UIZE-JavaScript-Framework\examples\drag-to-move.html
	TARGET FILE: C:\~uize\UIZE-JavaScript-Framework\examples\source-code\drag-to-move.html
	BUILT (ALWAYS BUILD), BUILD DURATION: 1ms

***** C:\~uize\UIZE-JavaScript-Framework\examples\edge-virtual-dom-events.html
	TARGET FILE: C:\~uize\UIZE-JavaScript-Framework\examples\source-code\edge-virtual-dom-events.html
	BUILT (ALWAYS BUILD), BUILD DURATION: 1ms

***** C:\~uize\UIZE-JavaScript-Framework\examples\enabled-busy-in-widget-tree.html
	TARGET FILE: C:\~uize\UIZE-JavaScript-Framework\examples\source-code\enabled-busy-in-widget-tree.html
	BUILT (ALWAYS BUILD), BUILD DURATION: 2ms

***** C:\~uize\UIZE-JavaScript-Framework\examples\fade-as-a-color-chart.html
	TARGET FILE: C:\~uize\UIZE-JavaScript-Framework\examples\source-code\fade-as-a-color-chart.html
	BUILT (ALWAYS BUILD), BUILD DURATION: 1ms

***** C:\~uize\UIZE-JavaScript-Framework\examples\fade-as-a-graph.html
	TARGET FILE: C:\~uize\UIZE-JavaScript-Framework\examples\source-code\fade-as-a-graph.html
	BUILT (ALWAYS BUILD), BUILD DURATION: 2ms

***** C:\~uize\UIZE-JavaScript-Framework\examples\fade-css-style-across-nodes.html
	TARGET FILE: C:\~uize\UIZE-JavaScript-Framework\examples\source-code\fade-css-style-across-nodes.html
	BUILT (ALWAYS BUILD), BUILD DURATION: 2ms

***** C:\~uize\UIZE-JavaScript-Framework\examples\fade-quantization-chart.html
	TARGET FILE: C:\~uize\UIZE-JavaScript-Framework\examples\source-code\fade-quantization-chart.html
	BUILT (ALWAYS BUILD), BUILD DURATION: 1ms

***** C:\~uize\UIZE-JavaScript-Framework\examples\fading-an-object.html
	TARGET FILE: C:\~uize\UIZE-JavaScript-Framework\examples\source-code\fading-an-object.html
	BUILT (ALWAYS BUILD), BUILD DURATION: 1ms

***** C:\~uize\UIZE-JavaScript-Framework\examples\fading-links.html
	TARGET FILE: C:\~uize\UIZE-JavaScript-Framework\examples\source-code\fading-links.html
	BUILT (ALWAYS BUILD), BUILD DURATION: 2ms

***** C:\~uize\UIZE-JavaScript-Framework\examples\get-tree-from-list.html
	TARGET FILE: C:\~uize\UIZE-JavaScript-Framework\examples\source-code\get-tree-from-list.html
	BUILT (ALWAYS BUILD), BUILD DURATION: 1ms

***** C:\~uize\UIZE-JavaScript-Framework\examples\get-tree-from-page.html
	TARGET FILE: C:\~uize\UIZE-JavaScript-Framework\examples\source-code\get-tree-from-page.html
	BUILT (ALWAYS BUILD), BUILD DURATION: 1ms

***** C:\~uize\UIZE-JavaScript-Framework\examples\hierarchical-selector.html
	TARGET FILE: C:\~uize\UIZE-JavaScript-Framework\examples\source-code\hierarchical-selector.html
	BUILT (ALWAYS BUILD), BUILD DURATION: 1ms

***** C:\~uize\UIZE-JavaScript-Framework\examples\hover-fader-color-effects.html
	TARGET FILE: C:\~uize\UIZE-JavaScript-Framework\examples\source-code\hover-fader-color-effects.html
	BUILT (ALWAYS BUILD), BUILD DURATION: 4ms

***** C:\~uize\UIZE-JavaScript-Framework\examples\hover-fader-for-thumbnails.html
	TARGET FILE: C:\~uize\UIZE-JavaScript-Framework\examples\source-code\hover-fader-for-thumbnails.html
	BUILT (ALWAYS BUILD), BUILD DURATION: 2ms

***** C:\~uize\UIZE-JavaScript-Framework\examples\hover-fader-stretching-menu.html
	TARGET FILE: C:\~uize\UIZE-JavaScript-Framework\examples\source-code\hover-fader-stretching-menu.html
	BUILT (ALWAYS BUILD), BUILD DURATION: 1ms

***** C:\~uize\UIZE-JavaScript-Framework\examples\hover-fader-text-shadow-animation.html
	TARGET FILE: C:\~uize\UIZE-JavaScript-Framework\examples\source-code\hover-fader-text-shadow-animation.html
	BUILT (ALWAYS BUILD), BUILD DURATION: 3ms

***** C:\~uize\UIZE-JavaScript-Framework\examples\image-port-drag.html
	TARGET FILE: C:\~uize\UIZE-JavaScript-Framework\examples\source-code\image-port-drag.html
	BUILT (ALWAYS BUILD), BUILD DURATION: 1ms

***** C:\~uize\UIZE-JavaScript-Framework\examples\image-port-with-marquee.html
	TARGET FILE: C:\~uize\UIZE-JavaScript-Framework\examples\source-code\image-port-with-marquee.html
	BUILT (ALWAYS BUILD), BUILD DURATION: 3ms

***** C:\~uize\UIZE-JavaScript-Framework\examples\image-port-zoom-and-pan-tiled.html
	TARGET FILE: C:\~uize\UIZE-JavaScript-Framework\examples\source-code\image-port-zoom-and-pan-tiled.html
	BUILT (ALWAYS BUILD), BUILD DURATION: 2ms

***** C:\~uize\UIZE-JavaScript-Framework\examples\image-port-zoom-and-pan.html
	TARGET FILE: C:\~uize\UIZE-JavaScript-Framework\examples\source-code\image-port-zoom-and-pan.html
	BUILT (ALWAYS BUILD), BUILD DURATION: 1ms

***** C:\~uize\UIZE-JavaScript-Framework\examples\image-port.html
	TARGET FILE: C:\~uize\UIZE-JavaScript-Framework\examples\source-code\image-port.html
	BUILT (ALWAYS BUILD), BUILD DURATION: 2ms

***** C:\~uize\UIZE-JavaScript-Framework\examples\image-wipe.html
	TARGET FILE: C:\~uize\UIZE-JavaScript-Framework\examples\source-code\image-wipe.html
	BUILT (ALWAYS BUILD), BUILD DURATION: 1ms

***** C:\~uize\UIZE-JavaScript-Framework\examples\javascript-calculator-widget.html
	TARGET FILE: C:\~uize\UIZE-JavaScript-Framework\examples\source-code\javascript-calculator-widget.html
	BUILT (ALWAYS BUILD), BUILD DURATION: 1ms

***** C:\~uize\UIZE-JavaScript-Framework\examples\javascript-scruncher.html
	TARGET FILE: C:\~uize\UIZE-JavaScript-Framework\examples\source-code\javascript-scruncher.html
	BUILT (ALWAYS BUILD), BUILD DURATION: 1ms

***** C:\~uize\UIZE-JavaScript-Framework\examples\javascript-template-tester.html
	TARGET FILE: C:\~uize\UIZE-JavaScript-Framework\examples\source-code\javascript-template-tester.html
	BUILT (ALWAYS BUILD), BUILD DURATION: 1ms

***** C:\~uize\UIZE-JavaScript-Framework\examples\json-prettifier.html
	TARGET FILE: C:\~uize\UIZE-JavaScript-Framework\examples\source-code\json-prettifier.html
	BUILT (ALWAYS BUILD), BUILD DURATION: 1ms

***** C:\~uize\UIZE-JavaScript-Framework\examples\mag-view.html
	TARGET FILE: C:\~uize\UIZE-JavaScript-Framework\examples\source-code\mag-view.html
	BUILT (ALWAYS BUILD), BUILD DURATION: 1ms

***** C:\~uize\UIZE-JavaScript-Framework\examples\marquee-and-image-port.html
	TARGET FILE: C:\~uize\UIZE-JavaScript-Framework\examples\source-code\marquee-and-image-port.html
	BUILT (ALWAYS BUILD), BUILD DURATION: 2ms

***** C:\~uize\UIZE-JavaScript-Framework\examples\marquee-modes.html
	TARGET FILE: C:\~uize\UIZE-JavaScript-Framework\examples\source-code\marquee-modes.html
	BUILT (ALWAYS BUILD), BUILD DURATION: 1ms

***** C:\~uize\UIZE-JavaScript-Framework\examples\marquee-with-rest-update.html
	TARGET FILE: C:\~uize\UIZE-JavaScript-Framework\examples\source-code\marquee-with-rest-update.html
	BUILT (ALWAYS BUILD), BUILD DURATION: 1ms

***** C:\~uize\UIZE-JavaScript-Framework\examples\marquee.html
	TARGET FILE: C:\~uize\UIZE-JavaScript-Framework\examples\source-code\marquee.html
	BUILT (ALWAYS BUILD), BUILD DURATION: 1ms

***** C:\~uize\UIZE-JavaScript-Framework\examples\mask.html
	TARGET FILE: C:\~uize\UIZE-JavaScript-Framework\examples\source-code\mask.html
	BUILT (ALWAYS BUILD), BUILD DURATION: 1ms

***** C:\~uize\UIZE-JavaScript-Framework\examples\options-dynamic.html
	TARGET FILE: C:\~uize\UIZE-JavaScript-Framework\examples\source-code\options-dynamic.html
	BUILT (ALWAYS BUILD), BUILD DURATION: 2ms

***** C:\~uize\UIZE-JavaScript-Framework\examples\options.html
	TARGET FILE: C:\~uize\UIZE-JavaScript-Framework\examples\source-code\options.html
	BUILT (ALWAYS BUILD), BUILD DURATION: 1ms

***** C:\~uize\UIZE-JavaScript-Framework\examples\populating-photo-details.html
	TARGET FILE: C:\~uize\UIZE-JavaScript-Framework\examples\source-code\populating-photo-details.html
	BUILT (ALWAYS BUILD), BUILD DURATION: 2ms

***** C:\~uize\UIZE-JavaScript-Framework\examples\population-structured-record.html
	TARGET FILE: C:\~uize\UIZE-JavaScript-Framework\examples\source-code\population-structured-record.html
	BUILT (ALWAYS BUILD), BUILD DURATION: 1ms

***** C:\~uize\UIZE-JavaScript-Framework\examples\progress-bar.html
	TARGET FILE: C:\~uize\UIZE-JavaScript-Framework\examples\source-code\progress-bar.html
	BUILT (ALWAYS BUILD), BUILD DURATION: 5ms

***** C:\~uize\UIZE-JavaScript-Framework\examples\scrolly-carousel.html
	TARGET FILE: C:\~uize\UIZE-JavaScript-Framework\examples\source-code\scrolly-carousel.html
	BUILT (ALWAYS BUILD), BUILD DURATION: 1ms

***** C:\~uize\UIZE-JavaScript-Framework\examples\scrolly.html
	TARGET FILE: C:\~uize\UIZE-JavaScript-Framework\examples\source-code\scrolly.html
	BUILT (ALWAYS BUILD), BUILD DURATION: 2ms

***** C:\~uize\UIZE-JavaScript-Framework\examples\sequenced-show-using-swap.html
	TARGET FILE: C:\~uize\UIZE-JavaScript-Framework\examples\source-code\sequenced-show-using-swap.html
	BUILT (ALWAYS BUILD), BUILD DURATION: 2ms

***** C:\~uize\UIZE-JavaScript-Framework\examples\sequenced-show.html
	TARGET FILE: C:\~uize\UIZE-JavaScript-Framework\examples\source-code\sequenced-show.html
	BUILT (ALWAYS BUILD), BUILD DURATION: 2ms

***** C:\~uize\UIZE-JavaScript-Framework\examples\set-node-value-multi-select.html
	TARGET FILE: C:\~uize\UIZE-JavaScript-Framework\examples\source-code\set-node-value-multi-select.html
	BUILT (ALWAYS BUILD), BUILD DURATION: 2ms

***** C:\~uize\UIZE-JavaScript-Framework\examples\set-node-value.html
	TARGET FILE: C:\~uize\UIZE-JavaScript-Framework\examples\source-code\set-node-value.html
	BUILT (ALWAYS BUILD), BUILD DURATION: 1ms

***** C:\~uize\UIZE-JavaScript-Framework\examples\seven-segment-display.html
	TARGET FILE: C:\~uize\UIZE-JavaScript-Framework\examples\source-code\seven-segment-display.html
	BUILT (ALWAYS BUILD), BUILD DURATION: 3ms

***** C:\~uize\UIZE-JavaScript-Framework\examples\shared-ui.html
	TARGET FILE: C:\~uize\UIZE-JavaScript-Framework\examples\source-code\shared-ui.html
	BUILT (ALWAYS BUILD), BUILD DURATION: 1ms

***** C:\~uize\UIZE-JavaScript-Framework\examples\simple-data-tester.html
	TARGET FILE: C:\~uize\UIZE-JavaScript-Framework\examples\source-code\simple-data-tester.html
	BUILT (ALWAYS BUILD), BUILD DURATION: 2ms

***** C:\~uize\UIZE-JavaScript-Framework\examples\simple-doc-tester.html
	TARGET FILE: C:\~uize\UIZE-JavaScript-Framework\examples\source-code\simple-doc-tester.html
	BUILT (ALWAYS BUILD), BUILD DURATION: 1ms

***** C:\~uize\UIZE-JavaScript-Framework\examples\slider-built-in-skin.html
	TARGET FILE: C:\~uize\UIZE-JavaScript-Framework\examples\source-code\slider-built-in-skin.html
	BUILT (ALWAYS BUILD), BUILD DURATION: 2ms

***** C:\~uize\UIZE-JavaScript-Framework\examples\slider-chars-used.html
	TARGET FILE: C:\~uize\UIZE-JavaScript-Framework\examples\source-code\slider-chars-used.html
	BUILT (ALWAYS BUILD), BUILD DURATION: 2ms

***** C:\~uize\UIZE-JavaScript-Framework\examples\slider-plus.html
	TARGET FILE: C:\~uize\UIZE-JavaScript-Framework\examples\source-code\slider-plus.html
	BUILT (ALWAYS BUILD), BUILD DURATION: 1ms

***** C:\~uize\UIZE-JavaScript-Framework\examples\slider.html
	TARGET FILE: C:\~uize\UIZE-JavaScript-Framework\examples\source-code\slider.html
	BUILT (ALWAYS BUILD), BUILD DURATION: 1ms

***** C:\~uize\UIZE-JavaScript-Framework\examples\sliders-as-rgb-selectors.html
	TARGET FILE: C:\~uize\UIZE-JavaScript-Framework\examples\source-code\sliders-as-rgb-selectors.html
	BUILT (ALWAYS BUILD), BUILD DURATION: 1ms

***** C:\~uize\UIZE-JavaScript-Framework\examples\sliders-from-template.html
	TARGET FILE: C:\~uize\UIZE-JavaScript-Framework\examples\source-code\sliders-from-template.html
	BUILT (ALWAYS BUILD), BUILD DURATION: 2ms

***** C:\~uize\UIZE-JavaScript-Framework\examples\sliders-in-color-blender.html
	TARGET FILE: C:\~uize\UIZE-JavaScript-Framework\examples\source-code\sliders-in-color-blender.html
	BUILT (ALWAYS BUILD), BUILD DURATION: 2ms

***** C:\~uize\UIZE-JavaScript-Framework\examples\slideshow-mantle.html
	TARGET FILE: C:\~uize\UIZE-JavaScript-Framework\examples\source-code\slideshow-mantle.html
	BUILT (ALWAYS BUILD), BUILD DURATION: 2ms

***** C:\~uize\UIZE-JavaScript-Framework\examples\slideshow-of-data.html
	TARGET FILE: C:\~uize\UIZE-JavaScript-Framework\examples\source-code\slideshow-of-data.html
	BUILT (ALWAYS BUILD), BUILD DURATION: 2ms

***** C:\~uize\UIZE-JavaScript-Framework\examples\slideshow-with-dissolve.html
	TARGET FILE: C:\~uize\UIZE-JavaScript-Framework\examples\source-code\slideshow-with-dissolve.html
	BUILT (ALWAYS BUILD), BUILD DURATION: 2ms

***** C:\~uize\UIZE-JavaScript-Framework\examples\slideshow-with-wipes.html
	TARGET FILE: C:\~uize\UIZE-JavaScript-Framework\examples\source-code\slideshow-with-wipes.html
	BUILT (ALWAYS BUILD), BUILD DURATION: 2ms

***** C:\~uize\UIZE-JavaScript-Framework\examples\slideshow.html
	TARGET FILE: C:\~uize\UIZE-JavaScript-Framework\examples\source-code\slideshow.html
	BUILT (ALWAYS BUILD), BUILD DURATION: 1ms

***** C:\~uize\UIZE-JavaScript-Framework\examples\sortable-color-table.html
	TARGET FILE: C:\~uize\UIZE-JavaScript-Framework\examples\source-code\sortable-color-table.html
	BUILT (ALWAYS BUILD), BUILD DURATION: 2ms

***** C:\~uize\UIZE-JavaScript-Framework\examples\swap-deck.html
	TARGET FILE: C:\~uize\UIZE-JavaScript-Framework\examples\source-code\swap-deck.html
	BUILT (ALWAYS BUILD), BUILD DURATION: 2ms

***** C:\~uize\UIZE-JavaScript-Framework\examples\swap-html.html
	TARGET FILE: C:\~uize\UIZE-JavaScript-Framework\examples\source-code\swap-html.html
	BUILT (ALWAYS BUILD), BUILD DURATION: 1ms

***** C:\~uize\UIZE-JavaScript-Framework\examples\swap-image-cycle.html
	TARGET FILE: C:\~uize\UIZE-JavaScript-Framework\examples\source-code\swap-image-cycle.html
	BUILT (ALWAYS BUILD), BUILD DURATION: 1ms

***** C:\~uize\UIZE-JavaScript-Framework\examples\swap-image-png.html
	TARGET FILE: C:\~uize\UIZE-JavaScript-Framework\examples\source-code\swap-image-png.html
	BUILT (ALWAYS BUILD), BUILD DURATION: 1ms

***** C:\~uize\UIZE-JavaScript-Framework\examples\swap-image.html
	TARGET FILE: C:\~uize\UIZE-JavaScript-Framework\examples\source-code\swap-image.html
	BUILT (ALWAYS BUILD), BUILD DURATION: 2ms

***** C:\~uize\UIZE-JavaScript-Framework\examples\tabbed-interface-with-fade.html
	TARGET FILE: C:\~uize\UIZE-JavaScript-Framework\examples\source-code\tabbed-interface-with-fade.html
	BUILT (ALWAYS BUILD), BUILD DURATION: 1ms

***** C:\~uize\UIZE-JavaScript-Framework\examples\tabbed-interface.html
	TARGET FILE: C:\~uize\UIZE-JavaScript-Framework\examples\source-code\tabbed-interface.html
	BUILT (ALWAYS BUILD), BUILD DURATION: 1ms

***** C:\~uize\UIZE-JavaScript-Framework\examples\table-sort-basic.html
	TARGET FILE: C:\~uize\UIZE-JavaScript-Framework\examples\source-code\table-sort-basic.html
	BUILT (ALWAYS BUILD), BUILD DURATION: 1ms

***** C:\~uize\UIZE-JavaScript-Framework\examples\table-sort-complex.html
	TARGET FILE: C:\~uize\UIZE-JavaScript-Framework\examples\source-code\table-sort-complex.html
	BUILT (ALWAYS BUILD), BUILD DURATION: 2ms

***** C:\~uize\UIZE-JavaScript-Framework\examples\templates-list.html
	TARGET FILE: C:\~uize\UIZE-JavaScript-Framework\examples\source-code\templates-list.html
	BUILT (ALWAYS BUILD), BUILD DURATION: 1ms

***** C:\~uize\UIZE-JavaScript-Framework\examples\thumbzoom.html
	TARGET FILE: C:\~uize\UIZE-JavaScript-Framework\examples\source-code\thumbzoom.html
	BUILT (ALWAYS BUILD), BUILD DURATION: 2ms

***** C:\~uize\UIZE-JavaScript-Framework\examples\transferring-state.html
	TARGET FILE: C:\~uize\UIZE-JavaScript-Framework\examples\source-code\transferring-state.html
	BUILT (ALWAYS BUILD), BUILD DURATION: 7ms

***** C:\~uize\UIZE-JavaScript-Framework\examples\tree-list.html
	TARGET FILE: C:\~uize\UIZE-JavaScript-Framework\examples\source-code\tree-list.html
	BUILT (ALWAYS BUILD), BUILD DURATION: 1ms

***** C:\~uize\UIZE-JavaScript-Framework\examples\tree-menu.html
	TARGET FILE: C:\~uize\UIZE-JavaScript-Framework\examples\source-code\tree-menu.html
	BUILT (ALWAYS BUILD), BUILD DURATION: 1ms

***** C:\~uize\UIZE-JavaScript-Framework\examples\two-hierarchical-selectors.html
	TARGET FILE: C:\~uize\UIZE-JavaScript-Framework\examples\source-code\two-hierarchical-selectors.html
	BUILT (ALWAYS BUILD), BUILD DURATION: 2ms

***** C:\~uize\UIZE-JavaScript-Framework\examples\uize-unit-tests.html
	TARGET FILE: C:\~uize\UIZE-JavaScript-Framework\examples\source-code\uize-unit-tests.html
	BUILT (ALWAYS BUILD), BUILD DURATION: 2ms

***** C:\~uize\UIZE-JavaScript-Framework\examples\virtual-dom-events.html
	TARGET FILE: C:\~uize\UIZE-JavaScript-Framework\examples\source-code\virtual-dom-events.html
	BUILT (ALWAYS BUILD), BUILD DURATION: 2ms

***** C:\~uize\UIZE-JavaScript-Framework\js\~source\Uize.Array.Dupes.js
	TARGET FILE: reference\source-code\Uize.Array.Dupes.html
	BUILT (ALWAYS BUILD), BUILD DURATION: 4ms

***** C:\~uize\UIZE-JavaScript-Framework\js\~source\Uize.Array.js
	TARGET FILE: reference\source-code\Uize.Array.html
	BUILT (ALWAYS BUILD), BUILD DURATION: 1ms

***** C:\~uize\UIZE-JavaScript-Framework\js\~source\Uize.Array.Order.js
	TARGET FILE: reference\source-code\Uize.Array.Order.html
	BUILT (ALWAYS BUILD), BUILD DURATION: 4ms

***** C:\~uize\UIZE-JavaScript-Framework\js\~source\Uize.Array.Sort.js
	TARGET FILE: reference\source-code\Uize.Array.Sort.html
	BUILT (ALWAYS BUILD), BUILD DURATION: 4ms

***** C:\~uize\UIZE-JavaScript-Framework\js\~source\Uize.Array.Util.js
	TARGET FILE: reference\source-code\Uize.Array.Util.html
	BUILT (ALWAYS BUILD), BUILD DURATION: 1ms

***** C:\~uize\UIZE-JavaScript-Framework\js\~source\Uize.Build.AuditStrings.js
	TARGET FILE: reference\source-code\Uize.Build.AuditStrings.html
	BUILT (ALWAYS BUILD), BUILD DURATION: 1ms

***** C:\~uize\UIZE-JavaScript-Framework\js\~source\Uize.Build.AutoScruncher.js
	TARGET FILE: reference\source-code\Uize.Build.AutoScruncher.html
	BUILT (ALWAYS BUILD), BUILD DURATION: 2ms

***** C:\~uize\UIZE-JavaScript-Framework\js\~source\Uize.Build.BuildSimpleDataPages.js
	TARGET FILE: reference\source-code\Uize.Build.BuildSimpleDataPages.html
	BUILT (ALWAYS BUILD), BUILD DURATION: 1ms

***** C:\~uize\UIZE-JavaScript-Framework\js\~source\Uize.Build.BuildSimpleDocPages.js
	TARGET FILE: reference\source-code\Uize.Build.BuildSimpleDocPages.html
	BUILT (ALWAYS BUILD), BUILD DURATION: 2ms

***** C:\~uize\UIZE-JavaScript-Framework\js\~source\Uize.Build.CompileJstModules.js
	TARGET FILE: reference\source-code\Uize.Build.CompileJstModules.html
	BUILT (ALWAYS BUILD), BUILD DURATION: 1ms

***** C:\~uize\UIZE-JavaScript-Framework\js\~source\Uize.Build.js
	TARGET FILE: reference\source-code\Uize.Build.html
	BUILT (ALWAYS BUILD), BUILD DURATION: 1ms

***** C:\~uize\UIZE-JavaScript-Framework\js\~source\Uize.Build.ModuleInfo.js
	TARGET FILE: reference\source-code\Uize.Build.ModuleInfo.html
	BUILT (ALWAYS BUILD), BUILD DURATION: 1ms

***** C:\~uize\UIZE-JavaScript-Framework\js\~source\Uize.Build.NeatenJsFiles.js
	TARGET FILE: reference\source-code\Uize.Build.NeatenJsFiles.html
	BUILT (ALWAYS BUILD), BUILD DURATION: 1ms

***** C:\~uize\UIZE-JavaScript-Framework\js\~source\Uize.Build.Scruncher.js
	TARGET FILE: reference\source-code\Uize.Build.Scruncher.html
	BUILT (ALWAYS BUILD), BUILD DURATION: 4ms

***** C:\~uize\UIZE-JavaScript-Framework\js\~source\Uize.Build.ServicesSetup.js
	TARGET FILE: reference\source-code\Uize.Build.ServicesSetup.html
	BUILT (ALWAYS BUILD), BUILD DURATION: 1ms

***** C:\~uize\UIZE-JavaScript-Framework\js\~source\Uize.Build.UpdateCopyrightNotices.js
	TARGET FILE: reference\source-code\Uize.Build.UpdateCopyrightNotices.html
	BUILT (ALWAYS BUILD), BUILD DURATION: 1ms

***** C:\~uize\UIZE-JavaScript-Framework\js\~source\Uize.Build.Util.js
	TARGET FILE: reference\source-code\Uize.Build.Util.html
	BUILT (ALWAYS BUILD), BUILD DURATION: 2ms

***** C:\~uize\UIZE-JavaScript-Framework\js\~source\Uize.Class.js
	TARGET FILE: reference\source-code\Uize.Class.html
	BUILT (ALWAYS BUILD), BUILD DURATION: 12ms

***** C:\~uize\UIZE-JavaScript-Framework\js\~source\Uize.Class.Value.js
	TARGET FILE: reference\source-code\Uize.Class.Value.html
	BUILT (ALWAYS BUILD), BUILD DURATION: 0ms

***** C:\~uize\UIZE-JavaScript-Framework\js\~source\Uize.Color.js
	TARGET FILE: reference\source-code\Uize.Color.html
	BUILT (ALWAYS BUILD), BUILD DURATION: 9ms

***** C:\~uize\UIZE-JavaScript-Framework\js\~source\Uize.Color.xCmyk.js
	TARGET FILE: reference\source-code\Uize.Color.xCmyk.html
	BUILT (ALWAYS BUILD), BUILD DURATION: 2ms

***** C:\~uize\UIZE-JavaScript-Framework\js\~source\Uize.Color.xHsv.js
	TARGET FILE: reference\source-code\Uize.Color.xHsv.html
	BUILT (ALWAYS BUILD), BUILD DURATION: 2ms

***** C:\~uize\UIZE-JavaScript-Framework\js\~source\Uize.Color.xSvgColors.js
	TARGET FILE: reference\source-code\Uize.Color.xSvgColors.html
	BUILT (ALWAYS BUILD), BUILD DURATION: 2ms

***** C:\~uize\UIZE-JavaScript-Framework\js\~source\Uize.Color.xUtil.js
	TARGET FILE: reference\source-code\Uize.Color.xUtil.html
	BUILT (ALWAYS BUILD), BUILD DURATION: 4ms

***** C:\~uize\UIZE-JavaScript-Framework\js\~source\Uize.Comm.Ajax.js
	TARGET FILE: reference\source-code\Uize.Comm.Ajax.html
	BUILT (ALWAYS BUILD), BUILD DURATION: 0ms

***** C:\~uize\UIZE-JavaScript-Framework\js\~source\Uize.Comm.Iframe.js
	TARGET FILE: reference\source-code\Uize.Comm.Iframe.html
	BUILT (ALWAYS BUILD), BUILD DURATION: 1ms

***** C:\~uize\UIZE-JavaScript-Framework\js\~source\Uize.Comm.Iframe.Upload.js
	TARGET FILE: reference\source-code\Uize.Comm.Iframe.Upload.html
	BUILT (ALWAYS BUILD), BUILD DURATION: 1ms

***** C:\~uize\UIZE-JavaScript-Framework\js\~source\Uize.Comm.js
	TARGET FILE: reference\source-code\Uize.Comm.html
	BUILT (ALWAYS BUILD), BUILD DURATION: 2ms

***** C:\~uize\UIZE-JavaScript-Framework\js\~source\Uize.Comm.Script.js
	TARGET FILE: reference\source-code\Uize.Comm.Script.html
	BUILT (ALWAYS BUILD), BUILD DURATION: 1ms

***** C:\~uize\UIZE-JavaScript-Framework\js\~source\Uize.Cookie.js
	TARGET FILE: reference\source-code\Uize.Cookie.html
	BUILT (ALWAYS BUILD), BUILD DURATION: 1ms

***** C:\~uize\UIZE-JavaScript-Framework\js\~source\Uize.Curve.js
	TARGET FILE: reference\source-code\Uize.Curve.html
	BUILT (ALWAYS BUILD), BUILD DURATION: 5ms

***** C:\~uize\UIZE-JavaScript-Framework\js\~source\Uize.Curve.Mod.js
	TARGET FILE: reference\source-code\Uize.Curve.Mod.html
	BUILT (ALWAYS BUILD), BUILD DURATION: 6ms

***** C:\~uize\UIZE-JavaScript-Framework\js\~source\Uize.Curve.Rubber.js
	TARGET FILE: reference\source-code\Uize.Curve.Rubber.html
	BUILT (ALWAYS BUILD), BUILD DURATION: 3ms

***** C:\~uize\UIZE-JavaScript-Framework\js\~source\Uize.Data.Combinations.js
	TARGET FILE: reference\source-code\Uize.Data.Combinations.html
	BUILT (ALWAYS BUILD), BUILD DURATION: 4ms

***** C:\~uize\UIZE-JavaScript-Framework\js\~source\Uize.Data.Csv.js
	TARGET FILE: reference\source-code\Uize.Data.Csv.html
	BUILT (ALWAYS BUILD), BUILD DURATION: 12ms

***** C:\~uize\UIZE-JavaScript-Framework\js\~source\Uize.Data.js
	TARGET FILE: reference\source-code\Uize.Data.html
	BUILT (ALWAYS BUILD), BUILD DURATION: 4ms

***** C:\~uize\UIZE-JavaScript-Framework\js\~source\Uize.Data.Matches.js
	TARGET FILE: reference\source-code\Uize.Data.Matches.html
	BUILT (ALWAYS BUILD), BUILD DURATION: 3ms

***** C:\~uize\UIZE-JavaScript-Framework\js\~source\Uize.Data.NameValueRecords.js
	TARGET FILE: reference\source-code\Uize.Data.NameValueRecords.html
	BUILT (ALWAYS BUILD), BUILD DURATION: 8ms

***** C:\~uize\UIZE-JavaScript-Framework\js\~source\Uize.Data.PathsTree.CompactString.js
	TARGET FILE: reference\source-code\Uize.Data.PathsTree.CompactString.html
	BUILT (ALWAYS BUILD), BUILD DURATION: 1ms

***** C:\~uize\UIZE-JavaScript-Framework\js\~source\Uize.Data.PathsTree.js
	TARGET FILE: reference\source-code\Uize.Data.PathsTree.html
	BUILT (ALWAYS BUILD), BUILD DURATION: 0ms

***** C:\~uize\UIZE-JavaScript-Framework\js\~source\Uize.Data.Simple.js
	TARGET FILE: reference\source-code\Uize.Data.Simple.html
	BUILT (ALWAYS BUILD), BUILD DURATION: 2ms

***** C:\~uize\UIZE-JavaScript-Framework\js\~source\Uize.Date.Formatter.js
	TARGET FILE: reference\source-code\Uize.Date.Formatter.html
	BUILT (ALWAYS BUILD), BUILD DURATION: 4ms

***** C:\~uize\UIZE-JavaScript-Framework\js\~source\Uize.Date.js
	TARGET FILE: reference\source-code\Uize.Date.html
	BUILT (ALWAYS BUILD), BUILD DURATION: 5ms

***** C:\~uize\UIZE-JavaScript-Framework\js\~source\Uize.Doc.js
	TARGET FILE: reference\source-code\Uize.Doc.html
	BUILT (ALWAYS BUILD), BUILD DURATION: 1ms

***** C:\~uize\UIZE-JavaScript-Framework\js\~source\Uize.Doc.Simple.js
	TARGET FILE: reference\source-code\Uize.Doc.Simple.html
	BUILT (ALWAYS BUILD), BUILD DURATION: 5ms

***** C:\~uize\UIZE-JavaScript-Framework\js\~source\Uize.Doc.Sucker.js
	TARGET FILE: reference\source-code\Uize.Doc.Sucker.html
	BUILT (ALWAYS BUILD), BUILD DURATION: 2ms

***** C:\~uize\UIZE-JavaScript-Framework\js\~source\Uize.Fade.js
	TARGET FILE: reference\source-code\Uize.Fade.html
	BUILT (ALWAYS BUILD), BUILD DURATION: 5ms

***** C:\~uize\UIZE-JavaScript-Framework\js\~source\Uize.Fade.xFactory.js
	TARGET FILE: reference\source-code\Uize.Fade.xFactory.html
	BUILT (ALWAYS BUILD), BUILD DURATION: 3ms

***** C:\~uize\UIZE-JavaScript-Framework\js\~source\Uize.Fade.xSeries.js
	TARGET FILE: reference\source-code\Uize.Fade.xSeries.html
	BUILT (ALWAYS BUILD), BUILD DURATION: 3ms

***** C:\~uize\UIZE-JavaScript-Framework\js\~source\Uize.Fx.js
	TARGET FILE: reference\source-code\Uize.Fx.html
	BUILT (ALWAYS BUILD), BUILD DURATION: 4ms

***** C:\~uize\UIZE-JavaScript-Framework\js\~source\Uize.Fx.xShadows.js
	TARGET FILE: reference\source-code\Uize.Fx.xShadows.html
	BUILT (ALWAYS BUILD), BUILD DURATION: 6ms

***** C:\~uize\UIZE-JavaScript-Framework\js\~source\Uize.Fx.xTextShadow.js
	TARGET FILE: reference\source-code\Uize.Fx.xTextShadow.html
	BUILT (ALWAYS BUILD), BUILD DURATION: 4ms

***** C:\~uize\UIZE-JavaScript-Framework\js\~source\Uize.js
	TARGET FILE: reference\source-code\Uize.html
	BUILT (ALWAYS BUILD), BUILD DURATION: 27ms

***** C:\~uize\UIZE-JavaScript-Framework\js\~source\Uize.Json.js
	TARGET FILE: reference\source-code\Uize.Json.html
	BUILT (ALWAYS BUILD), BUILD DURATION: 4ms

***** C:\~uize\UIZE-JavaScript-Framework\js\~source\Uize.Node.Classes.js
	TARGET FILE: reference\source-code\Uize.Node.Classes.html
	BUILT (ALWAYS BUILD), BUILD DURATION: 4ms

***** C:\~uize\UIZE-JavaScript-Framework\js\~source\Uize.Node.Event.js
	TARGET FILE: reference\source-code\Uize.Node.Event.html
	BUILT (ALWAYS BUILD), BUILD DURATION: 2ms

***** C:\~uize\UIZE-JavaScript-Framework\js\~source\Uize.Node.Form.js
	TARGET FILE: reference\source-code\Uize.Node.Form.html
	BUILT (ALWAYS BUILD), BUILD DURATION: 1ms

***** C:\~uize\UIZE-JavaScript-Framework\js\~source\Uize.Node.js
	TARGET FILE: reference\source-code\Uize.Node.html
	BUILT (ALWAYS BUILD), BUILD DURATION: 14ms

***** C:\~uize\UIZE-JavaScript-Framework\js\~source\Uize.Node.Tree.js
	TARGET FILE: reference\source-code\Uize.Node.Tree.html
	BUILT (ALWAYS BUILD), BUILD DURATION: 5ms

***** C:\~uize\UIZE-JavaScript-Framework\js\~source\Uize.Node.Util.js
	TARGET FILE: reference\source-code\Uize.Node.Util.html
	BUILT (ALWAYS BUILD), BUILD DURATION: 2ms

***** C:\~uize\UIZE-JavaScript-Framework\js\~source\Uize.Node.VirtualEvent.Edge.js
	TARGET FILE: reference\source-code\Uize.Node.VirtualEvent.Edge.html
	BUILT (ALWAYS BUILD), BUILD DURATION: 9ms

***** C:\~uize\UIZE-JavaScript-Framework\js\~source\Uize.Node.VirtualEvent.js
	TARGET FILE: reference\source-code\Uize.Node.VirtualEvent.html
	BUILT (ALWAYS BUILD), BUILD DURATION: 12ms

***** C:\~uize\UIZE-JavaScript-Framework\js\~source\Uize.Service.Adapter.js
	TARGET FILE: reference\source-code\Uize.Service.Adapter.html
	BUILT (ALWAYS BUILD), BUILD DURATION: 1ms

***** C:\~uize\UIZE-JavaScript-Framework\js\~source\Uize.Service.js
	TARGET FILE: reference\source-code\Uize.Service.html
	BUILT (ALWAYS BUILD), BUILD DURATION: 2ms

***** C:\~uize\UIZE-JavaScript-Framework\js\~source\Uize.Services.FileSystem.js
	TARGET FILE: reference\source-code\Uize.Services.FileSystem.html
	BUILT (ALWAYS BUILD), BUILD DURATION: 2ms

***** C:\~uize\UIZE-JavaScript-Framework\js\~source\Uize.Services.FileSystemWsh.js
	TARGET FILE: reference\source-code\Uize.Services.FileSystemWsh.html
	BUILT (ALWAYS BUILD), BUILD DURATION: 1ms

***** C:\~uize\UIZE-JavaScript-Framework\js\~source\Uize.Services.js
	TARGET FILE: reference\source-code\Uize.Services.html
	BUILT (ALWAYS BUILD), BUILD DURATION: 1ms

***** C:\~uize\UIZE-JavaScript-Framework\js\~source\Uize.String.Builder.js
	TARGET FILE: reference\source-code\Uize.String.Builder.html
	BUILT (ALWAYS BUILD), BUILD DURATION: 3ms

***** C:\~uize\UIZE-JavaScript-Framework\js\~source\Uize.String.Discombobulator.js
	TARGET FILE: reference\source-code\Uize.String.Discombobulator.html
	BUILT (ALWAYS BUILD), BUILD DURATION: 2ms

***** C:\~uize\UIZE-JavaScript-Framework\js\~source\Uize.String.js
	TARGET FILE: reference\source-code\Uize.String.html
	BUILT (ALWAYS BUILD), BUILD DURATION: 6ms

***** C:\~uize\UIZE-JavaScript-Framework\js\~source\Uize.String.Lines.js
	TARGET FILE: reference\source-code\Uize.String.Lines.html
	BUILT (ALWAYS BUILD), BUILD DURATION: 5ms

***** C:\~uize\UIZE-JavaScript-Framework\js\~source\Uize.Template.js
	TARGET FILE: reference\source-code\Uize.Template.html
	BUILT (ALWAYS BUILD), BUILD DURATION: 8ms

***** C:\~uize\UIZE-JavaScript-Framework\js\~source\Uize.Templates.Calculator.js
	TARGET FILE: reference\source-code\Uize.Templates.Calculator.html
	BUILT (ALWAYS BUILD), BUILD DURATION: 2ms

***** C:\~uize\UIZE-JavaScript-Framework\js\~source\Uize.Templates.Calendar.js
	TARGET FILE: reference\source-code\Uize.Templates.Calendar.html
	BUILT (ALWAYS BUILD), BUILD DURATION: 1ms

***** C:\~uize\UIZE-JavaScript-Framework\js\~source\Uize.Templates.Collection.js
	TARGET FILE: reference\source-code\Uize.Templates.Collection.html
	BUILT (ALWAYS BUILD), BUILD DURATION: 1ms

***** C:\~uize\UIZE-JavaScript-Framework\js\~source\Uize.Templates.CollectionItem.js
	TARGET FILE: reference\source-code\Uize.Templates.CollectionItem.html
	BUILT (ALWAYS BUILD), BUILD DURATION: 1ms

***** C:\~uize\UIZE-JavaScript-Framework\js\~source\Uize.Templates.ColorInfo.js
	TARGET FILE: reference\source-code\Uize.Templates.ColorInfo.html
	BUILT (ALWAYS BUILD), BUILD DURATION: 2ms

***** C:\~uize\UIZE-JavaScript-Framework\js\~source\Uize.Templates.HashTable.js
	TARGET FILE: reference\source-code\Uize.Templates.HashTable.html
	BUILT (ALWAYS BUILD), BUILD DURATION: 0ms

***** C:\~uize\UIZE-JavaScript-Framework\js\~source\Uize.Templates.js
	TARGET FILE: reference\source-code\Uize.Templates.html
	BUILT (ALWAYS BUILD), BUILD DURATION: 1ms

***** C:\~uize\UIZE-JavaScript-Framework\js\~source\Uize.Templates.JstModule.js
	TARGET FILE: reference\source-code\Uize.Templates.JstModule.html
	BUILT (ALWAYS BUILD), BUILD DURATION: 1ms

***** C:\~uize\UIZE-JavaScript-Framework\js\~source\Uize.Templates.List.js
	TARGET FILE: reference\source-code\Uize.Templates.List.html
	BUILT (ALWAYS BUILD), BUILD DURATION: 1ms

***** C:\~uize\UIZE-JavaScript-Framework\js\~source\Uize.Templates.Log.js
	TARGET FILE: reference\source-code\Uize.Templates.Log.html
	BUILT (ALWAYS BUILD), BUILD DURATION: 1ms

***** C:\~uize\UIZE-JavaScript-Framework\js\~source\Uize.Templates.SevenSegmentDisplay.js
	TARGET FILE: reference\source-code\Uize.Templates.SevenSegmentDisplay.html
	BUILT (ALWAYS BUILD), BUILD DURATION: 1ms

***** C:\~uize\UIZE-JavaScript-Framework\js\~source\Uize.Templates.SevenSegmentDisplayDimsCss.js
	TARGET FILE: reference\source-code\Uize.Templates.SevenSegmentDisplayDimsCss.html
	BUILT (ALWAYS BUILD), BUILD DURATION: 1ms

***** C:\~uize\UIZE-JavaScript-Framework\js\~source\Uize.Templates.SimpleDoc.js
	TARGET FILE: reference\source-code\Uize.Templates.SimpleDoc.html
	BUILT (ALWAYS BUILD), BUILD DURATION: 1ms

***** C:\~uize\UIZE-JavaScript-Framework\js\~source\Uize.Test.js
	TARGET FILE: reference\source-code\Uize.Test.html
	BUILT (ALWAYS BUILD), BUILD DURATION: 13ms

***** C:\~uize\UIZE-JavaScript-Framework\js\~source\Uize.Test.Performance.ArrayBuildingStyles.js
	TARGET FILE: reference\source-code\Uize.Test.Performance.ArrayBuildingStyles.html
	BUILT (ALWAYS BUILD), BUILD DURATION: 1ms

***** C:\~uize\UIZE-JavaScript-Framework\js\~source\Uize.Test.Performance.js
	TARGET FILE: reference\source-code\Uize.Test.Performance.html
	BUILT (ALWAYS BUILD), BUILD DURATION: 1ms

***** C:\~uize\UIZE-JavaScript-Framework\js\~source\Uize.Test.Uize.Array.Dupes.js
	TARGET FILE: reference\source-code\Uize.Test.Uize.Array.Dupes.html
	BUILT (ALWAYS BUILD), BUILD DURATION: 1ms

***** C:\~uize\UIZE-JavaScript-Framework\js\~source\Uize.Test.Uize.Array.js
	TARGET FILE: reference\source-code\Uize.Test.Uize.Array.html
	BUILT (ALWAYS BUILD), BUILD DURATION: 1ms

***** C:\~uize\UIZE-JavaScript-Framework\js\~source\Uize.Test.Uize.Array.Order.js
	TARGET FILE: reference\source-code\Uize.Test.Uize.Array.Order.html
	BUILT (ALWAYS BUILD), BUILD DURATION: 1ms

***** C:\~uize\UIZE-JavaScript-Framework\js\~source\Uize.Test.Uize.Array.Sort.js
	TARGET FILE: reference\source-code\Uize.Test.Uize.Array.Sort.html
	BUILT (ALWAYS BUILD), BUILD DURATION: 4ms

***** C:\~uize\UIZE-JavaScript-Framework\js\~source\Uize.Test.Uize.Array.Util.js
	TARGET FILE: reference\source-code\Uize.Test.Uize.Array.Util.html
	BUILT (ALWAYS BUILD), BUILD DURATION: 1ms

***** C:\~uize\UIZE-JavaScript-Framework\js\~source\Uize.Test.Uize.Class.js
	TARGET FILE: reference\source-code\Uize.Test.Uize.Class.html
	BUILT (ALWAYS BUILD), BUILD DURATION: 15ms

***** C:\~uize\UIZE-JavaScript-Framework\js\~source\Uize.Test.Uize.Data.Combinations.js
	TARGET FILE: reference\source-code\Uize.Test.Uize.Data.Combinations.html
	BUILT (ALWAYS BUILD), BUILD DURATION: 4ms

***** C:\~uize\UIZE-JavaScript-Framework\js\~source\Uize.Test.Uize.Data.Csv.js
	TARGET FILE: reference\source-code\Uize.Test.Uize.Data.Csv.html
	BUILT (ALWAYS BUILD), BUILD DURATION: 2ms

***** C:\~uize\UIZE-JavaScript-Framework\js\~source\Uize.Test.Uize.Data.js
	TARGET FILE: reference\source-code\Uize.Test.Uize.Data.html
	BUILT (ALWAYS BUILD), BUILD DURATION: 4ms

***** C:\~uize\UIZE-JavaScript-Framework\js\~source\Uize.Test.Uize.Data.Matches.js
	TARGET FILE: reference\source-code\Uize.Test.Uize.Data.Matches.html
	BUILT (ALWAYS BUILD), BUILD DURATION: 9ms

***** C:\~uize\UIZE-JavaScript-Framework\js\~source\Uize.Test.Uize.Data.NameValueRecords.js
	TARGET FILE: reference\source-code\Uize.Test.Uize.Data.NameValueRecords.html
	BUILT (ALWAYS BUILD), BUILD DURATION: 2ms

***** C:\~uize\UIZE-JavaScript-Framework\js\~source\Uize.Test.Uize.Data.PathsTree.CompactString.js
	TARGET FILE: reference\source-code\Uize.Test.Uize.Data.PathsTree.CompactString.html
	BUILT (ALWAYS BUILD), BUILD DURATION: 1ms

***** C:\~uize\UIZE-JavaScript-Framework\js\~source\Uize.Test.Uize.Data.PathsTree.js
	TARGET FILE: reference\source-code\Uize.Test.Uize.Data.PathsTree.html
	BUILT (ALWAYS BUILD), BUILD DURATION: 1ms

***** C:\~uize\UIZE-JavaScript-Framework\js\~source\Uize.Test.Uize.Date.Formatter.js
	TARGET FILE: reference\source-code\Uize.Test.Uize.Date.Formatter.html
	BUILT (ALWAYS BUILD), BUILD DURATION: 8ms

***** C:\~uize\UIZE-JavaScript-Framework\js\~source\Uize.Test.Uize.Date.js
	TARGET FILE: reference\source-code\Uize.Test.Uize.Date.html
	BUILT (ALWAYS BUILD), BUILD DURATION: 4ms

***** C:\~uize\UIZE-JavaScript-Framework\js\~source\Uize.Test.Uize.Doc.js
	TARGET FILE: reference\source-code\Uize.Test.Uize.Doc.html
	BUILT (ALWAYS BUILD), BUILD DURATION: 1ms

***** C:\~uize\UIZE-JavaScript-Framework\js\~source\Uize.Test.Uize.js
	TARGET FILE: reference\source-code\Uize.Test.Uize.html
	BUILT (ALWAYS BUILD), BUILD DURATION: 19ms

***** C:\~uize\UIZE-JavaScript-Framework\js\~source\Uize.Test.Uize.Node.Classes.js
	TARGET FILE: reference\source-code\Uize.Test.Uize.Node.Classes.html
	BUILT (ALWAYS BUILD), BUILD DURATION: 4ms

***** C:\~uize\UIZE-JavaScript-Framework\js\~source\Uize.Test.Uize.Node.js
	TARGET FILE: reference\source-code\Uize.Test.Uize.Node.html
	BUILT (ALWAYS BUILD), BUILD DURATION: 1ms

***** C:\~uize\UIZE-JavaScript-Framework\js\~source\Uize.Test.Uize.Service.js
	TARGET FILE: reference\source-code\Uize.Test.Uize.Service.html
	BUILT (ALWAYS BUILD), BUILD DURATION: 0ms

***** C:\~uize\UIZE-JavaScript-Framework\js\~source\Uize.Test.Uize.Services.FileSystem.js
	TARGET FILE: reference\source-code\Uize.Test.Uize.Services.FileSystem.html
	BUILT (ALWAYS BUILD), BUILD DURATION: 0ms

***** C:\~uize\UIZE-JavaScript-Framework\js\~source\Uize.Test.Uize.Services.js
	TARGET FILE: reference\source-code\Uize.Test.Uize.Services.html
	BUILT (ALWAYS BUILD), BUILD DURATION: 1ms

***** C:\~uize\UIZE-JavaScript-Framework\js\~source\Uize.Test.Uize.String.Builder.js
	TARGET FILE: reference\source-code\Uize.Test.Uize.String.Builder.html
	BUILT (ALWAYS BUILD), BUILD DURATION: 1ms

***** C:\~uize\UIZE-JavaScript-Framework\js\~source\Uize.Test.Uize.String.js
	TARGET FILE: reference\source-code\Uize.Test.Uize.String.html
	BUILT (ALWAYS BUILD), BUILD DURATION: 3ms

***** C:\~uize\UIZE-JavaScript-Framework\js\~source\Uize.Test.Uize.String.Lines.js
	TARGET FILE: reference\source-code\Uize.Test.Uize.String.Lines.html
	BUILT (ALWAYS BUILD), BUILD DURATION: 3ms

***** C:\~uize\UIZE-JavaScript-Framework\js\~source\Uize.Test.Uize.Template.js
	TARGET FILE: reference\source-code\Uize.Test.Uize.Template.html
	BUILT (ALWAYS BUILD), BUILD DURATION: 1ms

***** C:\~uize\UIZE-JavaScript-Framework\js\~source\Uize.Test.Uize.Templates.Calculator.js
	TARGET FILE: reference\source-code\Uize.Test.Uize.Templates.Calculator.html
	BUILT (ALWAYS BUILD), BUILD DURATION: 1ms

***** C:\~uize\UIZE-JavaScript-Framework\js\~source\Uize.Test.Uize.Templates.Calendar.js
	TARGET FILE: reference\source-code\Uize.Test.Uize.Templates.Calendar.html
	BUILT (ALWAYS BUILD), BUILD DURATION: 1ms

***** C:\~uize\UIZE-JavaScript-Framework\js\~source\Uize.Test.Uize.Templates.Collection.js
	TARGET FILE: reference\source-code\Uize.Test.Uize.Templates.Collection.html
	BUILT (ALWAYS BUILD), BUILD DURATION: 1ms

***** C:\~uize\UIZE-JavaScript-Framework\js\~source\Uize.Test.Uize.Templates.CollectionItem.js
	TARGET FILE: reference\source-code\Uize.Test.Uize.Templates.CollectionItem.html
	BUILT (ALWAYS BUILD), BUILD DURATION: 1ms

***** C:\~uize\UIZE-JavaScript-Framework\js\~source\Uize.Test.Uize.Templates.ColorInfo.js
	TARGET FILE: reference\source-code\Uize.Test.Uize.Templates.ColorInfo.html
	BUILT (ALWAYS BUILD), BUILD DURATION: 0ms

***** C:\~uize\UIZE-JavaScript-Framework\js\~source\Uize.Test.Uize.Templates.HashTable.js
	TARGET FILE: reference\source-code\Uize.Test.Uize.Templates.HashTable.html
	BUILT (ALWAYS BUILD), BUILD DURATION: 1ms

***** C:\~uize\UIZE-JavaScript-Framework\js\~source\Uize.Test.Uize.Templates.js
	TARGET FILE: reference\source-code\Uize.Test.Uize.Templates.html
	BUILT (ALWAYS BUILD), BUILD DURATION: 0ms

***** C:\~uize\UIZE-JavaScript-Framework\js\~source\Uize.Test.Uize.Templates.JstModule.js
	TARGET FILE: reference\source-code\Uize.Test.Uize.Templates.JstModule.html
	BUILT (ALWAYS BUILD), BUILD DURATION: 1ms

***** C:\~uize\UIZE-JavaScript-Framework\js\~source\Uize.Test.Uize.Templates.List.js
	TARGET FILE: reference\source-code\Uize.Test.Uize.Templates.List.html
	BUILT (ALWAYS BUILD), BUILD DURATION: 0ms

***** C:\~uize\UIZE-JavaScript-Framework\js\~source\Uize.Test.Uize.Templates.SevenSegmentDisplay.js
	TARGET FILE: reference\source-code\Uize.Test.Uize.Templates.SevenSegmentDisplay.html
	BUILT (ALWAYS BUILD), BUILD DURATION: 0ms

***** C:\~uize\UIZE-JavaScript-Framework\js\~source\Uize.Test.Uize.Url.js
	TARGET FILE: reference\source-code\Uize.Test.Uize.Url.html
	BUILT (ALWAYS BUILD), BUILD DURATION: 5ms

***** C:\~uize\UIZE-JavaScript-Framework\js\~source\Uize.Test.Uize.Util.js
	TARGET FILE: reference\source-code\Uize.Test.Uize.Util.html
	BUILT (ALWAYS BUILD), BUILD DURATION: 1ms

***** C:\~uize\UIZE-JavaScript-Framework\js\~source\Uize.Test.Uize.Util.PropertyAdapter.js
	TARGET FILE: reference\source-code\Uize.Test.Uize.Util.PropertyAdapter.html
	BUILT (ALWAYS BUILD), BUILD DURATION: 3ms

***** C:\~uize\UIZE-JavaScript-Framework\js\~source\Uize.Test.Uize.Xml.js
	TARGET FILE: reference\source-code\Uize.Test.Uize.Xml.html
	BUILT (ALWAYS BUILD), BUILD DURATION: 3ms

***** C:\~uize\UIZE-JavaScript-Framework\js\~source\Uize.Tooltip.js
	TARGET FILE: reference\source-code\Uize.Tooltip.html
	BUILT (ALWAYS BUILD), BUILD DURATION: 1ms

***** C:\~uize\UIZE-JavaScript-Framework\js\~source\Uize.Url.js
	TARGET FILE: reference\source-code\Uize.Url.html
	BUILT (ALWAYS BUILD), BUILD DURATION: 4ms

***** C:\~uize\UIZE-JavaScript-Framework\js\~source\Uize.Util.Coupler.js
	TARGET FILE: reference\source-code\Uize.Util.Coupler.html
	BUILT (ALWAYS BUILD), BUILD DURATION: 1ms

***** C:\~uize\UIZE-JavaScript-Framework\js\~source\Uize.Util.Cycle.js
	TARGET FILE: reference\source-code\Uize.Util.Cycle.html
	BUILT (ALWAYS BUILD), BUILD DURATION: 0ms

***** C:\~uize\UIZE-JavaScript-Framework\js\~source\Uize.Util.js
	TARGET FILE: reference\source-code\Uize.Util.html
	BUILT (ALWAYS BUILD), BUILD DURATION: 0ms

***** C:\~uize\UIZE-JavaScript-Framework\js\~source\Uize.Util.Needs.js
	TARGET FILE: reference\source-code\Uize.Util.Needs.html
	BUILT (ALWAYS BUILD), BUILD DURATION: 0ms

***** C:\~uize\UIZE-JavaScript-Framework\js\~source\Uize.Util.Oop.js
	TARGET FILE: reference\source-code\Uize.Util.Oop.html
	BUILT (ALWAYS BUILD), BUILD DURATION: 1ms

***** C:\~uize\UIZE-JavaScript-Framework\js\~source\Uize.Util.PropertyAdapter.js
	TARGET FILE: reference\source-code\Uize.Util.PropertyAdapter.html
	BUILT (ALWAYS BUILD), BUILD DURATION: 3ms

***** C:\~uize\UIZE-JavaScript-Framework\js\~source\Uize.Widget.AutoSuggest.js
	TARGET FILE: reference\source-code\Uize.Widget.AutoSuggest.html
	BUILT (ALWAYS BUILD), BUILD DURATION: 4ms

***** C:\~uize\UIZE-JavaScript-Framework\js\~source\Uize.Widget.AutoTooltip.js
	TARGET FILE: reference\source-code\Uize.Widget.AutoTooltip.html
	BUILT (ALWAYS BUILD), BUILD DURATION: 2ms

***** C:\~uize\UIZE-JavaScript-Framework\js\~source\Uize.Widget.Bar.js
	TARGET FILE: reference\source-code\Uize.Widget.Bar.html
	BUILT (ALWAYS BUILD), BUILD DURATION: 2ms

***** C:\~uize\UIZE-JavaScript-Framework\js\~source\Uize.Widget.Bar.Progress.js
	TARGET FILE: reference\source-code\Uize.Widget.Bar.Progress.html
	BUILT (ALWAYS BUILD), BUILD DURATION: 1ms

***** C:\~uize\UIZE-JavaScript-Framework\js\~source\Uize.Widget.Bar.Slider.js
	TARGET FILE: reference\source-code\Uize.Widget.Bar.Slider.html
	BUILT (ALWAYS BUILD), BUILD DURATION: 2ms

***** C:\~uize\UIZE-JavaScript-Framework\js\~source\Uize.Widget.Bar.Slider.Plus.js
	TARGET FILE: reference\source-code\Uize.Widget.Bar.Slider.Plus.html
	BUILT (ALWAYS BUILD), BUILD DURATION: 1ms

***** C:\~uize\UIZE-JavaScript-Framework\js\~source\Uize.Widget.Bar.Slider.xSkin.js
	TARGET FILE: reference\source-code\Uize.Widget.Bar.Slider.xSkin.html
	BUILT (ALWAYS BUILD), BUILD DURATION: 4ms

***** C:\~uize\UIZE-JavaScript-Framework\js\~source\Uize.Widget.Beam.js
	TARGET FILE: reference\source-code\Uize.Widget.Beam.html
	BUILT (ALWAYS BUILD), BUILD DURATION: 1ms

***** C:\~uize\UIZE-JavaScript-Framework\js\~source\Uize.Widget.Bevel.js
	TARGET FILE: reference\source-code\Uize.Widget.Bevel.html
	BUILT (ALWAYS BUILD), BUILD DURATION: 5ms

***** C:\~uize\UIZE-JavaScript-Framework\js\~source\Uize.Widget.Button.Checkbox.js
	TARGET FILE: reference\source-code\Uize.Widget.Button.Checkbox.html
	BUILT (ALWAYS BUILD), BUILD DURATION: 0ms

***** C:\~uize\UIZE-JavaScript-Framework\js\~source\Uize.Widget.Button.Filter.js
	TARGET FILE: reference\source-code\Uize.Widget.Button.Filter.html
	BUILT (ALWAYS BUILD), BUILD DURATION: 1ms

***** C:\~uize\UIZE-JavaScript-Framework\js\~source\Uize.Widget.Button.js
	TARGET FILE: reference\source-code\Uize.Widget.Button.html
	BUILT (ALWAYS BUILD), BUILD DURATION: 3ms

***** C:\~uize\UIZE-JavaScript-Framework\js\~source\Uize.Widget.Button.Toggle.js
	TARGET FILE: reference\source-code\Uize.Widget.Button.Toggle.html
	BUILT (ALWAYS BUILD), BUILD DURATION: 3ms

***** C:\~uize\UIZE-JavaScript-Framework\js\~source\Uize.Widget.Button.ValueDisplay.js
	TARGET FILE: reference\source-code\Uize.Widget.Button.ValueDisplay.html
	BUILT (ALWAYS BUILD), BUILD DURATION: 1ms

***** C:\~uize\UIZE-JavaScript-Framework\js\~source\Uize.Widget.Button.ValueDisplay.Selector.js
	TARGET FILE: reference\source-code\Uize.Widget.Button.ValueDisplay.Selector.html
	BUILT (ALWAYS BUILD), BUILD DURATION: 2ms

***** C:\~uize\UIZE-JavaScript-Framework\js\~source\Uize.Widget.Calculator.js
	TARGET FILE: reference\source-code\Uize.Widget.Calculator.html
	BUILT (ALWAYS BUILD), BUILD DURATION: 6ms

***** C:\~uize\UIZE-JavaScript-Framework\js\~source\Uize.Widget.Calendar.js
	TARGET FILE: reference\source-code\Uize.Widget.Calendar.html
	BUILT (ALWAYS BUILD), BUILD DURATION: 4ms

***** C:\~uize\UIZE-JavaScript-Framework\js\~source\Uize.Widget.Captcha.js
	TARGET FILE: reference\source-code\Uize.Widget.Captcha.html
	BUILT (ALWAYS BUILD), BUILD DURATION: 1ms

***** C:\~uize\UIZE-JavaScript-Framework\js\~source\Uize.Widget.Captcha.Recaptcha.js
	TARGET FILE: reference\source-code\Uize.Widget.Captcha.Recaptcha.html
	BUILT (ALWAYS BUILD), BUILD DURATION: 1ms

***** C:\~uize\UIZE-JavaScript-Framework\js\~source\Uize.Widget.Collapsy.js
	TARGET FILE: reference\source-code\Uize.Widget.Collapsy.html
	BUILT (ALWAYS BUILD), BUILD DURATION: 1ms

***** C:\~uize\UIZE-JavaScript-Framework\js\~source\Uize.Widget.Collection.Dynamic.js
	TARGET FILE: reference\source-code\Uize.Widget.Collection.Dynamic.html
	BUILT (ALWAYS BUILD), BUILD DURATION: 2ms

***** C:\~uize\UIZE-JavaScript-Framework\js\~source\Uize.Widget.Collection.Dynamic.Table.js
	TARGET FILE: reference\source-code\Uize.Widget.Collection.Dynamic.Table.html
	BUILT (ALWAYS BUILD), BUILD DURATION: 1ms

***** C:\~uize\UIZE-JavaScript-Framework\js\~source\Uize.Widget.Collection.js
	TARGET FILE: reference\source-code\Uize.Widget.Collection.html
	BUILT (ALWAYS BUILD), BUILD DURATION: 7ms

***** C:\~uize\UIZE-JavaScript-Framework\js\~source\Uize.Widget.CollectionItem.js
	TARGET FILE: reference\source-code\Uize.Widget.CollectionItem.html
	BUILT (ALWAYS BUILD), BUILD DURATION: 3ms

***** C:\~uize\UIZE-JavaScript-Framework\js\~source\Uize.Widget.CollectionItem.Zooming.js
	TARGET FILE: reference\source-code\Uize.Widget.CollectionItem.Zooming.html
	BUILT (ALWAYS BUILD), BUILD DURATION: 4ms

***** C:\~uize\UIZE-JavaScript-Framework\js\~source\Uize.Widget.ColorCube.Draggable.js
	TARGET FILE: reference\source-code\Uize.Widget.ColorCube.Draggable.html
	BUILT (ALWAYS BUILD), BUILD DURATION: 1ms

***** C:\~uize\UIZE-JavaScript-Framework\js\~source\Uize.Widget.ColorCube.js
	TARGET FILE: reference\source-code\Uize.Widget.ColorCube.html
	BUILT (ALWAYS BUILD), BUILD DURATION: 1ms

***** C:\~uize\UIZE-JavaScript-Framework\js\~source\Uize.Widget.ColorInfo.js
	TARGET FILE: reference\source-code\Uize.Widget.ColorInfo.html
	BUILT (ALWAYS BUILD), BUILD DURATION: 1ms

***** C:\~uize\UIZE-JavaScript-Framework\js\~source\Uize.Widget.ColorPicker.js
	TARGET FILE: reference\source-code\Uize.Widget.ColorPicker.html
	BUILT (ALWAYS BUILD), BUILD DURATION: 2ms

***** C:\~uize\UIZE-JavaScript-Framework\js\~source\Uize.Widget.Committer.js
	TARGET FILE: reference\source-code\Uize.Widget.Committer.html
	BUILT (ALWAYS BUILD), BUILD DURATION: 3ms

***** C:\~uize\UIZE-JavaScript-Framework\js\~source\Uize.Widget.Count.js
	TARGET FILE: reference\source-code\Uize.Widget.Count.html
	BUILT (ALWAYS BUILD), BUILD DURATION: 1ms

***** C:\~uize\UIZE-JavaScript-Framework\js\~source\Uize.Widget.Dialog.Confirm.js
	TARGET FILE: reference\source-code\Uize.Widget.Dialog.Confirm.html
	BUILT (ALWAYS BUILD), BUILD DURATION: 1ms

***** C:\~uize\UIZE-JavaScript-Framework\js\~source\Uize.Widget.Dialog.Form.js
	TARGET FILE: reference\source-code\Uize.Widget.Dialog.Form.html
	BUILT (ALWAYS BUILD), BUILD DURATION: 1ms

***** C:\~uize\UIZE-JavaScript-Framework\js\~source\Uize.Widget.Dialog.Iframe.js
	TARGET FILE: reference\source-code\Uize.Widget.Dialog.Iframe.html
	BUILT (ALWAYS BUILD), BUILD DURATION: 1ms

***** C:\~uize\UIZE-JavaScript-Framework\js\~source\Uize.Widget.Dialog.js
	TARGET FILE: reference\source-code\Uize.Widget.Dialog.html
	BUILT (ALWAYS BUILD), BUILD DURATION: 5ms

***** C:\~uize\UIZE-JavaScript-Framework\js\~source\Uize.Widget.Dialog.Picker.Date.js
	TARGET FILE: reference\source-code\Uize.Widget.Dialog.Picker.Date.html
	BUILT (ALWAYS BUILD), BUILD DURATION: 1ms

***** C:\~uize\UIZE-JavaScript-Framework\js\~source\Uize.Widget.Dialog.Picker.js
	TARGET FILE: reference\source-code\Uize.Widget.Dialog.Picker.html
	BUILT (ALWAYS BUILD), BUILD DURATION: 1ms

***** C:\~uize\UIZE-JavaScript-Framework\js\~source\Uize.Widget.Dialog.Picker.Palette.js
	TARGET FILE: reference\source-code\Uize.Widget.Dialog.Picker.Palette.html
	BUILT (ALWAYS BUILD), BUILD DURATION: 1ms

***** C:\~uize\UIZE-JavaScript-Framework\js\~source\Uize.Widget.Dialog.Picker.Palette.Selector.js
	TARGET FILE: reference\source-code\Uize.Widget.Dialog.Picker.Palette.Selector.html
	BUILT (ALWAYS BUILD), BUILD DURATION: 1ms

***** C:\~uize\UIZE-JavaScript-Framework\js\~source\Uize.Widget.Dialog.xResizable.js
	TARGET FILE: reference\source-code\Uize.Widget.Dialog.xResizable.html
	BUILT (ALWAYS BUILD), BUILD DURATION: 1ms

***** C:\~uize\UIZE-JavaScript-Framework\js\~source\Uize.Widget.DirectionalPad.js
	TARGET FILE: reference\source-code\Uize.Widget.DirectionalPad.html
	BUILT (ALWAYS BUILD), BUILD DURATION: 1ms

***** C:\~uize\UIZE-JavaScript-Framework\js\~source\Uize.Widget.Drag.js
	TARGET FILE: reference\source-code\Uize.Widget.Drag.html
	BUILT (ALWAYS BUILD), BUILD DURATION: 2ms

***** C:\~uize\UIZE-JavaScript-Framework\js\~source\Uize.Widget.Drag.Move.js
	TARGET FILE: reference\source-code\Uize.Widget.Drag.Move.html
	BUILT (ALWAYS BUILD), BUILD DURATION: 1ms

***** C:\~uize\UIZE-JavaScript-Framework\js\~source\Uize.Widget.EdgeHugger.js
	TARGET FILE: reference\source-code\Uize.Widget.EdgeHugger.html
	BUILT (ALWAYS BUILD), BUILD DURATION: 2ms

***** C:\~uize\UIZE-JavaScript-Framework\js\~source\Uize.Widget.EggTimer.js
	TARGET FILE: reference\source-code\Uize.Widget.EggTimer.html
	BUILT (ALWAYS BUILD), BUILD DURATION: 1ms

***** C:\~uize\UIZE-JavaScript-Framework\js\~source\Uize.Widget.FilterGroups.js
	TARGET FILE: reference\source-code\Uize.Widget.FilterGroups.html
	BUILT (ALWAYS BUILD), BUILD DURATION: 3ms

***** C:\~uize\UIZE-JavaScript-Framework\js\~source\Uize.Widget.Fleeting.js
	TARGET FILE: reference\source-code\Uize.Widget.Fleeting.html
	BUILT (ALWAYS BUILD), BUILD DURATION: 1ms

***** C:\~uize\UIZE-JavaScript-Framework\js\~source\Uize.Widget.Flip.js
	TARGET FILE: reference\source-code\Uize.Widget.Flip.html
	BUILT (ALWAYS BUILD), BUILD DURATION: 1ms

***** C:\~uize\UIZE-JavaScript-Framework\js\~source\Uize.Widget.Form.js
	TARGET FILE: reference\source-code\Uize.Widget.Form.html
	BUILT (ALWAYS BUILD), BUILD DURATION: 2ms

***** C:\~uize\UIZE-JavaScript-Framework\js\~source\Uize.Widget.FormDialog.js
	TARGET FILE: reference\source-code\Uize.Widget.FormDialog.html
	BUILT (ALWAYS BUILD), BUILD DURATION: 1ms

***** C:\~uize\UIZE-JavaScript-Framework\js\~source\Uize.Widget.FormElement.js
	TARGET FILE: reference\source-code\Uize.Widget.FormElement.html
	BUILT (ALWAYS BUILD), BUILD DURATION: 2ms

***** C:\~uize\UIZE-JavaScript-Framework\js\~source\Uize.Widget.FormElement.Select.js
	TARGET FILE: reference\source-code\Uize.Widget.FormElement.Select.html
	BUILT (ALWAYS BUILD), BUILD DURATION: 2ms

***** C:\~uize\UIZE-JavaScript-Framework\js\~source\Uize.Widget.FormElement.Text.js
	TARGET FILE: reference\source-code\Uize.Widget.FormElement.Text.html
	BUILT (ALWAYS BUILD), BUILD DURATION: 1ms

***** C:\~uize\UIZE-JavaScript-Framework\js\~source\Uize.Widget.FormElements.js
	TARGET FILE: reference\source-code\Uize.Widget.FormElements.html
	BUILT (ALWAYS BUILD), BUILD DURATION: 1ms

***** C:\~uize\UIZE-JavaScript-Framework\js\~source\Uize.Widget.FormWarnings.js
	TARGET FILE: reference\source-code\Uize.Widget.FormWarnings.html
	BUILT (ALWAYS BUILD), BUILD DURATION: 1ms

***** C:\~uize\UIZE-JavaScript-Framework\js\~source\Uize.Widget.HoverFader.js
	TARGET FILE: reference\source-code\Uize.Widget.HoverFader.html
	BUILT (ALWAYS BUILD), BUILD DURATION: 3ms

***** C:\~uize\UIZE-JavaScript-Framework\js\~source\Uize.Widget.ImagePort.Draggable.js
	TARGET FILE: reference\source-code\Uize.Widget.ImagePort.Draggable.html
	BUILT (ALWAYS BUILD), BUILD DURATION: 1ms

***** C:\~uize\UIZE-JavaScript-Framework\js\~source\Uize.Widget.ImagePort.js
	TARGET FILE: reference\source-code\Uize.Widget.ImagePort.html
	BUILT (ALWAYS BUILD), BUILD DURATION: 1ms

***** C:\~uize\UIZE-JavaScript-Framework\js\~source\Uize.Widget.ImageWipe.js
	TARGET FILE: reference\source-code\Uize.Widget.ImageWipe.html
	BUILT (ALWAYS BUILD), BUILD DURATION: 8ms

***** C:\~uize\UIZE-JavaScript-Framework\js\~source\Uize.Widget.ImageWipe.xPresets.js
	TARGET FILE: reference\source-code\Uize.Widget.ImageWipe.xPresets.html
	BUILT (ALWAYS BUILD), BUILD DURATION: 5ms

***** C:\~uize\UIZE-JavaScript-Framework\js\~source\Uize.Widget.InlinePicker.js
	TARGET FILE: reference\source-code\Uize.Widget.InlinePicker.html
	BUILT (ALWAYS BUILD), BUILD DURATION: 2ms

***** C:\~uize\UIZE-JavaScript-Framework\js\~source\Uize.Widget.InlinePicker.Selector.js
	TARGET FILE: reference\source-code\Uize.Widget.InlinePicker.Selector.html
	BUILT (ALWAYS BUILD), BUILD DURATION: 1ms

***** C:\~uize\UIZE-JavaScript-Framework\js\~source\Uize.Widget.js
	TARGET FILE: reference\source-code\Uize.Widget.html
	BUILT (ALWAYS BUILD), BUILD DURATION: 10ms

***** C:\~uize\UIZE-JavaScript-Framework\js\~source\Uize.Widget.ListEditor.js
	TARGET FILE: reference\source-code\Uize.Widget.ListEditor.html
	BUILT (ALWAYS BUILD), BUILD DURATION: 3ms

***** C:\~uize\UIZE-JavaScript-Framework\js\~source\Uize.Widget.Log.InstanceEvents.js
	TARGET FILE: reference\source-code\Uize.Widget.Log.InstanceEvents.html
	BUILT (ALWAYS BUILD), BUILD DURATION: 2ms

***** C:\~uize\UIZE-JavaScript-Framework\js\~source\Uize.Widget.Log.js
	TARGET FILE: reference\source-code\Uize.Widget.Log.html
	BUILT (ALWAYS BUILD), BUILD DURATION: 4ms

***** C:\~uize\UIZE-JavaScript-Framework\js\~source\Uize.Widget.MagView.js
	TARGET FILE: reference\source-code\Uize.Widget.MagView.html
	BUILT (ALWAYS BUILD), BUILD DURATION: 2ms

***** C:\~uize\UIZE-JavaScript-Framework\js\~source\Uize.Widget.Mask.js
	TARGET FILE: reference\source-code\Uize.Widget.Mask.html
	BUILT (ALWAYS BUILD), BUILD DURATION: 2ms

***** C:\~uize\UIZE-JavaScript-Framework\js\~source\Uize.Widget.Options.Accordion.js
	TARGET FILE: reference\source-code\Uize.Widget.Options.Accordion.html
	BUILT (ALWAYS BUILD), BUILD DURATION: 1ms

***** C:\~uize\UIZE-JavaScript-Framework\js\~source\Uize.Widget.Options.FilterGroup.js
	TARGET FILE: reference\source-code\Uize.Widget.Options.FilterGroup.html
	BUILT (ALWAYS BUILD), BUILD DURATION: 1ms

***** C:\~uize\UIZE-JavaScript-Framework\js\~source\Uize.Widget.Options.js
	TARGET FILE: reference\source-code\Uize.Widget.Options.html
	BUILT (ALWAYS BUILD), BUILD DURATION: 3ms

***** C:\~uize\UIZE-JavaScript-Framework\js\~source\Uize.Widget.Options.Popup.js
	TARGET FILE: reference\source-code\Uize.Widget.Options.Popup.html
	BUILT (ALWAYS BUILD), BUILD DURATION: 1ms

***** C:\~uize\UIZE-JavaScript-Framework\js\~source\Uize.Widget.Options.Selector.js
	TARGET FILE: reference\source-code\Uize.Widget.Options.Selector.html
	BUILT (ALWAYS BUILD), BUILD DURATION: 1ms

***** C:\~uize\UIZE-JavaScript-Framework\js\~source\Uize.Widget.Options.Tabbed.Fading.js
	TARGET FILE: reference\source-code\Uize.Widget.Options.Tabbed.Fading.html
	BUILT (ALWAYS BUILD), BUILD DURATION: 2ms

***** C:\~uize\UIZE-JavaScript-Framework\js\~source\Uize.Widget.Options.Tabbed.js
	TARGET FILE: reference\source-code\Uize.Widget.Options.Tabbed.html
	BUILT (ALWAYS BUILD), BUILD DURATION: 1ms

***** C:\~uize\UIZE-JavaScript-Framework\js\~source\Uize.Widget.Page.js
	TARGET FILE: reference\source-code\Uize.Widget.Page.html
	BUILT (ALWAYS BUILD), BUILD DURATION: 5ms

***** C:\~uize\UIZE-JavaScript-Framework\js\~source\Uize.Widget.Page.xDeferredLinks.js
	TARGET FILE: reference\source-code\Uize.Widget.Page.xDeferredLinks.html
	BUILT (ALWAYS BUILD), BUILD DURATION: 1ms

***** C:\~uize\UIZE-JavaScript-Framework\js\~source\Uize.Widget.Pagination.js
	TARGET FILE: reference\source-code\Uize.Widget.Pagination.html
	BUILT (ALWAYS BUILD), BUILD DURATION: 2ms

***** C:\~uize\UIZE-JavaScript-Framework\js\~source\Uize.Widget.Picker.Date.js
	TARGET FILE: reference\source-code\Uize.Widget.Picker.Date.html
	BUILT (ALWAYS BUILD), BUILD DURATION: 1ms

***** C:\~uize\UIZE-JavaScript-Framework\js\~source\Uize.Widget.Picker.js
	TARGET FILE: reference\source-code\Uize.Widget.Picker.html
	BUILT (ALWAYS BUILD), BUILD DURATION: 1ms

***** C:\~uize\UIZE-JavaScript-Framework\js\~source\Uize.Widget.Picker.Palette.js
	TARGET FILE: reference\source-code\Uize.Widget.Picker.Palette.html
	BUILT (ALWAYS BUILD), BUILD DURATION: 2ms

***** C:\~uize\UIZE-JavaScript-Framework\js\~source\Uize.Widget.Picker.Palette.Selector.js
	TARGET FILE: reference\source-code\Uize.Widget.Picker.Palette.Selector.html
	BUILT (ALWAYS BUILD), BUILD DURATION: 1ms

***** C:\~uize\UIZE-JavaScript-Framework\js\~source\Uize.Widget.Population.js
	TARGET FILE: reference\source-code\Uize.Widget.Population.html
	BUILT (ALWAYS BUILD), BUILD DURATION: 2ms

***** C:\~uize\UIZE-JavaScript-Framework\js\~source\Uize.Widget.PopupPalette.js
	TARGET FILE: reference\source-code\Uize.Widget.PopupPalette.html
	BUILT (ALWAYS BUILD), BUILD DURATION: 2ms

***** C:\~uize\UIZE-JavaScript-Framework\js\~source\Uize.Widget.Resizer.js
	TARGET FILE: reference\source-code\Uize.Widget.Resizer.html
	BUILT (ALWAYS BUILD), BUILD DURATION: 4ms

***** C:\~uize\UIZE-JavaScript-Framework\js\~source\Uize.Widget.Resizer.Marquee.js
	TARGET FILE: reference\source-code\Uize.Widget.Resizer.Marquee.html
	BUILT (ALWAYS BUILD), BUILD DURATION: 2ms

***** C:\~uize\UIZE-JavaScript-Framework\js\~source\Uize.Widget.Scrolly.js
	TARGET FILE: reference\source-code\Uize.Widget.Scrolly.html
	BUILT (ALWAYS BUILD), BUILD DURATION: 3ms

***** C:\~uize\UIZE-JavaScript-Framework\js\~source\Uize.Widget.SegmentDisplay.js
	TARGET FILE: reference\source-code\Uize.Widget.SegmentDisplay.html
	BUILT (ALWAYS BUILD), BUILD DURATION: 1ms

***** C:\~uize\UIZE-JavaScript-Framework\js\~source\Uize.Widget.SegmentDisplay.Seven.js
	TARGET FILE: reference\source-code\Uize.Widget.SegmentDisplay.Seven.html
	BUILT (ALWAYS BUILD), BUILD DURATION: 1ms

***** C:\~uize\UIZE-JavaScript-Framework\js\~source\Uize.Widget.SlideShow.AutoAdvance.js
	TARGET FILE: reference\source-code\Uize.Widget.SlideShow.AutoAdvance.html
	BUILT (ALWAYS BUILD), BUILD DURATION: 1ms

***** C:\~uize\UIZE-JavaScript-Framework\js\~source\Uize.Widget.SlideShow.AutoAdvance.WithSlideSelectors.js
	TARGET FILE: reference\source-code\Uize.Widget.SlideShow.AutoAdvance.WithSlideSelectors.html
	BUILT (ALWAYS BUILD), BUILD DURATION: 1ms

***** C:\~uize\UIZE-JavaScript-Framework\js\~source\Uize.Widget.SlideShow.js
	TARGET FILE: reference\source-code\Uize.Widget.SlideShow.html
	BUILT (ALWAYS BUILD), BUILD DURATION: 3ms

***** C:\~uize\UIZE-JavaScript-Framework\js\~source\Uize.Widget.Stretchy.js
	TARGET FILE: reference\source-code\Uize.Widget.Stretchy.html
	BUILT (ALWAYS BUILD), BUILD DURATION: 1ms

***** C:\~uize\UIZE-JavaScript-Framework\js\~source\Uize.Widget.Swap.Deck.js
	TARGET FILE: reference\source-code\Uize.Widget.Swap.Deck.html
	BUILT (ALWAYS BUILD), BUILD DURATION: 1ms

***** C:\~uize\UIZE-JavaScript-Framework\js\~source\Uize.Widget.Swap.Html.js
	TARGET FILE: reference\source-code\Uize.Widget.Swap.Html.html
	BUILT (ALWAYS BUILD), BUILD DURATION: 1ms

***** C:\~uize\UIZE-JavaScript-Framework\js\~source\Uize.Widget.Swap.Image.Cycle.js
	TARGET FILE: reference\source-code\Uize.Widget.Swap.Image.Cycle.html
	BUILT (ALWAYS BUILD), BUILD DURATION: 1ms

***** C:\~uize\UIZE-JavaScript-Framework\js\~source\Uize.Widget.Swap.Image.js
	TARGET FILE: reference\source-code\Uize.Widget.Swap.Image.html
	BUILT (ALWAYS BUILD), BUILD DURATION: 1ms

***** C:\~uize\UIZE-JavaScript-Framework\js\~source\Uize.Widget.Swap.js
	TARGET FILE: reference\source-code\Uize.Widget.Swap.html
	BUILT (ALWAYS BUILD), BUILD DURATION: 3ms

***** C:\~uize\UIZE-JavaScript-Framework\js\~source\Uize.Widget.Swap.xPresets.js
	TARGET FILE: reference\source-code\Uize.Widget.Swap.xPresets.html
	BUILT (ALWAYS BUILD), BUILD DURATION: 4ms

***** C:\~uize\UIZE-JavaScript-Framework\js\~source\Uize.Widget.TableSort.js
	TARGET FILE: reference\source-code\Uize.Widget.TableSort.html
	BUILT (ALWAYS BUILD), BUILD DURATION: 2ms

***** C:\~uize\UIZE-JavaScript-Framework\js\~source\Uize.Widget.TextInput.js
	TARGET FILE: reference\source-code\Uize.Widget.TextInput.html
	BUILT (ALWAYS BUILD), BUILD DURATION: 1ms

***** C:\~uize\UIZE-JavaScript-Framework\js\~source\Uize.Widget.ThumbZoom.js
	TARGET FILE: reference\source-code\Uize.Widget.ThumbZoom.html
	BUILT (ALWAYS BUILD), BUILD DURATION: 1ms

***** C:\~uize\UIZE-JavaScript-Framework\js\~source\Uize.Widget.Tree.js
	TARGET FILE: reference\source-code\Uize.Widget.Tree.html
	BUILT (ALWAYS BUILD), BUILD DURATION: 1ms

***** C:\~uize\UIZE-JavaScript-Framework\js\~source\Uize.Widget.Tree.List.js
	TARGET FILE: reference\source-code\Uize.Widget.Tree.List.html
	BUILT (ALWAYS BUILD), BUILD DURATION: 2ms

***** C:\~uize\UIZE-JavaScript-Framework\js\~source\Uize.Widget.Tree.Menu.js
	TARGET FILE: reference\source-code\Uize.Widget.Tree.Menu.html
	BUILT (ALWAYS BUILD), BUILD DURATION: 2ms

***** C:\~uize\UIZE-JavaScript-Framework\js\~source\Uize.Widget.Tree.Select.js
	TARGET FILE: reference\source-code\Uize.Widget.Tree.Select.html
	BUILT (ALWAYS BUILD), BUILD DURATION: 1ms

***** C:\~uize\UIZE-JavaScript-Framework\js\~source\Uize.Wsh.js
	TARGET FILE: reference\source-code\Uize.Wsh.html
	BUILT (ALWAYS BUILD), BUILD DURATION: 3ms

***** C:\~uize\UIZE-JavaScript-Framework\js\~source\Uize.Xml.js
	TARGET FILE: reference\source-code\Uize.Xml.html
	BUILT (ALWAYS BUILD), BUILD DURATION: 2ms

***** C:\~uize\UIZE-JavaScript-Framework\js\~source\UizeSite.Build.BuildCodeSitemap.js
	TARGET FILE: reference\source-code\UizeSite.Build.BuildCodeSitemap.html
	BUILT (ALWAYS BUILD), BUILD DURATION: 1ms

***** C:\~uize\UIZE-JavaScript-Framework\js\~source\UizeSite.Build.BuildIndexPages.js
	TARGET FILE: reference\source-code\UizeSite.Build.BuildIndexPages.html
	BUILT (ALWAYS BUILD), BUILD DURATION: 2ms

***** C:\~uize\UIZE-JavaScript-Framework\js\~source\UizeSite.Build.BuildPagesFromSourceCode.js
	TARGET FILE: reference\source-code\UizeSite.Build.BuildPagesFromSourceCode.html
	BUILT (ALWAYS BUILD), BUILD DURATION: 1ms

***** C:\~uize\UIZE-JavaScript-Framework\js\~source\UizeSite.Build.BuildSimpleDocPages.js
	TARGET FILE: reference\source-code\UizeSite.Build.BuildSimpleDocPages.html
	BUILT (ALWAYS BUILD), BUILD DURATION: 1ms

***** C:\~uize\UIZE-JavaScript-Framework\js\~source\UizeSite.Build.BuildSotu.js
	TARGET FILE: reference\source-code\UizeSite.Build.BuildSotu.html
	BUILT (ALWAYS BUILD), BUILD DURATION: 1ms

***** C:\~uize\UIZE-JavaScript-Framework\js\~source\UizeSite.Build.BuildWidgetPages.js
	TARGET FILE: reference\source-code\UizeSite.Build.BuildWidgetPages.html
	BUILT (ALWAYS BUILD), BUILD DURATION: 0ms

***** C:\~uize\UIZE-JavaScript-Framework\js\~source\UizeSite.Build.js
	TARGET FILE: reference\source-code\UizeSite.Build.html
	BUILT (ALWAYS BUILD), BUILD DURATION: 0ms

***** C:\~uize\UIZE-JavaScript-Framework\js\~source\UizeSite.Build.Util.js
	TARGET FILE: reference\source-code\UizeSite.Build.Util.html
	BUILT (ALWAYS BUILD), BUILD DURATION: 0ms

***** C:\~uize\UIZE-JavaScript-Framework\js\~source\UizeSite.Delve.js
	TARGET FILE: reference\source-code\UizeSite.Delve.html
	BUILT (ALWAYS BUILD), BUILD DURATION: 7ms

***** C:\~uize\UIZE-JavaScript-Framework\js\~source\UizeSite.Delve.library.js
	TARGET FILE: reference\source-code\UizeSite.Delve.library.html
	BUILT (ALWAYS BUILD), BUILD DURATION: 0ms

***** C:\~uize\UIZE-JavaScript-Framework\js\~source\UizeSite.DelvePageWriter.js
	TARGET FILE: reference\source-code\UizeSite.DelvePageWriter.html
	BUILT (ALWAYS BUILD), BUILD DURATION: 1ms

***** C:\~uize\UIZE-JavaScript-Framework\js\~source\UizeSite.DialogConfirm.js
	TARGET FILE: reference\source-code\UizeSite.DialogConfirm.html
	BUILT (ALWAYS BUILD), BUILD DURATION: 0ms

***** C:\~uize\UIZE-JavaScript-Framework\js\~source\UizeSite.DialogDate.js
	TARGET FILE: reference\source-code\UizeSite.DialogDate.html
	BUILT (ALWAYS BUILD), BUILD DURATION: 0ms

***** C:\~uize\UIZE-JavaScript-Framework\js\~source\UizeSite.Examples.js
	TARGET FILE: reference\source-code\UizeSite.Examples.html
	BUILT (ALWAYS BUILD), BUILD DURATION: 5ms

***** C:\~uize\UIZE-JavaScript-Framework\js\~source\UizeSite.ExamplesInfoForSiteMap.js
	TARGET FILE: reference\source-code\UizeSite.ExamplesInfoForSiteMap.html
	BUILT (ALWAYS BUILD), BUILD DURATION: 1ms

***** C:\~uize\UIZE-JavaScript-Framework\js\~source\UizeSite.js
	TARGET FILE: reference\source-code\UizeSite.html
	BUILT (ALWAYS BUILD), BUILD DURATION: 1ms

***** C:\~uize\UIZE-JavaScript-Framework\js\~source\UizeSite.ModulesTree.js
	TARGET FILE: reference\source-code\UizeSite.ModulesTree.html
	BUILT (ALWAYS BUILD), BUILD DURATION: 4ms

***** C:\~uize\UIZE-JavaScript-Framework\js\~source\UizeSite.Page.Doc.js
	TARGET FILE: reference\source-code\UizeSite.Page.Doc.html
	BUILT (ALWAYS BUILD), BUILD DURATION: 11ms

***** C:\~uize\UIZE-JavaScript-Framework\js\~source\UizeSite.Page.Doc.library.js
	TARGET FILE: reference\source-code\UizeSite.Page.Doc.library.html
	BUILT (ALWAYS BUILD), BUILD DURATION: 0ms

***** C:\~uize\UIZE-JavaScript-Framework\js\~source\UizeSite.Page.Example.js
	TARGET FILE: reference\source-code\UizeSite.Page.Example.html
	BUILT (ALWAYS BUILD), BUILD DURATION: 1ms

***** C:\~uize\UIZE-JavaScript-Framework\js\~source\UizeSite.Page.Example.library.js
	TARGET FILE: reference\source-code\UizeSite.Page.Example.library.html
	BUILT (ALWAYS BUILD), BUILD DURATION: 2ms

***** C:\~uize\UIZE-JavaScript-Framework\js\~source\UizeSite.Page.Example.Test.js
	TARGET FILE: reference\source-code\UizeSite.Page.Example.Test.html
	BUILT (ALWAYS BUILD), BUILD DURATION: 0ms

***** C:\~uize\UIZE-JavaScript-Framework\js\~source\UizeSite.Page.Example.Test.library.js
	TARGET FILE: reference\source-code\UizeSite.Page.Example.Test.library.html
	BUILT (ALWAYS BUILD), BUILD DURATION: 1ms

***** C:\~uize\UIZE-JavaScript-Framework\js\~source\UizeSite.Page.Home.js
	TARGET FILE: reference\source-code\UizeSite.Page.Home.html
	BUILT (ALWAYS BUILD), BUILD DURATION: 1ms

***** C:\~uize\UIZE-JavaScript-Framework\js\~source\UizeSite.Page.Home.library.js
	TARGET FILE: reference\source-code\UizeSite.Page.Home.library.html
	BUILT (ALWAYS BUILD), BUILD DURATION: 1ms

***** C:\~uize\UIZE-JavaScript-Framework\js\~source\UizeSite.Page.Index.js
	TARGET FILE: reference\source-code\UizeSite.Page.Index.html
	BUILT (ALWAYS BUILD), BUILD DURATION: 1ms

***** C:\~uize\UIZE-JavaScript-Framework\js\~source\UizeSite.Page.js
	TARGET FILE: reference\source-code\UizeSite.Page.html
	BUILT (ALWAYS BUILD), BUILD DURATION: 2ms

***** C:\~uize\UIZE-JavaScript-Framework\js\~source\UizeSite.Page.library.js
	TARGET FILE: reference\source-code\UizeSite.Page.library.html
	BUILT (ALWAYS BUILD), BUILD DURATION: 1ms

***** C:\~uize\UIZE-JavaScript-Framework\js\~source\UizeSite.ParamsInspector.InlinePresets.js
	TARGET FILE: reference\source-code\UizeSite.ParamsInspector.InlinePresets.html
	BUILT (ALWAYS BUILD), BUILD DURATION: 1ms

***** C:\~uize\UIZE-JavaScript-Framework\js\~source\UizeSite.ParamsInspector.js
	TARGET FILE: reference\source-code\UizeSite.ParamsInspector.html
	BUILT (ALWAYS BUILD), BUILD DURATION: 3ms

***** C:\~uize\UIZE-JavaScript-Framework\js\~source\UizeSite.SiteMap.js
	TARGET FILE: reference\source-code\UizeSite.SiteMap.html
	BUILT (ALWAYS BUILD), BUILD DURATION: 2ms

***** C:\~uize\UIZE-JavaScript-Framework\js\~source\UizeSite.Templates.DataBar.js
	TARGET FILE: reference\source-code\UizeSite.Templates.DataBar.html
	BUILT (ALWAYS BUILD), BUILD DURATION: 0ms

***** C:\~uize\UIZE-JavaScript-Framework\js\~source\UizeSite.Templates.DelvePageHtml.js
	TARGET FILE: reference\source-code\UizeSite.Templates.DelvePageHtml.html
	BUILT (ALWAYS BUILD), BUILD DURATION: 1ms

***** C:\~uize\UIZE-JavaScript-Framework\js\~source\UizeSite.Templates.DelveUiHtml.js
	TARGET FILE: reference\source-code\UizeSite.Templates.DelveUiHtml.html
	BUILT (ALWAYS BUILD), BUILD DURATION: 1ms

***** C:\~uize\UIZE-JavaScript-Framework\js\~source\UizeSite.Templates.Dialog.Confirm.js
	TARGET FILE: reference\source-code\UizeSite.Templates.Dialog.Confirm.html
	BUILT (ALWAYS BUILD), BUILD DURATION: 1ms

***** C:\~uize\UIZE-JavaScript-Framework\js\~source\UizeSite.Templates.Dialog.js
	TARGET FILE: reference\source-code\UizeSite.Templates.Dialog.html
	BUILT (ALWAYS BUILD), BUILD DURATION: 1ms

***** C:\~uize\UIZE-JavaScript-Framework\js\~source\UizeSite.Templates.Dialog.Picker.Date.js
	TARGET FILE: reference\source-code\UizeSite.Templates.Dialog.Picker.Date.html
	BUILT (ALWAYS BUILD), BUILD DURATION: 1ms

***** C:\~uize\UIZE-JavaScript-Framework\js\~source\UizeSite.Templates.Dialog.Picker.js
	TARGET FILE: reference\source-code\UizeSite.Templates.Dialog.Picker.html
	BUILT (ALWAYS BUILD), BUILD DURATION: 1ms

***** C:\~uize\UIZE-JavaScript-Framework\js\~source\UizeSite.Templates.Footer.js
	TARGET FILE: reference\source-code\UizeSite.Templates.Footer.html
	BUILT (ALWAYS BUILD), BUILD DURATION: 1ms

***** C:\~uize\UIZE-JavaScript-Framework\js\~source\UizeSite.Templates.IndexPage.js
	TARGET FILE: reference\source-code\UizeSite.Templates.IndexPage.html
	BUILT (ALWAYS BUILD), BUILD DURATION: 1ms

***** C:\~uize\UIZE-JavaScript-Framework\js\~source\UizeSite.Templates.JavaScriptSourceSample.js
	TARGET FILE: reference\source-code\UizeSite.Templates.JavaScriptSourceSample.html
	BUILT (ALWAYS BUILD), BUILD DURATION: 2ms

***** C:\~uize\UIZE-JavaScript-Framework\js\~source\UizeSite.Templates.js
	TARGET FILE: reference\source-code\UizeSite.Templates.html
	BUILT (ALWAYS BUILD), BUILD DURATION: 0ms

***** C:\~uize\UIZE-JavaScript-Framework\js\~source\UizeSite.Templates.ListingsPage.js
	TARGET FILE: reference\source-code\UizeSite.Templates.ListingsPage.html
	BUILT (ALWAYS BUILD), BUILD DURATION: 1ms

***** C:\~uize\UIZE-JavaScript-Framework\js\~source\UizeSite.Templates.ParamsInspector.js
	TARGET FILE: reference\source-code\UizeSite.Templates.ParamsInspector.html
	BUILT (ALWAYS BUILD), BUILD DURATION: 0ms

***** C:\~uize\UIZE-JavaScript-Framework\js\~source\UizeSite.Templates.ParamsTable.js
	TARGET FILE: reference\source-code\UizeSite.Templates.ParamsTable.html
	BUILT (ALWAYS BUILD), BUILD DURATION: 1ms

***** C:\~uize\UIZE-JavaScript-Framework\js\~source\UizeSite.Templates.ShareThisPanel.js
	TARGET FILE: reference\source-code\UizeSite.Templates.ShareThisPanel.html
	BUILT (ALWAYS BUILD), BUILD DURATION: 1ms

***** C:\~uize\UIZE-JavaScript-Framework\js\~source\UizeSite.Templates.SimpleDoc.js
	TARGET FILE: reference\source-code\UizeSite.Templates.SimpleDoc.html
	BUILT (ALWAYS BUILD), BUILD DURATION: 0ms

***** C:\~uize\UIZE-JavaScript-Framework\js\~source\UizeSite.Templates.SimpleDocSample.js
	TARGET FILE: reference\source-code\UizeSite.Templates.SimpleDocSample.html
	BUILT (ALWAYS BUILD), BUILD DURATION: 1ms

***** C:\~uize\UIZE-JavaScript-Framework\js\~source\UizeSite.Templates.SlideShow.Basic.js
	TARGET FILE: reference\source-code\UizeSite.Templates.SlideShow.Basic.html
	BUILT (ALWAYS BUILD), BUILD DURATION: 1ms

***** C:\~uize\UIZE-JavaScript-Framework\js\~source\UizeSite.Templates.SlideShow.js
	TARGET FILE: reference\source-code\UizeSite.Templates.SlideShow.html
	BUILT (ALWAYS BUILD), BUILD DURATION: 4ms

***** C:\~uize\UIZE-JavaScript-Framework\js\~source\UizeSite.Templates.SlideShow.Wipes.js
	TARGET FILE: reference\source-code\UizeSite.Templates.SlideShow.Wipes.html
	BUILT (ALWAYS BUILD), BUILD DURATION: 1ms

***** C:\~uize\UIZE-JavaScript-Framework\js\~source\UizeSite.Templates.Tour.js
	TARGET FILE: reference\source-code\UizeSite.Templates.Tour.html
	BUILT (ALWAYS BUILD), BUILD DURATION: 1ms

***** C:\~uize\UIZE-JavaScript-Framework\js\~source\UizeSite.Templates.WidgetToGoGadgetXml.js
	TARGET FILE: reference\source-code\UizeSite.Templates.WidgetToGoGadgetXml.html
	BUILT (ALWAYS BUILD), BUILD DURATION: 0ms

***** C:\~uize\UIZE-JavaScript-Framework\js\~source\UizeSite.Templates.WidgetToGoHomepage.js
	TARGET FILE: reference\source-code\UizeSite.Templates.WidgetToGoHomepage.html
	BUILT (ALWAYS BUILD), BUILD DURATION: 1ms

***** C:\~uize\UIZE-JavaScript-Framework\js\~source\UizeSite.Templates.WidgetToGoPage.js
	TARGET FILE: reference\source-code\UizeSite.Templates.WidgetToGoPage.html
	BUILT (ALWAYS BUILD), BUILD DURATION: 0ms

***** C:\~uize\UIZE-JavaScript-Framework\js\~source\UizeSite.Templates.WidgetToGoTitle.js
	TARGET FILE: reference\source-code\UizeSite.Templates.WidgetToGoTitle.html
	BUILT (ALWAYS BUILD), BUILD DURATION: 1ms

***** C:\~uize\UIZE-JavaScript-Framework\js\~source\UizeSite.TestDataFruits.js
	TARGET FILE: reference\source-code\UizeSite.TestDataFruits.html
	BUILT (ALWAYS BUILD), BUILD DURATION: 1ms

***** C:\~uize\UIZE-JavaScript-Framework\js\~source\UizeSite.TestDataObject.js
	TARGET FILE: reference\source-code\UizeSite.TestDataObject.html
	BUILT (ALWAYS BUILD), BUILD DURATION: 0ms

***** C:\~uize\UIZE-JavaScript-Framework\js\~source\UizeSite.TestDataPhotos.js
	TARGET FILE: reference\source-code\UizeSite.TestDataPhotos.html
	BUILT (ALWAYS BUILD), BUILD DURATION: 2ms

***** C:\~uize\UIZE-JavaScript-Framework\js\~source\UizeSite.TestWidget.js
	TARGET FILE: reference\source-code\UizeSite.TestWidget.html
	BUILT (ALWAYS BUILD), BUILD DURATION: 1ms

***** C:\~uize\UIZE-JavaScript-Framework\js\~source\UizeSite.WidgetToGoPage.Calculator.js
	TARGET FILE: reference\source-code\UizeSite.WidgetToGoPage.Calculator.html
	BUILT (ALWAYS BUILD), BUILD DURATION: 0ms

***** C:\~uize\UIZE-JavaScript-Framework\js\~source\UizeSite.WidgetToGoPage.Calculator.library.js
	TARGET FILE: reference\source-code\UizeSite.WidgetToGoPage.Calculator.library.html
	BUILT (ALWAYS BUILD), BUILD DURATION: 0ms

***** C:\~uize\UIZE-JavaScript-Framework\js\~source\UizeSite.WidgetToGoPage.Calendar.js
	TARGET FILE: reference\source-code\UizeSite.WidgetToGoPage.Calendar.html
	BUILT (ALWAYS BUILD), BUILD DURATION: 0ms

***** C:\~uize\UIZE-JavaScript-Framework\js\~source\UizeSite.WidgetToGoPage.Calendar.library.js
	TARGET FILE: reference\source-code\UizeSite.WidgetToGoPage.Calendar.library.html
	BUILT (ALWAYS BUILD), BUILD DURATION: 0ms

***** C:\~uize\UIZE-JavaScript-Framework\js\~source\UizeSite.WidgetToGoPage.js
	TARGET FILE: reference\source-code\UizeSite.WidgetToGoPage.html
	BUILT (ALWAYS BUILD), BUILD DURATION: 1ms

