***** C:\~uize\UIZE-JavaScript-Framework\download.simple
	TARGET FILE: C:\~uize\UIZE-JavaScript-Framework\download.html
	BUILT (ALWAYS BUILD), BUILD DURATION: 8ms

***** C:\~uize\UIZE-JavaScript-Framework\license.simple
	TARGET FILE: C:\~uize\UIZE-JavaScript-Framework\license.html
	BUILT (ALWAYS BUILD), BUILD DURATION: 11ms

***** C:\~uize\UIZE-JavaScript-Framework\support.simple
	TARGET FILE: C:\~uize\UIZE-JavaScript-Framework\support.html
	BUILT (ALWAYS BUILD), BUILD DURATION: 4ms

***** C:\~uize\UIZE-JavaScript-Framework\appendixes\glossary.simple
	TARGET FILE: C:\~uize\UIZE-JavaScript-Framework\appendixes\glossary.html
	BUILT (ALWAYS BUILD), BUILD DURATION: 11ms

***** C:\~uize\UIZE-JavaScript-Framework\appendixes\html-style-guide.simple
	TARGET FILE: C:\~uize\UIZE-JavaScript-Framework\appendixes\html-style-guide.html
	BUILT (ALWAYS BUILD), BUILD DURATION: 12ms

***** C:\~uize\UIZE-JavaScript-Framework\appendixes\javascript-code-conventions.simple
	TARGET FILE: C:\~uize\UIZE-JavaScript-Framework\appendixes\javascript-code-conventions.html
	BUILT (ALWAYS BUILD), BUILD DURATION: 32ms

***** C:\~uize\UIZE-JavaScript-Framework\appendixes\javascript-fun.simple
	TARGET FILE: C:\~uize\UIZE-JavaScript-Framework\appendixes\javascript-fun.html
	BUILT (ALWAYS BUILD), BUILD DURATION: 17ms

***** C:\~uize\UIZE-JavaScript-Framework\appendixes\javascript-interview-questions.simple
	TARGET FILE: C:\~uize\UIZE-JavaScript-Framework\appendixes\javascript-interview-questions.html
	BUILT (ALWAYS BUILD), BUILD DURATION: 47ms

***** C:\~uize\UIZE-JavaScript-Framework\appendixes\javascript-optimization.simple
	TARGET FILE: C:\~uize\UIZE-JavaScript-Framework\appendixes\javascript-optimization.html
	BUILT (ALWAYS BUILD), BUILD DURATION: 41ms

***** C:\~uize\UIZE-JavaScript-Framework\appendixes\press-center.simple
	TARGET FILE: C:\~uize\UIZE-JavaScript-Framework\appendixes\press-center.html
	BUILT (ALWAYS BUILD), BUILD DURATION: 20ms

***** C:\~uize\UIZE-JavaScript-Framework\appendixes\to-do-documentation.simple
	TARGET FILE: C:\~uize\UIZE-JavaScript-Framework\appendixes\to-do-documentation.html
	BUILT (ALWAYS BUILD), BUILD DURATION: 176ms

***** C:\~uize\UIZE-JavaScript-Framework\appendixes\to-do-general.simple
	TARGET FILE: C:\~uize\UIZE-JavaScript-Framework\appendixes\to-do-general.html
	BUILT (ALWAYS BUILD), BUILD DURATION: 131ms

***** C:\~uize\UIZE-JavaScript-Framework\appendixes\to-do-modules.simple
	TARGET FILE: C:\~uize\UIZE-JavaScript-Framework\appendixes\to-do-modules.html
	BUILT (ALWAYS BUILD), BUILD DURATION: 414ms

***** C:\~uize\UIZE-JavaScript-Framework\appendixes\to-do-news-announcements.simple
	TARGET FILE: C:\~uize\UIZE-JavaScript-Framework\appendixes\to-do-news-announcements.html
	BUILT (ALWAYS BUILD), BUILD DURATION: 8ms

***** C:\~uize\UIZE-JavaScript-Framework\explainers\all-about-scrunching.simple
	TARGET FILE: C:\~uize\UIZE-JavaScript-Framework\explainers\all-about-scrunching.html
	BUILT (ALWAYS BUILD), BUILD DURATION: 28ms

***** C:\~uize\UIZE-JavaScript-Framework\explainers\building-uize-powered-pages.simple
	TARGET FILE: C:\~uize\UIZE-JavaScript-Framework\explainers\building-uize-powered-pages.html
	BUILT (ALWAYS BUILD), BUILD DURATION: 11ms

***** C:\~uize\UIZE-JavaScript-Framework\explainers\creating-a-new-uize-example-page.simple
	TARGET FILE: C:\~uize\UIZE-JavaScript-Framework\explainers\creating-a-new-uize-example-page.html
	BUILT (ALWAYS BUILD), BUILD DURATION: 30ms

***** C:\~uize\UIZE-JavaScript-Framework\explainers\creating-a-new-uize-module.simple
	TARGET FILE: C:\~uize\UIZE-JavaScript-Framework\explainers\creating-a-new-uize-module.html
	BUILT (ALWAYS BUILD), BUILD DURATION: 48ms

***** C:\~uize\UIZE-JavaScript-Framework\explainers\general-constructs.simple
	TARGET FILE: C:\~uize\UIZE-JavaScript-Framework\explainers\general-constructs.html
	BUILT (ALWAYS BUILD), BUILD DURATION: 42ms

***** C:\~uize\UIZE-JavaScript-Framework\explainers\getting-started.simple
	TARGET FILE: C:\~uize\UIZE-JavaScript-Framework\explainers\getting-started.html
	BUILT (ALWAYS BUILD), BUILD DURATION: 23ms

***** C:\~uize\UIZE-JavaScript-Framework\explainers\introduction-to-uize.simple
	TARGET FILE: C:\~uize\UIZE-JavaScript-Framework\explainers\introduction-to-uize.html
	BUILT (ALWAYS BUILD), BUILD DURATION: 13ms

***** C:\~uize\UIZE-JavaScript-Framework\explainers\javascript-animation-and-effects.simple
	TARGET FILE: C:\~uize\UIZE-JavaScript-Framework\explainers\javascript-animation-and-effects.html
	BUILT (ALWAYS BUILD), BUILD DURATION: 105ms

***** C:\~uize\UIZE-JavaScript-Framework\explainers\javascript-bookmarklets.simple
	TARGET FILE: C:\~uize\UIZE-JavaScript-Framework\explainers\javascript-bookmarklets.html
	BUILT (ALWAYS BUILD), BUILD DURATION: 15ms

***** C:\~uize\UIZE-JavaScript-Framework\explainers\javascript-build-scripts.simple
	TARGET FILE: C:\~uize\UIZE-JavaScript-Framework\explainers\javascript-build-scripts.html
	BUILT (ALWAYS BUILD), BUILD DURATION: 75ms

***** C:\~uize\UIZE-JavaScript-Framework\explainers\javascript-documentation-system.simple
	TARGET FILE: C:\~uize\UIZE-JavaScript-Framework\explainers\javascript-documentation-system.html
	BUILT (ALWAYS BUILD), BUILD DURATION: 180ms

***** C:\~uize\UIZE-JavaScript-Framework\explainers\javascript-dom-events.simple
	TARGET FILE: C:\~uize\UIZE-JavaScript-Framework\explainers\javascript-dom-events.html
	BUILT (ALWAYS BUILD), BUILD DURATION: 37ms

***** C:\~uize\UIZE-JavaScript-Framework\explainers\javascript-event-system.simple
	TARGET FILE: C:\~uize\UIZE-JavaScript-Framework\explainers\javascript-event-system.html
	BUILT (ALWAYS BUILD), BUILD DURATION: 18ms

***** C:\~uize\UIZE-JavaScript-Framework\explainers\javascript-inheritance.simple
	TARGET FILE: C:\~uize\UIZE-JavaScript-Framework\explainers\javascript-inheritance.html
	BUILT (ALWAYS BUILD), BUILD DURATION: 50ms

***** C:\~uize\UIZE-JavaScript-Framework\explainers\javascript-libraries.simple
	TARGET FILE: C:\~uize\UIZE-JavaScript-Framework\explainers\javascript-libraries.html
	BUILT (ALWAYS BUILD), BUILD DURATION: 34ms

***** C:\~uize\UIZE-JavaScript-Framework\explainers\javascript-localization.simple
	TARGET FILE: C:\~uize\UIZE-JavaScript-Framework\explainers\javascript-localization.html
	BUILT (ALWAYS BUILD), BUILD DURATION: 25ms

***** C:\~uize\UIZE-JavaScript-Framework\explainers\javascript-modules.simple
	TARGET FILE: C:\~uize\UIZE-JavaScript-Framework\explainers\javascript-modules.html
	BUILT (ALWAYS BUILD), BUILD DURATION: 58ms

***** C:\~uize\UIZE-JavaScript-Framework\explainers\javascript-templates.simple
	TARGET FILE: C:\~uize\UIZE-JavaScript-Framework\explainers\javascript-templates.html
	BUILT (ALWAYS BUILD), BUILD DURATION: 34ms

***** C:\~uize\UIZE-JavaScript-Framework\explainers\javascript-testing-framework.simple
	TARGET FILE: C:\~uize\UIZE-JavaScript-Framework\explainers\javascript-testing-framework.html
	BUILT (ALWAYS BUILD), BUILD DURATION: 60ms

***** C:\~uize\UIZE-JavaScript-Framework\explainers\javascript-troubleshooting.simple
	TARGET FILE: C:\~uize\UIZE-JavaScript-Framework\explainers\javascript-troubleshooting.html
	BUILT (ALWAYS BUILD), BUILD DURATION: 34ms

***** C:\~uize\UIZE-JavaScript-Framework\explainers\javascript-widgets.simple
	TARGET FILE: C:\~uize\UIZE-JavaScript-Framework\explainers\javascript-widgets.html
	BUILT (ALWAYS BUILD), BUILD DURATION: 101ms

***** C:\~uize\UIZE-JavaScript-Framework\explainers\overview-of-features.simple
	TARGET FILE: C:\~uize\UIZE-JavaScript-Framework\explainers\overview-of-features.html
	BUILT (ALWAYS BUILD), BUILD DURATION: 39ms

***** C:\~uize\UIZE-JavaScript-Framework\explainers\philosophy-of-uize.simple
	TARGET FILE: C:\~uize\UIZE-JavaScript-Framework\explainers\philosophy-of-uize.html
	BUILT (ALWAYS BUILD), BUILD DURATION: 17ms

***** C:\~uize\UIZE-JavaScript-Framework\explainers\state-properties.simple
	TARGET FILE: C:\~uize\UIZE-JavaScript-Framework\explainers\state-properties.html
	BUILT (ALWAYS BUILD), BUILD DURATION: 79ms

***** C:\~uize\UIZE-JavaScript-Framework\explainers\using-the-delve-tool.simple
	TARGET FILE: C:\~uize\UIZE-JavaScript-Framework\explainers\using-the-delve-tool.html
	BUILT (ALWAYS BUILD), BUILD DURATION: 179ms

***** C:\~uize\UIZE-JavaScript-Framework\explainers\using-the-documentation.simple
	TARGET FILE: C:\~uize\UIZE-JavaScript-Framework\explainers\using-the-documentation.html
	BUILT (ALWAYS BUILD), BUILD DURATION: 15ms

***** C:\~uize\UIZE-JavaScript-Framework\javascript-reference\Array.simple
	TARGET FILE: C:\~uize\UIZE-JavaScript-Framework\javascript-reference\Array.html
	BUILT (ALWAYS BUILD), BUILD DURATION: 111ms

***** C:\~uize\UIZE-JavaScript-Framework\javascript-reference\Boolean.simple
	TARGET FILE: C:\~uize\UIZE-JavaScript-Framework\javascript-reference\Boolean.html
	BUILT (ALWAYS BUILD), BUILD DURATION: 6ms

***** C:\~uize\UIZE-JavaScript-Framework\javascript-reference\Date.simple
	TARGET FILE: C:\~uize\UIZE-JavaScript-Framework\javascript-reference\Date.html
	BUILT (ALWAYS BUILD), BUILD DURATION: 15ms

***** C:\~uize\UIZE-JavaScript-Framework\javascript-reference\Function.simple
	TARGET FILE: C:\~uize\UIZE-JavaScript-Framework\javascript-reference\Function.html
	BUILT (ALWAYS BUILD), BUILD DURATION: 14ms

***** C:\~uize\UIZE-JavaScript-Framework\javascript-reference\Math.simple
	TARGET FILE: C:\~uize\UIZE-JavaScript-Framework\javascript-reference\Math.html
	BUILT (ALWAYS BUILD), BUILD DURATION: 11ms

***** C:\~uize\UIZE-JavaScript-Framework\javascript-reference\Number.simple
	TARGET FILE: C:\~uize\UIZE-JavaScript-Framework\javascript-reference\Number.html
	BUILT (ALWAYS BUILD), BUILD DURATION: 8ms

***** C:\~uize\UIZE-JavaScript-Framework\javascript-reference\Object.simple
	TARGET FILE: C:\~uize\UIZE-JavaScript-Framework\javascript-reference\Object.html
	BUILT (ALWAYS BUILD), BUILD DURATION: 6ms

***** C:\~uize\UIZE-JavaScript-Framework\javascript-reference\RegExp.simple
	TARGET FILE: C:\~uize\UIZE-JavaScript-Framework\javascript-reference\RegExp.html
	BUILT (ALWAYS BUILD), BUILD DURATION: 9ms

***** C:\~uize\UIZE-JavaScript-Framework\javascript-reference\String.simple
	TARGET FILE: C:\~uize\UIZE-JavaScript-Framework\javascript-reference\String.html
	BUILT (ALWAYS BUILD), BUILD DURATION: 11ms

***** C:\~uize\UIZE-JavaScript-Framework\javascript-reference\Window.simple
	TARGET FILE: C:\~uize\UIZE-JavaScript-Framework\javascript-reference\Window.html
	BUILT (ALWAYS BUILD), BUILD DURATION: 7ms

***** C:\~uize\UIZE-JavaScript-Framework\javascript-reference\XMLHttpRequest.simple
	TARGET FILE: C:\~uize\UIZE-JavaScript-Framework\javascript-reference\XMLHttpRequest.html
	BUILT (ALWAYS BUILD), BUILD DURATION: 6ms

***** C:\~uize\UIZE-JavaScript-Framework\news\2006-07-02-NEW-EXAMPLE-Shared-UI-Example.simple
	TARGET FILE: C:\~uize\UIZE-JavaScript-Framework\news\2006-07-02-NEW-EXAMPLE-Shared-UI-Example.html
	BUILT (ALWAYS BUILD), BUILD DURATION: 4ms

***** C:\~uize\UIZE-JavaScript-Framework\news\2006-07-05-Refactored-idPrefix-Scheme.simple
	TARGET FILE: C:\~uize\UIZE-JavaScript-Framework\news\2006-07-05-Refactored-idPrefix-Scheme.html
	BUILT (ALWAYS BUILD), BUILD DURATION: 2ms

***** C:\~uize\UIZE-JavaScript-Framework\news\2006-07-12-NEW-EXAMPLE-Tiled-Zoom-and-Pan-Example.simple
	TARGET FILE: C:\~uize\UIZE-JavaScript-Framework\news\2006-07-12-NEW-EXAMPLE-Tiled-Zoom-and-Pan-Example.html
	BUILT (ALWAYS BUILD), BUILD DURATION: 2ms

***** C:\~uize\UIZE-JavaScript-Framework\news\2006-07-15-Performance-Optimization.simple
	TARGET FILE: C:\~uize\UIZE-JavaScript-Framework\news\2006-07-15-Performance-Optimization.html
	BUILT (ALWAYS BUILD), BUILD DURATION: 2ms

***** C:\~uize\UIZE-JavaScript-Framework\news\2006-07-23-More-Performance-Optimization.simple
	TARGET FILE: C:\~uize\UIZE-JavaScript-Framework\news\2006-07-23-More-Performance-Optimization.html
	BUILT (ALWAYS BUILD), BUILD DURATION: 2ms

***** C:\~uize\UIZE-JavaScript-Framework\news\2006-12-30-More-Documentation.simple
	TARGET FILE: C:\~uize\UIZE-JavaScript-Framework\news\2006-12-30-More-Documentation.html
	BUILT (ALWAYS BUILD), BUILD DURATION: 4ms

***** C:\~uize\UIZE-JavaScript-Framework\news\2006-12-30-More-Tests.simple
	TARGET FILE: C:\~uize\UIZE-JavaScript-Framework\news\2006-12-30-More-Tests.html
	BUILT (ALWAYS BUILD), BUILD DURATION: 2ms

***** C:\~uize\UIZE-JavaScript-Framework\news\2008-05-08-More-Examples-More-Documentation-Downloadable.simple
	TARGET FILE: C:\~uize\UIZE-JavaScript-Framework\news\2008-05-08-More-Examples-More-Documentation-Downloadable.html
	BUILT (ALWAYS BUILD), BUILD DURATION: 2ms

***** C:\~uize\UIZE-JavaScript-Framework\news\2008-05-28-Framework-Updates.simple
	TARGET FILE: C:\~uize\UIZE-JavaScript-Framework\news\2008-05-28-Framework-Updates.html
	BUILT (ALWAYS BUILD), BUILD DURATION: 7ms

***** C:\~uize\UIZE-JavaScript-Framework\news\2008-06-03-Latest-Improvements.simple
	TARGET FILE: C:\~uize\UIZE-JavaScript-Framework\news\2008-06-03-Latest-Improvements.html
	BUILT (ALWAYS BUILD), BUILD DURATION: 6ms

***** C:\~uize\UIZE-JavaScript-Framework\news\2008-06-10-Updates.simple
	TARGET FILE: C:\~uize\UIZE-JavaScript-Framework\news\2008-06-10-Updates.html
	BUILT (ALWAYS BUILD), BUILD DURATION: 6ms

***** C:\~uize\UIZE-JavaScript-Framework\news\2008-06-17-New-Features-Changes.simple
	TARGET FILE: C:\~uize\UIZE-JavaScript-Framework\news\2008-06-17-New-Features-Changes.html
	BUILT (ALWAYS BUILD), BUILD DURATION: 4ms

***** C:\~uize\UIZE-JavaScript-Framework\news\2008-06-19-New-Documentation.simple
	TARGET FILE: C:\~uize\UIZE-JavaScript-Framework\news\2008-06-19-New-Documentation.html
	BUILT (ALWAYS BUILD), BUILD DURATION: 5ms

***** C:\~uize\UIZE-JavaScript-Framework\news\2008-06-24-New-Tool.simple
	TARGET FILE: C:\~uize\UIZE-JavaScript-Framework\news\2008-06-24-New-Tool.html
	BUILT (ALWAYS BUILD), BUILD DURATION: 2ms

***** C:\~uize\UIZE-JavaScript-Framework\news\2008-06-27-New-Features.simple
	TARGET FILE: C:\~uize\UIZE-JavaScript-Framework\news\2008-06-27-New-Features.html
	BUILT (ALWAYS BUILD), BUILD DURATION: 2ms

***** C:\~uize\UIZE-JavaScript-Framework\news\2008-07-01-NEW-WIDGET-Uize.Widget.AutoTooltip.simple
	TARGET FILE: C:\~uize\UIZE-JavaScript-Framework\news\2008-07-01-NEW-WIDGET-Uize.Widget.AutoTooltip.html
	BUILT (ALWAYS BUILD), BUILD DURATION: 2ms

***** C:\~uize\UIZE-JavaScript-Framework\news\2008-07-02-Bug-Fixes.simple
	TARGET FILE: C:\~uize\UIZE-JavaScript-Framework\news\2008-07-02-Bug-Fixes.html
	BUILT (ALWAYS BUILD), BUILD DURATION: 4ms

***** C:\~uize\UIZE-JavaScript-Framework\news\2008-07-07-New-Modules-Refactoring-Documentation.simple
	TARGET FILE: C:\~uize\UIZE-JavaScript-Framework\news\2008-07-07-New-Modules-Refactoring-Documentation.html
	BUILT (ALWAYS BUILD), BUILD DURATION: 3ms

***** C:\~uize\UIZE-JavaScript-Framework\news\2008-07-13-NEW-MODULE-Uize.Xml.simple
	TARGET FILE: C:\~uize\UIZE-JavaScript-Framework\news\2008-07-13-NEW-MODULE-Uize.Xml.html
	BUILT (ALWAYS BUILD), BUILD DURATION: 2ms

***** C:\~uize\UIZE-JavaScript-Framework\news\2008-07-19-IMPROVED-MODULE-Uize.Node.simple
	TARGET FILE: C:\~uize\UIZE-JavaScript-Framework\news\2008-07-19-IMPROVED-MODULE-Uize.Node.html
	BUILT (ALWAYS BUILD), BUILD DURATION: 5ms

***** C:\~uize\UIZE-JavaScript-Framework\news\2008-07-28-Lots-of-Improvements.simple
	TARGET FILE: C:\~uize\UIZE-JavaScript-Framework\news\2008-07-28-Lots-of-Improvements.html
	BUILT (ALWAYS BUILD), BUILD DURATION: 3ms

***** C:\~uize\UIZE-JavaScript-Framework\news\2008-08-02-IMPROVED-MODULE-Uize.Template.simple
	TARGET FILE: C:\~uize\UIZE-JavaScript-Framework\news\2008-08-02-IMPROVED-MODULE-Uize.Template.html
	BUILT (ALWAYS BUILD), BUILD DURATION: 2ms

***** C:\~uize\UIZE-JavaScript-Framework\news\2008-08-09-Lots-of-Improvements.simple
	TARGET FILE: C:\~uize\UIZE-JavaScript-Framework\news\2008-08-09-Lots-of-Improvements.html
	BUILT (ALWAYS BUILD), BUILD DURATION: 7ms

***** C:\~uize\UIZE-JavaScript-Framework\news\2008-08-15-Framework-Changes.simple
	TARGET FILE: C:\~uize\UIZE-JavaScript-Framework\news\2008-08-15-Framework-Changes.html
	BUILT (ALWAYS BUILD), BUILD DURATION: 8ms

***** C:\~uize\UIZE-JavaScript-Framework\news\2008-08-27-Framework-Changes-New-Examples-Optimization.simple
	TARGET FILE: C:\~uize\UIZE-JavaScript-Framework\news\2008-08-27-Framework-Changes-New-Examples-Optimization.html
	BUILT (ALWAYS BUILD), BUILD DURATION: 11ms

***** C:\~uize\UIZE-JavaScript-Framework\news\2008-09-27-Improved-Modules.simple
	TARGET FILE: C:\~uize\UIZE-JavaScript-Framework\news\2008-09-27-Improved-Modules.html
	BUILT (ALWAYS BUILD), BUILD DURATION: 16ms

***** C:\~uize\UIZE-JavaScript-Framework\news\2008-09-28-IMPROVED-MODULE-Uize.SimpleDoc.simple
	TARGET FILE: C:\~uize\UIZE-JavaScript-Framework\news\2008-09-28-IMPROVED-MODULE-Uize.SimpleDoc.html
	BUILT (ALWAYS BUILD), BUILD DURATION: 2ms

***** C:\~uize\UIZE-JavaScript-Framework\news\2008-09-28-JavaScript-Fun.simple
	TARGET FILE: C:\~uize\UIZE-JavaScript-Framework\news\2008-09-28-JavaScript-Fun.html
	BUILT (ALWAYS BUILD), BUILD DURATION: 4ms

***** C:\~uize\UIZE-JavaScript-Framework\news\2008-10-03-Framework-Changes-Build-Script-Tweaks.simple
	TARGET FILE: C:\~uize\UIZE-JavaScript-Framework\news\2008-10-03-Framework-Changes-Build-Script-Tweaks.html
	BUILT (ALWAYS BUILD), BUILD DURATION: 4ms

***** C:\~uize\UIZE-JavaScript-Framework\news\2008-10-03-NEW-EXAMPLE-List-Template.simple
	TARGET FILE: C:\~uize\UIZE-JavaScript-Framework\news\2008-10-03-NEW-EXAMPLE-List-Template.html
	BUILT (ALWAYS BUILD), BUILD DURATION: 2ms

***** C:\~uize\UIZE-JavaScript-Framework\news\2008-10-05-IMPROVED-MODULE-Uize.Data.simple
	TARGET FILE: C:\~uize\UIZE-JavaScript-Framework\news\2008-10-05-IMPROVED-MODULE-Uize.Data.html
	BUILT (ALWAYS BUILD), BUILD DURATION: 1ms

***** C:\~uize\UIZE-JavaScript-Framework\news\2008-10-06-CSS-Tweaks-for-IE.simple
	TARGET FILE: C:\~uize\UIZE-JavaScript-Framework\news\2008-10-06-CSS-Tweaks-for-IE.html
	BUILT (ALWAYS BUILD), BUILD DURATION: 4ms

***** C:\~uize\UIZE-JavaScript-Framework\news\2008-10-09-Bug-Fixes.simple
	TARGET FILE: C:\~uize\UIZE-JavaScript-Framework\news\2008-10-09-Bug-Fixes.html
	BUILT (ALWAYS BUILD), BUILD DURATION: 2ms

***** C:\~uize\UIZE-JavaScript-Framework\news\2008-10-12-Class-Inheritance-Explainer.simple
	TARGET FILE: C:\~uize\UIZE-JavaScript-Framework\news\2008-10-12-Class-Inheritance-Explainer.html
	BUILT (ALWAYS BUILD), BUILD DURATION: 2ms

***** C:\~uize\UIZE-JavaScript-Framework\news\2008-10-13-Bug-Fix.simple
	TARGET FILE: C:\~uize\UIZE-JavaScript-Framework\news\2008-10-13-Bug-Fix.html
	BUILT (ALWAYS BUILD), BUILD DURATION: 1ms

***** C:\~uize\UIZE-JavaScript-Framework\news\2008-10-27-Bug-Fixes.simple
	TARGET FILE: C:\~uize\UIZE-JavaScript-Framework\news\2008-10-27-Bug-Fixes.html
	BUILT (ALWAYS BUILD), BUILD DURATION: 4ms

***** C:\~uize\UIZE-JavaScript-Framework\news\2008-11-05-IMPROVED-MODULE-Uize.Data.simple
	TARGET FILE: C:\~uize\UIZE-JavaScript-Framework\news\2008-11-05-IMPROVED-MODULE-Uize.Data.html
	BUILT (ALWAYS BUILD), BUILD DURATION: 2ms

***** C:\~uize\UIZE-JavaScript-Framework\news\2008-11-05-New-Explainer-on-State-Properties.simple
	TARGET FILE: C:\~uize\UIZE-JavaScript-Framework\news\2008-11-05-New-Explainer-on-State-Properties.html
	BUILT (ALWAYS BUILD), BUILD DURATION: 2ms

***** C:\~uize\UIZE-JavaScript-Framework\news\2008-11-07-Deprecated-Methods-Killed.simple
	TARGET FILE: C:\~uize\UIZE-JavaScript-Framework\news\2008-11-07-Deprecated-Methods-Killed.html
	BUILT (ALWAYS BUILD), BUILD DURATION: 2ms

***** C:\~uize\UIZE-JavaScript-Framework\news\2008-11-13-MINOR-TWEAKS-AND-FIXES.simple
	TARGET FILE: C:\~uize\UIZE-JavaScript-Framework\news\2008-11-13-MINOR-TWEAKS-AND-FIXES.html
	BUILT (ALWAYS BUILD), BUILD DURATION: 4ms

***** C:\~uize\UIZE-JavaScript-Framework\news\2008-11-15-DIALOG-UPDATES-Setting-OK-and-CANCEL-Text.simple
	TARGET FILE: C:\~uize\UIZE-JavaScript-Framework\news\2008-11-15-DIALOG-UPDATES-Setting-OK-and-CANCEL-Text.html
	BUILT (ALWAYS BUILD), BUILD DURATION: 3ms

***** C:\~uize\UIZE-JavaScript-Framework\news\2008-11-16-IMPROVED-MODULE-Uize.simple
	TARGET FILE: C:\~uize\UIZE-JavaScript-Framework\news\2008-11-16-IMPROVED-MODULE-Uize.html
	BUILT (ALWAYS BUILD), BUILD DURATION: 7ms

***** C:\~uize\UIZE-JavaScript-Framework\news\2008-11-18-IMPROVED-MODULE-Uize.Widget.Button.simple
	TARGET FILE: C:\~uize\UIZE-JavaScript-Framework\news\2008-11-18-IMPROVED-MODULE-Uize.Widget.Button.html
	BUILT (ALWAYS BUILD), BUILD DURATION: 2ms

***** C:\~uize\UIZE-JavaScript-Framework\news\2008-11-20-IMPROVED-MODULE-Uize.Fade.simple
	TARGET FILE: C:\~uize\UIZE-JavaScript-Framework\news\2008-11-20-IMPROVED-MODULE-Uize.Fade.html
	BUILT (ALWAYS BUILD), BUILD DURATION: 2ms

***** C:\~uize\UIZE-JavaScript-Framework\news\2008-11-23-NEW-EXAMPLE-Fade-As-a-Graph.simple
	TARGET FILE: C:\~uize\UIZE-JavaScript-Framework\news\2008-11-23-NEW-EXAMPLE-Fade-As-a-Graph.html
	BUILT (ALWAYS BUILD), BUILD DURATION: 3ms

***** C:\~uize\UIZE-JavaScript-Framework\news\2008-11-26-UPDATED-DOCUMENTATION.simple
	TARGET FILE: C:\~uize\UIZE-JavaScript-Framework\news\2008-11-26-UPDATED-DOCUMENTATION.html
	BUILT (ALWAYS BUILD), BUILD DURATION: 4ms

***** C:\~uize\UIZE-JavaScript-Framework\news\2008-11-27-IMPROVED-MODULE-Uize.Fade.simple
	TARGET FILE: C:\~uize\UIZE-JavaScript-Framework\news\2008-11-27-IMPROVED-MODULE-Uize.Fade.html
	BUILT (ALWAYS BUILD), BUILD DURATION: 2ms

***** C:\~uize\UIZE-JavaScript-Framework\news\2008-12-01-NEW-EXAMPLE-Fade-As-a-Color-Chart.simple
	TARGET FILE: C:\~uize\UIZE-JavaScript-Framework\news\2008-12-01-NEW-EXAMPLE-Fade-As-a-Color-Chart.html
	BUILT (ALWAYS BUILD), BUILD DURATION: 2ms

***** C:\~uize\UIZE-JavaScript-Framework\news\2008-12-03-IMPROVED-MODULE-Uize.Fade-Gets-Quantization.simple
	TARGET FILE: C:\~uize\UIZE-JavaScript-Framework\news\2008-12-03-IMPROVED-MODULE-Uize.Fade-Gets-Quantization.html
	BUILT (ALWAYS BUILD), BUILD DURATION: 2ms

***** C:\~uize\UIZE-JavaScript-Framework\news\2008-12-03-NEW-EXAMPLE-Fade-Quantization-Chart.simple
	TARGET FILE: C:\~uize\UIZE-JavaScript-Framework\news\2008-12-03-NEW-EXAMPLE-Fade-Quantization-Chart.html
	BUILT (ALWAYS BUILD), BUILD DURATION: 2ms

***** C:\~uize\UIZE-JavaScript-Framework\news\2008-12-06-NEW-TOOL-Simple-Data-Tester.simple
	TARGET FILE: C:\~uize\UIZE-JavaScript-Framework\news\2008-12-06-NEW-TOOL-Simple-Data-Tester.html
	BUILT (ALWAYS BUILD), BUILD DURATION: 4ms

***** C:\~uize\UIZE-JavaScript-Framework\news\2008-12-07-NEW-METHOD-Uize.constrain.simple
	TARGET FILE: C:\~uize\UIZE-JavaScript-Framework\news\2008-12-07-NEW-METHOD-Uize.constrain.html
	BUILT (ALWAYS BUILD), BUILD DURATION: 2ms

***** C:\~uize\UIZE-JavaScript-Framework\news\2008-12-08-NEW-DOCUMENTATION-Uize.Widget.SlideShow.simple
	TARGET FILE: C:\~uize\UIZE-JavaScript-Framework\news\2008-12-08-NEW-DOCUMENTATION-Uize.Widget.SlideShow.html
	BUILT (ALWAYS BUILD), BUILD DURATION: 2ms

***** C:\~uize\UIZE-JavaScript-Framework\news\2008-12-08-UIZE-IN-THE-NEWS.simple
	TARGET FILE: C:\~uize\UIZE-JavaScript-Framework\news\2008-12-08-UIZE-IN-THE-NEWS.html
	BUILT (ALWAYS BUILD), BUILD DURATION: 2ms

***** C:\~uize\UIZE-JavaScript-Framework\news\2008-12-12-New-Features-and-Framework-Changes.simple
	TARGET FILE: C:\~uize\UIZE-JavaScript-Framework\news\2008-12-12-New-Features-and-Framework-Changes.html
	BUILT (ALWAYS BUILD), BUILD DURATION: 6ms

***** C:\~uize\UIZE-JavaScript-Framework\news\2008-12-16-Performance-Optimization.simple
	TARGET FILE: C:\~uize\UIZE-JavaScript-Framework\news\2008-12-16-Performance-Optimization.html
	BUILT (ALWAYS BUILD), BUILD DURATION: 2ms

***** C:\~uize\UIZE-JavaScript-Framework\news\2008-12-16-UIZE-Official-Merchandise-Store.simple
	TARGET FILE: C:\~uize\UIZE-JavaScript-Framework\news\2008-12-16-UIZE-Official-Merchandise-Store.html
	BUILT (ALWAYS BUILD), BUILD DURATION: 2ms

***** C:\~uize\UIZE-JavaScript-Framework\news\2008-12-17-Uize.Node.doLinesOverlap-Method-Killed.simple
	TARGET FILE: C:\~uize\UIZE-JavaScript-Framework\news\2008-12-17-Uize.Node.doLinesOverlap-Method-Killed.html
	BUILT (ALWAYS BUILD), BUILD DURATION: 2ms

***** C:\~uize\UIZE-JavaScript-Framework\news\2008-12-18-NEW-DOCUMENTATION-Uize.Node.simple
	TARGET FILE: C:\~uize\UIZE-JavaScript-Framework\news\2008-12-18-NEW-DOCUMENTATION-Uize.Node.html
	BUILT (ALWAYS BUILD), BUILD DURATION: 4ms

***** C:\~uize\UIZE-JavaScript-Framework\news\2008-12-20-DOCUMENTATION-JavaScript-Documentation-System.simple
	TARGET FILE: C:\~uize\UIZE-JavaScript-Framework\news\2008-12-20-DOCUMENTATION-JavaScript-Documentation-System.html
	BUILT (ALWAYS BUILD), BUILD DURATION: 2ms

***** C:\~uize\UIZE-JavaScript-Framework\news\2008-12-23-IMPROVED-TOOL-JavaScript-Template-Tester.simple
	TARGET FILE: C:\~uize\UIZE-JavaScript-Framework\news\2008-12-23-IMPROVED-TOOL-JavaScript-Template-Tester.html
	BUILT (ALWAYS BUILD), BUILD DURATION: 2ms

***** C:\~uize\UIZE-JavaScript-Framework\news\2008-12-24-IMPROVED-MODULE-Uize.Data.simple
	TARGET FILE: C:\~uize\UIZE-JavaScript-Framework\news\2008-12-24-IMPROVED-MODULE-Uize.Data.html
	BUILT (ALWAYS BUILD), BUILD DURATION: 5ms

***** C:\~uize\UIZE-JavaScript-Framework\news\2008-12-25-NEW-EXAMPLE-Dynamic-Collection.simple
	TARGET FILE: C:\~uize\UIZE-JavaScript-Framework\news\2008-12-25-NEW-EXAMPLE-Dynamic-Collection.html
	BUILT (ALWAYS BUILD), BUILD DURATION: 2ms

***** C:\~uize\UIZE-JavaScript-Framework\news\2008-12-28-Optimization-and-Fixes.simple
	TARGET FILE: C:\~uize\UIZE-JavaScript-Framework\news\2008-12-28-Optimization-and-Fixes.html
	BUILT (ALWAYS BUILD), BUILD DURATION: 2ms

***** C:\~uize\UIZE-JavaScript-Framework\news\2008-12-29-GET-INVOLVED---Join-the-UIZE-Google-Group.simple
	TARGET FILE: C:\~uize\UIZE-JavaScript-Framework\news\2008-12-29-GET-INVOLVED---Join-the-UIZE-Google-Group.html
	BUILT (ALWAYS BUILD), BUILD DURATION: 2ms

***** C:\~uize\UIZE-JavaScript-Framework\news\2009-01-02-NEW-MODULE-Uize.Fade.xFactory.simple
	TARGET FILE: C:\~uize\UIZE-JavaScript-Framework\news\2009-01-02-NEW-MODULE-Uize.Fade.xFactory.html
	BUILT (ALWAYS BUILD), BUILD DURATION: 2ms

***** C:\~uize\UIZE-JavaScript-Framework\news\2009-01-03-NEW-MODULE-Uize.Widget.HoverFader.simple
	TARGET FILE: C:\~uize\UIZE-JavaScript-Framework\news\2009-01-03-NEW-MODULE-Uize.Widget.HoverFader.html
	BUILT (ALWAYS BUILD), BUILD DURATION: 4ms

***** C:\~uize\UIZE-JavaScript-Framework\news\2009-01-05-NEW-EXAMPLE-Fading-Links.simple
	TARGET FILE: C:\~uize\UIZE-JavaScript-Framework\news\2009-01-05-NEW-EXAMPLE-Fading-Links.html
	BUILT (ALWAYS BUILD), BUILD DURATION: 2ms

***** C:\~uize\UIZE-JavaScript-Framework\news\2009-01-08-NEW-METHOD-Uize.Data.map.simple
	TARGET FILE: C:\~uize\UIZE-JavaScript-Framework\news\2009-01-08-NEW-METHOD-Uize.Data.map.html
	BUILT (ALWAYS BUILD), BUILD DURATION: 3ms

***** C:\~uize\UIZE-JavaScript-Framework\news\2009-01-11-NEW-DOCUMENTATION-Uize.Widget.MagView.simple
	TARGET FILE: C:\~uize\UIZE-JavaScript-Framework\news\2009-01-11-NEW-DOCUMENTATION-Uize.Widget.MagView.html
	BUILT (ALWAYS BUILD), BUILD DURATION: 2ms

***** C:\~uize\UIZE-JavaScript-Framework\news\2009-01-12-NEW-DOCUMENTATION-Widget-Adoption.simple
	TARGET FILE: C:\~uize\UIZE-JavaScript-Framework\news\2009-01-12-NEW-DOCUMENTATION-Widget-Adoption.html
	BUILT (ALWAYS BUILD), BUILD DURATION: 4ms

***** C:\~uize\UIZE-JavaScript-Framework\news\2009-01-15-IMPROVED-METHODS-Uize.indexIn-and-Uize.isIn.simple
	TARGET FILE: C:\~uize\UIZE-JavaScript-Framework\news\2009-01-15-IMPROVED-METHODS-Uize.indexIn-and-Uize.isIn.html
	BUILT (ALWAYS BUILD), BUILD DURATION: 2ms

***** C:\~uize\UIZE-JavaScript-Framework\news\2009-01-17-PERFORMANCE-IMPROVEMENTS-Uize.Node.simple
	TARGET FILE: C:\~uize\UIZE-JavaScript-Framework\news\2009-01-17-PERFORMANCE-IMPROVEMENTS-Uize.Node.html
	BUILT (ALWAYS BUILD), BUILD DURATION: 1ms

***** C:\~uize\UIZE-JavaScript-Framework\news\2009-01-18-IMPROVED-MODULE-Uize.Widget.simple
	TARGET FILE: C:\~uize\UIZE-JavaScript-Framework\news\2009-01-18-IMPROVED-MODULE-Uize.Widget.html
	BUILT (ALWAYS BUILD), BUILD DURATION: 2ms

***** C:\~uize\UIZE-JavaScript-Framework\news\2009-01-18-NEW-EXAMPLE-Dynamic-Options.simple
	TARGET FILE: C:\~uize\UIZE-JavaScript-Framework\news\2009-01-18-NEW-EXAMPLE-Dynamic-Options.html
	BUILT (ALWAYS BUILD), BUILD DURATION: 4ms

***** C:\~uize\UIZE-JavaScript-Framework\news\2009-01-19-IMPROVED-MODULE-Uize.Widget.ImageWipe.simple
	TARGET FILE: C:\~uize\UIZE-JavaScript-Framework\news\2009-01-19-IMPROVED-MODULE-Uize.Widget.ImageWipe.html
	BUILT (ALWAYS BUILD), BUILD DURATION: 3ms

***** C:\~uize\UIZE-JavaScript-Framework\news\2009-01-20-NEW-MODULE-Uize.Widget.ImageWipe.xPresets.simple
	TARGET FILE: C:\~uize\UIZE-JavaScript-Framework\news\2009-01-20-NEW-MODULE-Uize.Widget.ImageWipe.xPresets.html
	BUILT (ALWAYS BUILD), BUILD DURATION: 3ms

***** C:\~uize\UIZE-JavaScript-Framework\news\2009-01-21-IMPROVED-EXAMPLE-ImageWipe.simple
	TARGET FILE: C:\~uize\UIZE-JavaScript-Framework\news\2009-01-21-IMPROVED-EXAMPLE-ImageWipe.html
	BUILT (ALWAYS BUILD), BUILD DURATION: 3ms

***** C:\~uize\UIZE-JavaScript-Framework\news\2009-01-22-NEW-DOCUMENTATION-Uize.Widget.ImageWipe.simple
	TARGET FILE: C:\~uize\UIZE-JavaScript-Framework\news\2009-01-22-NEW-DOCUMENTATION-Uize.Widget.ImageWipe.html
	BUILT (ALWAYS BUILD), BUILD DURATION: 2ms

***** C:\~uize\UIZE-JavaScript-Framework\news\2009-01-30-IMPROVED-MODULE-Uize.simple
	TARGET FILE: C:\~uize\UIZE-JavaScript-Framework\news\2009-01-30-IMPROVED-MODULE-Uize.html
	BUILT (ALWAYS BUILD), BUILD DURATION: 2ms

***** C:\~uize\UIZE-JavaScript-Framework\news\2009-01-30-IMPROVED-MODULE-Uize.Widget.simple
	TARGET FILE: C:\~uize\UIZE-JavaScript-Framework\news\2009-01-30-IMPROVED-MODULE-Uize.Widget.html
	BUILT (ALWAYS BUILD), BUILD DURATION: 2ms

***** C:\~uize\UIZE-JavaScript-Framework\news\2009-02-02-NEW-DOCUMENTATION-JavaScript-Localization.simple
	TARGET FILE: C:\~uize\UIZE-JavaScript-Framework\news\2009-02-02-NEW-DOCUMENTATION-JavaScript-Localization.html
	BUILT (ALWAYS BUILD), BUILD DURATION: 2ms

***** C:\~uize\UIZE-JavaScript-Framework\news\2009-02-03-Consolidation-of-Dialog-Classes.simple
	TARGET FILE: C:\~uize\UIZE-JavaScript-Framework\news\2009-02-03-Consolidation-of-Dialog-Classes.html
	BUILT (ALWAYS BUILD), BUILD DURATION: 5ms

***** C:\~uize\UIZE-JavaScript-Framework\news\2009-02-05-NEW-DOCUMENTATION-Uize.Widget.Dialog.xResizable.simple
	TARGET FILE: C:\~uize\UIZE-JavaScript-Framework\news\2009-02-05-NEW-DOCUMENTATION-Uize.Widget.Dialog.xResizable.html
	BUILT (ALWAYS BUILD), BUILD DURATION: 1ms

***** C:\~uize\UIZE-JavaScript-Framework\news\2009-02-07-NEW-DOCUMENTATION-Uize.Widget.Dialog.simple
	TARGET FILE: C:\~uize\UIZE-JavaScript-Framework\news\2009-02-07-NEW-DOCUMENTATION-Uize.Widget.Dialog.html
	BUILT (ALWAYS BUILD), BUILD DURATION: 1ms

***** C:\~uize\UIZE-JavaScript-Framework\news\2009-02-13-BUG-FIX-Uize.Widget.Swap.simple
	TARGET FILE: C:\~uize\UIZE-JavaScript-Framework\news\2009-02-13-BUG-FIX-Uize.Widget.Swap.html
	BUILT (ALWAYS BUILD), BUILD DURATION: 2ms

***** C:\~uize\UIZE-JavaScript-Framework\news\2009-02-14-NEW-MODULE-Uize.Widget.Swap.xPresets.simple
	TARGET FILE: C:\~uize\UIZE-JavaScript-Framework\news\2009-02-14-NEW-MODULE-Uize.Widget.Swap.xPresets.html
	BUILT (ALWAYS BUILD), BUILD DURATION: 5ms

***** C:\~uize\UIZE-JavaScript-Framework\news\2009-02-15-NEW-EXAMPLE-Uize.Widget.Swap.Image.simple
	TARGET FILE: C:\~uize\UIZE-JavaScript-Framework\news\2009-02-15-NEW-EXAMPLE-Uize.Widget.Swap.Image.html
	BUILT (ALWAYS BUILD), BUILD DURATION: 2ms

***** C:\~uize\UIZE-JavaScript-Framework\news\2009-02-16-NEW-DOCUMENTATION-Uize.Widget.Swap.simple
	TARGET FILE: C:\~uize\UIZE-JavaScript-Framework\news\2009-02-16-NEW-DOCUMENTATION-Uize.Widget.Swap.html
	BUILT (ALWAYS BUILD), BUILD DURATION: 2ms

***** C:\~uize\UIZE-JavaScript-Framework\news\2009-02-20-IMPROVED-MODULE-Uize.Widget.Options.simple
	TARGET FILE: C:\~uize\UIZE-JavaScript-Framework\news\2009-02-20-IMPROVED-MODULE-Uize.Widget.Options.html
	BUILT (ALWAYS BUILD), BUILD DURATION: 3ms

***** C:\~uize\UIZE-JavaScript-Framework\news\2009-02-21-IMPROVED-DOCS-JavaScript-Modules.simple
	TARGET FILE: C:\~uize\UIZE-JavaScript-Framework\news\2009-02-21-IMPROVED-DOCS-JavaScript-Modules.html
	BUILT (ALWAYS BUILD), BUILD DURATION: 4ms

***** C:\~uize\UIZE-JavaScript-Framework\news\2009-02-22-IMPROVED-DOCS-JavaScript-Interview-Questions.simple
	TARGET FILE: C:\~uize\UIZE-JavaScript-Framework\news\2009-02-22-IMPROVED-DOCS-JavaScript-Interview-Questions.html
	BUILT (ALWAYS BUILD), BUILD DURATION: 2ms

***** C:\~uize\UIZE-JavaScript-Framework\news\2009-02-23-NEW-EXPLAINER-JavaScript-Troubleshooting.simple
	TARGET FILE: C:\~uize\UIZE-JavaScript-Framework\news\2009-02-23-NEW-EXPLAINER-JavaScript-Troubleshooting.html
	BUILT (ALWAYS BUILD), BUILD DURATION: 2ms

***** C:\~uize\UIZE-JavaScript-Framework\news\2009-02-24-IMPROVED-MODULE-Uize.Widget.simple
	TARGET FILE: C:\~uize\UIZE-JavaScript-Framework\news\2009-02-24-IMPROVED-MODULE-Uize.Widget.html
	BUILT (ALWAYS BUILD), BUILD DURATION: 3ms

***** C:\~uize\UIZE-JavaScript-Framework\news\2009-02-25-NEW-METHOD-Uize.Data.isEmpty.simple
	TARGET FILE: C:\~uize\UIZE-JavaScript-Framework\news\2009-02-25-NEW-METHOD-Uize.Data.isEmpty.html
	BUILT (ALWAYS BUILD), BUILD DURATION: 4ms

***** C:\~uize\UIZE-JavaScript-Framework\news\2009-03-05-IMPROVED-METHOD-toString-Intrinsic-Method.simple
	TARGET FILE: C:\~uize\UIZE-JavaScript-Framework\news\2009-03-05-IMPROVED-METHOD-toString-Intrinsic-Method.html
	BUILT (ALWAYS BUILD), BUILD DURATION: 4ms

***** C:\~uize\UIZE-JavaScript-Framework\news\2009-03-08-NEW-METHOD-Uize.String.hugJoin.simple
	TARGET FILE: C:\~uize\UIZE-JavaScript-Framework\news\2009-03-08-NEW-METHOD-Uize.String.hugJoin.html
	BUILT (ALWAYS BUILD), BUILD DURATION: 2ms

***** C:\~uize\UIZE-JavaScript-Framework\news\2009-03-09-IMPROVED-MODULE-Uize.Wsh.AutoScruncher.simple
	TARGET FILE: C:\~uize\UIZE-JavaScript-Framework\news\2009-03-09-IMPROVED-MODULE-Uize.Wsh.AutoScruncher.html
	BUILT (ALWAYS BUILD), BUILD DURATION: 2ms

***** C:\~uize\UIZE-JavaScript-Framework\news\2009-03-11-IMPROVED-MODULE-Uize.Wsh.simple
	TARGET FILE: C:\~uize\UIZE-JavaScript-Framework\news\2009-03-11-IMPROVED-MODULE-Uize.Wsh.html
	BUILT (ALWAYS BUILD), BUILD DURATION: 3ms

***** C:\~uize\UIZE-JavaScript-Framework\news\2009-03-14-Improved-Build-Scripts.simple
	TARGET FILE: C:\~uize\UIZE-JavaScript-Framework\news\2009-03-14-Improved-Build-Scripts.html
	BUILT (ALWAYS BUILD), BUILD DURATION: 3ms

***** C:\~uize\UIZE-JavaScript-Framework\news\2009-03-17-Improved-Module-Declaration-Mechanism.simple
	TARGET FILE: C:\~uize\UIZE-JavaScript-Framework\news\2009-03-17-Improved-Module-Declaration-Mechanism.html
	BUILT (ALWAYS BUILD), BUILD DURATION: 5ms

***** C:\~uize\UIZE-JavaScript-Framework\news\2009-03-19-NEW-EXPLAINER-JavaScript-Build-Scripts.simple
	TARGET FILE: C:\~uize\UIZE-JavaScript-Framework\news\2009-03-19-NEW-EXPLAINER-JavaScript-Build-Scripts.html
	BUILT (ALWAYS BUILD), BUILD DURATION: 3ms

***** C:\~uize\UIZE-JavaScript-Framework\news\2009-03-21-IMPROVED-MODULE-Uize.Fade.xFactory.simple
	TARGET FILE: C:\~uize\UIZE-JavaScript-Framework\news\2009-03-21-IMPROVED-MODULE-Uize.Fade.xFactory.html
	BUILT (ALWAYS BUILD), BUILD DURATION: 2ms

***** C:\~uize\UIZE-JavaScript-Framework\news\2009-03-22-IMPROVED-MODULE-Uize.Color.simple
	TARGET FILE: C:\~uize\UIZE-JavaScript-Framework\news\2009-03-22-IMPROVED-MODULE-Uize.Color.html
	BUILT (ALWAYS BUILD), BUILD DURATION: 2ms

***** C:\~uize\UIZE-JavaScript-Framework\news\2009-03-23-IMPROVED-MODULE-Uize.Node.simple
	TARGET FILE: C:\~uize\UIZE-JavaScript-Framework\news\2009-03-23-IMPROVED-MODULE-Uize.Node.html
	BUILT (ALWAYS BUILD), BUILD DURATION: 5ms

***** C:\~uize\UIZE-JavaScript-Framework\news\2009-03-24-NEW-MODULE-Uize.Fx.simple
	TARGET FILE: C:\~uize\UIZE-JavaScript-Framework\news\2009-03-24-NEW-MODULE-Uize.Fx.html
	BUILT (ALWAYS BUILD), BUILD DURATION: 2ms

***** C:\~uize\UIZE-JavaScript-Framework\news\2009-03-25-IMPROVED-MODULE-Uize.Widget.HoverFader.simple
	TARGET FILE: C:\~uize\UIZE-JavaScript-Framework\news\2009-03-25-IMPROVED-MODULE-Uize.Widget.HoverFader.html
	BUILT (ALWAYS BUILD), BUILD DURATION: 3ms

***** C:\~uize\UIZE-JavaScript-Framework\news\2009-03-26-GENERAL-IMPROVEMENT-Reduced-Global-Pollution.simple
	TARGET FILE: C:\~uize\UIZE-JavaScript-Framework\news\2009-03-26-GENERAL-IMPROVEMENT-Reduced-Global-Pollution.html
	BUILT (ALWAYS BUILD), BUILD DURATION: 4ms

***** C:\~uize\UIZE-JavaScript-Framework\news\2009-03-27-IMPROVED-MODULE-Uize.Node.simple
	TARGET FILE: C:\~uize\UIZE-JavaScript-Framework\news\2009-03-27-IMPROVED-MODULE-Uize.Node.html
	BUILT (ALWAYS BUILD), BUILD DURATION: 2ms

***** C:\~uize\UIZE-JavaScript-Framework\news\2009-03-27-IMPROVED-MODULE-Uize.simple
	TARGET FILE: C:\~uize\UIZE-JavaScript-Framework\news\2009-03-27-IMPROVED-MODULE-Uize.html
	BUILT (ALWAYS BUILD), BUILD DURATION: 3ms

***** C:\~uize\UIZE-JavaScript-Framework\news\2009-03-31-IMPROVED-MODULE-Uize.Color.simple
	TARGET FILE: C:\~uize\UIZE-JavaScript-Framework\news\2009-03-31-IMPROVED-MODULE-Uize.Color.html
	BUILT (ALWAYS BUILD), BUILD DURATION: 6ms

***** C:\~uize\UIZE-JavaScript-Framework\news\2009-04-01-IMPROVED-MODULE-Uize.Fx.simple
	TARGET FILE: C:\~uize\UIZE-JavaScript-Framework\news\2009-04-01-IMPROVED-MODULE-Uize.Fx.html
	BUILT (ALWAYS BUILD), BUILD DURATION: 3ms

***** C:\~uize\UIZE-JavaScript-Framework\news\2009-04-02-IMPROVED-MODULE-Uize.Widget.simple
	TARGET FILE: C:\~uize\UIZE-JavaScript-Framework\news\2009-04-02-IMPROVED-MODULE-Uize.Widget.html
	BUILT (ALWAYS BUILD), BUILD DURATION: 5ms

***** C:\~uize\UIZE-JavaScript-Framework\news\2009-04-05-NEW-EXAMPLE-Hover-Fader-for-Thumbnails.simple
	TARGET FILE: C:\~uize\UIZE-JavaScript-Framework\news\2009-04-05-NEW-EXAMPLE-Hover-Fader-for-Thumbnails.html
	BUILT (ALWAYS BUILD), BUILD DURATION: 2ms

***** C:\~uize\UIZE-JavaScript-Framework\news\2009-04-06-BUG-FIXES-TWEAKS.simple
	TARGET FILE: C:\~uize\UIZE-JavaScript-Framework\news\2009-04-06-BUG-FIXES-TWEAKS.html
	BUILT (ALWAYS BUILD), BUILD DURATION: 2ms

***** C:\~uize\UIZE-JavaScript-Framework\news\2009-04-09-NEW-DOCUMENTATION-Implied-Nodes.simple
	TARGET FILE: C:\~uize\UIZE-JavaScript-Framework\news\2009-04-09-NEW-DOCUMENTATION-Implied-Nodes.html
	BUILT (ALWAYS BUILD), BUILD DURATION: 2ms

***** C:\~uize\UIZE-JavaScript-Framework\news\2009-04-13-Framework-Change-Uize.getBlankImageUrl-Migrated.simple
	TARGET FILE: C:\~uize\UIZE-JavaScript-Framework\news\2009-04-13-Framework-Change-Uize.getBlankImageUrl-Migrated.html
	BUILT (ALWAYS BUILD), BUILD DURATION: 4ms

***** C:\~uize\UIZE-JavaScript-Framework\news\2009-04-14-Bug-Fix-Unwiring-Node-Events.simple
	TARGET FILE: C:\~uize\UIZE-JavaScript-Framework\news\2009-04-14-Bug-Fix-Unwiring-Node-Events.html
	BUILT (ALWAYS BUILD), BUILD DURATION: 3ms

***** C:\~uize\UIZE-JavaScript-Framework\news\2009-04-15-DOCUMENTATION-UPDATES.simple
	TARGET FILE: C:\~uize\UIZE-JavaScript-Framework\news\2009-04-15-DOCUMENTATION-UPDATES.html
	BUILT (ALWAYS BUILD), BUILD DURATION: 3ms

***** C:\~uize\UIZE-JavaScript-Framework\news\2009-04-15-Uize.Node.setStyle-and-setNodeStyle-Improved.simple
	TARGET FILE: C:\~uize\UIZE-JavaScript-Framework\news\2009-04-15-Uize.Node.setStyle-and-setNodeStyle-Improved.html
	BUILT (ALWAYS BUILD), BUILD DURATION: 7ms

***** C:\~uize\UIZE-JavaScript-Framework\news\2009-04-16-Uize.Color.RgbColor-setHex-Deprecated.simple
	TARGET FILE: C:\~uize\UIZE-JavaScript-Framework\news\2009-04-16-Uize.Color.RgbColor-setHex-Deprecated.html
	BUILT (ALWAYS BUILD), BUILD DURATION: 2ms

***** C:\~uize\UIZE-JavaScript-Framework\news\2009-04-17-IMPROVED-MODULE-Uize.Color.simple
	TARGET FILE: C:\~uize\UIZE-JavaScript-Framework\news\2009-04-17-IMPROVED-MODULE-Uize.Color.html
	BUILT (ALWAYS BUILD), BUILD DURATION: 7ms

***** C:\~uize\UIZE-JavaScript-Framework\news\2009-04-25-NEW-EXAMPLE-Sortable-Color-Table.simple
	TARGET FILE: C:\~uize\UIZE-JavaScript-Framework\news\2009-04-25-NEW-EXAMPLE-Sortable-Color-Table.html
	BUILT (ALWAYS BUILD), BUILD DURATION: 2ms

***** C:\~uize\UIZE-JavaScript-Framework\news\2009-04-25-NEW-MODULE-Uize.Color.xSvgColors.simple
	TARGET FILE: C:\~uize\UIZE-JavaScript-Framework\news\2009-04-25-NEW-MODULE-Uize.Color.xSvgColors.html
	BUILT (ALWAYS BUILD), BUILD DURATION: 2ms

***** C:\~uize\UIZE-JavaScript-Framework\news\2009-04-27-NEW-MODULE-Uize.Color.xHsv.simple
	TARGET FILE: C:\~uize\UIZE-JavaScript-Framework\news\2009-04-27-NEW-MODULE-Uize.Color.xHsv.html
	BUILT (ALWAYS BUILD), BUILD DURATION: 4ms

***** C:\~uize\UIZE-JavaScript-Framework\news\2009-04-28-NEW-EXAMPLE-Color-Sort-by-RGB-Proximity.simple
	TARGET FILE: C:\~uize\UIZE-JavaScript-Framework\news\2009-04-28-NEW-EXAMPLE-Color-Sort-by-RGB-Proximity.html
	BUILT (ALWAYS BUILD), BUILD DURATION: 2ms

***** C:\~uize\UIZE-JavaScript-Framework\news\2009-04-28-NEW-MODULE-Uize.Color.xUtil.simple
	TARGET FILE: C:\~uize\UIZE-JavaScript-Framework\news\2009-04-28-NEW-MODULE-Uize.Color.xUtil.html
	BUILT (ALWAYS BUILD), BUILD DURATION: 3ms

***** C:\~uize\UIZE-JavaScript-Framework\news\2009-05-06-NEW-EXPLAINER-Overview-of-Features.simple
	TARGET FILE: C:\~uize\UIZE-JavaScript-Framework\news\2009-05-06-NEW-EXPLAINER-Overview-of-Features.html
	BUILT (ALWAYS BUILD), BUILD DURATION: 2ms

***** C:\~uize\UIZE-JavaScript-Framework\news\2009-05-10-NEW-MODULE-Uize.Widget.Swap.Deck.simple
	TARGET FILE: C:\~uize\UIZE-JavaScript-Framework\news\2009-05-10-NEW-MODULE-Uize.Widget.Swap.Deck.html
	BUILT (ALWAYS BUILD), BUILD DURATION: 4ms

***** C:\~uize\UIZE-JavaScript-Framework\news\2009-05-11-NEW-EXAMPLE-Deck-Swapper.simple
	TARGET FILE: C:\~uize\UIZE-JavaScript-Framework\news\2009-05-11-NEW-EXAMPLE-Deck-Swapper.html
	BUILT (ALWAYS BUILD), BUILD DURATION: 3ms

***** C:\~uize\UIZE-JavaScript-Framework\news\2009-05-18-NEW-EXPLAINER-Getting-Started.simple
	TARGET FILE: C:\~uize\UIZE-JavaScript-Framework\news\2009-05-18-NEW-EXPLAINER-Getting-Started.html
	BUILT (ALWAYS BUILD), BUILD DURATION: 2ms

***** C:\~uize\UIZE-JavaScript-Framework\news\2009-05-18-NEW-EXPLAINER-Using-the-Documentation.simple
	TARGET FILE: C:\~uize\UIZE-JavaScript-Framework\news\2009-05-18-NEW-EXPLAINER-Using-the-Documentation.html
	BUILT (ALWAYS BUILD), BUILD DURATION: 2ms

***** C:\~uize\UIZE-JavaScript-Framework\news\2009-05-23-NEW-DOCUMENTATION-Uize.Widget.Page.simple
	TARGET FILE: C:\~uize\UIZE-JavaScript-Framework\news\2009-05-23-NEW-DOCUMENTATION-Uize.Widget.Page.html
	BUILT (ALWAYS BUILD), BUILD DURATION: 1ms

***** C:\~uize\UIZE-JavaScript-Framework\news\2009-05-24-IMPROVED-DOCUMENTATION.simple
	TARGET FILE: C:\~uize\UIZE-JavaScript-Framework\news\2009-05-24-IMPROVED-DOCUMENTATION.html
	BUILT (ALWAYS BUILD), BUILD DURATION: 5ms

***** C:\~uize\UIZE-JavaScript-Framework\news\2009-05-25-Miscellaneous-Module-Improvements.simple
	TARGET FILE: C:\~uize\UIZE-JavaScript-Framework\news\2009-05-25-Miscellaneous-Module-Improvements.html
	BUILT (ALWAYS BUILD), BUILD DURATION: 4ms

***** C:\~uize\UIZE-JavaScript-Framework\news\2009-05-27-NEW-DOCUMENTATION-Uize.Widget.Committer.simple
	TARGET FILE: C:\~uize\UIZE-JavaScript-Framework\news\2009-05-27-NEW-DOCUMENTATION-Uize.Widget.Committer.html
	BUILT (ALWAYS BUILD), BUILD DURATION: 4ms

***** C:\~uize\UIZE-JavaScript-Framework\news\2009-05-28-IMPROVED-MODULE-Uize.Widget.Scrolly.simple
	TARGET FILE: C:\~uize\UIZE-JavaScript-Framework\news\2009-05-28-IMPROVED-MODULE-Uize.Widget.Scrolly.html
	BUILT (ALWAYS BUILD), BUILD DURATION: 2ms

***** C:\~uize\UIZE-JavaScript-Framework\news\2009-05-29-NEW-DOCUMENTATION-Uize.Widget.Scrolly.simple
	TARGET FILE: C:\~uize\UIZE-JavaScript-Framework\news\2009-05-29-NEW-DOCUMENTATION-Uize.Widget.Scrolly.html
	BUILT (ALWAYS BUILD), BUILD DURATION: 2ms

***** C:\~uize\UIZE-JavaScript-Framework\news\2009-06-07-Event-System-Improvements.simple
	TARGET FILE: C:\~uize\UIZE-JavaScript-Framework\news\2009-06-07-Event-System-Improvements.html
	BUILT (ALWAYS BUILD), BUILD DURATION: 7ms

***** C:\~uize\UIZE-JavaScript-Framework\news\2009-06-10-NEW-EXPLAINER-JavaScript-Libraries.simple
	TARGET FILE: C:\~uize\UIZE-JavaScript-Framework\news\2009-06-10-NEW-EXPLAINER-JavaScript-Libraries.html
	BUILT (ALWAYS BUILD), BUILD DURATION: 2ms

***** C:\~uize\UIZE-JavaScript-Framework\news\2009-06-16-IMPROVED-MODULE-Uize.Widget.Page.simple
	TARGET FILE: C:\~uize\UIZE-JavaScript-Framework\news\2009-06-16-IMPROVED-MODULE-Uize.Widget.Page.html
	BUILT (ALWAYS BUILD), BUILD DURATION: 2ms

***** C:\~uize\UIZE-JavaScript-Framework\news\2009-06-17-NEW-EXAMPLE-Zooming-Collection-Item.simple
	TARGET FILE: C:\~uize\UIZE-JavaScript-Framework\news\2009-06-17-NEW-EXAMPLE-Zooming-Collection-Item.html
	BUILT (ALWAYS BUILD), BUILD DURATION: 5ms

***** C:\~uize\UIZE-JavaScript-Framework\news\2009-06-21-NEW-STRING-METHODS-startsWith-and-endsWith.simple
	TARGET FILE: C:\~uize\UIZE-JavaScript-Framework\news\2009-06-21-NEW-STRING-METHODS-startsWith-and-endsWith.html
	BUILT (ALWAYS BUILD), BUILD DURATION: 3ms

***** C:\~uize\UIZE-JavaScript-Framework\news\2009-06-22-NEW-EXAMPLE-Hover-Fader-Stretching-Menu.simple
	TARGET FILE: C:\~uize\UIZE-JavaScript-Framework\news\2009-06-22-NEW-EXAMPLE-Hover-Fader-Stretching-Menu.html
	BUILT (ALWAYS BUILD), BUILD DURATION: 2ms

***** C:\~uize\UIZE-JavaScript-Framework\news\2009-06-24-More-Support-for-Find-Expressions.simple
	TARGET FILE: C:\~uize\UIZE-JavaScript-Framework\news\2009-06-24-More-Support-for-Find-Expressions.html
	BUILT (ALWAYS BUILD), BUILD DURATION: 2ms

***** C:\~uize\UIZE-JavaScript-Framework\news\2009-06-26-IMPROVED-MODULE-Uize.Widget.simple
	TARGET FILE: C:\~uize\UIZE-JavaScript-Framework\news\2009-06-26-IMPROVED-MODULE-Uize.Widget.html
	BUILT (ALWAYS BUILD), BUILD DURATION: 5ms

***** C:\~uize\UIZE-JavaScript-Framework\news\2009-06-27-IMPROVED-MODULE-Uize.Node.simple
	TARGET FILE: C:\~uize\UIZE-JavaScript-Framework\news\2009-06-27-IMPROVED-MODULE-Uize.Node.html
	BUILT (ALWAYS BUILD), BUILD DURATION: 2ms

***** C:\~uize\UIZE-JavaScript-Framework\news\2009-06-28-IMPROVED-MODULE-Uize.Widget.Options.simple
	TARGET FILE: C:\~uize\UIZE-JavaScript-Framework\news\2009-06-28-IMPROVED-MODULE-Uize.Widget.Options.html
	BUILT (ALWAYS BUILD), BUILD DURATION: 2ms

***** C:\~uize\UIZE-JavaScript-Framework\news\2009-06-29-NEW-DOCUMENTATION.simple
	TARGET FILE: C:\~uize\UIZE-JavaScript-Framework\news\2009-06-29-NEW-DOCUMENTATION.html
	BUILT (ALWAYS BUILD), BUILD DURATION: 2ms

***** C:\~uize\UIZE-JavaScript-Framework\news\2009-06-30-IMPROVED-MODULE-Uize.simple
	TARGET FILE: C:\~uize\UIZE-JavaScript-Framework\news\2009-06-30-IMPROVED-MODULE-Uize.html
	BUILT (ALWAYS BUILD), BUILD DURATION: 2ms

***** C:\~uize\UIZE-JavaScript-Framework\news\2009-07-01-NEW-MODULE-Uize.Coupler.simple
	TARGET FILE: C:\~uize\UIZE-JavaScript-Framework\news\2009-07-01-NEW-MODULE-Uize.Coupler.html
	BUILT (ALWAYS BUILD), BUILD DURATION: 3ms

***** C:\~uize\UIZE-JavaScript-Framework\news\2009-07-02-NEW-EXAMPLE-Coupled-Zooming-Collection-Items.simple
	TARGET FILE: C:\~uize\UIZE-JavaScript-Framework\news\2009-07-02-NEW-EXAMPLE-Coupled-Zooming-Collection-Items.html
	BUILT (ALWAYS BUILD), BUILD DURATION: 3ms

***** C:\~uize\UIZE-JavaScript-Framework\news\2009-07-05-UPDATED-MODULE-Uize.Widget.Calendar.simple
	TARGET FILE: C:\~uize\UIZE-JavaScript-Framework\news\2009-07-05-UPDATED-MODULE-Uize.Widget.Calendar.html
	BUILT (ALWAYS BUILD), BUILD DURATION: 2ms

***** C:\~uize\UIZE-JavaScript-Framework\news\2009-07-08-IMPROVED-MODULE-Uize.simple
	TARGET FILE: C:\~uize\UIZE-JavaScript-Framework\news\2009-07-08-IMPROVED-MODULE-Uize.html
	BUILT (ALWAYS BUILD), BUILD DURATION: 5ms

***** C:\~uize\UIZE-JavaScript-Framework\news\2009-07-10-IMPROVED-MODULE-Uize.Fade.simple
	TARGET FILE: C:\~uize\UIZE-JavaScript-Framework\news\2009-07-10-IMPROVED-MODULE-Uize.Fade.html
	BUILT (ALWAYS BUILD), BUILD DURATION: 4ms

***** C:\~uize\UIZE-JavaScript-Framework\news\2009-07-12-NEW-MODULE-Uize.Curve.simple
	TARGET FILE: C:\~uize\UIZE-JavaScript-Framework\news\2009-07-12-NEW-MODULE-Uize.Curve.html
	BUILT (ALWAYS BUILD), BUILD DURATION: 2ms

***** C:\~uize\UIZE-JavaScript-Framework\news\2009-07-14-NEW-MODULE-Uize.Curve.Rubber.simple
	TARGET FILE: C:\~uize\UIZE-JavaScript-Framework\news\2009-07-14-NEW-MODULE-Uize.Curve.Rubber.html
	BUILT (ALWAYS BUILD), BUILD DURATION: 4ms

***** C:\~uize\UIZE-JavaScript-Framework\news\2009-07-17-NEW-MODULE-Uize.Curve.Mod.simple
	TARGET FILE: C:\~uize\UIZE-JavaScript-Framework\news\2009-07-17-NEW-MODULE-Uize.Curve.Mod.html
	BUILT (ALWAYS BUILD), BUILD DURATION: 2ms

***** C:\~uize\UIZE-JavaScript-Framework\news\2009-07-18-NEW-TOOL-Curve-Explorer.simple
	TARGET FILE: C:\~uize\UIZE-JavaScript-Framework\news\2009-07-18-NEW-TOOL-Curve-Explorer.html
	BUILT (ALWAYS BUILD), BUILD DURATION: 2ms

***** C:\~uize\UIZE-JavaScript-Framework\news\2009-07-30-NEW-DOCUMENTATION-Uize.Widget.CollectionItem.simple
	TARGET FILE: C:\~uize\UIZE-JavaScript-Framework\news\2009-07-30-NEW-DOCUMENTATION-Uize.Widget.CollectionItem.html
	BUILT (ALWAYS BUILD), BUILD DURATION: 4ms

***** C:\~uize\UIZE-JavaScript-Framework\news\2009-08-01-IMPROVED-EXAMPLE-Hover-Fader-Stretching-Menu.simple
	TARGET FILE: C:\~uize\UIZE-JavaScript-Framework\news\2009-08-01-IMPROVED-EXAMPLE-Hover-Fader-Stretching-Menu.html
	BUILT (ALWAYS BUILD), BUILD DURATION: 2ms

***** C:\~uize\UIZE-JavaScript-Framework\news\2009-08-06-NEW-EXPLAINER-JavaScript-Animation-and-Effects.simple
	TARGET FILE: C:\~uize\UIZE-JavaScript-Framework\news\2009-08-06-NEW-EXPLAINER-JavaScript-Animation-and-Effects.html
	BUILT (ALWAYS BUILD), BUILD DURATION: 3ms

***** C:\~uize\UIZE-JavaScript-Framework\news\2009-08-07-NEW-MODULE-Uize.Fade.xSeries.simple
	TARGET FILE: C:\~uize\UIZE-JavaScript-Framework\news\2009-08-07-NEW-MODULE-Uize.Fade.xSeries.html
	BUILT (ALWAYS BUILD), BUILD DURATION: 3ms

***** C:\~uize\UIZE-JavaScript-Framework\news\2009-08-08-IMPROVED-MODULE-Uize.Widget.CollectionItem.Zooming.simple
	TARGET FILE: C:\~uize\UIZE-JavaScript-Framework\news\2009-08-08-IMPROVED-MODULE-Uize.Widget.CollectionItem.Zooming.html
	BUILT (ALWAYS BUILD), BUILD DURATION: 4ms

***** C:\~uize\UIZE-JavaScript-Framework\news\2009-08-09-NEW-DOCUMENTATION-Uize.Widget.CollectionItem.Zooming.simple
	TARGET FILE: C:\~uize\UIZE-JavaScript-Framework\news\2009-08-09-NEW-DOCUMENTATION-Uize.Widget.CollectionItem.Zooming.html
	BUILT (ALWAYS BUILD), BUILD DURATION: 2ms

***** C:\~uize\UIZE-JavaScript-Framework\news\2009-08-18-IMPROVED-MODULE-Uize.Widget.HoverFader.simple
	TARGET FILE: C:\~uize\UIZE-JavaScript-Framework\news\2009-08-18-IMPROVED-MODULE-Uize.Widget.HoverFader.html
	BUILT (ALWAYS BUILD), BUILD DURATION: 4ms

***** C:\~uize\UIZE-JavaScript-Framework\news\2009-08-18-NEW-EXAMPLE-Hover-Fader-Color-Effects.simple
	TARGET FILE: C:\~uize\UIZE-JavaScript-Framework\news\2009-08-18-NEW-EXAMPLE-Hover-Fader-Color-Effects.html
	BUILT (ALWAYS BUILD), BUILD DURATION: 4ms

***** C:\~uize\UIZE-JavaScript-Framework\news\2009-08-27-UIZE-Now-Available-Under-Dual-License.simple
	TARGET FILE: C:\~uize\UIZE-JavaScript-Framework\news\2009-08-27-UIZE-Now-Available-Under-Dual-License.html
	BUILT (ALWAYS BUILD), BUILD DURATION: 2ms

***** C:\~uize\UIZE-JavaScript-Framework\news\2009-08-31-IMPROVED-MODULE-Uize.Date.simple
	TARGET FILE: C:\~uize\UIZE-JavaScript-Framework\news\2009-08-31-IMPROVED-MODULE-Uize.Date.html
	BUILT (ALWAYS BUILD), BUILD DURATION: 2ms

***** C:\~uize\UIZE-JavaScript-Framework\news\2009-08-31-IMPROVED-MODULE-Uize.Widget.Calendar.simple
	TARGET FILE: C:\~uize\UIZE-JavaScript-Framework\news\2009-08-31-IMPROVED-MODULE-Uize.Widget.Calendar.html
	BUILT (ALWAYS BUILD), BUILD DURATION: 2ms

***** C:\~uize\UIZE-JavaScript-Framework\news\2009-08-31-IMPROVED-MODULES-Uize.Node-and-Uize.Widget.simple
	TARGET FILE: C:\~uize\UIZE-JavaScript-Framework\news\2009-08-31-IMPROVED-MODULES-Uize.Node-and-Uize.Widget.html
	BUILT (ALWAYS BUILD), BUILD DURATION: 2ms

***** C:\~uize\UIZE-JavaScript-Framework\news\2009-08-31-NEW-EXAMPLE-setNodeValue-on-Multi-select.simple
	TARGET FILE: C:\~uize\UIZE-JavaScript-Framework\news\2009-08-31-NEW-EXAMPLE-setNodeValue-on-Multi-select.html
	BUILT (ALWAYS BUILD), BUILD DURATION: 4ms

***** C:\~uize\UIZE-JavaScript-Framework\news\2009-09-06-NEW-EXAMPLE-Domain-List-Editor.simple
	TARGET FILE: C:\~uize\UIZE-JavaScript-Framework\news\2009-09-06-NEW-EXAMPLE-Domain-List-Editor.html
	BUILT (ALWAYS BUILD), BUILD DURATION: 2ms

***** C:\~uize\UIZE-JavaScript-Framework\news\2009-09-06-NEW-MODULE-Uize.Widget.ListEditor.simple
	TARGET FILE: C:\~uize\UIZE-JavaScript-Framework\news\2009-09-06-NEW-MODULE-Uize.Widget.ListEditor.html
	BUILT (ALWAYS BUILD), BUILD DURATION: 3ms

***** C:\~uize\UIZE-JavaScript-Framework\news\2009-09-08-Deprecated-Modules-Killed.simple
	TARGET FILE: C:\~uize\UIZE-JavaScript-Framework\news\2009-09-08-Deprecated-Modules-Killed.html
	BUILT (ALWAYS BUILD), BUILD DURATION: 4ms

***** C:\~uize\UIZE-JavaScript-Framework\news\2009-09-23-IMPROVED-MODULE-Uize.Date.simple
	TARGET FILE: C:\~uize\UIZE-JavaScript-Framework\news\2009-09-23-IMPROVED-MODULE-Uize.Date.html
	BUILT (ALWAYS BUILD), BUILD DURATION: 4ms

***** C:\~uize\UIZE-JavaScript-Framework\news\2009-09-24-New-Module-URL-Resolver-Facility.simple
	TARGET FILE: C:\~uize\UIZE-JavaScript-Framework\news\2009-09-24-New-Module-URL-Resolver-Facility.html
	BUILT (ALWAYS BUILD), BUILD DURATION: 2ms

***** C:\~uize\UIZE-JavaScript-Framework\news\2009-09-26-IMPROVED-MODULE-Uize.Widget.Calendar.simple
	TARGET FILE: C:\~uize\UIZE-JavaScript-Framework\news\2009-09-26-IMPROVED-MODULE-Uize.Widget.Calendar.html
	BUILT (ALWAYS BUILD), BUILD DURATION: 5ms

***** C:\~uize\UIZE-JavaScript-Framework\news\2009-09-28-NEW-METHOD-Uize.Date.equal.simple
	TARGET FILE: C:\~uize\UIZE-JavaScript-Framework\news\2009-09-28-NEW-METHOD-Uize.Date.equal.html
	BUILT (ALWAYS BUILD), BUILD DURATION: 2ms

***** C:\~uize\UIZE-JavaScript-Framework\news\2009-09-29-NEW-DOCUMENTATION-Uize.Widget.Calendar.simple
	TARGET FILE: C:\~uize\UIZE-JavaScript-Framework\news\2009-09-29-NEW-DOCUMENTATION-Uize.Widget.Calendar.html
	BUILT (ALWAYS BUILD), BUILD DURATION: 3ms

***** C:\~uize\UIZE-JavaScript-Framework\news\2009-10-02-MIGRATED-MODULE-Uize.Discombobulator.simple
	TARGET FILE: C:\~uize\UIZE-JavaScript-Framework\news\2009-10-02-MIGRATED-MODULE-Uize.Discombobulator.html
	BUILT (ALWAYS BUILD), BUILD DURATION: 2ms

***** C:\~uize\UIZE-JavaScript-Framework\news\2009-10-06-EXAMPLE-FEATURE-TOURS.simple
	TARGET FILE: C:\~uize\UIZE-JavaScript-Framework\news\2009-10-06-EXAMPLE-FEATURE-TOURS.html
	BUILT (ALWAYS BUILD), BUILD DURATION: 5ms

***** C:\~uize\UIZE-JavaScript-Framework\news\2009-10-10-IMPROVED-MODULE-Uize.simple
	TARGET FILE: C:\~uize\UIZE-JavaScript-Framework\news\2009-10-10-IMPROVED-MODULE-Uize.html
	BUILT (ALWAYS BUILD), BUILD DURATION: 3ms

***** C:\~uize\UIZE-JavaScript-Framework\news\2009-10-10-UPDATED-DOCUMENTATION-Uize.Widget.simple
	TARGET FILE: C:\~uize\UIZE-JavaScript-Framework\news\2009-10-10-UPDATED-DOCUMENTATION-Uize.Widget.html
	BUILT (ALWAYS BUILD), BUILD DURATION: 3ms

***** C:\~uize\UIZE-JavaScript-Framework\news\2009-10-12-NEW-WIDGET-Uize.Widget.Picker.Date.simple
	TARGET FILE: C:\~uize\UIZE-JavaScript-Framework\news\2009-10-12-NEW-WIDGET-Uize.Widget.Picker.Date.html
	BUILT (ALWAYS BUILD), BUILD DURATION: 5ms

***** C:\~uize\UIZE-JavaScript-Framework\news\2009-10-14-NEW-EXAMPLE-Date-Picker.simple
	TARGET FILE: C:\~uize\UIZE-JavaScript-Framework\news\2009-10-14-NEW-EXAMPLE-Date-Picker.html
	BUILT (ALWAYS BUILD), BUILD DURATION: 4ms

***** C:\~uize\UIZE-JavaScript-Framework\news\2009-10-15-NEW-FEATURE-Function-Type-Localized-Resources.simple
	TARGET FILE: C:\~uize\UIZE-JavaScript-Framework\news\2009-10-15-NEW-FEATURE-Function-Type-Localized-Resources.html
	BUILT (ALWAYS BUILD), BUILD DURATION: 5ms

***** C:\~uize\UIZE-JavaScript-Framework\news\2009-10-20-NEW-EXAMPLE-JavaScript-Calculator-Widget.simple
	TARGET FILE: C:\~uize\UIZE-JavaScript-Framework\news\2009-10-20-NEW-EXAMPLE-JavaScript-Calculator-Widget.html
	BUILT (ALWAYS BUILD), BUILD DURATION: 2ms

***** C:\~uize\UIZE-JavaScript-Framework\news\2009-10-22-NEW-MODULE-Uize.Node.Event.simple
	TARGET FILE: C:\~uize\UIZE-JavaScript-Framework\news\2009-10-22-NEW-MODULE-Uize.Node.Event.html
	BUILT (ALWAYS BUILD), BUILD DURATION: 7ms

***** C:\~uize\UIZE-JavaScript-Framework\news\2009-10-26-NEW-DOCUMENTATION-Uize.Widget.Calculator.simple
	TARGET FILE: C:\~uize\UIZE-JavaScript-Framework\news\2009-10-26-NEW-DOCUMENTATION-Uize.Widget.Calculator.html
	BUILT (ALWAYS BUILD), BUILD DURATION: 2ms

***** C:\~uize\UIZE-JavaScript-Framework\news\2009-10-28-NEW-METHOD-Uize.String.hasPadding.simple
	TARGET FILE: C:\~uize\UIZE-JavaScript-Framework\news\2009-10-28-NEW-METHOD-Uize.String.hasPadding.html
	BUILT (ALWAYS BUILD), BUILD DURATION: 2ms

***** C:\~uize\UIZE-JavaScript-Framework\news\2009-11-04-MIGRATED-MODULE-Uize.Simple-Becomes-Uize.Data.Simple.simple
	TARGET FILE: C:\~uize\UIZE-JavaScript-Framework\news\2009-11-04-MIGRATED-MODULE-Uize.Simple-Becomes-Uize.Data.Simple.html
	BUILT (ALWAYS BUILD), BUILD DURATION: 2ms

***** C:\~uize\UIZE-JavaScript-Framework\news\2009-11-04-UIZE-Adds-Support-for-CSV-Comma-Separated-Values-.simple
	TARGET FILE: C:\~uize\UIZE-JavaScript-Framework\news\2009-11-04-UIZE-Adds-Support-for-CSV-Comma-Separated-Values-.html
	BUILT (ALWAYS BUILD), BUILD DURATION: 4ms

***** C:\~uize\UIZE-JavaScript-Framework\news\2009-11-08-IMPROVED-MODULE-Uize.Node.simple
	TARGET FILE: C:\~uize\UIZE-JavaScript-Framework\news\2009-11-08-IMPROVED-MODULE-Uize.Node.html
	BUILT (ALWAYS BUILD), BUILD DURATION: 2ms

***** C:\~uize\UIZE-JavaScript-Framework\news\2009-11-08-IMPROVED-MODULE-Uize.Widget.simple
	TARGET FILE: C:\~uize\UIZE-JavaScript-Framework\news\2009-11-08-IMPROVED-MODULE-Uize.Widget.html
	BUILT (ALWAYS BUILD), BUILD DURATION: 10ms

***** C:\~uize\UIZE-JavaScript-Framework\news\2009-11-16-Improved-DOM-Event-Management.simple
	TARGET FILE: C:\~uize\UIZE-JavaScript-Framework\news\2009-11-16-Improved-DOM-Event-Management.html
	BUILT (ALWAYS BUILD), BUILD DURATION: 10ms

***** C:\~uize\UIZE-JavaScript-Framework\news\2009-11-16-New-Support-for-Wiring-Window-Events.simple
	TARGET FILE: C:\~uize\UIZE-JavaScript-Framework\news\2009-11-16-New-Support-for-Wiring-Window-Events.html
	BUILT (ALWAYS BUILD), BUILD DURATION: 6ms

***** C:\~uize\UIZE-JavaScript-Framework\news\2009-11-19-NEW-MODULE-Uize.Data.NameValueRecords.simple
	TARGET FILE: C:\~uize\UIZE-JavaScript-Framework\news\2009-11-19-NEW-MODULE-Uize.Data.NameValueRecords.html
	BUILT (ALWAYS BUILD), BUILD DURATION: 4ms

***** C:\~uize\UIZE-JavaScript-Framework\news\2009-11-25-NEW-EXPLAINER-JavaScript-DOM-Events.simple
	TARGET FILE: C:\~uize\UIZE-JavaScript-Framework\news\2009-11-25-NEW-EXPLAINER-JavaScript-DOM-Events.html
	BUILT (ALWAYS BUILD), BUILD DURATION: 2ms

***** C:\~uize\UIZE-JavaScript-Framework\news\2009-11-28-Support-for-Standard-DOM-Event-Naming.simple
	TARGET FILE: C:\~uize\UIZE-JavaScript-Framework\news\2009-11-28-Support-for-Standard-DOM-Event-Naming.html
	BUILT (ALWAYS BUILD), BUILD DURATION: 5ms

***** C:\~uize\UIZE-JavaScript-Framework\news\2009-12-01-Uize.Fx-Now-Extensible.simple
	TARGET FILE: C:\~uize\UIZE-JavaScript-Framework\news\2009-12-01-Uize.Fx-Now-Extensible.html
	BUILT (ALWAYS BUILD), BUILD DURATION: 4ms

***** C:\~uize\UIZE-JavaScript-Framework\news\2009-12-02-NEW-MODULE-Uize.Fx.xTextShadow.simple
	TARGET FILE: C:\~uize\UIZE-JavaScript-Framework\news\2009-12-02-NEW-MODULE-Uize.Fx.xTextShadow.html
	BUILT (ALWAYS BUILD), BUILD DURATION: 3ms

***** C:\~uize\UIZE-JavaScript-Framework\news\2009-12-03-NEW-EXAMPLE-Hover-Fader-Text-Shadow-Animation.simple
	TARGET FILE: C:\~uize\UIZE-JavaScript-Framework\news\2009-12-03-NEW-EXAMPLE-Hover-Fader-Text-Shadow-Animation.html
	BUILT (ALWAYS BUILD), BUILD DURATION: 3ms

***** C:\~uize\UIZE-JavaScript-Framework\news\2009-12-10-NEW-DOCUMENTATION-Uize.Widget.Collection.simple
	TARGET FILE: C:\~uize\UIZE-JavaScript-Framework\news\2009-12-10-NEW-DOCUMENTATION-Uize.Widget.Collection.html
	BUILT (ALWAYS BUILD), BUILD DURATION: 2ms

***** C:\~uize\UIZE-JavaScript-Framework\news\2009-12-13-NEW-METHOD-Uize.Fx.fadeStyleAcrossNodes.simple
	TARGET FILE: C:\~uize\UIZE-JavaScript-Framework\news\2009-12-13-NEW-METHOD-Uize.Fx.fadeStyleAcrossNodes.html
	BUILT (ALWAYS BUILD), BUILD DURATION: 4ms

***** C:\~uize\UIZE-JavaScript-Framework\news\2009-12-14-NEW-EXAMPLE-Fade-CSS-Style-Across-Nodes.simple
	TARGET FILE: C:\~uize\UIZE-JavaScript-Framework\news\2009-12-14-NEW-EXAMPLE-Fade-CSS-Style-Across-Nodes.html
	BUILT (ALWAYS BUILD), BUILD DURATION: 2ms

***** C:\~uize\UIZE-JavaScript-Framework\news\2010-01-05-NEW-EXAMPLE-Virtual-DOM-Events.simple
	TARGET FILE: C:\~uize\UIZE-JavaScript-Framework\news\2010-01-05-NEW-EXAMPLE-Virtual-DOM-Events.html
	BUILT (ALWAYS BUILD), BUILD DURATION: 2ms

***** C:\~uize\UIZE-JavaScript-Framework\news\2010-01-05-Powerful-New-Virtual-DOM-Events-Feature.simple
	TARGET FILE: C:\~uize\UIZE-JavaScript-Framework\news\2010-01-05-Powerful-New-Virtual-DOM-Events-Feature.html
	BUILT (ALWAYS BUILD), BUILD DURATION: 11ms

***** C:\~uize\UIZE-JavaScript-Framework\news\2010-01-06-NEW-EXAMPLE-Edge-Virtual-DOM-Events.simple
	TARGET FILE: C:\~uize\UIZE-JavaScript-Framework\news\2010-01-06-NEW-EXAMPLE-Edge-Virtual-DOM-Events.html
	BUILT (ALWAYS BUILD), BUILD DURATION: 5ms

***** C:\~uize\UIZE-JavaScript-Framework\news\2010-01-06-NEW-METHOD-Uize.pairUp.simple
	TARGET FILE: C:\~uize\UIZE-JavaScript-Framework\news\2010-01-06-NEW-METHOD-Uize.pairUp.html
	BUILT (ALWAYS BUILD), BUILD DURATION: 3ms

***** C:\~uize\UIZE-JavaScript-Framework\news\2010-01-06-NEW-MODULE-Uize.Node.VirtualEvent.Edge.simple
	TARGET FILE: C:\~uize\UIZE-JavaScript-Framework\news\2010-01-06-NEW-MODULE-Uize.Node.VirtualEvent.Edge.html
	BUILT (ALWAYS BUILD), BUILD DURATION: 3ms

***** C:\~uize\UIZE-JavaScript-Framework\news\2010-01-10-NEW-EXAMPLE-Color-Gradient-Tool.simple
	TARGET FILE: C:\~uize\UIZE-JavaScript-Framework\news\2010-01-10-NEW-EXAMPLE-Color-Gradient-Tool.html
	BUILT (ALWAYS BUILD), BUILD DURATION: 3ms

***** C:\~uize\UIZE-JavaScript-Framework\news\2010-01-17-NEW-REFERENCE-DOCUMENTATION-Uize.Templates.-.simple
	TARGET FILE: C:\~uize\UIZE-JavaScript-Framework\news\2010-01-17-NEW-REFERENCE-DOCUMENTATION-Uize.Templates.-.html
	BUILT (ALWAYS BUILD), BUILD DURATION: 4ms

***** C:\~uize\UIZE-JavaScript-Framework\news\2010-01-19-NEW-EXAMPLE-Drag-to-move.simple
	TARGET FILE: C:\~uize\UIZE-JavaScript-Framework\news\2010-01-19-NEW-EXAMPLE-Drag-to-move.html
	BUILT (ALWAYS BUILD), BUILD DURATION: 2ms

***** C:\~uize\UIZE-JavaScript-Framework\news\2010-01-20-NEW-DOCUMENTATION-Data-Module.simple
	TARGET FILE: C:\~uize\UIZE-JavaScript-Framework\news\2010-01-20-NEW-DOCUMENTATION-Data-Module.html
	BUILT (ALWAYS BUILD), BUILD DURATION: 3ms

***** C:\~uize\UIZE-JavaScript-Framework\news\2010-01-22-MIGRATED-MODULES.simple
	TARGET FILE: C:\~uize\UIZE-JavaScript-Framework\news\2010-01-22-MIGRATED-MODULES.html
	BUILT (ALWAYS BUILD), BUILD DURATION: 2ms

***** C:\~uize\UIZE-JavaScript-Framework\news\2010-01-25-DEPRECATED-METHODS-KILLED.simple
	TARGET FILE: C:\~uize\UIZE-JavaScript-Framework\news\2010-01-25-DEPRECATED-METHODS-KILLED.html
	BUILT (ALWAYS BUILD), BUILD DURATION: 4ms

***** C:\~uize\UIZE-JavaScript-Framework\news\2010-01-25-Scruncher-Gets-Major-Performance-Upgrade.simple
	TARGET FILE: C:\~uize\UIZE-JavaScript-Framework\news\2010-01-25-Scruncher-Gets-Major-Performance-Upgrade.html
	BUILT (ALWAYS BUILD), BUILD DURATION: 3ms

***** C:\~uize\UIZE-JavaScript-Framework\news\2010-01-28-NEW-MODULE-Uize.String.Builder.simple
	TARGET FILE: C:\~uize\UIZE-JavaScript-Framework\news\2010-01-28-NEW-MODULE-Uize.String.Builder.html
	BUILT (ALWAYS BUILD), BUILD DURATION: 2ms

***** C:\~uize\UIZE-JavaScript-Framework\news\2010-02-05-IMPROVED-MODULE-Uize.Widget.CollectionItem.Zooming.simple
	TARGET FILE: C:\~uize\UIZE-JavaScript-Framework\news\2010-02-05-IMPROVED-MODULE-Uize.Widget.CollectionItem.Zooming.html
	BUILT (ALWAYS BUILD), BUILD DURATION: 2ms

***** C:\~uize\UIZE-JavaScript-Framework\news\2010-02-05-NEW-EXAMPLE-Zooming-Collection-Item-with-Image-Switching.simple
	TARGET FILE: C:\~uize\UIZE-JavaScript-Framework\news\2010-02-05-NEW-EXAMPLE-Zooming-Collection-Item-with-Image-Switching.html
	BUILT (ALWAYS BUILD), BUILD DURATION: 4ms

***** C:\~uize\UIZE-JavaScript-Framework\news\2010-02-11-SOTU-State-of-the-UIZE-.simple
	TARGET FILE: C:\~uize\UIZE-JavaScript-Framework\news\2010-02-11-SOTU-State-of-the-UIZE-.html
	BUILT (ALWAYS BUILD), BUILD DURATION: 3ms

***** C:\~uize\UIZE-JavaScript-Framework\news\2010-02-19-IMPROVED-MODULE-Uize.String.simple
	TARGET FILE: C:\~uize\UIZE-JavaScript-Framework\news\2010-02-19-IMPROVED-MODULE-Uize.String.html
	BUILT (ALWAYS BUILD), BUILD DURATION: 4ms

***** C:\~uize\UIZE-JavaScript-Framework\news\2010-02-19-NEW-MODULE-Uize.String.Lines.simple
	TARGET FILE: C:\~uize\UIZE-JavaScript-Framework\news\2010-02-19-NEW-MODULE-Uize.String.Lines.html
	BUILT (ALWAYS BUILD), BUILD DURATION: 5ms

***** C:\~uize\UIZE-JavaScript-Framework\news\2010-02-23-IMPROVED-MODULE-Uize.Url.simple
	TARGET FILE: C:\~uize\UIZE-JavaScript-Framework\news\2010-02-23-IMPROVED-MODULE-Uize.Url.html
	BUILT (ALWAYS BUILD), BUILD DURATION: 2ms

***** C:\~uize\UIZE-JavaScript-Framework\news\2010-02-24-MIGRATED-MODULE-Uize.Population.simple
	TARGET FILE: C:\~uize\UIZE-JavaScript-Framework\news\2010-02-24-MIGRATED-MODULE-Uize.Population.html
	BUILT (ALWAYS BUILD), BUILD DURATION: 3ms

***** C:\~uize\UIZE-JavaScript-Framework\news\2010-03-08-MODULE-CHANGES-Uize.Widget.Tree.simple
	TARGET FILE: C:\~uize\UIZE-JavaScript-Framework\news\2010-03-08-MODULE-CHANGES-Uize.Widget.Tree.html
	BUILT (ALWAYS BUILD), BUILD DURATION: 6ms

***** C:\~uize\UIZE-JavaScript-Framework\news\2010-03-08-NEW-EXAMPLE-Get-Tree-from-List.simple
	TARGET FILE: C:\~uize\UIZE-JavaScript-Framework\news\2010-03-08-NEW-EXAMPLE-Get-Tree-from-List.html
	BUILT (ALWAYS BUILD), BUILD DURATION: 3ms

***** C:\~uize\UIZE-JavaScript-Framework\news\2010-03-08-NEW-EXAMPLE-Get-Tree-from-Page.simple
	TARGET FILE: C:\~uize\UIZE-JavaScript-Framework\news\2010-03-08-NEW-EXAMPLE-Get-Tree-from-Page.html
	BUILT (ALWAYS BUILD), BUILD DURATION: 2ms

***** C:\~uize\UIZE-JavaScript-Framework\news\2010-03-08-NEW-MODULE-Uize.Node.Tree.simple
	TARGET FILE: C:\~uize\UIZE-JavaScript-Framework\news\2010-03-08-NEW-MODULE-Uize.Node.Tree.html
	BUILT (ALWAYS BUILD), BUILD DURATION: 4ms

***** C:\~uize\UIZE-JavaScript-Framework\news\2010-03-12-IMPROVED-MODULE-Uize.simple
	TARGET FILE: C:\~uize\UIZE-JavaScript-Framework\news\2010-03-12-IMPROVED-MODULE-Uize.html
	BUILT (ALWAYS BUILD), BUILD DURATION: 4ms

***** C:\~uize\UIZE-JavaScript-Framework\news\2010-03-18-NEW-EXPLAINER-Creating-A-New-Uize-Module.simple
	TARGET FILE: C:\~uize\UIZE-JavaScript-Framework\news\2010-03-18-NEW-EXPLAINER-Creating-A-New-Uize-Module.html
	BUILT (ALWAYS BUILD), BUILD DURATION: 3ms

***** C:\~uize\UIZE-JavaScript-Framework\news\2010-03-22-NEW-EXAMPLE-Seven-Segment-Display.simple
	TARGET FILE: C:\~uize\UIZE-JavaScript-Framework\news\2010-03-22-NEW-EXAMPLE-Seven-Segment-Display.html
	BUILT (ALWAYS BUILD), BUILD DURATION: 5ms

***** C:\~uize\UIZE-JavaScript-Framework\news\2010-03-24-New-Web-Site-Using-UIZE-wardtog.com.simple
	TARGET FILE: C:\~uize\UIZE-JavaScript-Framework\news\2010-03-24-New-Web-Site-Using-UIZE-wardtog.com.html
	BUILT (ALWAYS BUILD), BUILD DURATION: 3ms

***** C:\~uize\UIZE-JavaScript-Framework\news\2010-04-12-IMPROVED-MODULE-Uize.Date.simple
	TARGET FILE: C:\~uize\UIZE-JavaScript-Framework\news\2010-04-12-IMPROVED-MODULE-Uize.Date.html
	BUILT (ALWAYS BUILD), BUILD DURATION: 3ms

***** C:\~uize\UIZE-JavaScript-Framework\news\2010-04-15-IMPROVED-MODULE-Uize.Template.simple
	TARGET FILE: C:\~uize\UIZE-JavaScript-Framework\news\2010-04-15-IMPROVED-MODULE-Uize.Template.html
	BUILT (ALWAYS BUILD), BUILD DURATION: 11ms

***** C:\~uize\UIZE-JavaScript-Framework\news\2010-04-18-DEPRECATED-MODULE-Uize.Fx.xTextShadow.simple
	TARGET FILE: C:\~uize\UIZE-JavaScript-Framework\news\2010-04-18-DEPRECATED-MODULE-Uize.Fx.xTextShadow.html
	BUILT (ALWAYS BUILD), BUILD DURATION: 2ms

***** C:\~uize\UIZE-JavaScript-Framework\news\2010-04-18-NEW-EXAMPLE-Animated-Buttons-with-Box-Shadow.simple
	TARGET FILE: C:\~uize\UIZE-JavaScript-Framework\news\2010-04-18-NEW-EXAMPLE-Animated-Buttons-with-Box-Shadow.html
	BUILT (ALWAYS BUILD), BUILD DURATION: 2ms

***** C:\~uize\UIZE-JavaScript-Framework\news\2010-04-18-NEW-MODULE-Uize.Fx.xShadows.simple
	TARGET FILE: C:\~uize\UIZE-JavaScript-Framework\news\2010-04-18-NEW-MODULE-Uize.Fx.xShadows.html
	BUILT (ALWAYS BUILD), BUILD DURATION: 2ms

***** C:\~uize\UIZE-JavaScript-Framework\news\2010-04-25-IMPROVED-METHOD-Uize.substituteInto.simple
	TARGET FILE: C:\~uize\UIZE-JavaScript-Framework\news\2010-04-25-IMPROVED-METHOD-Uize.substituteInto.html
	BUILT (ALWAYS BUILD), BUILD DURATION: 5ms

***** C:\~uize\UIZE-JavaScript-Framework\news\2010-04-30-NEW-EXAMPLE-Animate-Position-in-JavaScript.simple
	TARGET FILE: C:\~uize\UIZE-JavaScript-Framework\news\2010-04-30-NEW-EXAMPLE-Animate-Position-in-JavaScript.html
	BUILT (ALWAYS BUILD), BUILD DURATION: 2ms

***** C:\~uize\UIZE-JavaScript-Framework\news\2010-05-16-Deprecated-Methods-Killed.simple
	TARGET FILE: C:\~uize\UIZE-JavaScript-Framework\news\2010-05-16-Deprecated-Methods-Killed.html
	BUILT (ALWAYS BUILD), BUILD DURATION: 2ms

***** C:\~uize\UIZE-JavaScript-Framework\news\2010-05-16-NEW-METHOD-Uize.escapeRegExpLiteral.simple
	TARGET FILE: C:\~uize\UIZE-JavaScript-Framework\news\2010-05-16-NEW-METHOD-Uize.escapeRegExpLiteral.html
	BUILT (ALWAYS BUILD), BUILD DURATION: 2ms

***** C:\~uize\UIZE-JavaScript-Framework\news\2010-05-18-NEW-EXAMPLE-Animate-Size-in-JavaScript.simple
	TARGET FILE: C:\~uize\UIZE-JavaScript-Framework\news\2010-05-18-NEW-EXAMPLE-Animate-Size-in-JavaScript.html
	BUILT (ALWAYS BUILD), BUILD DURATION: 4ms

***** C:\~uize\UIZE-JavaScript-Framework\news\2010-06-07-Improved-Date-Picker-Widget.simple
	TARGET FILE: C:\~uize\UIZE-JavaScript-Framework\news\2010-06-07-Improved-Date-Picker-Widget.html
	BUILT (ALWAYS BUILD), BUILD DURATION: 2ms

***** C:\~uize\UIZE-JavaScript-Framework\news\2010-06-07-MIGRATED-METHODS-Uize.Date.format-Uize.Date.toPretty.simple
	TARGET FILE: C:\~uize\UIZE-JavaScript-Framework\news\2010-06-07-MIGRATED-METHODS-Uize.Date.format-Uize.Date.toPretty.html
	BUILT (ALWAYS BUILD), BUILD DURATION: 3ms

***** C:\~uize\UIZE-JavaScript-Framework\news\2010-06-07-NEW-MODULE-Uize.Date.Formatter.simple
	TARGET FILE: C:\~uize\UIZE-JavaScript-Framework\news\2010-06-07-NEW-MODULE-Uize.Date.Formatter.html
	BUILT (ALWAYS BUILD), BUILD DURATION: 5ms

***** C:\~uize\UIZE-JavaScript-Framework\news\2010-06-15-Deprecated-Event-Management-Methods-Killed.simple
	TARGET FILE: C:\~uize\UIZE-JavaScript-Framework\news\2010-06-15-Deprecated-Event-Management-Methods-Killed.html
	BUILT (ALWAYS BUILD), BUILD DURATION: 3ms

***** C:\~uize\UIZE-JavaScript-Framework\news\2010-06-28-UIZE-Web-Site-Revamp.simple
	TARGET FILE: C:\~uize\UIZE-JavaScript-Framework\news\2010-06-28-UIZE-Web-Site-Revamp.html
	BUILT (ALWAYS BUILD), BUILD DURATION: 2ms

***** C:\~uize\UIZE-JavaScript-Framework\news\2010-06-29-UIZE-Adds-Support-For-Touch.simple
	TARGET FILE: C:\~uize\UIZE-JavaScript-Framework\news\2010-06-29-UIZE-Adds-Support-For-Touch.html
	BUILT (ALWAYS BUILD), BUILD DURATION: 6ms

***** C:\~uize\UIZE-JavaScript-Framework\news\2010-07-07-IMPROVED-MODULE-Uize.Date.Formatter.simple
	TARGET FILE: C:\~uize\UIZE-JavaScript-Framework\news\2010-07-07-IMPROVED-MODULE-Uize.Date.Formatter.html
	BUILT (ALWAYS BUILD), BUILD DURATION: 2ms

***** C:\~uize\UIZE-JavaScript-Framework\news\2010-07-07-NEW-EXAMPLE-Button.simple
	TARGET FILE: C:\~uize\UIZE-JavaScript-Framework\news\2010-07-07-NEW-EXAMPLE-Button.html
	BUILT (ALWAYS BUILD), BUILD DURATION: 3ms

***** C:\~uize\UIZE-JavaScript-Framework\news\2010-07-07-NEW-MODULE-Uize.Widget.Log.InstanceEvents.simple
	TARGET FILE: C:\~uize\UIZE-JavaScript-Framework\news\2010-07-07-NEW-MODULE-Uize.Widget.Log.InstanceEvents.html
	BUILT (ALWAYS BUILD), BUILD DURATION: 3ms

***** C:\~uize\UIZE-JavaScript-Framework\news\2010-07-07-NEW-MODULE-Uize.Widget.Log.simple
	TARGET FILE: C:\~uize\UIZE-JavaScript-Framework\news\2010-07-07-NEW-MODULE-Uize.Widget.Log.html
	BUILT (ALWAYS BUILD), BUILD DURATION: 4ms

***** C:\~uize\UIZE-JavaScript-Framework\news\2010-07-11-NEW-EXAMPLE-Digital-Clock.simple
	TARGET FILE: C:\~uize\UIZE-JavaScript-Framework\news\2010-07-11-NEW-EXAMPLE-Digital-Clock.html
	BUILT (ALWAYS BUILD), BUILD DURATION: 2ms

***** C:\~uize\UIZE-JavaScript-Framework\news\2010-07-15-NEW-EXAMPLE-UIZE-Unit-Tests.simple
	TARGET FILE: C:\~uize\UIZE-JavaScript-Framework\news\2010-07-15-NEW-EXAMPLE-UIZE-Unit-Tests.html
	BUILT (ALWAYS BUILD), BUILD DURATION: 2ms

***** C:\~uize\UIZE-JavaScript-Framework\news\2010-07-22-Improved-Unit-Tests.simple
	TARGET FILE: C:\~uize\UIZE-JavaScript-Framework\news\2010-07-22-Improved-Unit-Tests.html
	BUILT (ALWAYS BUILD), BUILD DURATION: 5ms

***** C:\~uize\UIZE-JavaScript-Framework\news\2010-07-24-NEW-EXAMPLE-3D-Rotation-Viewer.simple
	TARGET FILE: C:\~uize\UIZE-JavaScript-Framework\news\2010-07-24-NEW-EXAMPLE-3D-Rotation-Viewer.html
	BUILT (ALWAYS BUILD), BUILD DURATION: 2ms

***** C:\~uize\UIZE-JavaScript-Framework\news\2010-08-03-NEW-MODULE-Uize.Node.Classes.simple
	TARGET FILE: C:\~uize\UIZE-JavaScript-Framework\news\2010-08-03-NEW-MODULE-Uize.Node.Classes.html
	BUILT (ALWAYS BUILD), BUILD DURATION: 8ms

***** C:\~uize\UIZE-JavaScript-Framework\news\2010-08-06-NEW-MODULE-Uize.Node.Util.simple
	TARGET FILE: C:\~uize\UIZE-JavaScript-Framework\news\2010-08-06-NEW-MODULE-Uize.Node.Util.html
	BUILT (ALWAYS BUILD), BUILD DURATION: 4ms

***** C:\~uize\UIZE-JavaScript-Framework\news\2010-08-17-IMPROVED-MODULE-Uize.Widget.Collection.Dynamic.simple
	TARGET FILE: C:\~uize\UIZE-JavaScript-Framework\news\2010-08-17-IMPROVED-MODULE-Uize.Widget.Collection.Dynamic.html
	BUILT (ALWAYS BUILD), BUILD DURATION: 2ms

***** C:\~uize\UIZE-JavaScript-Framework\news\2010-08-25-NEW-MODULE-Uize.Array.Order.simple
	TARGET FILE: C:\~uize\UIZE-JavaScript-Framework\news\2010-08-25-NEW-MODULE-Uize.Array.Order.html
	BUILT (ALWAYS BUILD), BUILD DURATION: 6ms

***** C:\~uize\UIZE-JavaScript-Framework\news\2010-08-25-NEW-MODULE-Uize.Array.simple
	TARGET FILE: C:\~uize\UIZE-JavaScript-Framework\news\2010-08-25-NEW-MODULE-Uize.Array.html
	BUILT (ALWAYS BUILD), BUILD DURATION: 2ms

***** C:\~uize\UIZE-JavaScript-Framework\news\2010-09-06-NEW-METHOD-Uize.Data.emptyOut.simple
	TARGET FILE: C:\~uize\UIZE-JavaScript-Framework\news\2010-09-06-NEW-METHOD-Uize.Data.emptyOut.html
	BUILT (ALWAYS BUILD), BUILD DURATION: 3ms

***** C:\~uize\UIZE-JavaScript-Framework\news\2010-09-27-NEW-DOCUMENTATION-Uize.Test.simple
	TARGET FILE: C:\~uize\UIZE-JavaScript-Framework\news\2010-09-27-NEW-DOCUMENTATION-Uize.Test.html
	BUILT (ALWAYS BUILD), BUILD DURATION: 2ms

***** C:\~uize\UIZE-JavaScript-Framework\news\2010-10-05-NEW-EXPLAINER-JavaScript-Testing-Framework.simple
	TARGET FILE: C:\~uize\UIZE-JavaScript-Framework\news\2010-10-05-NEW-EXPLAINER-JavaScript-Testing-Framework.html
	BUILT (ALWAYS BUILD), BUILD DURATION: 5ms

***** C:\~uize\UIZE-JavaScript-Framework\news\2010-10-24-NEW-EXPLAINER-General-Constructs.simple
	TARGET FILE: C:\~uize\UIZE-JavaScript-Framework\news\2010-10-24-NEW-EXPLAINER-General-Constructs.html
	BUILT (ALWAYS BUILD), BUILD DURATION: 2ms

***** C:\~uize\UIZE-JavaScript-Framework\news\2010-10-26-NEW-MODULE-Uize.Array.Sort.simple
	TARGET FILE: C:\~uize\UIZE-JavaScript-Framework\news\2010-10-26-NEW-MODULE-Uize.Array.Sort.html
	BUILT (ALWAYS BUILD), BUILD DURATION: 1ms

***** C:\~uize\UIZE-JavaScript-Framework\news\2010-11-01-IMPROVED-MODULES-Uize-and-Uize.Data.simple
	TARGET FILE: C:\~uize\UIZE-JavaScript-Framework\news\2010-11-01-IMPROVED-MODULES-Uize-and-Uize.Data.html
	BUILT (ALWAYS BUILD), BUILD DURATION: 6ms

***** C:\~uize\UIZE-JavaScript-Framework\news\2010-11-03-NEW-METHOD-Uize.getModuleByName.simple
	TARGET FILE: C:\~uize\UIZE-JavaScript-Framework\news\2010-11-03-NEW-METHOD-Uize.getModuleByName.html
	BUILT (ALWAYS BUILD), BUILD DURATION: 2ms

***** C:\~uize\UIZE-JavaScript-Framework\news\2010-11-04-NEW-EXPLAINER-JavaScript-Bookmarklets.simple
	TARGET FILE: C:\~uize\UIZE-JavaScript-Framework\news\2010-11-04-NEW-EXPLAINER-JavaScript-Bookmarklets.html
	BUILT (ALWAYS BUILD), BUILD DURATION: 2ms

***** C:\~uize\UIZE-JavaScript-Framework\news\2010-11-19-NEW-METHOD-Uize.isFunction.simple
	TARGET FILE: C:\~uize\UIZE-JavaScript-Framework\news\2010-11-19-NEW-METHOD-Uize.isFunction.html
	BUILT (ALWAYS BUILD), BUILD DURATION: 4ms

***** C:\~uize\UIZE-JavaScript-Framework\news\2010-12-18-Introducing-the-DELVE-Tool.simple
	TARGET FILE: C:\~uize\UIZE-JavaScript-Framework\news\2010-12-18-Introducing-the-DELVE-Tool.html
	BUILT (ALWAYS BUILD), BUILD DURATION: 4ms

***** C:\~uize\UIZE-JavaScript-Framework\news\2010-12-19-Various-Deprecated-Features-Killed.simple
	TARGET FILE: C:\~uize\UIZE-JavaScript-Framework\news\2010-12-19-Various-Deprecated-Features-Killed.html
	BUILT (ALWAYS BUILD), BUILD DURATION: 7ms

***** C:\~uize\UIZE-JavaScript-Framework\news\2011-01-01-Documentation-System-Improvements.simple
	TARGET FILE: C:\~uize\UIZE-JavaScript-Framework\news\2011-01-01-Documentation-System-Improvements.html
	BUILT (ALWAYS BUILD), BUILD DURATION: 21ms

***** C:\~uize\UIZE-JavaScript-Framework\news\2011-01-22-FRAMEWORK-CHANGE-Non-inheritable-Statics.simple
	TARGET FILE: C:\~uize\UIZE-JavaScript-Framework\news\2011-01-22-FRAMEWORK-CHANGE-Non-inheritable-Statics.html
	BUILT (ALWAYS BUILD), BUILD DURATION: 12ms

***** C:\~uize\UIZE-JavaScript-Framework\news\2011-01-31-Major-Improvements-to-Module-References.simple
	TARGET FILE: C:\~uize\UIZE-JavaScript-Framework\news\2011-01-31-Major-Improvements-to-Module-References.html
	BUILT (ALWAYS BUILD), BUILD DURATION: 11ms

***** C:\~uize\UIZE-JavaScript-Framework\news\2011-02-11-New-ajax-Method-in-Uize.Widget.simple
	TARGET FILE: C:\~uize\UIZE-JavaScript-Framework\news\2011-02-11-New-ajax-Method-in-Uize.Widget.html
	BUILT (ALWAYS BUILD), BUILD DURATION: 5ms

***** C:\~uize\UIZE-JavaScript-Framework\news\2011-02-21-Unit-Test-Improvements.simple
	TARGET FILE: C:\~uize\UIZE-JavaScript-Framework\news\2011-02-21-Unit-Test-Improvements.html
	BUILT (ALWAYS BUILD), BUILD DURATION: 7ms

***** C:\~uize\UIZE-JavaScript-Framework\news\2011-03-05-Deprecated-Features-of-Uize.Widget.Tree-Killed.simple
	TARGET FILE: C:\~uize\UIZE-JavaScript-Framework\news\2011-03-05-Deprecated-Features-of-Uize.Widget.Tree-Killed.html
	BUILT (ALWAYS BUILD), BUILD DURATION: 2ms

***** C:\~uize\UIZE-JavaScript-Framework\news\2011-03-10-Improved-Process-for-Announcing-News.simple
	TARGET FILE: C:\~uize\UIZE-JavaScript-Framework\news\2011-03-10-Improved-Process-for-Announcing-News.html
	BUILT (ALWAYS BUILD), BUILD DURATION: 5ms

***** C:\~uize\UIZE-JavaScript-Framework\news\2011-03-11-Bug-Fix-For-toString-and-valueOf-Intrinsic-Methods.simple
	TARGET FILE: C:\~uize\UIZE-JavaScript-Framework\news\2011-03-11-Bug-Fix-For-toString-and-valueOf-Intrinsic-Methods.html
	BUILT (ALWAYS BUILD), BUILD DURATION: 4ms

***** C:\~uize\UIZE-JavaScript-Framework\news\2011-03-23-NEW-MODULE-Uize.Util.PropertyAdapter.simple
	TARGET FILE: C:\~uize\UIZE-JavaScript-Framework\news\2011-03-23-NEW-MODULE-Uize.Util.PropertyAdapter.html
	BUILT (ALWAYS BUILD), BUILD DURATION: 4ms

***** C:\~uize\UIZE-JavaScript-Framework\news\2011-03-24-NEW-EXAMPLE-Color-Format-Converter.simple
	TARGET FILE: C:\~uize\UIZE-JavaScript-Framework\news\2011-03-24-NEW-EXAMPLE-Color-Format-Converter.html
	BUILT (ALWAYS BUILD), BUILD DURATION: 3ms

***** C:\~uize\UIZE-JavaScript-Framework\news\2011-03-29-Uize-on-GitHub.simple
	TARGET FILE: C:\~uize\UIZE-JavaScript-Framework\news\2011-03-29-Uize-on-GitHub.html
	BUILT (ALWAYS BUILD), BUILD DURATION: 4ms

***** C:\~uize\UIZE-JavaScript-Framework\news\2011-04-03-NEW-MODULE-Uize.Color.xCmyk.simple
	TARGET FILE: C:\~uize\UIZE-JavaScript-Framework\news\2011-04-03-NEW-MODULE-Uize.Color.xCmyk.html
	BUILT (ALWAYS BUILD), BUILD DURATION: 4ms

***** C:\~uize\UIZE-JavaScript-Framework\news\2011-04-12-NEW-METHOD-Uize.String.split.simple
	TARGET FILE: C:\~uize\UIZE-JavaScript-Framework\news\2011-04-12-NEW-METHOD-Uize.String.split.html
	BUILT (ALWAYS BUILD), BUILD DURATION: 6ms

***** C:\~uize\UIZE-JavaScript-Framework\news\2011-05-05-SimpleDoc-Now-Supports-Section-Title-Aliases.simple
	TARGET FILE: C:\~uize\UIZE-JavaScript-Framework\news\2011-05-05-SimpleDoc-Now-Supports-Section-Title-Aliases.html
	BUILT (ALWAYS BUILD), BUILD DURATION: 17ms

***** C:\~uize\UIZE-JavaScript-Framework\news\2011-05-11-Improved-Declarative-Widget-Properties.simple
	TARGET FILE: C:\~uize\UIZE-JavaScript-Framework\news\2011-05-11-Improved-Declarative-Widget-Properties.html
	BUILT (ALWAYS BUILD), BUILD DURATION: 13ms

***** C:\~uize\UIZE-JavaScript-Framework\news\2011-05-21-JSON-Serialization-Improvements.simple
	TARGET FILE: C:\~uize\UIZE-JavaScript-Framework\news\2011-05-21-JSON-Serialization-Improvements.html
	BUILT (ALWAYS BUILD), BUILD DURATION: 6ms

***** C:\~uize\UIZE-JavaScript-Framework\news\2011-05-22-Improved-Uize.pairUp-Method.simple
	TARGET FILE: C:\~uize\UIZE-JavaScript-Framework\news\2011-05-22-Improved-Uize.pairUp-Method.html
	BUILT (ALWAYS BUILD), BUILD DURATION: 3ms

***** C:\~uize\UIZE-JavaScript-Framework\news\2011-05-31-More-Uize-Base-Class-Unit-Tests.simple
	TARGET FILE: C:\~uize\UIZE-JavaScript-Framework\news\2011-05-31-More-Uize-Base-Class-Unit-Tests.html
	BUILT (ALWAYS BUILD), BUILD DURATION: 3ms

***** C:\~uize\UIZE-JavaScript-Framework\news\2011-07-03-Improved-set-Method-in-the-Uize-Base-Class.simple
	TARGET FILE: C:\~uize\UIZE-JavaScript-Framework\news\2011-07-03-Improved-set-Method-in-the-Uize-Base-Class.html
	BUILT (ALWAYS BUILD), BUILD DURATION: 5ms

***** C:\~uize\UIZE-JavaScript-Framework\news\2011-07-26-Thorough-State-Properties-Unit-Tests.simple
	TARGET FILE: C:\~uize\UIZE-JavaScript-Framework\news\2011-07-26-Thorough-State-Properties-Unit-Tests.html
	BUILT (ALWAYS BUILD), BUILD DURATION: 2ms

***** C:\~uize\UIZE-JavaScript-Framework\news\2011-08-30-Workaround-for-JScript-For-In-Issue.simple
	TARGET FILE: C:\~uize\UIZE-JavaScript-Framework\news\2011-08-30-Workaround-for-JScript-For-In-Issue.html
	BUILT (ALWAYS BUILD), BUILD DURATION: 4ms

***** C:\~uize\UIZE-JavaScript-Framework\news\2011-09-17-Ad-Hoc-Property-Registration-Fixed.simple
	TARGET FILE: C:\~uize\UIZE-JavaScript-Framework\news\2011-09-17-Ad-Hoc-Property-Registration-Fixed.html
	BUILT (ALWAYS BUILD), BUILD DURATION: 3ms

***** C:\~uize\UIZE-JavaScript-Framework\news\2011-09-18-Fixed-Running-of-Unit-Tests-in-Browser.simple
	TARGET FILE: C:\~uize\UIZE-JavaScript-Framework\news\2011-09-18-Fixed-Running-of-Unit-Tests-in-Browser.html
	BUILT (ALWAYS BUILD), BUILD DURATION: 2ms

***** C:\~uize\UIZE-JavaScript-Framework\news\2011-09-19-Cloning-of-Regular-Expressions-in-Safari-Fixed.simple
	TARGET FILE: C:\~uize\UIZE-JavaScript-Framework\news\2011-09-19-Cloning-of-Regular-Expressions-in-Safari-Fixed.html
	BUILT (ALWAYS BUILD), BUILD DURATION: 2ms

***** C:\~uize\UIZE-JavaScript-Framework\news\2011-09-20-Broken-Pages-in-IE9-Fixed.simple
	TARGET FILE: C:\~uize\UIZE-JavaScript-Framework\news\2011-09-20-Broken-Pages-in-IE9-Fixed.html
	BUILT (ALWAYS BUILD), BUILD DURATION: 2ms

***** C:\~uize\UIZE-JavaScript-Framework\news\2011-09-21-Broken-Drag-and-drop-in-IE9-Fixed.simple
	TARGET FILE: C:\~uize\UIZE-JavaScript-Framework\news\2011-09-21-Broken-Drag-and-drop-in-IE9-Fixed.html
	BUILT (ALWAYS BUILD), BUILD DURATION: 6ms

***** C:\~uize\UIZE-JavaScript-Framework\news\2011-09-22-Buttons-With-Incorrect-Styling-in-IE9-Fixed.simple
	TARGET FILE: C:\~uize\UIZE-JavaScript-Framework\news\2011-09-22-Buttons-With-Incorrect-Styling-in-IE9-Fixed.html
	BUILT (ALWAYS BUILD), BUILD DURATION: 2ms

***** C:\~uize\UIZE-JavaScript-Framework\news\2011-10-11-Various-Broken-Examples-Fixed.simple
	TARGET FILE: C:\~uize\UIZE-JavaScript-Framework\news\2011-10-11-Various-Broken-Examples-Fixed.html
	BUILT (ALWAYS BUILD), BUILD DURATION: 3ms

***** C:\~uize\UIZE-JavaScript-Framework\news\2011-10-18-Deprecated-Features-of-Uize.Template-Killed.simple
	TARGET FILE: C:\~uize\UIZE-JavaScript-Framework\news\2011-10-18-Deprecated-Features-of-Uize.Template-Killed.html
	BUILT (ALWAYS BUILD), BUILD DURATION: 2ms

***** C:\~uize\UIZE-JavaScript-Framework\news\2011-10-30-NEW-MODULE-Uize.Array.Util.simple
	TARGET FILE: C:\~uize\UIZE-JavaScript-Framework\news\2011-10-30-NEW-MODULE-Uize.Array.Util.html
	BUILT (ALWAYS BUILD), BUILD DURATION: 3ms

***** C:\~uize\UIZE-JavaScript-Framework\news\2011-11-13-New-Utility-Belt-Features.simple
	TARGET FILE: C:\~uize\UIZE-JavaScript-Framework\news\2011-11-13-New-Utility-Belt-Features.html
	BUILT (ALWAYS BUILD), BUILD DURATION: 12ms

***** C:\~uize\UIZE-JavaScript-Framework\news\2011-11-27-Uize-Base-Gets-Uize.forEach-and-Uize.map.simple
	TARGET FILE: C:\~uize\UIZE-JavaScript-Framework\news\2011-11-27-Uize-Base-Gets-Uize.forEach-and-Uize.map.html
	BUILT (ALWAYS BUILD), BUILD DURATION: 8ms

***** C:\~uize\UIZE-JavaScript-Framework\news\2011-11-29-Unit-Tests-For-Uize.Data.NameValueRecords.simple
	TARGET FILE: C:\~uize\UIZE-JavaScript-Framework\news\2011-11-29-Unit-Tests-For-Uize.Data.NameValueRecords.html
	BUILT (ALWAYS BUILD), BUILD DURATION: 5ms

***** C:\~uize\UIZE-JavaScript-Framework\news\2011-12-03-Improved-Uize.lookup-and-Uize.reverseLookup.simple
	TARGET FILE: C:\~uize\UIZE-JavaScript-Framework\news\2011-12-03-Improved-Uize.lookup-and-Uize.reverseLookup.html
	BUILT (ALWAYS BUILD), BUILD DURATION: 4ms

***** C:\~uize\UIZE-JavaScript-Framework\news\2011-12-22-JavaScript-new-Operator-Now-Optional.simple
	TARGET FILE: C:\~uize\UIZE-JavaScript-Framework\news\2011-12-22-JavaScript-new-Operator-Now-Optional.html
	BUILT (ALWAYS BUILD), BUILD DURATION: 7ms

***** C:\~uize\UIZE-JavaScript-Framework\news\2011-12-24-Dummy-Functions-Added-to-Uize-Base-Module.simple
	TARGET FILE: C:\~uize\UIZE-JavaScript-Framework\news\2011-12-24-Dummy-Functions-Added-to-Uize-Base-Module.html
	BUILT (ALWAYS BUILD), BUILD DURATION: 7ms

***** C:\~uize\UIZE-JavaScript-Framework\news\2011-12-26-New-Uize.isList-Static-Method.simple
	TARGET FILE: C:\~uize\UIZE-JavaScript-Framework\news\2011-12-26-New-Uize.isList-Static-Method.html
	BUILT (ALWAYS BUILD), BUILD DURATION: 3ms

***** C:\~uize\UIZE-JavaScript-Framework\news\2012-01-10-Class-Mechanism-Moved-Into-Uize.Class.simple
	TARGET FILE: C:\~uize\UIZE-JavaScript-Framework\news\2012-01-10-Class-Mechanism-Moved-Into-Uize.Class.html
	BUILT (ALWAYS BUILD), BUILD DURATION: 15ms

***** C:\~uize\UIZE-JavaScript-Framework\news\2012-01-11-New-Uize.isNaN-Method.simple
	TARGET FILE: C:\~uize\UIZE-JavaScript-Framework\news\2012-01-11-New-Uize.isNaN-Method.html
	BUILT (ALWAYS BUILD), BUILD DURATION: 4ms

***** C:\~uize\UIZE-JavaScript-Framework\news\2012-01-12-New-Uize.isSameAs-Method.simple
	TARGET FILE: C:\~uize\UIZE-JavaScript-Framework\news\2012-01-12-New-Uize.isSameAs-Method.html
	BUILT (ALWAYS BUILD), BUILD DURATION: 3ms

***** C:\~uize\UIZE-JavaScript-Framework\news\2012-01-14-New-Uize.toNumber-Method.simple
	TARGET FILE: C:\~uize\UIZE-JavaScript-Framework\news\2012-01-14-New-Uize.toNumber-Method.html
	BUILT (ALWAYS BUILD), BUILD DURATION: 17ms

***** C:\~uize\UIZE-JavaScript-Framework\news\2012-01-15-New-Uize.getClass-Method.simple
	TARGET FILE: C:\~uize\UIZE-JavaScript-Framework\news\2012-01-15-New-Uize.getClass-Method.html
	BUILT (ALWAYS BUILD), BUILD DURATION: 3ms

***** C:\~uize\UIZE-JavaScript-Framework\news\2012-01-22-New-Uize.mergeInto-Method.simple
	TARGET FILE: C:\~uize\UIZE-JavaScript-Framework\news\2012-01-22-New-Uize.mergeInto-Method.html
	BUILT (ALWAYS BUILD), BUILD DURATION: 13ms

***** C:\~uize\UIZE-JavaScript-Framework\news\2012-01-28-New-Uize.now-Method.simple
	TARGET FILE: C:\~uize\UIZE-JavaScript-Framework\news\2012-01-28-New-Uize.now-Method.html
	BUILT (ALWAYS BUILD), BUILD DURATION: 3ms

***** C:\~uize\UIZE-JavaScript-Framework\news\2012-02-19-NEW-MODULE-Uize.Data.Combinations.simple
	TARGET FILE: C:\~uize\UIZE-JavaScript-Framework\news\2012-02-19-NEW-MODULE-Uize.Data.Combinations.html
	BUILT (ALWAYS BUILD), BUILD DURATION: 10ms

***** C:\~uize\UIZE-JavaScript-Framework\news\2012-03-24-New-Uize.canExtend-Method.simple
	TARGET FILE: C:\~uize\UIZE-JavaScript-Framework\news\2012-03-24-New-Uize.canExtend-Method.html
	BUILT (ALWAYS BUILD), BUILD DURATION: 2ms

***** C:\~uize\UIZE-JavaScript-Framework\news\2012-04-05-UIZE-Adds-Support-for-Singletons.simple
	TARGET FILE: C:\~uize\UIZE-JavaScript-Framework\news\2012-04-05-UIZE-Adds-Support-for-Singletons.html
	BUILT (ALWAYS BUILD), BUILD DURATION: 6ms

***** C:\~uize\UIZE-JavaScript-Framework\news\2012-06-23-New-Uize.isRegExp-Method.simple
	TARGET FILE: C:\~uize\UIZE-JavaScript-Framework\news\2012-06-23-New-Uize.isRegExp-Method.html
	BUILT (ALWAYS BUILD), BUILD DURATION: 2ms

***** C:\~uize\UIZE-JavaScript-Framework\news\2012-06-25-New-Uize.resolveTransformer-Method.simple
	TARGET FILE: C:\~uize\UIZE-JavaScript-Framework\news\2012-06-25-New-Uize.resolveTransformer-Method.html
	BUILT (ALWAYS BUILD), BUILD DURATION: 11ms

***** C:\~uize\UIZE-JavaScript-Framework\news\2012-06-27-New-Uize.resolveMatcher-Method.simple
	TARGET FILE: C:\~uize\UIZE-JavaScript-Framework\news\2012-06-27-New-Uize.resolveMatcher-Method.html
	BUILT (ALWAYS BUILD), BUILD DURATION: 7ms

***** C:\~uize\UIZE-JavaScript-Framework\news\2012-07-07-Auto-Derived-Scruncher-Mappings.simple
	TARGET FILE: C:\~uize\UIZE-JavaScript-Framework\news\2012-07-07-Auto-Derived-Scruncher-Mappings.html
	BUILT (ALWAYS BUILD), BUILD DURATION: 2ms

***** C:\~uize\UIZE-JavaScript-Framework\news\2012-07-08-Build-Script-Modules-Migrated.simple
	TARGET FILE: C:\~uize\UIZE-JavaScript-Framework\news\2012-07-08-Build-Script-Modules-Migrated.html
	BUILT (ALWAYS BUILD), BUILD DURATION: 7ms

***** C:\~uize\UIZE-JavaScript-Framework\news\2012-07-22-New-once-Instance-Method-for-Classes.simple
	TARGET FILE: C:\~uize\UIZE-JavaScript-Framework\news\2012-07-22-New-once-Instance-Method-for-Classes.html
	BUILT (ALWAYS BUILD), BUILD DURATION: 4ms

***** C:\~uize\UIZE-JavaScript-Framework\news\2012-08-04-Improved-Setting-of-State-Properties.simple
	TARGET FILE: C:\~uize\UIZE-JavaScript-Framework\news\2012-08-04-Improved-Setting-of-State-Properties.html
	BUILT (ALWAYS BUILD), BUILD DURATION: 6ms

***** C:\~uize\UIZE-JavaScript-Framework\news\2012-08-05-New-is-Instance-Method-for-Classes.simple
	TARGET FILE: C:\~uize\UIZE-JavaScript-Framework\news\2012-08-05-New-is-Instance-Method-for-Classes.html
	BUILT (ALWAYS BUILD), BUILD DURATION: 2ms

***** C:\~uize\UIZE-JavaScript-Framework\news\2012-08-12-Improved-once-Method-for-Classes.simple
	TARGET FILE: C:\~uize\UIZE-JavaScript-Framework\news\2012-08-12-Improved-once-Method-for-Classes.html
	BUILT (ALWAYS BUILD), BUILD DURATION: 2ms

***** C:\~uize\UIZE-JavaScript-Framework\news\2012-08-13-New-met-and-unmet-Instance-Methods-for-Classes.simple
	TARGET FILE: C:\~uize\UIZE-JavaScript-Framework\news\2012-08-13-New-met-and-unmet-Instance-Methods-for-Classes.html
	BUILT (ALWAYS BUILD), BUILD DURATION: 8ms

***** C:\~uize\UIZE-JavaScript-Framework\news\2012-08-18-Set-get-Properties-Become-State-Properties.simple
	TARGET FILE: C:\~uize\UIZE-JavaScript-Framework\news\2012-08-18-Set-get-Properties-Become-State-Properties.html
	BUILT (ALWAYS BUILD), BUILD DURATION: 2ms

***** C:\~uize\UIZE-JavaScript-Framework\news\2012-09-03-Improved-Module-Mechanism.simple
	TARGET FILE: C:\~uize\UIZE-JavaScript-Framework\news\2012-09-03-Improved-Module-Mechanism.html
	BUILT (ALWAYS BUILD), BUILD DURATION: 14ms

***** C:\~uize\UIZE-JavaScript-Framework\news\2012-09-15-Improved-Support-for-Conditions.simple
	TARGET FILE: C:\~uize\UIZE-JavaScript-Framework\news\2012-09-15-Improved-Support-for-Conditions.html
	BUILT (ALWAYS BUILD), BUILD DURATION: 27ms

