***** C:\~uize\UIZE-JavaScript-Framework\site-source\js\Uize.Templates.Calculator.js.jst
	TARGET FILE: C:\~uize\UIZE-JavaScript-Framework\site-source\..\site-built\js\Uize.Templates.Calculator.js
	BUILT (DIDN'T EXIST), BUILD DURATION: 6ms

***** C:\~uize\UIZE-JavaScript-Framework\site-source\js\Uize.Templates.Calendar.js.jst
	TARGET FILE: C:\~uize\UIZE-JavaScript-Framework\site-source\..\site-built\js\Uize.Templates.Calendar.js
	BUILT (DIDN'T EXIST), BUILD DURATION: 3ms

***** C:\~uize\UIZE-JavaScript-Framework\site-source\js\Uize.Templates.Collection.js.jst
	TARGET FILE: C:\~uize\UIZE-JavaScript-Framework\site-source\..\site-built\js\Uize.Templates.Collection.js
	BUILT (DIDN'T EXIST), BUILD DURATION: 6ms

***** C:\~uize\UIZE-JavaScript-Framework\site-source\js\Uize.Templates.CollectionItem.js.jst
	TARGET FILE: C:\~uize\UIZE-JavaScript-Framework\site-source\..\site-built\js\Uize.Templates.CollectionItem.js
	BUILT (DIDN'T EXIST), BUILD DURATION: 2ms

***** C:\~uize\UIZE-JavaScript-Framework\site-source\js\Uize.Templates.ColorInfo.js.jst
	TARGET FILE: C:\~uize\UIZE-JavaScript-Framework\site-source\..\site-built\js\Uize.Templates.ColorInfo.js
	BUILT (DIDN'T EXIST), BUILD DURATION: 3ms

***** C:\~uize\UIZE-JavaScript-Framework\site-source\js\Uize.Templates.HashTable.js.jst
	TARGET FILE: C:\~uize\UIZE-JavaScript-Framework\site-source\..\site-built\js\Uize.Templates.HashTable.js
	BUILT (DIDN'T EXIST), BUILD DURATION: 3ms

***** C:\~uize\UIZE-JavaScript-Framework\site-source\js\Uize.Templates.JstModule.js.jst
	TARGET FILE: C:\~uize\UIZE-JavaScript-Framework\site-source\..\site-built\js\Uize.Templates.JstModule.js
	BUILT (DIDN'T EXIST), BUILD DURATION: 3ms

***** C:\~uize\UIZE-JavaScript-Framework\site-source\js\Uize.Templates.Log.js.jst
	TARGET FILE: C:\~uize\UIZE-JavaScript-Framework\site-source\..\site-built\js\Uize.Templates.Log.js
	BUILT (DIDN'T EXIST), BUILD DURATION: 3ms

***** C:\~uize\UIZE-JavaScript-Framework\site-source\js\Uize.Templates.SevenSegmentDisplay.js.jst
	TARGET FILE: C:\~uize\UIZE-JavaScript-Framework\site-source\..\site-built\js\Uize.Templates.SevenSegmentDisplay.js
	BUILT (DIDN'T EXIST), BUILD DURATION: 2ms

***** C:\~uize\UIZE-JavaScript-Framework\site-source\js\Uize.Templates.SevenSegmentDisplayDimsCss.js.jst
	TARGET FILE: C:\~uize\UIZE-JavaScript-Framework\site-source\..\site-built\js\Uize.Templates.SevenSegmentDisplayDimsCss.js
	BUILT (DIDN'T EXIST), BUILD DURATION: 3ms

***** C:\~uize\UIZE-JavaScript-Framework\site-source\js\Uize.Templates.SimpleDoc.js.jst
	TARGET FILE: C:\~uize\UIZE-JavaScript-Framework\site-source\..\site-built\js\Uize.Templates.SimpleDoc.js
	BUILT (DIDN'T EXIST), BUILD DURATION: 8ms

***** C:\~uize\UIZE-JavaScript-Framework\site-source\js\UizeSite.Templates.DataBar.js.jst
	TARGET FILE: C:\~uize\UIZE-JavaScript-Framework\site-source\..\site-built\js\UizeSite.Templates.DataBar.js
	BUILT (DIDN'T EXIST), BUILD DURATION: 2ms

***** C:\~uize\UIZE-JavaScript-Framework\site-source\js\UizeSite.Templates.DelvePageHtml.js.jst
	TARGET FILE: C:\~uize\UIZE-JavaScript-Framework\site-source\..\site-built\js\UizeSite.Templates.DelvePageHtml.js
	BUILT (DIDN'T EXIST), BUILD DURATION: 2ms

***** C:\~uize\UIZE-JavaScript-Framework\site-source\js\UizeSite.Templates.DelveUiHtml.js.jst
	TARGET FILE: C:\~uize\UIZE-JavaScript-Framework\site-source\..\site-built\js\UizeSite.Templates.DelveUiHtml.js
	BUILT (DIDN'T EXIST), BUILD DURATION: 3ms

***** C:\~uize\UIZE-JavaScript-Framework\site-source\js\UizeSite.Templates.Dialog.Confirm.js.jst
	TARGET FILE: C:\~uize\UIZE-JavaScript-Framework\site-source\..\site-built\js\UizeSite.Templates.Dialog.Confirm.js
	BUILT (DIDN'T EXIST), BUILD DURATION: 2ms

***** C:\~uize\UIZE-JavaScript-Framework\site-source\js\UizeSite.Templates.Dialog.js.jst
	TARGET FILE: C:\~uize\UIZE-JavaScript-Framework\site-source\..\site-built\js\UizeSite.Templates.Dialog.js
	BUILT (DIDN'T EXIST), BUILD DURATION: 3ms

***** C:\~uize\UIZE-JavaScript-Framework\site-source\js\UizeSite.Templates.Dialog.Picker.Date.js.jst
	TARGET FILE: C:\~uize\UIZE-JavaScript-Framework\site-source\..\site-built\js\UizeSite.Templates.Dialog.Picker.Date.js
	BUILT (DIDN'T EXIST), BUILD DURATION: 3ms

***** C:\~uize\UIZE-JavaScript-Framework\site-source\js\UizeSite.Templates.Dialog.Picker.js.jst
	TARGET FILE: C:\~uize\UIZE-JavaScript-Framework\site-source\..\site-built\js\UizeSite.Templates.Dialog.Picker.js
	BUILT (DIDN'T EXIST), BUILD DURATION: 2ms

***** C:\~uize\UIZE-JavaScript-Framework\site-source\js\UizeSite.Templates.Footer.js.jst
	TARGET FILE: C:\~uize\UIZE-JavaScript-Framework\site-source\..\site-built\js\UizeSite.Templates.Footer.js
	BUILT (DIDN'T EXIST), BUILD DURATION: 8ms

***** C:\~uize\UIZE-JavaScript-Framework\site-source\js\UizeSite.Templates.IndexPage.js.jst
	TARGET FILE: C:\~uize\UIZE-JavaScript-Framework\site-source\..\site-built\js\UizeSite.Templates.IndexPage.js
	BUILT (DIDN'T EXIST), BUILD DURATION: 3ms

***** C:\~uize\UIZE-JavaScript-Framework\site-source\js\UizeSite.Templates.JavaScriptSourceSample.js.jst
	TARGET FILE: C:\~uize\UIZE-JavaScript-Framework\site-source\..\site-built\js\UizeSite.Templates.JavaScriptSourceSample.js
	BUILT (DIDN'T EXIST), BUILD DURATION: 8ms

***** C:\~uize\UIZE-JavaScript-Framework\site-source\js\UizeSite.Templates.ListingsPage.js.jst
	TARGET FILE: C:\~uize\UIZE-JavaScript-Framework\site-source\..\site-built\js\UizeSite.Templates.ListingsPage.js
	BUILT (DIDN'T EXIST), BUILD DURATION: 5ms

***** C:\~uize\UIZE-JavaScript-Framework\site-source\js\UizeSite.Templates.ParamsInspector.js.jst
	TARGET FILE: C:\~uize\UIZE-JavaScript-Framework\site-source\..\site-built\js\UizeSite.Templates.ParamsInspector.js
	BUILT (DIDN'T EXIST), BUILD DURATION: 5ms

***** C:\~uize\UIZE-JavaScript-Framework\site-source\js\UizeSite.Templates.ParamsTable.js.jst
	TARGET FILE: C:\~uize\UIZE-JavaScript-Framework\site-source\..\site-built\js\UizeSite.Templates.ParamsTable.js
	BUILT (DIDN'T EXIST), BUILD DURATION: 3ms

***** C:\~uize\UIZE-JavaScript-Framework\site-source\js\UizeSite.Templates.ShareThisPanel.js.jst
	TARGET FILE: C:\~uize\UIZE-JavaScript-Framework\site-source\..\site-built\js\UizeSite.Templates.ShareThisPanel.js
	BUILT (DIDN'T EXIST), BUILD DURATION: 5ms

***** C:\~uize\UIZE-JavaScript-Framework\site-source\js\UizeSite.Templates.SimpleDoc.js.jst
	TARGET FILE: C:\~uize\UIZE-JavaScript-Framework\site-source\..\site-built\js\UizeSite.Templates.SimpleDoc.js
	BUILT (DIDN'T EXIST), BUILD DURATION: 3ms

***** C:\~uize\UIZE-JavaScript-Framework\site-source\js\UizeSite.Templates.SimpleDocSample.js.jst
	TARGET FILE: C:\~uize\UIZE-JavaScript-Framework\site-source\..\site-built\js\UizeSite.Templates.SimpleDocSample.js
	BUILT (DIDN'T EXIST), BUILD DURATION: 7ms

***** C:\~uize\UIZE-JavaScript-Framework\site-source\js\UizeSite.Templates.SlideShow.Basic.js.jst
	TARGET FILE: C:\~uize\UIZE-JavaScript-Framework\site-source\..\site-built\js\UizeSite.Templates.SlideShow.Basic.js
	BUILT (DIDN'T EXIST), BUILD DURATION: 2ms

***** C:\~uize\UIZE-JavaScript-Framework\site-source\js\UizeSite.Templates.SlideShow.js.jst
	TARGET FILE: C:\~uize\UIZE-JavaScript-Framework\site-source\..\site-built\js\UizeSite.Templates.SlideShow.js
	BUILT (DIDN'T EXIST), BUILD DURATION: 2ms

***** C:\~uize\UIZE-JavaScript-Framework\site-source\js\UizeSite.Templates.SlideShow.Wipes.js.jst
	TARGET FILE: C:\~uize\UIZE-JavaScript-Framework\site-source\..\site-built\js\UizeSite.Templates.SlideShow.Wipes.js
	BUILT (DIDN'T EXIST), BUILD DURATION: 4ms

***** C:\~uize\UIZE-JavaScript-Framework\site-source\js\UizeSite.Templates.Tour.js.jst
	TARGET FILE: C:\~uize\UIZE-JavaScript-Framework\site-source\..\site-built\js\UizeSite.Templates.Tour.js
	BUILT (DIDN'T EXIST), BUILD DURATION: 4ms

***** C:\~uize\UIZE-JavaScript-Framework\site-source\js\UizeSite.Templates.WidgetToGoGadgetXml.js.jst
	TARGET FILE: C:\~uize\UIZE-JavaScript-Framework\site-source\..\site-built\js\UizeSite.Templates.WidgetToGoGadgetXml.js
	BUILT (DIDN'T EXIST), BUILD DURATION: 3ms

***** C:\~uize\UIZE-JavaScript-Framework\site-source\js\UizeSite.Templates.WidgetToGoHomepage.js.jst
	TARGET FILE: C:\~uize\UIZE-JavaScript-Framework\site-source\..\site-built\js\UizeSite.Templates.WidgetToGoHomepage.js
	BUILT (DIDN'T EXIST), BUILD DURATION: 4ms

***** C:\~uize\UIZE-JavaScript-Framework\site-source\js\UizeSite.Templates.WidgetToGoPage.js.jst
	TARGET FILE: C:\~uize\UIZE-JavaScript-Framework\site-source\..\site-built\js\UizeSite.Templates.WidgetToGoPage.js
	BUILT (DIDN'T EXIST), BUILD DURATION: 4ms

***** C:\~uize\UIZE-JavaScript-Framework\site-source\js\UizeSite.Templates.WidgetToGoTitle.js.jst
	TARGET FILE: C:\~uize\UIZE-JavaScript-Framework\site-source\..\site-built\js\UizeSite.Templates.WidgetToGoTitle.js
	BUILT (DIDN'T EXIST), BUILD DURATION: 2ms

