C:\~uize\UIZE-JavaScript-Framework\site-source\js\Uize.Array.Dupes.js
	TARGET FILE: C:\~uize\UIZE-JavaScript-Framework\site-source\..\site-built\reference\Uize.Array.Dupes.html
	no action, file is current

C:\~uize\UIZE-JavaScript-Framework\site-source\js\Uize.Array.js
	TARGET FILE: C:\~uize\UIZE-JavaScript-Framework\site-source\..\site-built\reference\Uize.Array.html
	no action, file is current

C:\~uize\UIZE-JavaScript-Framework\site-source\js\Uize.Array.Order.js
	TARGET FILE: C:\~uize\UIZE-JavaScript-Framework\site-source\..\site-built\reference\Uize.Array.Order.html
	no action, file is current

C:\~uize\UIZE-JavaScript-Framework\site-source\js\Uize.Array.Sort.js
	TARGET FILE: C:\~uize\UIZE-JavaScript-Framework\site-source\..\site-built\reference\Uize.Array.Sort.html
	no action, file is current

C:\~uize\UIZE-JavaScript-Framework\site-source\js\Uize.Array.Util.js
	TARGET FILE: C:\~uize\UIZE-JavaScript-Framework\site-source\..\site-built\reference\Uize.Array.Util.html
	no action, file is current

C:\~uize\UIZE-JavaScript-Framework\site-source\js\Uize.Build.All.js
	TARGET FILE: C:\~uize\UIZE-JavaScript-Framework\site-source\..\site-built\reference\Uize.Build.All.html
	no action, file is current

C:\~uize\UIZE-JavaScript-Framework\site-source\js\Uize.Build.AuditStrings.js
	TARGET FILE: C:\~uize\UIZE-JavaScript-Framework\site-source\..\site-built\reference\Uize.Build.AuditStrings.html
	no action, file is current

C:\~uize\UIZE-JavaScript-Framework\site-source\js\Uize.Build.AutoScruncher.js
	TARGET FILE: C:\~uize\UIZE-JavaScript-Framework\site-source\..\site-built\reference\Uize.Build.AutoScruncher.html
	no action, file is current

C:\~uize\UIZE-JavaScript-Framework\site-source\js\Uize.Build.BuildSimpleDataPages.js
	TARGET FILE: C:\~uize\UIZE-JavaScript-Framework\site-source\..\site-built\reference\Uize.Build.BuildSimpleDataPages.html
	no action, file is current

C:\~uize\UIZE-JavaScript-Framework\site-source\js\Uize.Build.BuildSimpleDocPages.js
	TARGET FILE: C:\~uize\UIZE-JavaScript-Framework\site-source\..\site-built\reference\Uize.Build.BuildSimpleDocPages.html
	no action, file is current

C:\~uize\UIZE-JavaScript-Framework\site-source\js\Uize.Build.CompileJstModules.js
	TARGET FILE: C:\~uize\UIZE-JavaScript-Framework\site-source\..\site-built\reference\Uize.Build.CompileJstModules.html
	no action, file is current

C:\~uize\UIZE-JavaScript-Framework\site-source\js\Uize.Build.js
	TARGET FILE: C:\~uize\UIZE-JavaScript-Framework\site-source\..\site-built\reference\Uize.Build.html
	no action, file is current

C:\~uize\UIZE-JavaScript-Framework\site-source\js\Uize.Build.ModuleInfo.js
	TARGET FILE: C:\~uize\UIZE-JavaScript-Framework\site-source\..\site-built\reference\Uize.Build.ModuleInfo.html
	no action, file is current

C:\~uize\UIZE-JavaScript-Framework\site-source\js\Uize.Build.NeatenJsFiles.js
	TARGET FILE: C:\~uize\UIZE-JavaScript-Framework\site-source\..\site-built\reference\Uize.Build.NeatenJsFiles.html
	no action, file is current

C:\~uize\UIZE-JavaScript-Framework\site-source\js\Uize.Build.RunUnitTest.js
	TARGET FILE: C:\~uize\UIZE-JavaScript-Framework\site-source\..\site-built\reference\Uize.Build.RunUnitTest.html
	no action, file is current

C:\~uize\UIZE-JavaScript-Framework\site-source\js\Uize.Build.RunUnitTests.js
	TARGET FILE: C:\~uize\UIZE-JavaScript-Framework\site-source\..\site-built\reference\Uize.Build.RunUnitTests.html
	no action, file is current

C:\~uize\UIZE-JavaScript-Framework\site-source\js\Uize.Build.Scruncher.js
	TARGET FILE: C:\~uize\UIZE-JavaScript-Framework\site-source\..\site-built\reference\Uize.Build.Scruncher.html
	no action, file is current

C:\~uize\UIZE-JavaScript-Framework\site-source\js\Uize.Build.ServicesSetup.js
	TARGET FILE: C:\~uize\UIZE-JavaScript-Framework\site-source\..\site-built\reference\Uize.Build.ServicesSetup.html
	no action, file is current

C:\~uize\UIZE-JavaScript-Framework\site-source\js\Uize.Build.UpdateCopyrightNotices.js
	TARGET FILE: C:\~uize\UIZE-JavaScript-Framework\site-source\..\site-built\reference\Uize.Build.UpdateCopyrightNotices.html
	no action, file is current

C:\~uize\UIZE-JavaScript-Framework\site-source\js\Uize.Build.Util.js
	TARGET FILE: C:\~uize\UIZE-JavaScript-Framework\site-source\..\site-built\reference\Uize.Build.Util.html
	no action, file is current

C:\~uize\UIZE-JavaScript-Framework\site-source\js\Uize.Class.js
	TARGET FILE: C:\~uize\UIZE-JavaScript-Framework\site-source\..\site-built\reference\Uize.Class.html
	no action, file is current

C:\~uize\UIZE-JavaScript-Framework\site-source\js\Uize.Class.Value.js
	TARGET FILE: C:\~uize\UIZE-JavaScript-Framework\site-source\..\site-built\reference\Uize.Class.Value.html
	no action, file is current

C:\~uize\UIZE-JavaScript-Framework\site-source\js\Uize.Color.js
	TARGET FILE: C:\~uize\UIZE-JavaScript-Framework\site-source\..\site-built\reference\Uize.Color.html
	no action, file is current

C:\~uize\UIZE-JavaScript-Framework\site-source\js\Uize.Color.xCmyk.js
	TARGET FILE: C:\~uize\UIZE-JavaScript-Framework\site-source\..\site-built\reference\Uize.Color.xCmyk.html
	no action, file is current

C:\~uize\UIZE-JavaScript-Framework\site-source\js\Uize.Color.xHsv.js
	TARGET FILE: C:\~uize\UIZE-JavaScript-Framework\site-source\..\site-built\reference\Uize.Color.xHsv.html
	no action, file is current

C:\~uize\UIZE-JavaScript-Framework\site-source\js\Uize.Color.xSvgColors.js
	TARGET FILE: C:\~uize\UIZE-JavaScript-Framework\site-source\..\site-built\reference\Uize.Color.xSvgColors.html
	no action, file is current

C:\~uize\UIZE-JavaScript-Framework\site-source\js\Uize.Color.xUtil.js
	TARGET FILE: C:\~uize\UIZE-JavaScript-Framework\site-source\..\site-built\reference\Uize.Color.xUtil.html
	no action, file is current

C:\~uize\UIZE-JavaScript-Framework\site-source\js\Uize.Comm.Ajax.js
	TARGET FILE: C:\~uize\UIZE-JavaScript-Framework\site-source\..\site-built\reference\Uize.Comm.Ajax.html
	no action, file is current

C:\~uize\UIZE-JavaScript-Framework\site-source\js\Uize.Comm.Iframe.js
	TARGET FILE: C:\~uize\UIZE-JavaScript-Framework\site-source\..\site-built\reference\Uize.Comm.Iframe.html
	no action, file is current

C:\~uize\UIZE-JavaScript-Framework\site-source\js\Uize.Comm.Iframe.Upload.js
	TARGET FILE: C:\~uize\UIZE-JavaScript-Framework\site-source\..\site-built\reference\Uize.Comm.Iframe.Upload.html
	no action, file is current

C:\~uize\UIZE-JavaScript-Framework\site-source\js\Uize.Comm.js
	TARGET FILE: C:\~uize\UIZE-JavaScript-Framework\site-source\..\site-built\reference\Uize.Comm.html
	no action, file is current

C:\~uize\UIZE-JavaScript-Framework\site-source\js\Uize.Comm.Script.js
	TARGET FILE: C:\~uize\UIZE-JavaScript-Framework\site-source\..\site-built\reference\Uize.Comm.Script.html
	no action, file is current

C:\~uize\UIZE-JavaScript-Framework\site-source\js\Uize.Cookie.js
	TARGET FILE: C:\~uize\UIZE-JavaScript-Framework\site-source\..\site-built\reference\Uize.Cookie.html
	no action, file is current

C:\~uize\UIZE-JavaScript-Framework\site-source\js\Uize.Curve.js
	TARGET FILE: C:\~uize\UIZE-JavaScript-Framework\site-source\..\site-built\reference\Uize.Curve.html
	no action, file is current

C:\~uize\UIZE-JavaScript-Framework\site-source\js\Uize.Curve.Mod.js
	TARGET FILE: C:\~uize\UIZE-JavaScript-Framework\site-source\..\site-built\reference\Uize.Curve.Mod.html
	no action, file is current

C:\~uize\UIZE-JavaScript-Framework\site-source\js\Uize.Curve.Rubber.js
	TARGET FILE: C:\~uize\UIZE-JavaScript-Framework\site-source\..\site-built\reference\Uize.Curve.Rubber.html
	no action, file is current

C:\~uize\UIZE-JavaScript-Framework\site-source\js\Uize.Data.Combinations.js
	TARGET FILE: C:\~uize\UIZE-JavaScript-Framework\site-source\..\site-built\reference\Uize.Data.Combinations.html
	no action, file is current

C:\~uize\UIZE-JavaScript-Framework\site-source\js\Uize.Data.Csv.js
	TARGET FILE: C:\~uize\UIZE-JavaScript-Framework\site-source\..\site-built\reference\Uize.Data.Csv.html
	no action, file is current

C:\~uize\UIZE-JavaScript-Framework\site-source\js\Uize.Data.js
	TARGET FILE: C:\~uize\UIZE-JavaScript-Framework\site-source\..\site-built\reference\Uize.Data.html
	no action, file is current

C:\~uize\UIZE-JavaScript-Framework\site-source\js\Uize.Data.Matches.js
	TARGET FILE: C:\~uize\UIZE-JavaScript-Framework\site-source\..\site-built\reference\Uize.Data.Matches.html
	no action, file is current

C:\~uize\UIZE-JavaScript-Framework\site-source\js\Uize.Data.NameValueRecords.js
	TARGET FILE: C:\~uize\UIZE-JavaScript-Framework\site-source\..\site-built\reference\Uize.Data.NameValueRecords.html
	no action, file is current

C:\~uize\UIZE-JavaScript-Framework\site-source\js\Uize.Data.PathsTree.CompactString.js
	TARGET FILE: C:\~uize\UIZE-JavaScript-Framework\site-source\..\site-built\reference\Uize.Data.PathsTree.CompactString.html
	no action, file is current

C:\~uize\UIZE-JavaScript-Framework\site-source\js\Uize.Data.PathsTree.js
	TARGET FILE: C:\~uize\UIZE-JavaScript-Framework\site-source\..\site-built\reference\Uize.Data.PathsTree.html
	no action, file is current

C:\~uize\UIZE-JavaScript-Framework\site-source\js\Uize.Data.Simple.js
	TARGET FILE: C:\~uize\UIZE-JavaScript-Framework\site-source\..\site-built\reference\Uize.Data.Simple.html
	no action, file is current

C:\~uize\UIZE-JavaScript-Framework\site-source\js\Uize.Date.Formatter.js
	TARGET FILE: C:\~uize\UIZE-JavaScript-Framework\site-source\..\site-built\reference\Uize.Date.Formatter.html
	no action, file is current

C:\~uize\UIZE-JavaScript-Framework\site-source\js\Uize.Date.js
	TARGET FILE: C:\~uize\UIZE-JavaScript-Framework\site-source\..\site-built\reference\Uize.Date.html
	no action, file is current

C:\~uize\UIZE-JavaScript-Framework\site-source\js\Uize.Doc.js
	TARGET FILE: C:\~uize\UIZE-JavaScript-Framework\site-source\..\site-built\reference\Uize.Doc.html
	no action, file is current

C:\~uize\UIZE-JavaScript-Framework\site-source\js\Uize.Doc.Simple.js
	TARGET FILE: C:\~uize\UIZE-JavaScript-Framework\site-source\..\site-built\reference\Uize.Doc.Simple.html
	no action, file is current

C:\~uize\UIZE-JavaScript-Framework\site-source\js\Uize.Doc.Sucker.js
	TARGET FILE: C:\~uize\UIZE-JavaScript-Framework\site-source\..\site-built\reference\Uize.Doc.Sucker.html
	no action, file is current

C:\~uize\UIZE-JavaScript-Framework\site-source\js\Uize.Fade.js
	TARGET FILE: C:\~uize\UIZE-JavaScript-Framework\site-source\..\site-built\reference\Uize.Fade.html
	no action, file is current

C:\~uize\UIZE-JavaScript-Framework\site-source\js\Uize.Fade.xFactory.js
	TARGET FILE: C:\~uize\UIZE-JavaScript-Framework\site-source\..\site-built\reference\Uize.Fade.xFactory.html
	no action, file is current

C:\~uize\UIZE-JavaScript-Framework\site-source\js\Uize.Fade.xSeries.js
	TARGET FILE: C:\~uize\UIZE-JavaScript-Framework\site-source\..\site-built\reference\Uize.Fade.xSeries.html
	no action, file is current

C:\~uize\UIZE-JavaScript-Framework\site-source\js\Uize.Fx.js
	TARGET FILE: C:\~uize\UIZE-JavaScript-Framework\site-source\..\site-built\reference\Uize.Fx.html
	no action, file is current

C:\~uize\UIZE-JavaScript-Framework\site-source\js\Uize.Fx.xShadows.js
	TARGET FILE: C:\~uize\UIZE-JavaScript-Framework\site-source\..\site-built\reference\Uize.Fx.xShadows.html
	no action, file is current

C:\~uize\UIZE-JavaScript-Framework\site-source\js\Uize.Fx.xTextShadow.js
	TARGET FILE: C:\~uize\UIZE-JavaScript-Framework\site-source\..\site-built\reference\Uize.Fx.xTextShadow.html
	no action, file is current

C:\~uize\UIZE-JavaScript-Framework\site-source\js\Uize.js
	TARGET FILE: C:\~uize\UIZE-JavaScript-Framework\site-source\..\site-built\reference\Uize.html
	no action, file is current

C:\~uize\UIZE-JavaScript-Framework\site-source\js\Uize.Json.js
	TARGET FILE: C:\~uize\UIZE-JavaScript-Framework\site-source\..\site-built\reference\Uize.Json.html
	no action, file is current

C:\~uize\UIZE-JavaScript-Framework\site-source\js\Uize.Node.Classes.js
	TARGET FILE: C:\~uize\UIZE-JavaScript-Framework\site-source\..\site-built\reference\Uize.Node.Classes.html
	no action, file is current

C:\~uize\UIZE-JavaScript-Framework\site-source\js\Uize.Node.Event.js
	TARGET FILE: C:\~uize\UIZE-JavaScript-Framework\site-source\..\site-built\reference\Uize.Node.Event.html
	no action, file is current

C:\~uize\UIZE-JavaScript-Framework\site-source\js\Uize.Node.Form.js
	TARGET FILE: C:\~uize\UIZE-JavaScript-Framework\site-source\..\site-built\reference\Uize.Node.Form.html
	no action, file is current

C:\~uize\UIZE-JavaScript-Framework\site-source\js\Uize.Node.js
	TARGET FILE: C:\~uize\UIZE-JavaScript-Framework\site-source\..\site-built\reference\Uize.Node.html
	no action, file is current

C:\~uize\UIZE-JavaScript-Framework\site-source\js\Uize.Node.Tree.js
	TARGET FILE: C:\~uize\UIZE-JavaScript-Framework\site-source\..\site-built\reference\Uize.Node.Tree.html
	no action, file is current

C:\~uize\UIZE-JavaScript-Framework\site-source\js\Uize.Node.Util.js
	TARGET FILE: C:\~uize\UIZE-JavaScript-Framework\site-source\..\site-built\reference\Uize.Node.Util.html
	no action, file is current

C:\~uize\UIZE-JavaScript-Framework\site-source\js\Uize.Node.VirtualEvent.Edge.js
	TARGET FILE: C:\~uize\UIZE-JavaScript-Framework\site-source\..\site-built\reference\Uize.Node.VirtualEvent.Edge.html
	no action, file is current

C:\~uize\UIZE-JavaScript-Framework\site-source\js\Uize.Node.VirtualEvent.js
	TARGET FILE: C:\~uize\UIZE-JavaScript-Framework\site-source\..\site-built\reference\Uize.Node.VirtualEvent.html
	no action, file is current

C:\~uize\UIZE-JavaScript-Framework\site-source\js\Uize.Service.Adapter.js
	TARGET FILE: C:\~uize\UIZE-JavaScript-Framework\site-source\..\site-built\reference\Uize.Service.Adapter.html
	no action, file is current

C:\~uize\UIZE-JavaScript-Framework\site-source\js\Uize.Service.js
	TARGET FILE: C:\~uize\UIZE-JavaScript-Framework\site-source\..\site-built\reference\Uize.Service.html
	no action, file is current

C:\~uize\UIZE-JavaScript-Framework\site-source\js\Uize.Services.FileSystem.js
	TARGET FILE: C:\~uize\UIZE-JavaScript-Framework\site-source\..\site-built\reference\Uize.Services.FileSystem.html
	no action, file is current

C:\~uize\UIZE-JavaScript-Framework\site-source\js\Uize.Services.FileSystemWsh.js
	TARGET FILE: C:\~uize\UIZE-JavaScript-Framework\site-source\..\site-built\reference\Uize.Services.FileSystemWsh.html
	no action, file is current

C:\~uize\UIZE-JavaScript-Framework\site-source\js\Uize.Services.js
	TARGET FILE: C:\~uize\UIZE-JavaScript-Framework\site-source\..\site-built\reference\Uize.Services.html
	no action, file is current

C:\~uize\UIZE-JavaScript-Framework\site-source\js\Uize.String.Builder.js
	TARGET FILE: C:\~uize\UIZE-JavaScript-Framework\site-source\..\site-built\reference\Uize.String.Builder.html
	no action, file is current

C:\~uize\UIZE-JavaScript-Framework\site-source\js\Uize.String.Discombobulator.js
	TARGET FILE: C:\~uize\UIZE-JavaScript-Framework\site-source\..\site-built\reference\Uize.String.Discombobulator.html
	no action, file is current

C:\~uize\UIZE-JavaScript-Framework\site-source\js\Uize.String.js
	TARGET FILE: C:\~uize\UIZE-JavaScript-Framework\site-source\..\site-built\reference\Uize.String.html
	no action, file is current

C:\~uize\UIZE-JavaScript-Framework\site-source\js\Uize.String.Lines.js
	TARGET FILE: C:\~uize\UIZE-JavaScript-Framework\site-source\..\site-built\reference\Uize.String.Lines.html
	no action, file is current

C:\~uize\UIZE-JavaScript-Framework\site-source\js\Uize.Template.js
	TARGET FILE: C:\~uize\UIZE-JavaScript-Framework\site-source\..\site-built\reference\Uize.Template.html
	no action, file is current

C:\~uize\UIZE-JavaScript-Framework\site-source\js\Uize.Templates.Calculator.js
	TARGET FILE: C:\~uize\UIZE-JavaScript-Framework\site-source\..\site-built\reference\Uize.Templates.Calculator.html
	no action, file is current

C:\~uize\UIZE-JavaScript-Framework\site-source\js\Uize.Templates.Calendar.js
	TARGET FILE: C:\~uize\UIZE-JavaScript-Framework\site-source\..\site-built\reference\Uize.Templates.Calendar.html
	no action, file is current

C:\~uize\UIZE-JavaScript-Framework\site-source\js\Uize.Templates.Collection.js
	TARGET FILE: C:\~uize\UIZE-JavaScript-Framework\site-source\..\site-built\reference\Uize.Templates.Collection.html
	no action, file is current

C:\~uize\UIZE-JavaScript-Framework\site-source\js\Uize.Templates.CollectionItem.js
	TARGET FILE: C:\~uize\UIZE-JavaScript-Framework\site-source\..\site-built\reference\Uize.Templates.CollectionItem.html
	no action, file is current

C:\~uize\UIZE-JavaScript-Framework\site-source\js\Uize.Templates.ColorInfo.js
	TARGET FILE: C:\~uize\UIZE-JavaScript-Framework\site-source\..\site-built\reference\Uize.Templates.ColorInfo.html
	no action, file is current

C:\~uize\UIZE-JavaScript-Framework\site-source\js\Uize.Templates.HashTable.js
	TARGET FILE: C:\~uize\UIZE-JavaScript-Framework\site-source\..\site-built\reference\Uize.Templates.HashTable.html
	no action, file is current

C:\~uize\UIZE-JavaScript-Framework\site-source\js\Uize.Templates.js
	TARGET FILE: C:\~uize\UIZE-JavaScript-Framework\site-source\..\site-built\reference\Uize.Templates.html
	no action, file is current

C:\~uize\UIZE-JavaScript-Framework\site-source\js\Uize.Templates.JstModule.js
	TARGET FILE: C:\~uize\UIZE-JavaScript-Framework\site-source\..\site-built\reference\Uize.Templates.JstModule.html
	no action, file is current

C:\~uize\UIZE-JavaScript-Framework\site-source\js\Uize.Templates.List.js
	TARGET FILE: C:\~uize\UIZE-JavaScript-Framework\site-source\..\site-built\reference\Uize.Templates.List.html
	no action, file is current

C:\~uize\UIZE-JavaScript-Framework\site-source\js\Uize.Templates.Log.js
	TARGET FILE: C:\~uize\UIZE-JavaScript-Framework\site-source\..\site-built\reference\Uize.Templates.Log.html
	no action, file is current

C:\~uize\UIZE-JavaScript-Framework\site-source\js\Uize.Templates.SevenSegmentDisplay.js
	TARGET FILE: C:\~uize\UIZE-JavaScript-Framework\site-source\..\site-built\reference\Uize.Templates.SevenSegmentDisplay.html
	no action, file is current

C:\~uize\UIZE-JavaScript-Framework\site-source\js\Uize.Templates.SevenSegmentDisplayDimsCss.js
	TARGET FILE: C:\~uize\UIZE-JavaScript-Framework\site-source\..\site-built\reference\Uize.Templates.SevenSegmentDisplayDimsCss.html
	no action, file is current

C:\~uize\UIZE-JavaScript-Framework\site-source\js\Uize.Templates.SimpleDoc.js
	TARGET FILE: C:\~uize\UIZE-JavaScript-Framework\site-source\..\site-built\reference\Uize.Templates.SimpleDoc.html
	no action, file is current

C:\~uize\UIZE-JavaScript-Framework\site-source\js\Uize.Test.js
	TARGET FILE: C:\~uize\UIZE-JavaScript-Framework\site-source\..\site-built\reference\Uize.Test.html
	no action, file is current

C:\~uize\UIZE-JavaScript-Framework\site-source\js\Uize.Test.Performance.ArrayBuildingStyles.js
	TARGET FILE: C:\~uize\UIZE-JavaScript-Framework\site-source\..\site-built\reference\Uize.Test.Performance.ArrayBuildingStyles.html
	no action, file is current

C:\~uize\UIZE-JavaScript-Framework\site-source\js\Uize.Test.Performance.js
	TARGET FILE: C:\~uize\UIZE-JavaScript-Framework\site-source\..\site-built\reference\Uize.Test.Performance.html
	no action, file is current

C:\~uize\UIZE-JavaScript-Framework\site-source\js\Uize.Test.Uize.Array.Dupes.js
	TARGET FILE: C:\~uize\UIZE-JavaScript-Framework\site-source\..\site-built\reference\Uize.Test.Uize.Array.Dupes.html
	no action, file is current

C:\~uize\UIZE-JavaScript-Framework\site-source\js\Uize.Test.Uize.Array.js
	TARGET FILE: C:\~uize\UIZE-JavaScript-Framework\site-source\..\site-built\reference\Uize.Test.Uize.Array.html
	no action, file is current

C:\~uize\UIZE-JavaScript-Framework\site-source\js\Uize.Test.Uize.Array.Order.js
	TARGET FILE: C:\~uize\UIZE-JavaScript-Framework\site-source\..\site-built\reference\Uize.Test.Uize.Array.Order.html
	no action, file is current

C:\~uize\UIZE-JavaScript-Framework\site-source\js\Uize.Test.Uize.Array.Sort.js
	TARGET FILE: C:\~uize\UIZE-JavaScript-Framework\site-source\..\site-built\reference\Uize.Test.Uize.Array.Sort.html
	no action, file is current

C:\~uize\UIZE-JavaScript-Framework\site-source\js\Uize.Test.Uize.Array.Util.js
	TARGET FILE: C:\~uize\UIZE-JavaScript-Framework\site-source\..\site-built\reference\Uize.Test.Uize.Array.Util.html
	no action, file is current

C:\~uize\UIZE-JavaScript-Framework\site-source\js\Uize.Test.Uize.Class.js
	TARGET FILE: C:\~uize\UIZE-JavaScript-Framework\site-source\..\site-built\reference\Uize.Test.Uize.Class.html
	no action, file is current

C:\~uize\UIZE-JavaScript-Framework\site-source\js\Uize.Test.Uize.Data.Combinations.js
	TARGET FILE: C:\~uize\UIZE-JavaScript-Framework\site-source\..\site-built\reference\Uize.Test.Uize.Data.Combinations.html
	no action, file is current

C:\~uize\UIZE-JavaScript-Framework\site-source\js\Uize.Test.Uize.Data.Csv.js
	TARGET FILE: C:\~uize\UIZE-JavaScript-Framework\site-source\..\site-built\reference\Uize.Test.Uize.Data.Csv.html
	no action, file is current

C:\~uize\UIZE-JavaScript-Framework\site-source\js\Uize.Test.Uize.Data.js
	TARGET FILE: C:\~uize\UIZE-JavaScript-Framework\site-source\..\site-built\reference\Uize.Test.Uize.Data.html
	no action, file is current

C:\~uize\UIZE-JavaScript-Framework\site-source\js\Uize.Test.Uize.Data.Matches.js
	TARGET FILE: C:\~uize\UIZE-JavaScript-Framework\site-source\..\site-built\reference\Uize.Test.Uize.Data.Matches.html
	no action, file is current

***** C:\~uize\UIZE-JavaScript-Framework\site-source\js\Uize.Test.Uize.Data.NameValueRecords.js
	TARGET FILE: C:\~uize\UIZE-JavaScript-Framework\site-source\..\site-built\reference\Uize.Test.Uize.Data.NameValueRecords.html
	BUILT (DIDN'T EXIST), BUILD DURATION: 1534ms

***** C:\~uize\UIZE-JavaScript-Framework\site-source\js\Uize.Test.Uize.Data.PathsTree.CompactString.js
	TARGET FILE: C:\~uize\UIZE-JavaScript-Framework\site-source\..\site-built\reference\Uize.Test.Uize.Data.PathsTree.CompactString.html
	BUILT (DIDN'T EXIST), BUILD DURATION: 238ms

***** C:\~uize\UIZE-JavaScript-Framework\site-source\js\Uize.Test.Uize.Data.PathsTree.js
	TARGET FILE: C:\~uize\UIZE-JavaScript-Framework\site-source\..\site-built\reference\Uize.Test.Uize.Data.PathsTree.html
	BUILT (DIDN'T EXIST), BUILD DURATION: 147ms

***** C:\~uize\UIZE-JavaScript-Framework\site-source\js\Uize.Test.Uize.Date.Formatter.js
	TARGET FILE: C:\~uize\UIZE-JavaScript-Framework\site-source\..\site-built\reference\Uize.Test.Uize.Date.Formatter.html
	BUILT (DIDN'T EXIST), BUILD DURATION: 1178ms

***** C:\~uize\UIZE-JavaScript-Framework\site-source\js\Uize.Test.Uize.Date.js
	TARGET FILE: C:\~uize\UIZE-JavaScript-Framework\site-source\..\site-built\reference\Uize.Test.Uize.Date.html
	BUILT (DIDN'T EXIST), BUILD DURATION: 445ms

***** C:\~uize\UIZE-JavaScript-Framework\site-source\js\Uize.Test.Uize.Doc.js
	TARGET FILE: C:\~uize\UIZE-JavaScript-Framework\site-source\..\site-built\reference\Uize.Test.Uize.Doc.html
	BUILT (DIDN'T EXIST), BUILD DURATION: 161ms

***** C:\~uize\UIZE-JavaScript-Framework\site-source\js\Uize.Test.Uize.js
	TARGET FILE: C:\~uize\UIZE-JavaScript-Framework\site-source\..\site-built\reference\Uize.Test.Uize.html
	BUILT (DIDN'T EXIST), BUILD DURATION: 1437ms

***** C:\~uize\UIZE-JavaScript-Framework\site-source\js\Uize.Test.Uize.Node.Classes.js
	TARGET FILE: C:\~uize\UIZE-JavaScript-Framework\site-source\..\site-built\reference\Uize.Test.Uize.Node.Classes.html
	BUILT (DIDN'T EXIST), BUILD DURATION: 692ms

***** C:\~uize\UIZE-JavaScript-Framework\site-source\js\Uize.Test.Uize.Node.js
	TARGET FILE: C:\~uize\UIZE-JavaScript-Framework\site-source\..\site-built\reference\Uize.Test.Uize.Node.html
	BUILT (DIDN'T EXIST), BUILD DURATION: 168ms

***** C:\~uize\UIZE-JavaScript-Framework\site-source\js\Uize.Test.Uize.Service.js
	TARGET FILE: C:\~uize\UIZE-JavaScript-Framework\site-source\..\site-built\reference\Uize.Test.Uize.Service.html
	BUILT (DIDN'T EXIST), BUILD DURATION: 117ms

***** C:\~uize\UIZE-JavaScript-Framework\site-source\js\Uize.Test.Uize.Services.FileSystem.js
	TARGET FILE: C:\~uize\UIZE-JavaScript-Framework\site-source\..\site-built\reference\Uize.Test.Uize.Services.FileSystem.html
	BUILT (DIDN'T EXIST), BUILD DURATION: 185ms

***** C:\~uize\UIZE-JavaScript-Framework\site-source\js\Uize.Test.Uize.Services.js
	TARGET FILE: C:\~uize\UIZE-JavaScript-Framework\site-source\..\site-built\reference\Uize.Test.Uize.Services.html
	BUILT (DIDN'T EXIST), BUILD DURATION: 115ms

***** C:\~uize\UIZE-JavaScript-Framework\site-source\js\Uize.Test.Uize.String.Builder.js
	TARGET FILE: C:\~uize\UIZE-JavaScript-Framework\site-source\..\site-built\reference\Uize.Test.Uize.String.Builder.html
	BUILT (DIDN'T EXIST), BUILD DURATION: 545ms

***** C:\~uize\UIZE-JavaScript-Framework\site-source\js\Uize.Test.Uize.String.js
	TARGET FILE: C:\~uize\UIZE-JavaScript-Framework\site-source\..\site-built\reference\Uize.Test.Uize.String.html
	BUILT (DIDN'T EXIST), BUILD DURATION: 405ms

***** C:\~uize\UIZE-JavaScript-Framework\site-source\js\Uize.Test.Uize.String.Lines.js
	TARGET FILE: C:\~uize\UIZE-JavaScript-Framework\site-source\..\site-built\reference\Uize.Test.Uize.String.Lines.html
	BUILT (DIDN'T EXIST), BUILD DURATION: 675ms

***** C:\~uize\UIZE-JavaScript-Framework\site-source\js\Uize.Test.Uize.Template.js
	TARGET FILE: C:\~uize\UIZE-JavaScript-Framework\site-source\..\site-built\reference\Uize.Test.Uize.Template.html
	BUILT (DIDN'T EXIST), BUILD DURATION: 207ms

***** C:\~uize\UIZE-JavaScript-Framework\site-source\js\Uize.Test.Uize.Templates.Calculator.js
	TARGET FILE: C:\~uize\UIZE-JavaScript-Framework\site-source\..\site-built\reference\Uize.Test.Uize.Templates.Calculator.html
	BUILT (DIDN'T EXIST), BUILD DURATION: 72ms

***** C:\~uize\UIZE-JavaScript-Framework\site-source\js\Uize.Test.Uize.Templates.Calendar.js
	TARGET FILE: C:\~uize\UIZE-JavaScript-Framework\site-source\..\site-built\reference\Uize.Test.Uize.Templates.Calendar.html
	BUILT (DIDN'T EXIST), BUILD DURATION: 136ms

***** C:\~uize\UIZE-JavaScript-Framework\site-source\js\Uize.Test.Uize.Templates.Collection.js
	TARGET FILE: C:\~uize\UIZE-JavaScript-Framework\site-source\..\site-built\reference\Uize.Test.Uize.Templates.Collection.html
	BUILT (DIDN'T EXIST), BUILD DURATION: 134ms

***** C:\~uize\UIZE-JavaScript-Framework\site-source\js\Uize.Test.Uize.Templates.CollectionItem.js
	TARGET FILE: C:\~uize\UIZE-JavaScript-Framework\site-source\..\site-built\reference\Uize.Test.Uize.Templates.CollectionItem.html
	BUILT (DIDN'T EXIST), BUILD DURATION: 146ms

***** C:\~uize\UIZE-JavaScript-Framework\site-source\js\Uize.Test.Uize.Templates.ColorInfo.js
	TARGET FILE: C:\~uize\UIZE-JavaScript-Framework\site-source\..\site-built\reference\Uize.Test.Uize.Templates.ColorInfo.html
	BUILT (DIDN'T EXIST), BUILD DURATION: 68ms

***** C:\~uize\UIZE-JavaScript-Framework\site-source\js\Uize.Test.Uize.Templates.HashTable.js
	TARGET FILE: C:\~uize\UIZE-JavaScript-Framework\site-source\..\site-built\reference\Uize.Test.Uize.Templates.HashTable.html
	BUILT (DIDN'T EXIST), BUILD DURATION: 136ms

***** C:\~uize\UIZE-JavaScript-Framework\site-source\js\Uize.Test.Uize.Templates.js
	TARGET FILE: C:\~uize\UIZE-JavaScript-Framework\site-source\..\site-built\reference\Uize.Test.Uize.Templates.html
	BUILT (DIDN'T EXIST), BUILD DURATION: 130ms

***** C:\~uize\UIZE-JavaScript-Framework\site-source\js\Uize.Test.Uize.Templates.JstModule.js
	TARGET FILE: C:\~uize\UIZE-JavaScript-Framework\site-source\..\site-built\reference\Uize.Test.Uize.Templates.JstModule.html
	BUILT (DIDN'T EXIST), BUILD DURATION: 140ms

***** C:\~uize\UIZE-JavaScript-Framework\site-source\js\Uize.Test.Uize.Templates.List.js
	TARGET FILE: C:\~uize\UIZE-JavaScript-Framework\site-source\..\site-built\reference\Uize.Test.Uize.Templates.List.html
	BUILT (DIDN'T EXIST), BUILD DURATION: 142ms

***** C:\~uize\UIZE-JavaScript-Framework\site-source\js\Uize.Test.Uize.Templates.SevenSegmentDisplay.js
	TARGET FILE: C:\~uize\UIZE-JavaScript-Framework\site-source\..\site-built\reference\Uize.Test.Uize.Templates.SevenSegmentDisplay.html
	BUILT (DIDN'T EXIST), BUILD DURATION: 66ms

***** C:\~uize\UIZE-JavaScript-Framework\site-source\js\Uize.Test.Uize.Url.js
	TARGET FILE: C:\~uize\UIZE-JavaScript-Framework\site-source\..\site-built\reference\Uize.Test.Uize.Url.html
	BUILT (DIDN'T EXIST), BUILD DURATION: 641ms

***** C:\~uize\UIZE-JavaScript-Framework\site-source\js\Uize.Test.Uize.Util.js
	TARGET FILE: C:\~uize\UIZE-JavaScript-Framework\site-source\..\site-built\reference\Uize.Test.Uize.Util.html
	BUILT (DIDN'T EXIST), BUILD DURATION: 67ms

***** C:\~uize\UIZE-JavaScript-Framework\site-source\js\Uize.Test.Uize.Util.PropertyAdapter.js
	TARGET FILE: C:\~uize\UIZE-JavaScript-Framework\site-source\..\site-built\reference\Uize.Test.Uize.Util.PropertyAdapter.html
	BUILT (DIDN'T EXIST), BUILD DURATION: 386ms

***** C:\~uize\UIZE-JavaScript-Framework\site-source\js\Uize.Test.Uize.Xml.js
	TARGET FILE: C:\~uize\UIZE-JavaScript-Framework\site-source\..\site-built\reference\Uize.Test.Uize.Xml.html
	BUILT (DIDN'T EXIST), BUILD DURATION: 305ms

***** C:\~uize\UIZE-JavaScript-Framework\site-source\js\Uize.Tooltip.js
	TARGET FILE: C:\~uize\UIZE-JavaScript-Framework\site-source\..\site-built\reference\Uize.Tooltip.html
	BUILT (DIDN'T EXIST), BUILD DURATION: 34ms

***** C:\~uize\UIZE-JavaScript-Framework\site-source\js\Uize.Url.js
	TARGET FILE: C:\~uize\UIZE-JavaScript-Framework\site-source\..\site-built\reference\Uize.Url.html
	BUILT (DIDN'T EXIST), BUILD DURATION: 153ms

***** C:\~uize\UIZE-JavaScript-Framework\site-source\js\Uize.Util.Coupler.js
	TARGET FILE: C:\~uize\UIZE-JavaScript-Framework\site-source\..\site-built\reference\Uize.Util.Coupler.html
	BUILT (DIDN'T EXIST), BUILD DURATION: 121ms

***** C:\~uize\UIZE-JavaScript-Framework\site-source\js\Uize.Util.Cycle.js
	TARGET FILE: C:\~uize\UIZE-JavaScript-Framework\site-source\..\site-built\reference\Uize.Util.Cycle.html
	BUILT (DIDN'T EXIST), BUILD DURATION: 36ms

***** C:\~uize\UIZE-JavaScript-Framework\site-source\js\Uize.Util.js
	TARGET FILE: C:\~uize\UIZE-JavaScript-Framework\site-source\..\site-built\reference\Uize.Util.html
	BUILT (DIDN'T EXIST), BUILD DURATION: 7ms

***** C:\~uize\UIZE-JavaScript-Framework\site-source\js\Uize.Util.Needs.js
	TARGET FILE: C:\~uize\UIZE-JavaScript-Framework\site-source\..\site-built\reference\Uize.Util.Needs.html
	BUILT (DIDN'T EXIST), BUILD DURATION: 28ms

***** C:\~uize\UIZE-JavaScript-Framework\site-source\js\Uize.Util.Oop.js
	TARGET FILE: C:\~uize\UIZE-JavaScript-Framework\site-source\..\site-built\reference\Uize.Util.Oop.html
	BUILT (DIDN'T EXIST), BUILD DURATION: 116ms

***** C:\~uize\UIZE-JavaScript-Framework\site-source\js\Uize.Util.PropertyAdapter.js
	TARGET FILE: C:\~uize\UIZE-JavaScript-Framework\site-source\..\site-built\reference\Uize.Util.PropertyAdapter.html
	BUILT (DIDN'T EXIST), BUILD DURATION: 153ms

***** C:\~uize\UIZE-JavaScript-Framework\site-source\js\Uize.Widget.AutoSuggest.js
	TARGET FILE: C:\~uize\UIZE-JavaScript-Framework\site-source\..\site-built\reference\Uize.Widget.AutoSuggest.html
	BUILT (DIDN'T EXIST), BUILD DURATION: 453ms

***** C:\~uize\UIZE-JavaScript-Framework\site-source\js\Uize.Widget.AutoTooltip.js
	TARGET FILE: C:\~uize\UIZE-JavaScript-Framework\site-source\..\site-built\reference\Uize.Widget.AutoTooltip.html
	BUILT (DIDN'T EXIST), BUILD DURATION: 166ms

***** C:\~uize\UIZE-JavaScript-Framework\site-source\js\Uize.Widget.Bar.js
	TARGET FILE: C:\~uize\UIZE-JavaScript-Framework\site-source\..\site-built\reference\Uize.Widget.Bar.html
	BUILT (DIDN'T EXIST), BUILD DURATION: 176ms

***** C:\~uize\UIZE-JavaScript-Framework\site-source\js\Uize.Widget.Bar.Progress.js
	TARGET FILE: C:\~uize\UIZE-JavaScript-Framework\site-source\..\site-built\reference\Uize.Widget.Bar.Progress.html
	BUILT (DIDN'T EXIST), BUILD DURATION: 166ms

***** C:\~uize\UIZE-JavaScript-Framework\site-source\js\Uize.Widget.Bar.Slider.js
	TARGET FILE: C:\~uize\UIZE-JavaScript-Framework\site-source\..\site-built\reference\Uize.Widget.Bar.Slider.html
	BUILT (DIDN'T EXIST), BUILD DURATION: 177ms

***** C:\~uize\UIZE-JavaScript-Framework\site-source\js\Uize.Widget.Bar.Slider.Plus.js
	TARGET FILE: C:\~uize\UIZE-JavaScript-Framework\site-source\..\site-built\reference\Uize.Widget.Bar.Slider.Plus.html
	BUILT (DIDN'T EXIST), BUILD DURATION: 170ms

***** C:\~uize\UIZE-JavaScript-Framework\site-source\js\Uize.Widget.Bar.Slider.xSkin.js
	TARGET FILE: C:\~uize\UIZE-JavaScript-Framework\site-source\..\site-built\reference\Uize.Widget.Bar.Slider.xSkin.html
	BUILT (DIDN'T EXIST), BUILD DURATION: 103ms

***** C:\~uize\UIZE-JavaScript-Framework\site-source\js\Uize.Widget.Beam.js
	TARGET FILE: C:\~uize\UIZE-JavaScript-Framework\site-source\..\site-built\reference\Uize.Widget.Beam.html
	BUILT (DIDN'T EXIST), BUILD DURATION: 150ms

***** C:\~uize\UIZE-JavaScript-Framework\site-source\js\Uize.Widget.Bevel.js
	TARGET FILE: C:\~uize\UIZE-JavaScript-Framework\site-source\..\site-built\reference\Uize.Widget.Bevel.html
	BUILT (DIDN'T EXIST), BUILD DURATION: 75ms

***** C:\~uize\UIZE-JavaScript-Framework\site-source\js\Uize.Widget.Button.Checkbox.js
	TARGET FILE: C:\~uize\UIZE-JavaScript-Framework\site-source\..\site-built\reference\Uize.Widget.Button.Checkbox.html
	BUILT (DIDN'T EXIST), BUILD DURATION: 158ms

***** C:\~uize\UIZE-JavaScript-Framework\site-source\js\Uize.Widget.Button.Filter.js
	TARGET FILE: C:\~uize\UIZE-JavaScript-Framework\site-source\..\site-built\reference\Uize.Widget.Button.Filter.html
	BUILT (DIDN'T EXIST), BUILD DURATION: 164ms

***** C:\~uize\UIZE-JavaScript-Framework\site-source\js\Uize.Widget.Button.js
	TARGET FILE: C:\~uize\UIZE-JavaScript-Framework\site-source\..\site-built\reference\Uize.Widget.Button.html
	BUILT (DIDN'T EXIST), BUILD DURATION: 283ms

***** C:\~uize\UIZE-JavaScript-Framework\site-source\js\Uize.Widget.Button.Toggle.js
	TARGET FILE: C:\~uize\UIZE-JavaScript-Framework\site-source\..\site-built\reference\Uize.Widget.Button.Toggle.html
	BUILT (DIDN'T EXIST), BUILD DURATION: 174ms

***** C:\~uize\UIZE-JavaScript-Framework\site-source\js\Uize.Widget.Button.ValueDisplay.js
	TARGET FILE: C:\~uize\UIZE-JavaScript-Framework\site-source\..\site-built\reference\Uize.Widget.Button.ValueDisplay.html
	BUILT (DIDN'T EXIST), BUILD DURATION: 156ms

***** C:\~uize\UIZE-JavaScript-Framework\site-source\js\Uize.Widget.Button.ValueDisplay.Selector.js
	TARGET FILE: C:\~uize\UIZE-JavaScript-Framework\site-source\..\site-built\reference\Uize.Widget.Button.ValueDisplay.Selector.html
	BUILT (DIDN'T EXIST), BUILD DURATION: 246ms

***** C:\~uize\UIZE-JavaScript-Framework\site-source\js\Uize.Widget.Calculator.js
	TARGET FILE: C:\~uize\UIZE-JavaScript-Framework\site-source\..\site-built\reference\Uize.Widget.Calculator.html
	BUILT (DIDN'T EXIST), BUILD DURATION: 369ms

***** C:\~uize\UIZE-JavaScript-Framework\site-source\js\Uize.Widget.Calendar.js
	TARGET FILE: C:\~uize\UIZE-JavaScript-Framework\site-source\..\site-built\reference\Uize.Widget.Calendar.html
	BUILT (DIDN'T EXIST), BUILD DURATION: 317ms

***** C:\~uize\UIZE-JavaScript-Framework\site-source\js\Uize.Widget.Captcha.js
	TARGET FILE: C:\~uize\UIZE-JavaScript-Framework\site-source\..\site-built\reference\Uize.Widget.Captcha.html
	BUILT (DIDN'T EXIST), BUILD DURATION: 156ms

***** C:\~uize\UIZE-JavaScript-Framework\site-source\js\Uize.Widget.Captcha.Recaptcha.js
	TARGET FILE: C:\~uize\UIZE-JavaScript-Framework\site-source\..\site-built\reference\Uize.Widget.Captcha.Recaptcha.html
	BUILT (DIDN'T EXIST), BUILD DURATION: 171ms

***** C:\~uize\UIZE-JavaScript-Framework\site-source\js\Uize.Widget.Collapsy.js
	TARGET FILE: C:\~uize\UIZE-JavaScript-Framework\site-source\..\site-built\reference\Uize.Widget.Collapsy.html
	BUILT (DIDN'T EXIST), BUILD DURATION: 154ms

***** C:\~uize\UIZE-JavaScript-Framework\site-source\js\Uize.Widget.Collection.Dynamic.js
	TARGET FILE: C:\~uize\UIZE-JavaScript-Framework\site-source\..\site-built\reference\Uize.Widget.Collection.Dynamic.html
	BUILT (DIDN'T EXIST), BUILD DURATION: 305ms

***** C:\~uize\UIZE-JavaScript-Framework\site-source\js\Uize.Widget.Collection.Dynamic.Table.js
	TARGET FILE: C:\~uize\UIZE-JavaScript-Framework\site-source\..\site-built\reference\Uize.Widget.Collection.Dynamic.Table.html
	BUILT (DIDN'T EXIST), BUILD DURATION: 182ms

***** C:\~uize\UIZE-JavaScript-Framework\site-source\js\Uize.Widget.Collection.js
	TARGET FILE: C:\~uize\UIZE-JavaScript-Framework\site-source\..\site-built\reference\Uize.Widget.Collection.html
	BUILT (DIDN'T EXIST), BUILD DURATION: 360ms

***** C:\~uize\UIZE-JavaScript-Framework\site-source\js\Uize.Widget.CollectionItem.js
	TARGET FILE: C:\~uize\UIZE-JavaScript-Framework\site-source\..\site-built\reference\Uize.Widget.CollectionItem.html
	BUILT (DIDN'T EXIST), BUILD DURATION: 279ms

***** C:\~uize\UIZE-JavaScript-Framework\site-source\js\Uize.Widget.CollectionItem.Zooming.js
	TARGET FILE: C:\~uize\UIZE-JavaScript-Framework\site-source\..\site-built\reference\Uize.Widget.CollectionItem.Zooming.html
	BUILT (DIDN'T EXIST), BUILD DURATION: 305ms

***** C:\~uize\UIZE-JavaScript-Framework\site-source\js\Uize.Widget.ColorCube.Draggable.js
	TARGET FILE: C:\~uize\UIZE-JavaScript-Framework\site-source\..\site-built\reference\Uize.Widget.ColorCube.Draggable.html
	BUILT (DIDN'T EXIST), BUILD DURATION: 179ms

***** C:\~uize\UIZE-JavaScript-Framework\site-source\js\Uize.Widget.ColorCube.js
	TARGET FILE: C:\~uize\UIZE-JavaScript-Framework\site-source\..\site-built\reference\Uize.Widget.ColorCube.html
	BUILT (DIDN'T EXIST), BUILD DURATION: 157ms

***** C:\~uize\UIZE-JavaScript-Framework\site-source\js\Uize.Widget.ColorInfo.js
	TARGET FILE: C:\~uize\UIZE-JavaScript-Framework\site-source\..\site-built\reference\Uize.Widget.ColorInfo.html
	BUILT (DIDN'T EXIST), BUILD DURATION: 154ms

***** C:\~uize\UIZE-JavaScript-Framework\site-source\js\Uize.Widget.ColorPicker.js
	TARGET FILE: C:\~uize\UIZE-JavaScript-Framework\site-source\..\site-built\reference\Uize.Widget.ColorPicker.html
	BUILT (DIDN'T EXIST), BUILD DURATION: 159ms

***** C:\~uize\UIZE-JavaScript-Framework\site-source\js\Uize.Widget.Committer.js
	TARGET FILE: C:\~uize\UIZE-JavaScript-Framework\site-source\..\site-built\reference\Uize.Widget.Committer.html
	BUILT (DIDN'T EXIST), BUILD DURATION: 292ms

***** C:\~uize\UIZE-JavaScript-Framework\site-source\js\Uize.Widget.Count.js
	TARGET FILE: C:\~uize\UIZE-JavaScript-Framework\site-source\..\site-built\reference\Uize.Widget.Count.html
	BUILT (DIDN'T EXIST), BUILD DURATION: 170ms

***** C:\~uize\UIZE-JavaScript-Framework\site-source\js\Uize.Widget.Dialog.Confirm.js
	TARGET FILE: C:\~uize\UIZE-JavaScript-Framework\site-source\..\site-built\reference\Uize.Widget.Dialog.Confirm.html
	BUILT (DIDN'T EXIST), BUILD DURATION: 181ms

***** C:\~uize\UIZE-JavaScript-Framework\site-source\js\Uize.Widget.Dialog.Form.js
	TARGET FILE: C:\~uize\UIZE-JavaScript-Framework\site-source\..\site-built\reference\Uize.Widget.Dialog.Form.html
	BUILT (DIDN'T EXIST), BUILD DURATION: 178ms

***** C:\~uize\UIZE-JavaScript-Framework\site-source\js\Uize.Widget.Dialog.Iframe.js
	TARGET FILE: C:\~uize\UIZE-JavaScript-Framework\site-source\..\site-built\reference\Uize.Widget.Dialog.Iframe.html
	BUILT (DIDN'T EXIST), BUILD DURATION: 172ms

***** C:\~uize\UIZE-JavaScript-Framework\site-source\js\Uize.Widget.Dialog.js
	TARGET FILE: C:\~uize\UIZE-JavaScript-Framework\site-source\..\site-built\reference\Uize.Widget.Dialog.html
	BUILT (DIDN'T EXIST), BUILD DURATION: 318ms

***** C:\~uize\UIZE-JavaScript-Framework\site-source\js\Uize.Widget.Dialog.Picker.Date.js
	TARGET FILE: C:\~uize\UIZE-JavaScript-Framework\site-source\..\site-built\reference\Uize.Widget.Dialog.Picker.Date.html
	BUILT (DIDN'T EXIST), BUILD DURATION: 193ms

***** C:\~uize\UIZE-JavaScript-Framework\site-source\js\Uize.Widget.Dialog.Picker.js
	TARGET FILE: C:\~uize\UIZE-JavaScript-Framework\site-source\..\site-built\reference\Uize.Widget.Dialog.Picker.html
	BUILT (DIDN'T EXIST), BUILD DURATION: 258ms

***** C:\~uize\UIZE-JavaScript-Framework\site-source\js\Uize.Widget.Dialog.Picker.Palette.js
	TARGET FILE: C:\~uize\UIZE-JavaScript-Framework\site-source\..\site-built\reference\Uize.Widget.Dialog.Picker.Palette.html
	BUILT (DIDN'T EXIST), BUILD DURATION: 184ms

***** C:\~uize\UIZE-JavaScript-Framework\site-source\js\Uize.Widget.Dialog.Picker.Palette.Selector.js
	TARGET FILE: C:\~uize\UIZE-JavaScript-Framework\site-source\..\site-built\reference\Uize.Widget.Dialog.Picker.Palette.Selector.html
	BUILT (DIDN'T EXIST), BUILD DURATION: 186ms

***** C:\~uize\UIZE-JavaScript-Framework\site-source\js\Uize.Widget.Dialog.xResizable.js
	TARGET FILE: C:\~uize\UIZE-JavaScript-Framework\site-source\..\site-built\reference\Uize.Widget.Dialog.xResizable.html
	BUILT (DIDN'T EXIST), BUILD DURATION: 34ms

***** C:\~uize\UIZE-JavaScript-Framework\site-source\js\Uize.Widget.DirectionalPad.js
	TARGET FILE: C:\~uize\UIZE-JavaScript-Framework\site-source\..\site-built\reference\Uize.Widget.DirectionalPad.html
	BUILT (DIDN'T EXIST), BUILD DURATION: 159ms

***** C:\~uize\UIZE-JavaScript-Framework\site-source\js\Uize.Widget.Drag.js
	TARGET FILE: C:\~uize\UIZE-JavaScript-Framework\site-source\..\site-built\reference\Uize.Widget.Drag.html
	BUILT (DIDN'T EXIST), BUILD DURATION: 264ms

***** C:\~uize\UIZE-JavaScript-Framework\site-source\js\Uize.Widget.Drag.Move.js
	TARGET FILE: C:\~uize\UIZE-JavaScript-Framework\site-source\..\site-built\reference\Uize.Widget.Drag.Move.html
	BUILT (DIDN'T EXIST), BUILD DURATION: 167ms

***** C:\~uize\UIZE-JavaScript-Framework\site-source\js\Uize.Widget.EdgeHugger.js
	TARGET FILE: C:\~uize\UIZE-JavaScript-Framework\site-source\..\site-built\reference\Uize.Widget.EdgeHugger.html
	BUILT (DIDN'T EXIST), BUILD DURATION: 178ms

***** C:\~uize\UIZE-JavaScript-Framework\site-source\js\Uize.Widget.EggTimer.js
	TARGET FILE: C:\~uize\UIZE-JavaScript-Framework\site-source\..\site-built\reference\Uize.Widget.EggTimer.html
	BUILT (DIDN'T EXIST), BUILD DURATION: 170ms

***** C:\~uize\UIZE-JavaScript-Framework\site-source\js\Uize.Widget.FilterGroups.js
	TARGET FILE: C:\~uize\UIZE-JavaScript-Framework\site-source\..\site-built\reference\Uize.Widget.FilterGroups.html
	BUILT (DIDN'T EXIST), BUILD DURATION: 168ms

***** C:\~uize\UIZE-JavaScript-Framework\site-source\js\Uize.Widget.Fleeting.js
	TARGET FILE: C:\~uize\UIZE-JavaScript-Framework\site-source\..\site-built\reference\Uize.Widget.Fleeting.html
	BUILT (DIDN'T EXIST), BUILD DURATION: 161ms

***** C:\~uize\UIZE-JavaScript-Framework\site-source\js\Uize.Widget.Flip.js
	TARGET FILE: C:\~uize\UIZE-JavaScript-Framework\site-source\..\site-built\reference\Uize.Widget.Flip.html
	BUILT (DIDN'T EXIST), BUILD DURATION: 151ms

***** C:\~uize\UIZE-JavaScript-Framework\site-source\js\Uize.Widget.Form.js
	TARGET FILE: C:\~uize\UIZE-JavaScript-Framework\site-source\..\site-built\reference\Uize.Widget.Form.html
	BUILT (DIDN'T EXIST), BUILD DURATION: 285ms

***** C:\~uize\UIZE-JavaScript-Framework\site-source\js\Uize.Widget.FormDialog.js
	TARGET FILE: C:\~uize\UIZE-JavaScript-Framework\site-source\..\site-built\reference\Uize.Widget.FormDialog.html
	BUILT (DIDN'T EXIST), BUILD DURATION: 178ms

***** C:\~uize\UIZE-JavaScript-Framework\site-source\js\Uize.Widget.FormElement.js
	TARGET FILE: C:\~uize\UIZE-JavaScript-Framework\site-source\..\site-built\reference\Uize.Widget.FormElement.html
	BUILT (DIDN'T EXIST), BUILD DURATION: 292ms

***** C:\~uize\UIZE-JavaScript-Framework\site-source\js\Uize.Widget.FormElement.Select.js
	TARGET FILE: C:\~uize\UIZE-JavaScript-Framework\site-source\..\site-built\reference\Uize.Widget.FormElement.Select.html
	BUILT (DIDN'T EXIST), BUILD DURATION: 309ms

***** C:\~uize\UIZE-JavaScript-Framework\site-source\js\Uize.Widget.FormElement.Text.js
	TARGET FILE: C:\~uize\UIZE-JavaScript-Framework\site-source\..\site-built\reference\Uize.Widget.FormElement.Text.html
	BUILT (DIDN'T EXIST), BUILD DURATION: 228ms

***** C:\~uize\UIZE-JavaScript-Framework\site-source\js\Uize.Widget.FormElements.js
	TARGET FILE: C:\~uize\UIZE-JavaScript-Framework\site-source\..\site-built\reference\Uize.Widget.FormElements.html
	BUILT (DIDN'T EXIST), BUILD DURATION: 148ms

***** C:\~uize\UIZE-JavaScript-Framework\site-source\js\Uize.Widget.FormWarnings.js
	TARGET FILE: C:\~uize\UIZE-JavaScript-Framework\site-source\..\site-built\reference\Uize.Widget.FormWarnings.html
	BUILT (DIDN'T EXIST), BUILD DURATION: 155ms

***** C:\~uize\UIZE-JavaScript-Framework\site-source\js\Uize.Widget.HoverFader.js
	TARGET FILE: C:\~uize\UIZE-JavaScript-Framework\site-source\..\site-built\reference\Uize.Widget.HoverFader.html
	BUILT (DIDN'T EXIST), BUILD DURATION: 214ms

***** C:\~uize\UIZE-JavaScript-Framework\site-source\js\Uize.Widget.ImagePort.Draggable.js
	TARGET FILE: C:\~uize\UIZE-JavaScript-Framework\site-source\..\site-built\reference\Uize.Widget.ImagePort.Draggable.html
	BUILT (DIDN'T EXIST), BUILD DURATION: 187ms

***** C:\~uize\UIZE-JavaScript-Framework\site-source\js\Uize.Widget.ImagePort.js
	TARGET FILE: C:\~uize\UIZE-JavaScript-Framework\site-source\..\site-built\reference\Uize.Widget.ImagePort.html
	BUILT (DIDN'T EXIST), BUILD DURATION: 177ms

***** C:\~uize\UIZE-JavaScript-Framework\site-source\js\Uize.Widget.ImageWipe.js
	TARGET FILE: C:\~uize\UIZE-JavaScript-Framework\site-source\..\site-built\reference\Uize.Widget.ImageWipe.html
	BUILT (DIDN'T EXIST), BUILD DURATION: 334ms

***** C:\~uize\UIZE-JavaScript-Framework\site-source\js\Uize.Widget.ImageWipe.xPresets.js
	TARGET FILE: C:\~uize\UIZE-JavaScript-Framework\site-source\..\site-built\reference\Uize.Widget.ImageWipe.xPresets.html
	BUILT (DIDN'T EXIST), BUILD DURATION: 293ms

***** C:\~uize\UIZE-JavaScript-Framework\site-source\js\Uize.Widget.InlinePicker.js
	TARGET FILE: C:\~uize\UIZE-JavaScript-Framework\site-source\..\site-built\reference\Uize.Widget.InlinePicker.html
	BUILT (DIDN'T EXIST), BUILD DURATION: 197ms

***** C:\~uize\UIZE-JavaScript-Framework\site-source\js\Uize.Widget.InlinePicker.Selector.js
	TARGET FILE: C:\~uize\UIZE-JavaScript-Framework\site-source\..\site-built\reference\Uize.Widget.InlinePicker.Selector.html
	BUILT (DIDN'T EXIST), BUILD DURATION: 269ms

***** C:\~uize\UIZE-JavaScript-Framework\site-source\js\Uize.Widget.js
	TARGET FILE: C:\~uize\UIZE-JavaScript-Framework\site-source\..\site-built\reference\Uize.Widget.html
	BUILT (DIDN'T EXIST), BUILD DURATION: 492ms

***** C:\~uize\UIZE-JavaScript-Framework\site-source\js\Uize.Widget.ListEditor.js
	TARGET FILE: C:\~uize\UIZE-JavaScript-Framework\site-source\..\site-built\reference\Uize.Widget.ListEditor.html
	BUILT (DIDN'T EXIST), BUILD DURATION: 220ms

***** C:\~uize\UIZE-JavaScript-Framework\site-source\js\Uize.Widget.Log.InstanceEvents.js
	TARGET FILE: C:\~uize\UIZE-JavaScript-Framework\site-source\..\site-built\reference\Uize.Widget.Log.InstanceEvents.html
	BUILT (DIDN'T EXIST), BUILD DURATION: 177ms

***** C:\~uize\UIZE-JavaScript-Framework\site-source\js\Uize.Widget.Log.js
	TARGET FILE: C:\~uize\UIZE-JavaScript-Framework\site-source\..\site-built\reference\Uize.Widget.Log.html
	BUILT (DIDN'T EXIST), BUILD DURATION: 179ms

***** C:\~uize\UIZE-JavaScript-Framework\site-source\js\Uize.Widget.MagView.js
	TARGET FILE: C:\~uize\UIZE-JavaScript-Framework\site-source\..\site-built\reference\Uize.Widget.MagView.html
	BUILT (DIDN'T EXIST), BUILD DURATION: 282ms

***** C:\~uize\UIZE-JavaScript-Framework\site-source\js\Uize.Widget.Mask.js
	TARGET FILE: C:\~uize\UIZE-JavaScript-Framework\site-source\..\site-built\reference\Uize.Widget.Mask.html
	BUILT (DIDN'T EXIST), BUILD DURATION: 167ms

***** C:\~uize\UIZE-JavaScript-Framework\site-source\js\Uize.Widget.Options.Accordion.js
	TARGET FILE: C:\~uize\UIZE-JavaScript-Framework\site-source\..\site-built\reference\Uize.Widget.Options.Accordion.html
	BUILT (DIDN'T EXIST), BUILD DURATION: 183ms

***** C:\~uize\UIZE-JavaScript-Framework\site-source\js\Uize.Widget.Options.FilterGroup.js
	TARGET FILE: C:\~uize\UIZE-JavaScript-Framework\site-source\..\site-built\reference\Uize.Widget.Options.FilterGroup.html
	BUILT (DIDN'T EXIST), BUILD DURATION: 170ms

***** C:\~uize\UIZE-JavaScript-Framework\site-source\js\Uize.Widget.Options.js
	TARGET FILE: C:\~uize\UIZE-JavaScript-Framework\site-source\..\site-built\reference\Uize.Widget.Options.html
	BUILT (DIDN'T EXIST), BUILD DURATION: 283ms

***** C:\~uize\UIZE-JavaScript-Framework\site-source\js\Uize.Widget.Options.Popup.js
	TARGET FILE: C:\~uize\UIZE-JavaScript-Framework\site-source\..\site-built\reference\Uize.Widget.Options.Popup.html
	BUILT (DIDN'T EXIST), BUILD DURATION: 178ms

***** C:\~uize\UIZE-JavaScript-Framework\site-source\js\Uize.Widget.Options.Selector.js
	TARGET FILE: C:\~uize\UIZE-JavaScript-Framework\site-source\..\site-built\reference\Uize.Widget.Options.Selector.html
	BUILT (DIDN'T EXIST), BUILD DURATION: 166ms

***** C:\~uize\UIZE-JavaScript-Framework\site-source\js\Uize.Widget.Options.Tabbed.Fading.js
	TARGET FILE: C:\~uize\UIZE-JavaScript-Framework\site-source\..\site-built\reference\Uize.Widget.Options.Tabbed.Fading.html
	BUILT (DIDN'T EXIST), BUILD DURATION: 180ms

***** C:\~uize\UIZE-JavaScript-Framework\site-source\js\Uize.Widget.Options.Tabbed.js
	TARGET FILE: C:\~uize\UIZE-JavaScript-Framework\site-source\..\site-built\reference\Uize.Widget.Options.Tabbed.html
	BUILT (DIDN'T EXIST), BUILD DURATION: 171ms

***** C:\~uize\UIZE-JavaScript-Framework\site-source\js\Uize.Widget.Page.js
	TARGET FILE: C:\~uize\UIZE-JavaScript-Framework\site-source\..\site-built\reference\Uize.Widget.Page.html
	BUILT (DIDN'T EXIST), BUILD DURATION: 342ms

***** C:\~uize\UIZE-JavaScript-Framework\site-source\js\Uize.Widget.Page.xDeferredLinks.js
	TARGET FILE: C:\~uize\UIZE-JavaScript-Framework\site-source\..\site-built\reference\Uize.Widget.Page.xDeferredLinks.html
	BUILT (DIDN'T EXIST), BUILD DURATION: 95ms

***** C:\~uize\UIZE-JavaScript-Framework\site-source\js\Uize.Widget.Pagination.js
	TARGET FILE: C:\~uize\UIZE-JavaScript-Framework\site-source\..\site-built\reference\Uize.Widget.Pagination.html
	BUILT (DIDN'T EXIST), BUILD DURATION: 169ms

***** C:\~uize\UIZE-JavaScript-Framework\site-source\js\Uize.Widget.Picker.Date.js
	TARGET FILE: C:\~uize\UIZE-JavaScript-Framework\site-source\..\site-built\reference\Uize.Widget.Picker.Date.html
	BUILT (DIDN'T EXIST), BUILD DURATION: 211ms

***** C:\~uize\UIZE-JavaScript-Framework\site-source\js\Uize.Widget.Picker.js
	TARGET FILE: C:\~uize\UIZE-JavaScript-Framework\site-source\..\site-built\reference\Uize.Widget.Picker.html
	BUILT (DIDN'T EXIST), BUILD DURATION: 195ms

***** C:\~uize\UIZE-JavaScript-Framework\site-source\js\Uize.Widget.Picker.Palette.js
	TARGET FILE: C:\~uize\UIZE-JavaScript-Framework\site-source\..\site-built\reference\Uize.Widget.Picker.Palette.html
	BUILT (DIDN'T EXIST), BUILD DURATION: 280ms

***** C:\~uize\UIZE-JavaScript-Framework\site-source\js\Uize.Widget.Picker.Palette.Selector.js
	TARGET FILE: C:\~uize\UIZE-JavaScript-Framework\site-source\..\site-built\reference\Uize.Widget.Picker.Palette.Selector.html
	BUILT (DIDN'T EXIST), BUILD DURATION: 202ms

***** C:\~uize\UIZE-JavaScript-Framework\site-source\js\Uize.Widget.Population.js
	TARGET FILE: C:\~uize\UIZE-JavaScript-Framework\site-source\..\site-built\reference\Uize.Widget.Population.html
	BUILT (DIDN'T EXIST), BUILD DURATION: 275ms

***** C:\~uize\UIZE-JavaScript-Framework\site-source\js\Uize.Widget.PopupPalette.js
	TARGET FILE: C:\~uize\UIZE-JavaScript-Framework\site-source\..\site-built\reference\Uize.Widget.PopupPalette.html
	BUILT (DIDN'T EXIST), BUILD DURATION: 174ms

***** C:\~uize\UIZE-JavaScript-Framework\site-source\js\Uize.Widget.Resizer.js
	TARGET FILE: C:\~uize\UIZE-JavaScript-Framework\site-source\..\site-built\reference\Uize.Widget.Resizer.html
	BUILT (DIDN'T EXIST), BUILD DURATION: 283ms

***** C:\~uize\UIZE-JavaScript-Framework\site-source\js\Uize.Widget.Resizer.Marquee.js
	TARGET FILE: C:\~uize\UIZE-JavaScript-Framework\site-source\..\site-built\reference\Uize.Widget.Resizer.Marquee.html
	BUILT (DIDN'T EXIST), BUILD DURATION: 198ms

***** C:\~uize\UIZE-JavaScript-Framework\site-source\js\Uize.Widget.Scrolly.js
	TARGET FILE: C:\~uize\UIZE-JavaScript-Framework\site-source\..\site-built\reference\Uize.Widget.Scrolly.html
	BUILT (DIDN'T EXIST), BUILD DURATION: 283ms

***** C:\~uize\UIZE-JavaScript-Framework\site-source\js\Uize.Widget.SegmentDisplay.js
	TARGET FILE: C:\~uize\UIZE-JavaScript-Framework\site-source\..\site-built\reference\Uize.Widget.SegmentDisplay.html
	BUILT (DIDN'T EXIST), BUILD DURATION: 184ms

***** C:\~uize\UIZE-JavaScript-Framework\site-source\js\Uize.Widget.SegmentDisplay.Seven.js
	TARGET FILE: C:\~uize\UIZE-JavaScript-Framework\site-source\..\site-built\reference\Uize.Widget.SegmentDisplay.Seven.html
	BUILT (DIDN'T EXIST), BUILD DURATION: 170ms

***** C:\~uize\UIZE-JavaScript-Framework\site-source\js\Uize.Widget.SlideShow.AutoAdvance.js
	TARGET FILE: C:\~uize\UIZE-JavaScript-Framework\site-source\..\site-built\reference\Uize.Widget.SlideShow.AutoAdvance.html
	BUILT (DIDN'T EXIST), BUILD DURATION: 174ms

***** C:\~uize\UIZE-JavaScript-Framework\site-source\js\Uize.Widget.SlideShow.AutoAdvance.WithSlideSelectors.js
	TARGET FILE: C:\~uize\UIZE-JavaScript-Framework\site-source\..\site-built\reference\Uize.Widget.SlideShow.AutoAdvance.WithSlideSelectors.html
	BUILT (DIDN'T EXIST), BUILD DURATION: 173ms

***** C:\~uize\UIZE-JavaScript-Framework\site-source\js\Uize.Widget.SlideShow.js
	TARGET FILE: C:\~uize\UIZE-JavaScript-Framework\site-source\..\site-built\reference\Uize.Widget.SlideShow.html
	BUILT (DIDN'T EXIST), BUILD DURATION: 207ms

***** C:\~uize\UIZE-JavaScript-Framework\site-source\js\Uize.Widget.Stretchy.js
	TARGET FILE: C:\~uize\UIZE-JavaScript-Framework\site-source\..\site-built\reference\Uize.Widget.Stretchy.html
	BUILT (DIDN'T EXIST), BUILD DURATION: 160ms

***** C:\~uize\UIZE-JavaScript-Framework\site-source\js\Uize.Widget.Swap.Deck.js
	TARGET FILE: C:\~uize\UIZE-JavaScript-Framework\site-source\..\site-built\reference\Uize.Widget.Swap.Deck.html
	BUILT (DIDN'T EXIST), BUILD DURATION: 183ms

***** C:\~uize\UIZE-JavaScript-Framework\site-source\js\Uize.Widget.Swap.Html.js
	TARGET FILE: C:\~uize\UIZE-JavaScript-Framework\site-source\..\site-built\reference\Uize.Widget.Swap.Html.html
	BUILT (DIDN'T EXIST), BUILD DURATION: 167ms

***** C:\~uize\UIZE-JavaScript-Framework\site-source\js\Uize.Widget.Swap.Image.Cycle.js
	TARGET FILE: C:\~uize\UIZE-JavaScript-Framework\site-source\..\site-built\reference\Uize.Widget.Swap.Image.Cycle.html
	BUILT (DIDN'T EXIST), BUILD DURATION: 264ms

***** C:\~uize\UIZE-JavaScript-Framework\site-source\js\Uize.Widget.Swap.Image.js
	TARGET FILE: C:\~uize\UIZE-JavaScript-Framework\site-source\..\site-built\reference\Uize.Widget.Swap.Image.html
	BUILT (DIDN'T EXIST), BUILD DURATION: 173ms

***** C:\~uize\UIZE-JavaScript-Framework\site-source\js\Uize.Widget.Swap.js
	TARGET FILE: C:\~uize\UIZE-JavaScript-Framework\site-source\..\site-built\reference\Uize.Widget.Swap.html
	BUILT (DIDN'T EXIST), BUILD DURATION: 211ms

***** C:\~uize\UIZE-JavaScript-Framework\site-source\js\Uize.Widget.Swap.xPresets.js
	TARGET FILE: C:\~uize\UIZE-JavaScript-Framework\site-source\..\site-built\reference\Uize.Widget.Swap.xPresets.html
	BUILT (DIDN'T EXIST), BUILD DURATION: 173ms

***** C:\~uize\UIZE-JavaScript-Framework\site-source\js\Uize.Widget.TableSort.js
	TARGET FILE: C:\~uize\UIZE-JavaScript-Framework\site-source\..\site-built\reference\Uize.Widget.TableSort.html
	BUILT (DIDN'T EXIST), BUILD DURATION: 265ms

***** C:\~uize\UIZE-JavaScript-Framework\site-source\js\Uize.Widget.TextInput.js
	TARGET FILE: C:\~uize\UIZE-JavaScript-Framework\site-source\..\site-built\reference\Uize.Widget.TextInput.html
	BUILT (DIDN'T EXIST), BUILD DURATION: 185ms

***** C:\~uize\UIZE-JavaScript-Framework\site-source\js\Uize.Widget.ThumbZoom.js
	TARGET FILE: C:\~uize\UIZE-JavaScript-Framework\site-source\..\site-built\reference\Uize.Widget.ThumbZoom.html
	BUILT (DIDN'T EXIST), BUILD DURATION: 278ms

***** C:\~uize\UIZE-JavaScript-Framework\site-source\js\Uize.Widget.Tree.js
	TARGET FILE: C:\~uize\UIZE-JavaScript-Framework\site-source\..\site-built\reference\Uize.Widget.Tree.html
	BUILT (DIDN'T EXIST), BUILD DURATION: 180ms

***** C:\~uize\UIZE-JavaScript-Framework\site-source\js\Uize.Widget.Tree.List.js
	TARGET FILE: C:\~uize\UIZE-JavaScript-Framework\site-source\..\site-built\reference\Uize.Widget.Tree.List.html
	BUILT (DIDN'T EXIST), BUILD DURATION: 187ms

***** C:\~uize\UIZE-JavaScript-Framework\site-source\js\Uize.Widget.Tree.Menu.js
	TARGET FILE: C:\~uize\UIZE-JavaScript-Framework\site-source\..\site-built\reference\Uize.Widget.Tree.Menu.html
	BUILT (DIDN'T EXIST), BUILD DURATION: 184ms

***** C:\~uize\UIZE-JavaScript-Framework\site-source\js\Uize.Widget.Tree.Select.js
	TARGET FILE: C:\~uize\UIZE-JavaScript-Framework\site-source\..\site-built\reference\Uize.Widget.Tree.Select.html
	BUILT (DIDN'T EXIST), BUILD DURATION: 260ms

***** C:\~uize\UIZE-JavaScript-Framework\site-source\js\Uize.Wsh.js
	TARGET FILE: C:\~uize\UIZE-JavaScript-Framework\site-source\..\site-built\reference\Uize.Wsh.html
	BUILT (DIDN'T EXIST), BUILD DURATION: 55ms

***** C:\~uize\UIZE-JavaScript-Framework\site-source\js\Uize.Xml.js
	TARGET FILE: C:\~uize\UIZE-JavaScript-Framework\site-source\..\site-built\reference\Uize.Xml.html
	BUILT (DIDN'T EXIST), BUILD DURATION: 120ms

***** C:\~uize\UIZE-JavaScript-Framework\site-source\js\UizeSite.Build.BuildCodeSitemap.js
	TARGET FILE: C:\~uize\UIZE-JavaScript-Framework\site-source\..\site-built\reference\UizeSite.Build.BuildCodeSitemap.html
	BUILT (DIDN'T EXIST), BUILD DURATION: 15ms

***** C:\~uize\UIZE-JavaScript-Framework\site-source\js\UizeSite.Build.BuildIndexPages.js
	TARGET FILE: C:\~uize\UIZE-JavaScript-Framework\site-source\..\site-built\reference\UizeSite.Build.BuildIndexPages.html
	BUILT (DIDN'T EXIST), BUILD DURATION: 28ms

***** C:\~uize\UIZE-JavaScript-Framework\site-source\js\UizeSite.Build.BuildPagesFromSourceCode.js
	TARGET FILE: C:\~uize\UIZE-JavaScript-Framework\site-source\..\site-built\reference\UizeSite.Build.BuildPagesFromSourceCode.html
	BUILT (DIDN'T EXIST), BUILD DURATION: 92ms

***** C:\~uize\UIZE-JavaScript-Framework\site-source\js\UizeSite.Build.BuildSimpleDocPages.js
	TARGET FILE: C:\~uize\UIZE-JavaScript-Framework\site-source\..\site-built\reference\UizeSite.Build.BuildSimpleDocPages.html
	BUILT (DIDN'T EXIST), BUILD DURATION: 21ms

***** C:\~uize\UIZE-JavaScript-Framework\site-source\js\UizeSite.Build.BuildSotu.js
	TARGET FILE: C:\~uize\UIZE-JavaScript-Framework\site-source\..\site-built\reference\UizeSite.Build.BuildSotu.html
	BUILT (DIDN'T EXIST), BUILD DURATION: 25ms

***** C:\~uize\UIZE-JavaScript-Framework\site-source\js\UizeSite.Build.BuildWidgetPages.js
	TARGET FILE: C:\~uize\UIZE-JavaScript-Framework\site-source\..\site-built\reference\UizeSite.Build.BuildWidgetPages.html
	BUILT (DIDN'T EXIST), BUILD DURATION: 20ms

***** C:\~uize\UIZE-JavaScript-Framework\site-source\js\UizeSite.Build.js
	TARGET FILE: C:\~uize\UIZE-JavaScript-Framework\site-source\..\site-built\reference\UizeSite.Build.html
	BUILT (DIDN'T EXIST), BUILD DURATION: 7ms

***** C:\~uize\UIZE-JavaScript-Framework\site-source\js\UizeSite.Build.Util.js
	TARGET FILE: C:\~uize\UIZE-JavaScript-Framework\site-source\..\site-built\reference\UizeSite.Build.Util.html
	BUILT (DIDN'T EXIST), BUILD DURATION: 88ms

***** C:\~uize\UIZE-JavaScript-Framework\site-source\js\UizeSite.Delve.js
	TARGET FILE: C:\~uize\UIZE-JavaScript-Framework\site-source\..\site-built\reference\UizeSite.Delve.html
	BUILT (DIDN'T EXIST), BUILD DURATION: 615ms

***** C:\~uize\UIZE-JavaScript-Framework\site-source\js\UizeSite.Delve.library.js
	TARGET FILE: C:\~uize\UIZE-JavaScript-Framework\site-source\..\site-built\reference\UizeSite.Delve.library.html
	BUILT (DIDN'T EXIST), BUILD DURATION: 8ms

***** C:\~uize\UIZE-JavaScript-Framework\site-source\js\UizeSite.DelvePageWriter.js
	TARGET FILE: C:\~uize\UIZE-JavaScript-Framework\site-source\..\site-built\reference\UizeSite.DelvePageWriter.html
	BUILT (DIDN'T EXIST), BUILD DURATION: 96ms

***** C:\~uize\UIZE-JavaScript-Framework\site-source\js\UizeSite.DialogConfirm.js
	TARGET FILE: C:\~uize\UIZE-JavaScript-Framework\site-source\..\site-built\reference\UizeSite.DialogConfirm.html
	BUILT (DIDN'T EXIST), BUILD DURATION: 183ms

***** C:\~uize\UIZE-JavaScript-Framework\site-source\js\UizeSite.DialogDate.js
	TARGET FILE: C:\~uize\UIZE-JavaScript-Framework\site-source\..\site-built\reference\UizeSite.DialogDate.html
	BUILT (DIDN'T EXIST), BUILD DURATION: 190ms

***** C:\~uize\UIZE-JavaScript-Framework\site-source\js\UizeSite.Examples.js
	TARGET FILE: C:\~uize\UIZE-JavaScript-Framework\site-source\..\site-built\reference\UizeSite.Examples.html
	BUILT (DIDN'T EXIST), BUILD DURATION: 353ms

***** C:\~uize\UIZE-JavaScript-Framework\site-source\js\UizeSite.ExamplesInfoForSiteMap.js
	TARGET FILE: C:\~uize\UIZE-JavaScript-Framework\site-source\..\site-built\reference\UizeSite.ExamplesInfoForSiteMap.html
	BUILT (DIDN'T EXIST), BUILD DURATION: 15ms

***** C:\~uize\UIZE-JavaScript-Framework\site-source\js\UizeSite.js
	TARGET FILE: C:\~uize\UIZE-JavaScript-Framework\site-source\..\site-built\reference\UizeSite.html
	BUILT (DIDN'T EXIST), BUILD DURATION: 10ms

***** C:\~uize\UIZE-JavaScript-Framework\site-source\js\UizeSite.ModulesTree.js
	TARGET FILE: C:\~uize\UIZE-JavaScript-Framework\site-source\..\site-built\reference\UizeSite.ModulesTree.html
	BUILT (DIDN'T EXIST), BUILD DURATION: 33ms

***** C:\~uize\UIZE-JavaScript-Framework\site-source\js\UizeSite.Page.Doc.js
	TARGET FILE: C:\~uize\UIZE-JavaScript-Framework\site-source\..\site-built\reference\UizeSite.Page.Doc.html
	BUILT (DIDN'T EXIST), BUILD DURATION: 282ms

***** C:\~uize\UIZE-JavaScript-Framework\site-source\js\UizeSite.Page.Doc.library.js
	TARGET FILE: C:\~uize\UIZE-JavaScript-Framework\site-source\..\site-built\reference\UizeSite.Page.Doc.library.html
	BUILT (DIDN'T EXIST), BUILD DURATION: 10ms

***** C:\~uize\UIZE-JavaScript-Framework\site-source\js\UizeSite.Page.Example.js
	TARGET FILE: C:\~uize\UIZE-JavaScript-Framework\site-source\..\site-built\reference\UizeSite.Page.Example.html
	BUILT (DIDN'T EXIST), BUILD DURATION: 186ms

***** C:\~uize\UIZE-JavaScript-Framework\site-source\js\UizeSite.Page.Example.library.js
	TARGET FILE: C:\~uize\UIZE-JavaScript-Framework\site-source\..\site-built\reference\UizeSite.Page.Example.library.html
	BUILT (DIDN'T EXIST), BUILD DURATION: 8ms

***** C:\~uize\UIZE-JavaScript-Framework\site-source\js\UizeSite.Page.Example.Test.js
	TARGET FILE: C:\~uize\UIZE-JavaScript-Framework\site-source\..\site-built\reference\UizeSite.Page.Example.Test.html
	BUILT (DIDN'T EXIST), BUILD DURATION: 178ms

***** C:\~uize\UIZE-JavaScript-Framework\site-source\js\UizeSite.Page.Example.Test.library.js
	TARGET FILE: C:\~uize\UIZE-JavaScript-Framework\site-source\..\site-built\reference\UizeSite.Page.Example.Test.library.html
	BUILT (DIDN'T EXIST), BUILD DURATION: 9ms

***** C:\~uize\UIZE-JavaScript-Framework\site-source\js\UizeSite.Page.Home.js
	TARGET FILE: C:\~uize\UIZE-JavaScript-Framework\site-source\..\site-built\reference\UizeSite.Page.Home.html
	BUILT (DIDN'T EXIST), BUILD DURATION: 190ms

***** C:\~uize\UIZE-JavaScript-Framework\site-source\js\UizeSite.Page.Home.library.js
	TARGET FILE: C:\~uize\UIZE-JavaScript-Framework\site-source\..\site-built\reference\UizeSite.Page.Home.library.html
	BUILT (DIDN'T EXIST), BUILD DURATION: 9ms

***** C:\~uize\UIZE-JavaScript-Framework\site-source\js\UizeSite.Page.Index.js
	TARGET FILE: C:\~uize\UIZE-JavaScript-Framework\site-source\..\site-built\reference\UizeSite.Page.Index.html
	BUILT (DIDN'T EXIST), BUILD DURATION: 183ms

***** C:\~uize\UIZE-JavaScript-Framework\site-source\js\UizeSite.Page.js
	TARGET FILE: C:\~uize\UIZE-JavaScript-Framework\site-source\..\site-built\reference\UizeSite.Page.html
	BUILT (DIDN'T EXIST), BUILD DURATION: 267ms

***** C:\~uize\UIZE-JavaScript-Framework\site-source\js\UizeSite.Page.library.js
	TARGET FILE: C:\~uize\UIZE-JavaScript-Framework\site-source\..\site-built\reference\UizeSite.Page.library.html
	BUILT (DIDN'T EXIST), BUILD DURATION: 7ms

***** C:\~uize\UIZE-JavaScript-Framework\site-source\js\UizeSite.ParamsInspector.InlinePresets.js
	TARGET FILE: C:\~uize\UIZE-JavaScript-Framework\site-source\..\site-built\reference\UizeSite.ParamsInspector.InlinePresets.html
	BUILT (DIDN'T EXIST), BUILD DURATION: 168ms

***** C:\~uize\UIZE-JavaScript-Framework\site-source\js\UizeSite.ParamsInspector.js
	TARGET FILE: C:\~uize\UIZE-JavaScript-Framework\site-source\..\site-built\reference\UizeSite.ParamsInspector.html
	BUILT (DIDN'T EXIST), BUILD DURATION: 225ms

***** C:\~uize\UIZE-JavaScript-Framework\site-source\js\UizeSite.SiteMap.js
	TARGET FILE: C:\~uize\UIZE-JavaScript-Framework\site-source\..\site-built\reference\UizeSite.SiteMap.html
	BUILT (DIDN'T EXIST), BUILD DURATION: 67ms

***** C:\~uize\UIZE-JavaScript-Framework\site-source\js\UizeSite.Templates.DataBar.js
	TARGET FILE: C:\~uize\UIZE-JavaScript-Framework\site-source\..\site-built\reference\UizeSite.Templates.DataBar.html
	BUILT (DIDN'T EXIST), BUILD DURATION: 16ms

***** C:\~uize\UIZE-JavaScript-Framework\site-source\js\UizeSite.Templates.DelvePageHtml.js
	TARGET FILE: C:\~uize\UIZE-JavaScript-Framework\site-source\..\site-built\reference\UizeSite.Templates.DelvePageHtml.html
	BUILT (DIDN'T EXIST), BUILD DURATION: 124ms

***** C:\~uize\UIZE-JavaScript-Framework\site-source\js\UizeSite.Templates.DelveUiHtml.js
	TARGET FILE: C:\~uize\UIZE-JavaScript-Framework\site-source\..\site-built\reference\UizeSite.Templates.DelveUiHtml.html
	BUILT (DIDN'T EXIST), BUILD DURATION: 39ms

***** C:\~uize\UIZE-JavaScript-Framework\site-source\js\UizeSite.Templates.Dialog.Confirm.js
	TARGET FILE: C:\~uize\UIZE-JavaScript-Framework\site-source\..\site-built\reference\UizeSite.Templates.Dialog.Confirm.html
	BUILT (DIDN'T EXIST), BUILD DURATION: 14ms

***** C:\~uize\UIZE-JavaScript-Framework\site-source\js\UizeSite.Templates.Dialog.js
	TARGET FILE: C:\~uize\UIZE-JavaScript-Framework\site-source\..\site-built\reference\UizeSite.Templates.Dialog.html
	BUILT (DIDN'T EXIST), BUILD DURATION: 21ms

***** C:\~uize\UIZE-JavaScript-Framework\site-source\js\UizeSite.Templates.Dialog.Picker.Date.js
	TARGET FILE: C:\~uize\UIZE-JavaScript-Framework\site-source\..\site-built\reference\UizeSite.Templates.Dialog.Picker.Date.html
	BUILT (DIDN'T EXIST), BUILD DURATION: 87ms

***** C:\~uize\UIZE-JavaScript-Framework\site-source\js\UizeSite.Templates.Dialog.Picker.js
	TARGET FILE: C:\~uize\UIZE-JavaScript-Framework\site-source\..\site-built\reference\UizeSite.Templates.Dialog.Picker.html
	BUILT (DIDN'T EXIST), BUILD DURATION: 11ms

***** C:\~uize\UIZE-JavaScript-Framework\site-source\js\UizeSite.Templates.Footer.js
	TARGET FILE: C:\~uize\UIZE-JavaScript-Framework\site-source\..\site-built\reference\UizeSite.Templates.Footer.html
	BUILT (DIDN'T EXIST), BUILD DURATION: 17ms

***** C:\~uize\UIZE-JavaScript-Framework\site-source\js\UizeSite.Templates.IndexPage.js
	TARGET FILE: C:\~uize\UIZE-JavaScript-Framework\site-source\..\site-built\reference\UizeSite.Templates.IndexPage.html
	BUILT (DIDN'T EXIST), BUILD DURATION: 16ms

***** C:\~uize\UIZE-JavaScript-Framework\site-source\js\UizeSite.Templates.JavaScriptSourceSample.js
	TARGET FILE: C:\~uize\UIZE-JavaScript-Framework\site-source\..\site-built\reference\UizeSite.Templates.JavaScriptSourceSample.html
	BUILT (DIDN'T EXIST), BUILD DURATION: 197ms

***** C:\~uize\UIZE-JavaScript-Framework\site-source\js\UizeSite.Templates.js
	TARGET FILE: C:\~uize\UIZE-JavaScript-Framework\site-source\..\site-built\reference\UizeSite.Templates.html
	BUILT (DIDN'T EXIST), BUILD DURATION: 8ms

***** C:\~uize\UIZE-JavaScript-Framework\site-source\js\UizeSite.Templates.ListingsPage.js
	TARGET FILE: C:\~uize\UIZE-JavaScript-Framework\site-source\..\site-built\reference\UizeSite.Templates.ListingsPage.html
	BUILT (DIDN'T EXIST), BUILD DURATION: 20ms

***** C:\~uize\UIZE-JavaScript-Framework\site-source\js\UizeSite.Templates.ParamsInspector.js
	TARGET FILE: C:\~uize\UIZE-JavaScript-Framework\site-source\..\site-built\reference\UizeSite.Templates.ParamsInspector.html
	BUILT (DIDN'T EXIST), BUILD DURATION: 21ms

***** C:\~uize\UIZE-JavaScript-Framework\site-source\js\UizeSite.Templates.ParamsTable.js
	TARGET FILE: C:\~uize\UIZE-JavaScript-Framework\site-source\..\site-built\reference\UizeSite.Templates.ParamsTable.html
	BUILT (DIDN'T EXIST), BUILD DURATION: 18ms

***** C:\~uize\UIZE-JavaScript-Framework\site-source\js\UizeSite.Templates.ShareThisPanel.js
	TARGET FILE: C:\~uize\UIZE-JavaScript-Framework\site-source\..\site-built\reference\UizeSite.Templates.ShareThisPanel.html
	BUILT (DIDN'T EXIST), BUILD DURATION: 134ms

***** C:\~uize\UIZE-JavaScript-Framework\site-source\js\UizeSite.Templates.SimpleDoc.js
	TARGET FILE: C:\~uize\UIZE-JavaScript-Framework\site-source\..\site-built\reference\UizeSite.Templates.SimpleDoc.html
	BUILT (DIDN'T EXIST), BUILD DURATION: 14ms

***** C:\~uize\UIZE-JavaScript-Framework\site-source\js\UizeSite.Templates.SimpleDocSample.js
	TARGET FILE: C:\~uize\UIZE-JavaScript-Framework\site-source\..\site-built\reference\UizeSite.Templates.SimpleDocSample.html
	BUILT (DIDN'T EXIST), BUILD DURATION: 126ms

***** C:\~uize\UIZE-JavaScript-Framework\site-source\js\UizeSite.Templates.SlideShow.Basic.js
	TARGET FILE: C:\~uize\UIZE-JavaScript-Framework\site-source\..\site-built\reference\UizeSite.Templates.SlideShow.Basic.html
	BUILT (DIDN'T EXIST), BUILD DURATION: 11ms

***** C:\~uize\UIZE-JavaScript-Framework\site-source\js\UizeSite.Templates.SlideShow.js
	TARGET FILE: C:\~uize\UIZE-JavaScript-Framework\site-source\..\site-built\reference\UizeSite.Templates.SlideShow.html
	BUILT (DIDN'T EXIST), BUILD DURATION: 13ms

***** C:\~uize\UIZE-JavaScript-Framework\site-source\js\UizeSite.Templates.SlideShow.Wipes.js
	TARGET FILE: C:\~uize\UIZE-JavaScript-Framework\site-source\..\site-built\reference\UizeSite.Templates.SlideShow.Wipes.html
	BUILT (DIDN'T EXIST), BUILD DURATION: 87ms

***** C:\~uize\UIZE-JavaScript-Framework\site-source\js\UizeSite.Templates.Tour.js
	TARGET FILE: C:\~uize\UIZE-JavaScript-Framework\site-source\..\site-built\reference\UizeSite.Templates.Tour.html
	BUILT (DIDN'T EXIST), BUILD DURATION: 18ms

***** C:\~uize\UIZE-JavaScript-Framework\site-source\js\UizeSite.Templates.WidgetToGoGadgetXml.js
	TARGET FILE: C:\~uize\UIZE-JavaScript-Framework\site-source\..\site-built\reference\UizeSite.Templates.WidgetToGoGadgetXml.html
	BUILT (DIDN'T EXIST), BUILD DURATION: 13ms

***** C:\~uize\UIZE-JavaScript-Framework\site-source\js\UizeSite.Templates.WidgetToGoHomepage.js
	TARGET FILE: C:\~uize\UIZE-JavaScript-Framework\site-source\..\site-built\reference\UizeSite.Templates.WidgetToGoHomepage.html
	BUILT (DIDN'T EXIST), BUILD DURATION: 21ms

***** C:\~uize\UIZE-JavaScript-Framework\site-source\js\UizeSite.Templates.WidgetToGoPage.js
	TARGET FILE: C:\~uize\UIZE-JavaScript-Framework\site-source\..\site-built\reference\UizeSite.Templates.WidgetToGoPage.html
	BUILT (DIDN'T EXIST), BUILD DURATION: 92ms

***** C:\~uize\UIZE-JavaScript-Framework\site-source\js\UizeSite.Templates.WidgetToGoTitle.js
	TARGET FILE: C:\~uize\UIZE-JavaScript-Framework\site-source\..\site-built\reference\UizeSite.Templates.WidgetToGoTitle.html
	BUILT (DIDN'T EXIST), BUILD DURATION: 13ms

***** C:\~uize\UIZE-JavaScript-Framework\site-source\js\UizeSite.TestDataFruits.js
	TARGET FILE: C:\~uize\UIZE-JavaScript-Framework\site-source\..\site-built\reference\UizeSite.TestDataFruits.html
	BUILT (DIDN'T EXIST), BUILD DURATION: 116ms

***** C:\~uize\UIZE-JavaScript-Framework\site-source\js\UizeSite.TestDataObject.js
	TARGET FILE: C:\~uize\UIZE-JavaScript-Framework\site-source\..\site-built\reference\UizeSite.TestDataObject.html
	BUILT (DIDN'T EXIST), BUILD DURATION: 14ms

***** C:\~uize\UIZE-JavaScript-Framework\site-source\js\UizeSite.TestDataPhotos.js
	TARGET FILE: C:\~uize\UIZE-JavaScript-Framework\site-source\..\site-built\reference\UizeSite.TestDataPhotos.html
	BUILT (DIDN'T EXIST), BUILD DURATION: 126ms

***** C:\~uize\UIZE-JavaScript-Framework\site-source\js\UizeSite.TestWidget.js
	TARGET FILE: C:\~uize\UIZE-JavaScript-Framework\site-source\..\site-built\reference\UizeSite.TestWidget.html
	BUILT (DIDN'T EXIST), BUILD DURATION: 154ms

***** C:\~uize\UIZE-JavaScript-Framework\site-source\js\UizeSite.WidgetToGoPage.Calculator.js
	TARGET FILE: C:\~uize\UIZE-JavaScript-Framework\site-source\..\site-built\reference\UizeSite.WidgetToGoPage.Calculator.html
	BUILT (DIDN'T EXIST), BUILD DURATION: 10ms

***** C:\~uize\UIZE-JavaScript-Framework\site-source\js\UizeSite.WidgetToGoPage.Calculator.library.js
	TARGET FILE: C:\~uize\UIZE-JavaScript-Framework\site-source\..\site-built\reference\UizeSite.WidgetToGoPage.Calculator.library.html
	BUILT (DIDN'T EXIST), BUILD DURATION: 8ms

***** C:\~uize\UIZE-JavaScript-Framework\site-source\js\UizeSite.WidgetToGoPage.Calendar.js
	TARGET FILE: C:\~uize\UIZE-JavaScript-Framework\site-source\..\site-built\reference\UizeSite.WidgetToGoPage.Calendar.html
	BUILT (DIDN'T EXIST), BUILD DURATION: 11ms

***** C:\~uize\UIZE-JavaScript-Framework\site-source\js\UizeSite.WidgetToGoPage.Calendar.library.js
	TARGET FILE: C:\~uize\UIZE-JavaScript-Framework\site-source\..\site-built\reference\UizeSite.WidgetToGoPage.Calendar.library.html
	BUILT (DIDN'T EXIST), BUILD DURATION: 13ms

***** C:\~uize\UIZE-JavaScript-Framework\site-source\js\UizeSite.WidgetToGoPage.js
	TARGET FILE: C:\~uize\UIZE-JavaScript-Framework\site-source\..\site-built\reference\UizeSite.WidgetToGoPage.html
	BUILT (DIDN'T EXIST), BUILD DURATION: 195ms

