***** C:\~uize\UIZE-JavaScript-Framework\site-source\js\UizeSite.Delve.library.js
	TARGET FILE: C:\~uize\UIZE-JavaScript-Framework\site-source\..\site-built\js\UizeSite.Delve.library.js
	BUILT (ALWAYS BUILD), BUILD DURATION: 15ms

***** C:\~uize\UIZE-JavaScript-Framework\site-source\js\UizeSite.Page.Doc.library.js
	TARGET FILE: C:\~uize\UIZE-JavaScript-Framework\site-source\..\site-built\js\UizeSite.Page.Doc.library.js
	BUILT (ALWAYS BUILD), BUILD DURATION: 4ms

***** C:\~uize\UIZE-JavaScript-Framework\site-source\js\UizeSite.Page.Example.library.js
	TARGET FILE: C:\~uize\UIZE-JavaScript-Framework\site-source\..\site-built\js\UizeSite.Page.Example.library.js
	BUILT (ALWAYS BUILD), BUILD DURATION: 4ms

***** C:\~uize\UIZE-JavaScript-Framework\site-source\js\UizeSite.Page.Example.Test.library.js
	TARGET FILE: C:\~uize\UIZE-JavaScript-Framework\site-source\..\site-built\js\UizeSite.Page.Example.Test.library.js
	BUILT (ALWAYS BUILD), BUILD DURATION: 2ms

***** C:\~uize\UIZE-JavaScript-Framework\site-source\js\UizeSite.Page.Home.library.js
	TARGET FILE: C:\~uize\UIZE-JavaScript-Framework\site-source\..\site-built\js\UizeSite.Page.Home.library.js
	BUILT (ALWAYS BUILD), BUILD DURATION: 5ms

***** C:\~uize\UIZE-JavaScript-Framework\site-source\js\UizeSite.Page.library.js
	TARGET FILE: C:\~uize\UIZE-JavaScript-Framework\site-source\..\site-built\js\UizeSite.Page.library.js
	BUILT (ALWAYS BUILD), BUILD DURATION: 20ms

***** C:\~uize\UIZE-JavaScript-Framework\site-source\js\UizeSite.WidgetToGoPage.Calculator.library.js
	TARGET FILE: C:\~uize\UIZE-JavaScript-Framework\site-source\..\site-built\js\UizeSite.WidgetToGoPage.Calculator.library.js
	BUILT (ALWAYS BUILD), BUILD DURATION: 9ms

***** C:\~uize\UIZE-JavaScript-Framework\site-source\js\UizeSite.WidgetToGoPage.Calendar.library.js
	TARGET FILE: C:\~uize\UIZE-JavaScript-Framework\site-source\..\site-built\js\UizeSite.WidgetToGoPage.Calendar.library.js
	BUILT (ALWAYS BUILD), BUILD DURATION: 9ms

